TN:
SF:/d/Repos/Damysus/PIC.EmbeddedSoftware/sourcePico/application/Application.c
FN:39,Application_Init
FN:73,Application_Run
FN:103,Application_Stop
FN:126,Peripherals_Init
FNDA:49,Application_Init
FNDA:49,Peripherals_Init
FNDA:7,Application_Stop
FNDA:302878,Application_Run
FNF:4
FNH:4
DA:39,49
DA:42,49
DA:43,49
DA:44,49
DA:45,49
DA:46,49
DA:47,49
DA:48,49
DA:51,49
DA:54,0
DA:56,0
DA:59,49
DA:73,302878
DA:77,302878
DA:82,302878
DA:83,302878
DA:84,302878
DA:86,302878
DA:88,302878
DA:103,7
DA:105,7
DA:107,6
DA:111,1
DA:114,7
DA:126,49
DA:128,49
DA:129,49
DA:130,49
DA:131,49
LF:29
LH:27
end_of_record
TN:
SF:/d/Repos/Damysus/PIC.EmbeddedSoftware/sourcePico/devices/Battery.c
FN:48,Battery_CheckVoltageBounds
FN:122,isBoostVoltageDead
FN:127,isBoostVoltageOutOfRange
FN:134,adjustBoostDemand
FN:150,logBatteryVoltage
FNDA:206,isBoostVoltageOutOfRange
FNDA:206,isBoostVoltageDead
FNDA:206,Battery_CheckVoltageBounds
FNDA:206,logBatteryVoltage
FNDA:206,adjustBoostDemand
FNF:5
FNH:5
DA:48,206
DA:50,206
DA:53,206
DA:65,206
DA:67,206
DA:69,206
DA:76,206
DA:79,206
DA:84,206
DA:87,0
DA:88,0
DA:90,206
DA:92,156
DA:94,3
DA:95,3
DA:98,50
DA:100,50
DA:102,4
DA:103,4
DA:105,50
DA:110,2
DA:111,2
DA:114,0
DA:116,0
DA:119,206
DA:122,206
DA:124,206
DA:127,206
DA:129,360
DA:130,308
DA:134,206
DA:136,206
DA:137,206
DA:139,206
DA:140,206
DA:141,206
DA:143,1854
DA:145,1648
DA:147,206
DA:148,206
DA:150,206
DA:152,206
DA:153,206
DA:155,206
DA:156,206
DA:158,206
DA:160,206
DA:162,206
DA:164,0
DA:168,206
DA:172,206
DA:173,206
LF:52
LH:47
end_of_record
TN:
SF:/d/Repos/Damysus/PIC.EmbeddedSoftware/sourcePico/devices/DeviceStatus.c
FN:33,DeviceStatus_Init
FN:42,DeviceStatus_StateAndOnEntrySet
FN:48,DeviceStatus_GetState
FN:53,DeviceStatus_SetNRE_Event
FN:58,DeviceStatus_GetNRE_Event
FN:65,DeviceStatus_GetOnEntry
FN:70,DeviceStatus_SetLedsOnStatus
FN:82,DeviceStatus_GetLedsOnStatus
FN:87,DeviceStatus_SetCheckStatusAlert
FN:99,DeviceStatus_GetCheckStatusAlert
FN:106,DeviceStatus_SetDeepSleepModeStatus
FN:118,DeviceStatus_isGoingInDeepSleep
FN:123,DeviceStatus_IsRunningPump
FN:128,DeviceStatus_IsReadingPressureSensor
FN:133,DeviceStatus_SetPumpIsRunning
FN:138,DeviceStatus_SetPressureSensorIsReading
FN:143,DeviceStatus_SetButtonPressFromLeak
FN:155,DeviceStatus_GetButtonPressFromLeak
FNDA:285,DeviceStatus_SetPumpIsRunning
FNDA:61,DeviceStatus_SetButtonPressFromLeak
FNDA:38476,DeviceStatus_isGoingInDeepSleep
FNDA:302956,DeviceStatus_StateAndOnEntrySet
FNDA:50,DeviceStatus_Init
FNDA:4825,DeviceStatus_GetLedsOnStatus
FNDA:302685,DeviceStatus_SetLedsOnStatus
FNDA:83004,DeviceStatus_GetState
FNDA:93,DeviceStatus_SetDeepSleepModeStatus
FNDA:13,DeviceStatus_IsRunningPump
FNDA:6,DeviceStatus_SetCheckStatusAlert
FNDA:29,DeviceStatus_GetNRE_Event
FNDA:67,DeviceStatus_GetButtonPressFromLeak
FNDA:21,DeviceStatus_SetNRE_Event
FNDA:15430,DeviceStatus_SetPressureSensorIsReading
FNDA:15,DeviceStatus_IsReadingPressureSensor
FNDA:302889,DeviceStatus_GetCheckStatusAlert
FNDA:10,DeviceStatus_GetOnEntry
FNF:18
FNH:18
DA:33,50
DA:35,50
DA:36,50
DA:37,50
DA:38,50
DA:39,50
DA:40,50
DA:42,302956
DA:44,302956
DA:45,302956
DA:46,302956
DA:48,83004
DA:50,83004
DA:53,21
DA:55,21
DA:56,21
DA:58,29
DA:60,29
DA:65,10
DA:67,10
DA:70,302685
DA:72,302685
DA:74,6111
DA:78,296574
DA:80,302685
DA:82,4825
DA:84,4825
DA:87,6
DA:89,6
DA:91,3
DA:95,3
DA:97,6
DA:99,302889
DA:101,302889
DA:106,93
DA:108,93
DA:110,42
DA:114,51
DA:116,93
DA:118,38476
DA:120,38476
DA:123,13
DA:125,13
DA:128,15
DA:130,15
DA:133,285
DA:135,285
DA:136,285
DA:138,15430
DA:140,15430
DA:141,15430
DA:143,61
DA:145,61
DA:147,7
DA:151,54
DA:153,61
DA:155,67
DA:157,67
LF:58
LH:58
end_of_record
TN:
SF:/d/Repos/Damysus/PIC.EmbeddedSoftware/sourcePico/devices/DutyCycle.c
FN:38,DCHistoryReset
FN:56,DCCalculateAll
FN:100,DCLeakGet
FN:118,DCVaccumOffsetUpdateGet
FN:132,DCPumpOnUpdate
FN:147,DCPumpOffUpdate
FNDA:577,DCPumpOffUpdate
FNDA:73,DCLeakGet
FNDA:208,DCPumpOnUpdate
FNDA:74,DCVaccumOffsetUpdateGet
FNDA:579,DCCalculateAll
FNDA:62,DCHistoryReset
FNF:6
FNH:6
DA:38,62
DA:40,62
DA:41,62
DA:42,62
DA:43,62
DA:56,579
DA:58,579
DA:59,579
DA:62,579
DA:63,579
DA:68,18528
DA:70,17949
DA:74,17949
DA:76,579
DA:80,17949
DA:82,579
DA:86,579
DA:87,579
DA:100,73
DA:102,73
DA:118,74
DA:120,74
DA:132,208
DA:134,208
DA:135,208
DA:147,577
DA:149,577
DA:150,577
LF:28
LH:28
end_of_record
TN:
SF:/d/Repos/Damysus/PIC.EmbeddedSoftware/sourcePico/devices/I2CEEPROM.c
FN:44,I2E_Init
FN:60,I2E_Read
FN:112,I2E_Write
FN:159,transmitI2CData
FN:184,isAccessWithinPageBoundary
FNDA:24,isAccessWithinPageBoundary
FNDA:16,I2E_Init
FNDA:22,transmitI2CData
FNDA:14,I2E_Read
FNDA:18,I2E_Write
FNF:5
FNH:5
DA:44,16
DA:46,16
DA:47,16
DA:60,14
DA:64,14
DA:68,14
DA:70,4
DA:74,14
DA:76,10
DA:79,14
DA:82,9
DA:85,9
DA:86,9
DA:88,9
DA:89,9
DA:91,9
DA:94,14
DA:112,18
DA:116,18
DA:120,35
DA:121,32
DA:122,14
DA:125,4
DA:129,18
DA:131,14
DA:134,18
DA:136,13
DA:139,13
DA:140,13
DA:142,52
DA:148,39
DA:151,13
DA:153,13
DA:156,18
DA:159,22
DA:161,22
DA:162,22
DA:166,26
DA:168,26
DA:171,52
DA:174,0
DA:177,26
DA:179,22
DA:184,24
DA:186,24
DA:187,24
DA:188,24
DA:190,24
LF:48
LH:47
end_of_record
TN:
SF:/d/Repos/Damysus/PIC.EmbeddedSoftware/sourcePico/devices/PerformanceLogger.c
FN:38,PerformanceLogger_Init
FN:45,PerformanceLogger_Persist
FN:70,PerformanceLogger_SetNRE
FN:88,PerformanceLogger_GetNRE
FN:112,PerformanceLogger_SetDifferentialPressure
FN:117,PerformanceLogger_SetExternalPressure
FN:122,PerformanceLogger_SetPumpHistory
FN:127,PerformanceLogger_SetBatteryVoltage
FN:140,PerformanceLogger_SetInternalTemperature
FN:145,PerformanceLogger_SetExternalTemperature
FN:150,PerformanceLogger_SetStatus
FN:155,PerformanceLogger_SetPumpDownDuration
FN:160,PerformanceLogger_GetCurrentAddress
FN:166,PerformanceLogger_SetCurrentAddress
FN:171,PerformanceLogger_GetPumpDownDuration100Ms
FN:176,PerformanceLogger_Get
FN:181,PerformanceLogger_SkipToNextTimeline
FN:193,toBytes
FNDA:21,PerformanceLogger_Get
FNDA:332,PerformanceLogger_SetPumpHistory
FNDA:5,PerformanceLogger_SkipToNextTimeline
FNDA:2,PerformanceLogger_SetExternalTemperature
FNDA:985,PerformanceLogger_GetPumpDownDuration100Ms
FNDA:8,PerformanceLogger_SetNRE
FNDA:2,PerformanceLogger_SetDifferentialPressure
FNDA:2,PerformanceLogger_SetInternalTemperature
FNDA:26,PerformanceLogger_GetNRE
FNDA:2,PerformanceLogger_SetBatteryVoltage
FNDA:15,PerformanceLogger_SetStatus
FNDA:12,PerformanceLogger_SetPumpDownDuration
FNDA:18,PerformanceLogger_GetCurrentAddress
FNDA:16,PerformanceLogger_Persist
FNDA:2,PerformanceLogger_SetExternalPressure
FNDA:2,PerformanceLogger_SetCurrentAddress
FNDA:22,PerformanceLogger_Init
FNDA:16,toBytes
FNF:18
FNH:18
DA:38,22
DA:40,22
DA:41,22
DA:42,22
DA:43,22
DA:45,16
DA:47,16
DA:49,16
DA:51,16
DA:52,16
DA:54,16
DA:55,16
DA:57,15
DA:61,16
DA:63,16
DA:65,16
DA:67,16
DA:70,8
DA:72,8
DA:73,8
DA:75,8
DA:76,8
DA:78,8
DA:81,8
DA:83,8
DA:85,8
DA:88,26
DA:90,26
DA:92,26
DA:93,26
DA:95,26
DA:98,26
DA:100,26
DA:102,26
DA:106,0
DA:109,26
DA:112,2
DA:114,2
DA:115,2
DA:117,2
DA:119,2
DA:120,2
DA:122,332
DA:124,332
DA:125,332
DA:127,2
DA:129,2
DA:130,2
DA:140,2
DA:142,2
DA:143,2
DA:145,2
DA:147,2
DA:148,2
DA:150,15
DA:152,15
DA:153,15
DA:155,12
DA:157,12
DA:158,12
DA:160,18
DA:162,18
DA:166,2
DA:168,2
DA:169,2
DA:171,985
DA:173,985
DA:176,21
DA:178,21
DA:181,5
DA:183,5
DA:184,5
DA:193,16
DA:195,16
DA:196,16
LF:75
LH:74
end_of_record
TN:
SF:/d/Repos/Damysus/PIC.EmbeddedSoftware/sourcePico/devices/Pressure_Part1.c
FN:40,InitPumpDownVacuum
FN:55,InitTherapyDeliveryVacuum
FN:73,GetVacuum
FN:142,isTargetPumpDownVacuumAchieved
FN:176,GetInitialExternalPressure
FN:190,SetInitialExternalPressure
FN:205,GetTargetPumpDownVaccumDebounceCount
FN:221,TherapyDeliveryTargetVacuumUpdate
FN:258,isTherapyDeliveryLeakDetected
FN:281,isTargetTherapyDeliveryVacuumAchieved
FNDA:6,isTherapyDeliveryLeakDetected
FNDA:6,GetInitialExternalPressure
FNDA:5,InitPumpDownVacuum
FNDA:17,GetVacuum
FNDA:0,isTargetTherapyDeliveryVacuumAchieved
FNDA:2,SetInitialExternalPressure
FNDA:0,InitTherapyDeliveryVacuum
FNDA:0,TherapyDeliveryTargetVacuumUpdate
FNDA:260,isTargetPumpDownVacuumAchieved
FNDA:5,GetTargetPumpDownVaccumDebounceCount
FNF:10
FNH:7
DA:40,5
DA:42,5
DA:43,5
DA:44,5
DA:55,0
DA:57,0
DA:58,0
DA:73,17
DA:75,17
DA:77,17
DA:79,1
DA:82,17
DA:84,16
DA:87,16
DA:90,16
DA:94,17
DA:96,14
DA:99,17
DA:101,12
DA:103,12
DA:104,12
DA:105,330
DA:107,306
DA:109,306
DA:112,297
DA:114,297
DA:118,9
DA:123,17
DA:125,17
DA:142,260
DA:146,260
DA:148,257
DA:150,256
DA:154,1
DA:159,3
DA:162,260
DA:164,260
DA:176,6
DA:178,6
DA:190,2
DA:192,2
DA:193,2
DA:205,5
DA:207,5
DA:221,0
DA:223,0
DA:226,0
DA:229,0
DA:230,0
DA:232,0
DA:235,0
DA:236,0
DA:238,0
DA:244,0
DA:258,6
DA:260,6
DA:262,6
DA:264,3
DA:267,6
DA:281,0
DA:283,0
LF:61
LH:46
end_of_record
TN:
SF:/d/Repos/Damysus/PIC.EmbeddedSoftware/sourcePico/devices/Pressure_Part2.c
FN:39,TryToGetSingleVacuumMeasurement
FNDA:14,TryToGetSingleVacuumMeasurement
FNF:1
FNH:1
DA:39,14
DA:41,14
DA:42,14
DA:43,14
DA:44,14
DA:45,14
DA:47,14
DA:49,3
DA:52,14
DA:54,11
DA:56,9
DA:57,9
DA:58,9
DA:62,2
DA:66,14
DA:68,8
DA:70,7
DA:71,7
DA:75,1
DA:79,14
DA:81,6
DA:82,6
DA:84,6
DA:85,6
DA:88,6
DA:90,1
DA:93,5
DA:95,1
DA:99,14
LF:29
LH:29
end_of_record
TN:
SF:/d/Repos/Damysus/PIC.EmbeddedSoftware/sourcePico/devices/Pressure_Part3.c
FN:37,PM_InitSensors
FN:109,PM_StartSensors
FN:143,isPressureSensorReady
FN:200,PM_GetPressureSensorBootOk
FN:232,PM_GetPressure
FN:302,PM_CalcDiffPressure
FNDA:6,isPressureSensorReady
FNDA:0,PM_GetPressureSensorBootOk
FNDA:7,PM_CalcDiffPressure
FNDA:6,PM_GetPressure
FNDA:4,PM_StartSensors
FNDA:8,PM_InitSensors
FNF:6
FNH:5
DA:37,8
DA:39,8
DA:40,8
DA:44,8
DA:45,8
DA:46,8
DA:47,8
DA:50,8
DA:52,2
DA:55,6
DA:57,1
DA:64,5
DA:65,5
DA:66,5
DA:67,91
DA:71,81
DA:73,41
DA:77,81
DA:79,41
DA:82,81
DA:83,81
DA:86,5
DA:88,3
DA:90,2
DA:92,1
DA:96,8
DA:109,4
DA:111,4
DA:112,4
DA:115,4
DA:116,4
DA:117,4
DA:119,4
DA:121,4
DA:123,2
DA:125,2
DA:127,1
DA:130,4
DA:143,6
DA:145,6
DA:146,6
DA:148,6
DA:151,60
DA:153,54
DA:157,6
DA:159,3
DA:161,3
DA:163,2
DA:167,1
DA:171,6
DA:173,5
DA:175,5
DA:182,6
DA:184,3
DA:187,6
DA:200,0
DA:202,0
DA:206,0
DA:208,0
DA:213,0
DA:216,0
DA:232,6
DA:234,6
DA:238,6
DA:240,6
DA:242,3
DA:246,6
DA:249,3
DA:251,2
DA:255,1
DA:258,3
DA:261,3
DA:267,4
DA:268,2
DA:270,4
DA:271,2
DA:275,1
DA:277,1
DA:281,0
DA:286,6
DA:302,7
DA:304,7
DA:306,7
DA:308,1
DA:311,7
DA:313,6
DA:315,3
DA:317,3
DA:319,2
DA:327,1
DA:331,7
LF:91
LH:84
end_of_record
TN:
SF:/d/Repos/Damysus/PIC.EmbeddedSoftware/sourcePico/devices/Pump.c
FN:32,PumpActivate
FN:73,isPumpActivated
FNDA:2,isPumpActivated
FNDA:225,PumpActivate
FNF:2
FNH:2
DA:32,225
DA:34,225
DA:36,225
DA:38,8
DA:39,8
DA:40,8
DA:42,8
DA:44,8
DA:46,8
DA:48,8
DA:50,8
DA:53,8
DA:57,217
DA:59,217
DA:62,225
DA:64,225
DA:73,2
DA:75,2
LF:18
LH:18
end_of_record
TN:
SF:/d/Repos/Damysus/PIC.EmbeddedSoftware/sourcePico/devices/PumpFrequencyTracker.c
FN:41,PumpFrequencyTracker_Init
FN:47,PumpFrequencyTracker_Optimise
FNDA:18,PumpFrequencyTracker_Optimise
FNDA:7,PumpFrequencyTracker_Init
FNF:2
FNH:2
DA:41,7
DA:43,7
DA:44,7
DA:45,7
DA:47,18
DA:49,18
DA:53,18
DA:55,18
DA:58,18
DA:60,2
DA:61,2
DA:63,16
DA:65,8
DA:66,8
DA:68,8
DA:70,1
DA:71,1
DA:73,7
DA:75,3
DA:76,3
DA:84,18
DA:88,0
DA:91,18
DA:95,2
DA:100,16
DA:101,16
DA:104,18
DA:105,18
LF:28
LH:27
end_of_record
TN:
SF:/d/Repos/Damysus/PIC.EmbeddedSoftware/sourcePico/devices/PushButton.c
FN:34,PushButton_ResetEvent
FN:42,PushButton_IsPressed
FN:61,PushButton_IsLongPress
FN:66,PushButton_IsShortPress
FN:71,PushButton_HasDepressedForDuration
FN:86,PushButton_GetDepressedTickCount
FNDA:4807,PushButton_GetDepressedTickCount
FNDA:106,PushButton_ResetEvent
FNDA:124,PushButton_IsShortPress
FNDA:424,PushButton_IsLongPress
FNDA:86004,PushButton_IsPressed
FNDA:548,PushButton_HasDepressedForDuration
FNF:6
FNH:6
DA:34,106
DA:36,106
DA:37,106
DA:38,106
DA:39,106
DA:40,106
DA:42,86004
DA:44,86004
DA:46,86004
DA:48,85440
DA:49,85440
DA:50,85440
DA:51,85440
DA:53,564
DA:55,295
DA:58,86004
DA:61,424
DA:63,424
DA:66,124
DA:68,124
DA:71,548
DA:73,548
DA:75,594
DA:76,46
DA:78,46
DA:79,46
DA:83,502
DA:86,4807
DA:88,4807
LF:29
LH:29
end_of_record
TN:
SF:/d/Repos/Damysus/PIC.EmbeddedSoftware/sourcePico/devices/Timer.c
FN:51,TMR1_CallBack
FN:70,TimerCounters_Init
FN:91,TimerCounter_Start
FN:120,TimerCounter_Disable
FN:135,TimerCounter_Status
FN:173,TimerCounter_GetTimeout
FN:197,TimerCounters_Update
FN:223,PM_Delay
FN:244,PM_GetT1Flag
FNDA:303896,TimerCounters_Update
FNDA:67,TimerCounters_Init
FNDA:302876,PM_GetT1Flag
FNDA:623,TimerCounter_Start
FNDA:303896,TMR1_CallBack
FNDA:5506,TimerCounter_GetTimeout
FNDA:901,TimerCounter_Disable
FNDA:37411,PM_Delay
FNDA:84486,TimerCounter_Status
FNF:9
FNH:9
DA:51,303896
DA:53,303896
DA:55,303896
DA:56,303896
DA:70,67
DA:72,67
DA:74,268
DA:76,201
DA:77,201
DA:80,67
DA:81,67
DA:91,623
DA:93,623
DA:95,623
DA:96,623
DA:98,623
DA:100,623
DA:101,623
DA:105,0
DA:108,623
DA:120,901
DA:122,901
DA:123,901
DA:124,901
DA:135,84486
DA:137,84486
DA:139,84486
DA:141,84486
DA:143,84482
DA:144,84482
DA:145,84482
DA:147,84482
DA:149,83981
DA:153,501
DA:158,4
DA:161,84486
DA:173,5506
DA:175,5506
DA:177,5506
DA:179,5506
DA:181,5506
DA:182,5506
DA:183,5506
DA:186,5506
DA:197,303896
DA:199,1215584
DA:201,911688
DA:203,816365
DA:206,95323
DA:208,91003
DA:211,303896
DA:223,37411
DA:226,821766
DA:229,746944
DA:230,746944
DA:235,37411
DA:244,302876
DA:246,302876
DA:248,302876
DA:250,302876
DA:251,302876
DA:254,302876
LF:62
LH:61
end_of_record
TN:
SF:/d/Repos/Damysus/PIC.EmbeddedSoftware/sourcePico/devices/Transmit.c
FN:31,TX_Init
FN:47,TX_Write
FNDA:4,TX_Write
FNDA:4,TX_Init
FNF:2
FNH:2
DA:31,4
DA:33,4
DA:34,4
DA:47,4
DA:49,4
DA:50,3
DA:52,10
DA:54,8
DA:57,2
LF:9
LH:9
end_of_record
TN:
SF:/d/Repos/Damysus/PIC.EmbeddedSoftware/sourcePico/devices/UIInterfaces.c
FN:52,UI_SetLED
FN:75,UI_GetPeriodCount
FN:91,UI_UpdateLEDs
FN:120,UI_IsPushButtonPressed
FN:127,UI_UpdatedSingleLED
FNDA:6124,UI_GetPeriodCount
FNDA:519551,UI_SetLED
FNDA:605550,UI_UpdatedSingleLED
FNDA:2,UI_IsPushButtonPressed
FNDA:302775,UI_UpdateLEDs
FNF:5
FNH:5
DA:52,519551
DA:54,519551
DA:56,519551
DA:57,519551
DA:58,519551
DA:59,519551
DA:61,519551
DA:75,6124
DA:77,6124
DA:79,6124
DA:82,0
DA:91,302775
DA:93,302775
DA:95,908325
DA:98,605550
DA:100,6167
DA:104,302775
DA:106,6159
DA:109,302775
DA:120,2
DA:122,2
DA:127,605550
DA:133,605550
DA:134,605550
DA:136,605550
DA:138,565380
DA:139,565380
DA:141,605550
LF:28
LH:27
end_of_record
TN:
SF:/d/Repos/Damysus/PIC.EmbeddedSoftware/sourcePico/managers/AlertManager.c
FN:76,AlertManager_Init
FN:93,checkLEDSequenceCompleted
FN:116,AlertManager_Run
FN:136,StartLEDSequence
FN:159,flash_LED
FN:360,AlertActivate
FN:377,AlertSetupDisable
FNDA:302706,AlertActivate
FNDA:302706,flash_LED
FNDA:302634,AlertManager_Run
FNDA:15,checkLEDSequenceCompleted
FNDA:47,AlertSetupDisable
FNDA:72,StartLEDSequence
FNDA:47,AlertManager_Init
FNF:7
FNH:7
DA:76,47
DA:78,47
DA:80,47
DA:93,15
DA:95,15
DA:97,15
DA:99,7
DA:102,15
DA:116,302634
DA:118,302634
DA:120,302634
DA:136,72
DA:138,72
DA:140,72
DA:142,72
DA:144,72
DA:145,72
DA:159,302706
DA:167,302706
DA:172,259372
DA:173,259372
DA:174,259372
DA:176,259372
DA:181,21
DA:183,1
DA:184,1
DA:185,1
DA:187,20
DA:190,1
DA:191,1
DA:193,1
DA:196,21
DA:217,5831
DA:219,43
DA:220,43
DA:221,43
DA:224,5788
DA:226,33
DA:227,33
DA:229,33
DA:231,5755
DA:233,1409
DA:236,27
DA:237,27
DA:239,27
DA:241,27
DA:242,27
DA:244,27
DA:247,4346
DA:252,3731
DA:254,19
DA:255,19
DA:256,19
DA:261,3712
DA:264,205
DA:266,205
DA:267,205
DA:272,615
DA:274,301
DA:276,15
DA:277,15
DA:279,15
DA:283,5831
DA:291,188
DA:293,7
DA:294,7
DA:295,7
DA:298,181
DA:300,7
DA:301,7
DA:302,7
DA:304,174
DA:306,6
DA:307,6
DA:309,6
DA:312,188
DA:323,37294
DA:325,9
DA:326,9
DA:327,9
DA:329,37285
DA:332,8
DA:333,8
DA:334,8
DA:337,37294
DA:342,0
DA:346,302706
DA:347,302706
DA:360,302706
DA:364,302706
DA:365,302706
DA:377,47
DA:379,47
DA:381,47
DA:383,47
DA:385,47
DA:386,47
DA:388,47
DA:389,47
LF:99
LH:98
end_of_record
TN:
SF:/d/Repos/Damysus/PIC.EmbeddedSoftware/sourcePico/managers/LoggingManager.c
FN:40,LoggingManager_Init
FN:57,LoggingManager_Run
FN:131,LoggingManager_GetTicks
FNDA:10914,LoggingManager_Run
FNDA:1,LoggingManager_GetTicks
FNDA:25,LoggingManager_Init
FNF:3
FNH:3
DA:40,25
DA:42,25
DA:43,25
DA:44,25
DA:57,10914
DA:59,10914
DA:61,10914
DA:63,10914
DA:66,10914
DA:69,16
DA:71,16
DA:74,1
DA:76,1
DA:78,1
DA:79,1
DA:83,15
DA:86,5
DA:87,5
DA:88,5
DA:90,19
DA:91,9
DA:93,8
DA:96,8
DA:98,16
DA:100,8
DA:105,0
DA:107,0
DA:113,2
DA:119,10914
DA:131,1
DA:133,1
LF:31
LH:29
end_of_record
TN:
SF:/d/Repos/Damysus/PIC.EmbeddedSoftware/sourcePico/managers/StateMachine.c
FN:45,StateMachine_Init
FN:71,StateMachine_Enter_NRE
FN:88,StateMachine_Run
FN:169,updateState
FNDA:302887,updateState
FNDA:302887,StateMachine_Run
FNDA:53,StateMachine_Init
FNDA:2,StateMachine_Enter_NRE
FNF:4
FNH:4
DA:45,53
DA:47,53
DA:48,53
DA:50,53
DA:52,53
DA:53,53
DA:54,53
DA:55,53
DA:57,53
DA:71,2
DA:73,2
DA:74,2
DA:75,2
DA:76,2
DA:88,302887
DA:90,302887
DA:93,302887
DA:97,302887
DA:99,1
DA:103,302887
DA:107,302887
DA:109,142
DA:113,44
DA:115,44
DA:118,9
DA:120,9
DA:123,6
DA:125,6
DA:128,9
DA:130,9
DA:134,74
DA:140,302887
DA:142,2
DA:144,1
DA:147,2
DA:150,302887
DA:169,302887
DA:171,302887
DA:174,302887
DA:176,0
DA:179,302887
DA:181,302887
DA:191,302887
DA:193,142
DA:197,302745
DA:199,302887
DA:201,302887
DA:205,0
DA:207,0
DA:210,302887
DA:213,302887
LF:51
LH:48
end_of_record
TN:
SF:/d/Repos/Damysus/PIC.EmbeddedSoftware/sourcePico/managers/StateMachineFault.c
FN:39,Fault
FN:103,executeEntryIfNewState
FNDA:9,executeEntryIfNewState
FNDA:37292,Fault
FNF:2
FNH:2
DA:39,37292
DA:41,37292
DA:43,37291
DA:45,37291
DA:47,9
DA:51,37291
DA:53,6
DA:54,6
DA:58,37285
DA:60,2
DA:61,2
DA:66,37283
DA:69,37283
DA:72,37283
DA:75,37283
DA:77,0
DA:78,0
DA:80,37283
DA:82,0
DA:83,0
DA:87,37283
DA:91,37291
DA:103,9
DA:106,9
DA:107,9
DA:109,9
DA:110,9
DA:111,9
DA:112,9
DA:114,9
DA:117,9
DA:120,9
DA:121,9
LF:33
LH:29
end_of_record
TN:
SF:/d/Repos/Damysus/PIC.EmbeddedSoftware/sourcePico/managers/StateMachineIdle.c
FN:40,Idle_Init
FN:57,Idle
FN:107,Idle_OnEntry
FNDA:49,Idle_Init
FNDA:44,Idle_OnEntry
FNDA:38590,Idle
FNF:3
FNH:3
DA:40,49
DA:42,49
DA:43,49
DA:57,38590
DA:59,38590
DA:61,38589
DA:64,38589
DA:66,44
DA:69,38589
DA:71,113
DA:73,37
DA:74,37
DA:75,37
DA:78,38476
DA:80,2
DA:81,2
DA:82,2
DA:86,38474
DA:89,38474
DA:91,37260
DA:95,38589
DA:107,44
DA:109,44
DA:110,44
DA:112,44
DA:113,44
DA:114,44
DA:115,44
DA:116,44
DA:119,44
DA:120,44
DA:123,44
DA:125,44
LF:33
LH:33
end_of_record
TN:
SF:/d/Repos/Damysus/PIC.EmbeddedSoftware/sourcePico/managers/StateMachineNre.c
FN:41,NonRecoverableError
FN:66,NonRecoverableError_OnEntry
FNDA:216346,NonRecoverableError
FNDA:9,NonRecoverableError_OnEntry
FNF:2
FNH:2
DA:41,216346
DA:43,216346
DA:45,216346
DA:48,216346
DA:50,9
DA:53,216346
DA:66,9
DA:69,9
DA:70,9
DA:71,9
DA:74,9
DA:77,9
DA:79,9
DA:80,9
DA:81,9
DA:82,9
DA:83,9
DA:85,9
LF:18
LH:18
end_of_record
TN:
SF:/d/Repos/Damysus/PIC.EmbeddedSoftware/sourcePico/managers/StateMachinePOST.c
FN:35,POST_Init
FN:54,POST_Run
FNDA:49,POST_Init
FNDA:177,POST_Run
FNF:2
FNH:2
DA:35,49
DA:37,49
DA:39,49
DA:41,49
DA:54,177
DA:56,177
DA:58,177
DA:59,177
DA:61,49
DA:63,7
DA:68,128
DA:72,177
DA:74,135
DA:75,135
DA:76,135
DA:78,135
DA:81,27
DA:82,27
DA:83,27
DA:86,13
DA:87,13
DA:90,12
DA:91,12
DA:94,12
DA:95,12
DA:98,12
DA:99,12
DA:102,12
DA:103,12
DA:106,12
DA:107,12
DA:110,8
DA:111,8
DA:114,8
DA:115,8
DA:118,8
DA:119,8
DA:122,8
DA:123,8
DA:126,3
DA:127,3
DA:132,177
DA:134,42
DA:137,177
LF:44
LH:44
end_of_record
TN:
SF:/d/Repos/Damysus/PIC.EmbeddedSoftware/sourcePico/managers/StateMachinePOST_internal.c
FN:40,iPOST_doPOST
FN:80,iPOST_getSubStateNum
FN:96,iPOST_updateSubStateNum
FN:119,iPOST_setSubStateNum
FN:137,iPOST_State00
FN:159,iPOST_State01
FN:191,iPOST_State02
FN:214,iPOST_State03
FN:236,iPOST_State04
FN:274,iPOST_State05
FN:313,iPOST_State06
FN:408,iPOST_State07
FN:446,iPOST_State08
FN:483,iPOST_State09
FN:516,iPOST_State10
FN:539,iPOST_StateError
FN:564,iPOST_Init
FNDA:9,iPOST_State09
FNDA:13,iPOST_State05
FNDA:27,iPOST_State00
FNDA:55,iPOST_setSubStateNum
FNDA:9,iPOST_State08
FNDA:52,iPOST_doPOST
FNDA:13,iPOST_State04
FNDA:26,iPOST_Init
FNDA:176,iPOST_updateSubStateNum
FNDA:12,iPOST_State02
FNDA:8,iPOST_State10
FNDA:2,iPOST_StateError
FNDA:12,iPOST_State03
FNDA:9,iPOST_State07
FNDA:13,iPOST_State01
FNDA:280,iPOST_getSubStateNum
FNDA:14,iPOST_State06
FNF:17
FNH:17
DA:40,52
DA:42,52
DA:44,52
DA:46,47
DA:47,52
DA:48,5
DA:50,5
DA:51,5
DA:52,5
DA:53,5
DA:54,5
DA:55,5
DA:56,5
DA:57,5
DA:58,5
DA:59,5
DA:60,5
DA:63,52
DA:65,9
DA:68,52
DA:80,280
DA:82,280
DA:96,176
DA:98,176
DA:100,176
DA:102,102
DA:103,102
DA:105,7
DA:108,176
DA:119,55
DA:121,55
DA:122,55
DA:137,27
DA:139,27
DA:141,27
DA:143,27
DA:159,13
DA:164,13
DA:166,13
DA:169,13
DA:170,13
DA:171,13
DA:172,13
DA:173,13
DA:175,13
DA:191,12
DA:193,12
DA:195,12
DA:196,12
DA:198,12
DA:214,12
DA:216,12
DA:217,12
DA:218,12
DA:220,12
DA:236,13
DA:242,13
DA:243,13
DA:247,13
DA:249,13
DA:252,12
DA:253,12
DA:254,12
DA:255,12
DA:256,12
DA:258,13
DA:274,13
DA:283,13
DA:286,13
DA:289,13
DA:291,12
DA:292,12
DA:293,12
DA:294,12
DA:295,12
DA:297,13
DA:313,14
DA:315,14
DA:318,14
DA:319,14
DA:320,14
DA:323,14
DA:325,14
DA:327,14
DA:330,14
DA:336,14
DA:337,14
DA:338,33
DA:340,18
DA:341,18
DA:345,14
DA:351,14
DA:352,14
DA:353,14
DA:355,13
DA:357,14
DA:359,13
DA:362,14
DA:368,14
DA:369,14
DA:371,6
DA:373,14
DA:375,4
DA:378,14
DA:380,14
DA:382,14
DA:385,14
DA:387,14
DA:389,14
DA:391,14
DA:408,9
DA:413,9
DA:414,9
DA:416,9
DA:417,9
DA:418,9
DA:420,9
DA:423,9
DA:424,9
DA:425,9
DA:426,9
DA:427,9
DA:429,9
DA:446,9
DA:451,9
DA:452,9
DA:454,9
DA:455,9
DA:456,9
DA:458,9
DA:461,9
DA:462,9
DA:463,9
DA:464,9
DA:465,9
DA:467,9
DA:483,9
DA:488,9
DA:489,9
DA:491,9
DA:494,9
DA:495,9
DA:496,9
DA:497,9
DA:498,9
DA:500,9
DA:516,8
DA:518,8
DA:519,8
DA:523,8
DA:539,2
DA:545,2
DA:546,2
DA:547,2
DA:548,2
DA:549,2
DA:551,2
DA:564,26
DA:566,26
DA:567,26
DA:568,26
LF:161
LH:161
end_of_record
TN:
SF:/d/Repos/Damysus/PIC.EmbeddedSoftware/sourcePico/managers/StateMachinePumpDown.c
FN:51,PumpDown_Init
FN:70,PumpDown
FN:252,PumpDown_OnEntry
FNDA:44,PumpDown_OnEntry
FNDA:5541,PumpDown
FNDA:61,PumpDown_Init
FNF:3
FNH:3
DA:51,61
DA:53,61
DA:54,61
DA:55,61
DA:56,61
DA:70,5541
DA:72,5541
DA:73,5540
DA:76,5540
DA:78,44
DA:81,5540
DA:82,5540
DA:83,5540
DA:84,5540
DA:85,5540
DA:86,5540
DA:89,5540
DA:91,6
DA:95,5534
DA:99,5534
DA:101,1324
DA:105,5534
DA:108,5505
DA:110,5505
DA:112,0
DA:114,5505
DA:116,1
DA:117,1
DA:119,5504
DA:121,3
DA:122,3
DA:127,5505
DA:129,4584
DA:131,4584
DA:133,56
DA:136,56
DA:139,4584
DA:142,9168
DA:144,4573
DA:147,1
DA:149,4572
DA:152,3645
DA:154,1036
DA:157,3645
DA:160,30
DA:161,30
DA:162,30
DA:168,927
DA:173,11
DA:176,11
DA:177,9
DA:178,8
DA:181,4
DA:183,7
DA:184,5
DA:185,4
DA:188,5
DA:190,2
DA:192,1
DA:194,1
DA:196,1
DA:200,0
DA:207,921
DA:214,29
DA:216,24
DA:220,5
DA:226,5540
DA:228,51
DA:229,51
DA:230,51
DA:231,51
DA:232,51
DA:233,51
DA:234,51
DA:238,5540
DA:240,5540
DA:252,44
DA:256,44
DA:257,44
DA:259,44
DA:260,44
DA:261,44
DA:262,44
DA:263,44
DA:264,44
DA:267,44
DA:269,40
DA:272,44
DA:274,44
LF:89
LH:87
end_of_record
TN:
SF:/d/Repos/Damysus/PIC.EmbeddedSoftware/sourcePico/managers/StateMachineShutdown.c
FN:44,Shutdown
FN:80,Shutdown_OnEntry
FNDA:6,Shutdown_OnEntry
FNDA:180,Shutdown
FNF:2
FNH:2
DA:44,180
DA:46,180
DA:49,180
DA:51,180
DA:53,6
DA:56,180
DA:58,6
DA:61,6
DA:62,6
DA:63,6
DA:64,6
DA:65,6
DA:68,180
DA:80,6
DA:82,6
DA:83,6
DA:85,6
DA:88,6
DA:90,6
LF:19
LH:19
end_of_record
TN:
SF:/d/Repos/Damysus/PIC.EmbeddedSoftware/sourcePico/managers/StateMachineTherapyDelivery.c
FN:45,TherapyDelivery_Init
FN:73,TherapyDelivery
FN:248,TherapyDelivery_OnEntry
FNDA:91,TherapyDelivery_Init
FNDA:23,TherapyDelivery_OnEntry
FNDA:4900,TherapyDelivery
FNF:3
FNH:3
DA:45,91
DA:48,91
DA:51,91
DA:54,91
DA:57,91
DA:59,91
DA:73,4900
DA:75,4900
DA:76,4900
DA:78,4900
DA:79,4899
DA:83,4899
DA:85,23
DA:88,4899
DA:89,4899
DA:90,4899
DA:93,4899
DA:95,3
DA:101,4896
DA:103,3
DA:107,4896
DA:109,4478
DA:113,4896
DA:114,4896
DA:116,1
DA:118,4895
DA:120,2
DA:121,2
DA:123,4893
DA:125,4
DA:126,4
DA:130,4896
DA:132,142
DA:133,142
DA:135,142
DA:140,9787
DA:141,4888
DA:144,518
DA:147,518
DA:150,518
DA:152,6
DA:157,512
DA:158,512
DA:161,512
DA:165,501
DA:167,1
DA:172,500
DA:174,143
DA:178,500
DA:180,49
DA:181,49
DA:187,11
DA:190,11
DA:191,9
DA:192,8
DA:195,4
DA:197,7
DA:198,4
DA:199,3
DA:202,5
DA:204,2
DA:206,1
DA:208,1
DA:210,1
DA:214,0
DA:220,518
DA:223,518
DA:224,518
DA:228,4899
DA:230,28
DA:234,4899
DA:236,4899
DA:248,23
DA:251,23
DA:252,23
DA:254,23
DA:257,23
DA:259,21
DA:262,23
LF:79
LH:78
end_of_record
