TN:
SF:/c/Repos/PM1/PI-Module/PIB_Firmware/firmware/PIB_Firmware.X/vendor/ceedling/vendor/cmock/src/cmock.c
FN:36,CMock_Guts_MemNew
FN:69,CMock_Guts_MemChain
FN:113,CMock_Guts_MemNext
FN:135,CMock_Guts_MemEndOfChain
FN:153,CMock_Guts_GetAddressFor
FN:168,CMock_Guts_MemBytesFree
FN:176,CMock_Guts_MemBytesUsed
FN:184,CMock_Guts_MemFreeAll
FN:192,CMock_Guts_MemFreeFinal
FNDA:0,CMock_Guts_MemNew
FNDA:0,CMock_Guts_MemChain
FNDA:0,CMock_Guts_MemNext
FNDA:0,CMock_Guts_MemEndOfChain
FNDA:0,CMock_Guts_GetAddressFor
FNDA:0,CMock_Guts_MemBytesFree
FNDA:0,CMock_Guts_MemBytesUsed
FNDA:0,CMock_Guts_MemFreeAll
FNDA:0,CMock_Guts_MemFreeFinal
FNF:9
FNH:0
DA:36,0
DA:41,0
DA:42,0
DA:45,0
DA:46,0
DA:47,0
DA:48,0
DA:55,0
DA:59,0
DA:60,0
DA:61,0
DA:63,0
DA:69,0
DA:76,0
DA:79,0
DA:84,0
DA:86,0
DA:88,0
DA:90,0
DA:93,0
DA:94,0
DA:97,0
DA:99,0
DA:100,0
DA:101,0
DA:102,0
DA:103,0
DA:104,0
DA:105,0
DA:106,0
DA:113,0
DA:119,0
DA:120,0
DA:121,0
DA:125,0
DA:126,0
DA:127,0
DA:129,0
DA:135,0
DA:137,0
DA:140,0
DA:142,0
DA:144,0
DA:147,0
DA:153,0
DA:155,0
DA:157,0
DA:161,0
DA:168,0
DA:170,0
DA:176,0
DA:178,0
DA:184,0
DA:186,0
DA:187,0
DA:192,0
DA:194,0
DA:202,0
LF:58
LH:0
end_of_record
TN:
SF:/c/Repos/PM1/PI-Module/PIB_Firmware/firmware/src/date_and_time.c
FN:56,isLeapYear
FN:64,dayOfTheWeek
FN:72,getNumberOfDaysInMonth
FN:95,getNumberOfDaysInThisMonth
FN:101,incrementDate
FN:123,incrementTime
FNDA:7,isLeapYear
FNDA:1,dayOfTheWeek
FNDA:5,getNumberOfDaysInMonth
FNDA:0,getNumberOfDaysInThisMonth
FNDA:0,incrementDate
FNDA:0,incrementTime
FNF:6
FNH:3
DA:56,7
DA:59,7
DA:64,1
DA:66,1
DA:68,1
DA:69,1
DA:72,5
DA:76,5
DA:78,3
DA:80,2
DA:84,1
DA:89,2
DA:92,5
DA:95,0
DA:97,0
DA:101,0
DA:105,0
DA:107,0
DA:109,0
DA:111,0
DA:112,0
DA:114,0
DA:116,0
DA:117,0
DA:120,0
DA:123,0
DA:125,0
DA:127,0
DA:129,0
DA:132,0
DA:133,0
DA:135,0
DA:137,0
DA:140,0
DA:141,0
DA:143,0
DA:145,0
DA:148,0
DA:149,0
DA:151,0
DA:153,0
DA:155,0
LF:42
LH:13
end_of_record
TN:
SF:/c/mingw/include/stdio.h
FN:413,printf
FNDA:1,printf
FNF:1
FNH:1
DA:413,1
DA:416,1
DA:417,1
DA:418,1
DA:419,1
LF:5
LH:5
end_of_record
SF:/c/Repos/PM1/PI-Module/PIB_Firmware/firmware/src/test/unit_test/date_and_time/test_date_and_time.c
FN:50,setUp
FN:62,tearDown
FN:75,test_isLeapYear_Returns_True_When_YR_2004
FN:82,test_isLeapYear_Returns_True_When_YR_2000
FN:87,test_isLeapYear_Returns_False_When_YR_1999
FN:92,test_isLeapYear_Returns_False_When_YR_1009
FN:97,test_dayOfTheWeek_Returns_Monday
FN:112,test_getNumberOfDaysInMonth_Returns_31_When_May_2022
FN:126,test_getNumberOfDaysInMonth_Returns_30_When_June_2022
FN:140,test_getNumberOfDaysInMonth_Returns_28_When_February_2022
FN:154,test_getNumberOfDaysInMonth_Returns_29_When_February_2004
FN:168,test_getNumberOfDaysInMonth_Returns_29_When_February_2000
FNDA:10,setUp
FNDA:10,tearDown
FNDA:1,test_isLeapYear_Returns_True_When_YR_2004
FNDA:1,test_isLeapYear_Returns_True_When_YR_2000
FNDA:1,test_isLeapYear_Returns_False_When_YR_1999
FNDA:1,test_isLeapYear_Returns_False_When_YR_1009
FNDA:1,test_dayOfTheWeek_Returns_Monday
FNDA:1,test_getNumberOfDaysInMonth_Returns_31_When_May_2022
FNDA:1,test_getNumberOfDaysInMonth_Returns_30_When_June_2022
FNDA:1,test_getNumberOfDaysInMonth_Returns_28_When_February_2022
FNDA:1,test_getNumberOfDaysInMonth_Returns_29_When_February_2004
FNDA:1,test_getNumberOfDaysInMonth_Returns_29_When_February_2000
FNF:12
FNH:12
DA:50,10
DA:52,10
DA:62,10
DA:64,10
DA:75,1
DA:79,1
DA:80,1
DA:82,1
DA:84,1
DA:85,1
DA:87,1
DA:89,1
DA:90,1
DA:92,1
DA:94,1
DA:95,1
DA:97,1
DA:99,1
DA:102,1
DA:103,1
DA:105,1
DA:107,1
DA:110,0
DA:112,1
DA:114,1
DA:115,1
DA:117,1
DA:119,1
DA:121,0
DA:124,1
DA:126,1
DA:128,1
DA:129,1
DA:131,1
DA:133,1
DA:135,0
DA:138,1
DA:140,1
DA:142,1
DA:143,1
DA:145,1
DA:147,1
DA:149,0
DA:152,1
DA:154,1
DA:156,1
DA:157,1
DA:159,1
DA:161,1
DA:163,0
DA:166,1
DA:168,1
DA:170,1
DA:171,1
DA:173,1
DA:175,1
DA:177,0
DA:180,1
LF:58
LH:52
end_of_record
TN:
SF:/c/Repos/PM1/PI-Module/PIB_Firmware/firmware/src/unit_test_build/test/runners/test_date_and_time_runner.c
FN:47,resetTest
FN:55,main
FNDA:0,resetTest
FNDA:2,main
FNF:2
FNH:1
DA:47,0
DA:49,0
DA:50,0
DA:51,0
DA:55,1
DA:57,1
DA:58,1
DA:59,1
DA:60,1
DA:61,1
DA:62,1
DA:63,1
DA:64,1
DA:65,1
DA:66,1
DA:67,1
DA:69,1
LF:17
LH:13
end_of_record
TN:
SF:/c/Repos/PM1/PI-Module/PIB_Firmware/firmware/PIB_Firmware.X/vendor/ceedling/vendor/unity/src/unity.c
FN:80,UnityPrint
FN:117,UnityPrintLen
FN:154,UnityPrintNumberByStyle
FN:171,UnityPrintNumber
FN:186,UnityPrintNumberUnsigned
FN:206,UnityPrintNumberHex
FN:228,UnityPrintMask
FN:277,UnityPrintFail
FN:283,UnityPrintOk
FN:290,UnityTestResultsBegin
FN:307,UnityTestResultsFailBegin
FN:319,UnityConcludeTest
FN:343,UnityAddMsgIfSpecified
FN:367,UnityPrintExpectedAndActualStrings
FN:394,UnityPrintExpectedAndActualStringsLen
FN:426,UnityCheckArraysForNull
FN:458,UnityAssertBits
FN:479,UnityAssertEqualNumber
FN:507,UnityAssertEqualIntArray
FN:622,UnityAssertEqualFloatArray
FN:675,UnityAssertFloatsWithin
FN:713,UnityAssertFloatSpecial
FN:945,UnityAssertNumbersWithin
FN:984,UnityAssertEqualString
FN:1023,UnityAssertEqualStringLen
FN:1064,UnityAssertEqualStringArray
FN:1121,UnityAssertEqualMemory
FN:1179,UnityFail
FN:1213,UnityIgnore
FN:1230,setUp
FN:1231,tearDown
FN:1239,UnityDefaultTestRun
FN:1258,UnityBegin
FN:1274,UnityEnd
FNDA:36,UnityPrint
FNDA:0,UnityPrintLen
FNDA:0,UnityPrintNumberByStyle
FNDA:13,UnityPrintNumber
FNDA:13,UnityPrintNumberUnsigned
FNDA:0,UnityPrintNumberHex
FNDA:0,UnityPrintMask
FNDA:2,UnityPrintFail
FNDA:0,UnityPrintOk
FNDA:10,UnityTestResultsBegin
FNDA:0,UnityTestResultsFailBegin
FNDA:10,UnityConcludeTest
FNDA:0,UnityAddMsgIfSpecified
FNDA:0,UnityPrintExpectedAndActualStrings
FNDA:0,UnityPrintExpectedAndActualStringsLen
FNDA:0,UnityCheckArraysForNull
FNDA:0,UnityAssertBits
FNDA:0,UnityAssertEqualNumber
FNDA:0,UnityAssertEqualIntArray
FNDA:0,UnityAssertEqualFloatArray
FNDA:0,UnityAssertFloatsWithin
FNDA:0,UnityAssertFloatSpecial
FNDA:0,UnityAssertNumbersWithin
FNDA:0,UnityAssertEqualString
FNDA:0,UnityAssertEqualStringLen
FNDA:0,UnityAssertEqualStringArray
FNDA:0,UnityAssertEqualMemory
FNDA:1,UnityFail
FNDA:0,UnityIgnore
FNDA:0,setUp
FNDA:0,tearDown
FNDA:0,UnityDefaultTestRun
FNDA:1,UnityBegin
FNDA:1,UnityEnd
FNF:34
FNH:9
DA:80,36
DA:82,36
DA:84,36
DA:86,878
DA:89,806
DA:91,806
DA:94,0
DA:96,0
DA:97,0
DA:100,0
DA:102,0
DA:103,0
DA:108,0
DA:109,0
DA:111,806
DA:114,36
DA:117,0
DA:119,0
DA:121,0
DA:123,0
DA:126,0
DA:128,0
DA:131,0
DA:133,0
DA:134,0
DA:137,0
DA:139,0
DA:140,0
DA:145,0
DA:146,0
DA:148,0
DA:151,0
DA:154,0
DA:156,0
DA:158,0
DA:160,0
DA:162,0
DA:166,0
DA:168,0
DA:171,13
DA:173,13
DA:175,13
DA:178,0
DA:179,0
DA:181,13
DA:182,13
DA:186,13
DA:188,13
DA:191,43
DA:193,17
DA:199,30
DA:200,30
DA:202,30
DA:203,13
DA:206,0
DA:209,0
DA:210,0
DA:211,0
DA:213,0
DA:215,0
DA:216,0
DA:218,0
DA:222,0
DA:225,0
DA:228,0
DA:230,0
DA:233,0
DA:235,0
DA:237,0
DA:239,0
DA:243,0
DA:248,0
DA:250,0
DA:252,0
DA:277,2
DA:279,2
DA:280,2
DA:283,0
DA:285,0
DA:286,0
DA:290,10
DA:293,10
DA:294,10
DA:295,10
DA:296,10
DA:297,10
DA:298,10
DA:303,10
DA:307,0
DA:310,0
DA:314,0
DA:315,0
DA:316,0
DA:319,10
DA:321,10
DA:323,0
DA:325,10
DA:327,9
DA:328,9
DA:332,1
DA:335,10
DA:336,10
DA:337,10
DA:338,10
DA:339,10
DA:343,0
DA:345,0
DA:347,0
DA:349,0
DA:351,0
DA:352,0
DA:353,0
DA:355,0
DA:356,0
DA:358,0
DA:361,0
DA:363,0
DA:367,0
DA:369,0
DA:370,0
DA:372,0
DA:373,0
DA:374,0
DA:378,0
DA:380,0
DA:381,0
DA:383,0
DA:384,0
DA:385,0
DA:389,0
DA:391,0
DA:394,0
DA:396,0
DA:397,0
DA:399,0
DA:400,0
DA:401,0
DA:405,0
DA:407,0
DA:408,0
DA:410,0
DA:411,0
DA:412,0
DA:416,0
DA:418,0
DA:426,0
DA:429,0
DA:430,0
DA:433,0
DA:435,0
DA:436,0
DA:437,0
DA:438,0
DA:442,0
DA:444,0
DA:445,0
DA:446,0
DA:447,0
DA:451,0
DA:458,0
DA:464,0
DA:466,0
DA:468,0
DA:469,0
DA:470,0
DA:471,0
DA:472,0
DA:473,0
DA:474,0
DA:479,0
DA:485,0
DA:487,0
DA:489,0
DA:490,0
DA:491,0
DA:492,0
DA:493,0
DA:494,0
DA:495,0
DA:507,0
DA:514,0
DA:515,0
DA:516,0
DA:518,0
DA:520,0
DA:522,0
DA:525,0
DA:526,0
DA:531,0
DA:536,0
DA:538,0
DA:540,0
DA:541,0
DA:542,0
DA:543,0
DA:544,0
DA:545,0
DA:546,0
DA:547,0
DA:548,0
DA:550,0
DA:551,0
DA:553,0
DA:557,0
DA:559,0
DA:561,0
DA:562,0
DA:563,0
DA:564,0
DA:565,0
DA:566,0
DA:567,0
DA:568,0
DA:569,0
DA:571,0
DA:572,0
DA:574,0
DA:599,0
DA:601,0
DA:603,0
DA:604,0
DA:605,0
DA:606,0
DA:607,0
DA:608,0
DA:609,0
DA:610,0
DA:611,0
DA:613,0
DA:614,0
DA:616,0
DA:622,0
DA:628,0
DA:629,0
DA:630,0
DA:633,0
DA:635,0
DA:637,0
DA:640,0
DA:641,0
DA:643,0
DA:645,0
DA:646,0
DA:647,0
DA:648,0
DA:649,0
DA:650,0
DA:653,0
DA:655,0
DA:656,0
DA:657,0
DA:664,0
DA:666,0
DA:667,0
DA:669,0
DA:670,0
DA:675,0
DA:681,0
DA:682,0
DA:684,0
DA:686,0
DA:688,0
DA:690,0
DA:692,0
DA:696,0
DA:698,0
DA:705,0
DA:707,0
DA:708,0
DA:713,0
DA:718,0
DA:719,0
DA:720,0
DA:721,0
DA:723,0
DA:725,0
DA:731,0
DA:732,0
DA:735,0
DA:736,0
DA:741,0
DA:742,0
DA:747,0
DA:748,0
DA:750,0
DA:751,0
DA:754,0
DA:755,0
DA:756,0
DA:759,0
DA:761,0
DA:762,0
DA:763,0
DA:764,0
DA:765,0
DA:766,0
DA:770,0
DA:771,0
DA:772,0
DA:774,0
DA:775,0
DA:945,0
DA:952,0
DA:954,0
DA:956,0
DA:957,0
DA:959,0
DA:963,0
DA:964,0
DA:966,0
DA:969,0
DA:971,0
DA:972,0
DA:973,0
DA:974,0
DA:975,0
DA:976,0
DA:977,0
DA:978,0
DA:979,0
DA:984,0
DA:991,0
DA:994,0
DA:996,0
DA:998,0
DA:1000,0
DA:1001,0
DA:1007,0
DA:1009,0
DA:1013,0
DA:1015,0
DA:1016,0
DA:1017,0
DA:1018,0
DA:1023,0
DA:1031,0
DA:1034,0
DA:1036,0
DA:1038,0
DA:1040,0
DA:1041,0
DA:1047,0
DA:1049,0
DA:1053,0
DA:1055,0
DA:1056,0
DA:1057,0
DA:1058,0
DA:1064,0
DA:1070,0
DA:1072,0
DA:1075,0
DA:1077,0
DA:1080,0
DA:1081,0
DA:1086,0
DA:1088,0
DA:1090,0
DA:1092,0
DA:1093,0
DA:1099,0
DA:1101,0
DA:1105,0
DA:1107,0
DA:1108,0
DA:1110,0
DA:1111,0
DA:1113,0
DA:1114,0
DA:1115,0
DA:1117,0
DA:1121,0
DA:1128,0
DA:1129,0
DA:1130,0
DA:1133,0
DA:1135,0
DA:1137,0
DA:1140,0
DA:1141,0
DA:1143,0
DA:1146,0
DA:1147,0
DA:1149,0
DA:1151,0
DA:1152,0
DA:1153,0
DA:1155,0
DA:1156,0
DA:1158,0
DA:1159,0
DA:1160,0
DA:1161,0
DA:1162,0
DA:1163,0
DA:1164,0
DA:1165,0
DA:1167,0
DA:1168,0
DA:1179,1
DA:1181,1
DA:1183,1
DA:1184,1
DA:1185,1
DA:1187,1
DA:1190,1
DA:1192,0
DA:1193,0
DA:1194,0
DA:1196,0
DA:1197,0
DA:1199,0
DA:1202,1
DA:1204,1
DA:1206,1
DA:1209,1
DA:1213,0
DA:1215,0
DA:1217,0
DA:1218,0
DA:1219,0
DA:1221,0
DA:1222,0
DA:1223,0
DA:1225,0
DA:1230,0
DA:1231,0
DA:1239,0
DA:1241,0
DA:1242,0
DA:1243,0
DA:1244,0
DA:1245,0
DA:1247,0
DA:1248,0
DA:1250,0
DA:1252,0
DA:1254,0
DA:1255,0
DA:1258,1
DA:1260,1
DA:1261,1
DA:1262,1
DA:1263,1
DA:1264,1
DA:1265,1
DA:1266,1
DA:1267,1
DA:1269,1
DA:1271,1
DA:1274,1
DA:1276,1
DA:1277,1
DA:1278,1
DA:1279,1
DA:1280,1
DA:1281,1
DA:1282,1
DA:1283,1
DA:1284,1
DA:1285,1
DA:1286,1
DA:1288,0
DA:1292,1
DA:1297,1
DA:1298,1
DA:1300,1
LF:467
LH:81
end_of_record
