TN:
SF:/c/Repos/RR/Pico/PP-main/sourcePico/application/Application.c
FN:39,Application_Init
FN:73,Application_Run
FN:103,Application_Stop
FN:126,Peripherals_Init
FNDA:101,Application_Init
FNDA:101,Peripherals_Init
FNDA:35,Application_Stop
FNDA:605762,Application_Run
FNF:4
FNH:4
DA:39,101
DA:42,101
DA:43,101
DA:44,101
DA:45,101
DA:46,101
DA:47,101
DA:48,101
DA:51,101
DA:54,0
DA:56,0
DA:59,101
DA:73,605762
DA:77,605762
DA:82,605762
DA:83,605762
DA:84,605762
DA:86,605762
DA:88,605762
DA:103,35
DA:105,35
DA:107,30
DA:111,5
DA:114,35
DA:126,101
DA:128,101
DA:129,101
DA:130,101
DA:131,101
LF:29
LH:27
end_of_record
TN:
SF:/c/Repos/RR/Pico/PP-main/sourcePico/devices/Battery.c
FN:48,Battery_CheckVoltageBounds
FN:122,isBoostVoltageDead
FN:127,isBoostVoltageOutOfRange
FN:134,adjustBoostDemand
FN:150,logBatteryVoltage
FNDA:1030,isBoostVoltageOutOfRange
FNDA:1030,isBoostVoltageDead
FNDA:1030,Battery_CheckVoltageBounds
FNDA:1030,logBatteryVoltage
FNDA:1030,adjustBoostDemand
FNF:5
FNH:5
DA:48,1030
DA:50,1030
DA:53,1030
DA:65,1030
DA:67,1030
DA:69,1030
DA:76,1030
DA:79,1030
DA:84,1030
DA:87,0
DA:88,0
DA:90,1030
DA:92,780
DA:94,15
DA:95,15
DA:98,250
DA:100,250
DA:102,20
DA:103,20
DA:105,250
DA:110,10
DA:111,10
DA:114,0
DA:116,0
DA:119,1030
DA:122,1030
DA:124,1030
DA:127,1030
DA:129,1800
DA:130,1540
DA:134,1030
DA:136,1030
DA:137,1030
DA:139,1030
DA:140,1030
DA:141,1030
DA:143,9270
DA:145,8240
DA:147,1030
DA:148,1030
DA:150,1030
DA:152,1030
DA:153,1030
DA:155,1030
DA:156,1030
DA:158,1030
DA:160,1030
DA:162,1030
DA:164,0
DA:168,1030
DA:172,1030
DA:173,1030
LF:52
LH:47
end_of_record
TN:
SF:/c/Repos/RR/Pico/PP-main/sourcePico/devices/DeviceStatus.c
FN:33,DeviceStatus_Init
FN:42,DeviceStatus_StateAndOnEntrySet
FN:48,DeviceStatus_GetState
FN:53,DeviceStatus_SetNRE_Event
FN:58,DeviceStatus_GetNRE_Event
FN:65,DeviceStatus_GetOnEntry
FN:70,DeviceStatus_SetLedsOnStatus
FN:82,DeviceStatus_GetLedsOnStatus
FN:87,DeviceStatus_SetCheckStatusAlert
FN:99,DeviceStatus_GetCheckStatusAlert
FN:106,DeviceStatus_SetDeepSleepModeStatus
FN:118,DeviceStatus_isGoingInDeepSleep
FN:123,DeviceStatus_IsRunningPump
FN:128,DeviceStatus_IsReadingPressureSensor
FN:133,DeviceStatus_SetPumpIsRunning
FN:138,DeviceStatus_SetPressureSensorIsReading
FN:143,DeviceStatus_SetButtonPressFromLeak
FN:155,DeviceStatus_GetButtonPressFromLeak
FNDA:579,DeviceStatus_SetPumpIsRunning
FNDA:128,DeviceStatus_SetButtonPressFromLeak
FNDA:76958,DeviceStatus_isGoingInDeepSleep
FNDA:605948,DeviceStatus_StateAndOnEntrySet
FNDA:106,DeviceStatus_Init
FNDA:9665,DeviceStatus_GetLedsOnStatus
FNDA:605382,DeviceStatus_SetLedsOnStatus
FNDA:166044,DeviceStatus_GetState
FNDA:192,DeviceStatus_SetDeepSleepModeStatus
FNDA:35,DeviceStatus_IsRunningPump
FNDA:18,DeviceStatus_SetCheckStatusAlert
FNDA:58,DeviceStatus_GetNRE_Event
FNDA:140,DeviceStatus_GetButtonPressFromLeak
FNDA:42,DeviceStatus_SetNRE_Event
FNDA:30869,DeviceStatus_SetPressureSensorIsReading
FNDA:39,DeviceStatus_IsReadingPressureSensor
FNDA:605784,DeviceStatus_GetCheckStatusAlert
FNDA:35,DeviceStatus_GetOnEntry
FNF:18
FNH:18
DA:33,106
DA:35,106
DA:36,106
DA:37,106
DA:38,106
DA:39,106
DA:40,106
DA:42,605948
DA:44,605948
DA:45,605948
DA:46,605948
DA:48,166044
DA:50,166044
DA:53,42
DA:55,42
DA:56,42
DA:58,58
DA:60,58
DA:65,35
DA:67,35
DA:70,605382
DA:72,605382
DA:74,12231
DA:78,593151
DA:80,605382
DA:82,9665
DA:84,9665
DA:87,18
DA:89,18
DA:91,9
DA:95,9
DA:97,18
DA:99,605784
DA:101,605784
DA:106,192
DA:108,192
DA:110,87
DA:114,105
DA:116,192
DA:118,76958
DA:120,76958
DA:123,35
DA:125,35
DA:128,39
DA:130,39
DA:133,579
DA:135,579
DA:136,579
DA:138,30869
DA:140,30869
DA:141,30869
DA:143,128
DA:145,128
DA:147,17
DA:151,111
DA:153,128
DA:155,140
DA:157,140
LF:58
LH:58
end_of_record
TN:
SF:/c/Repos/RR/Pico/PP-main/sourcePico/devices/DutyCycle.c
FN:38,DCHistoryReset
FN:56,DCCalculateAll
FN:100,DCLeakGet
FN:118,DCVaccumOffsetUpdateGet
FN:132,DCPumpOnUpdate
FN:147,DCPumpOffUpdate
FNDA:1466,DCPumpOffUpdate
FNDA:365,DCLeakGet
FNDA:629,DCPumpOnUpdate
FNDA:370,DCVaccumOffsetUpdateGet
FNDA:1476,DCCalculateAll
FNDA:130,DCHistoryReset
FNF:6
FNH:6
DA:38,130
DA:40,130
DA:41,130
DA:42,130
DA:43,130
DA:56,1476
DA:58,1476
DA:59,1476
DA:62,1476
DA:63,1476
DA:68,47232
DA:70,45756
DA:74,45756
DA:76,1476
DA:80,45756
DA:82,1476
DA:86,1476
DA:87,1476
DA:100,365
DA:102,365
DA:118,370
DA:120,370
DA:132,629
DA:134,629
DA:135,629
DA:147,1466
DA:149,1466
DA:150,1466
LF:28
LH:28
end_of_record
TN:
SF:/c/Repos/RR/Pico/PP-main/sourcePico/devices/I2CEEPROM.c
FN:44,I2E_Init
FN:60,I2E_Read
FN:112,I2E_Write
FN:159,transmitI2CData
FN:184,isAccessWithinPageBoundary
FNDA:48,isAccessWithinPageBoundary
FNDA:32,I2E_Init
FNDA:44,transmitI2CData
FNDA:28,I2E_Read
FNDA:36,I2E_Write
FNF:5
FNH:5
DA:44,32
DA:46,32
DA:47,32
DA:60,28
DA:64,28
DA:68,28
DA:70,8
DA:74,28
DA:76,20
DA:79,28
DA:82,18
DA:85,18
DA:86,18
DA:88,18
DA:89,18
DA:91,18
DA:94,28
DA:112,36
DA:116,36
DA:120,70
DA:121,64
DA:122,28
DA:125,8
DA:129,36
DA:131,28
DA:134,36
DA:136,26
DA:139,26
DA:140,26
DA:142,104
DA:148,78
DA:151,26
DA:153,26
DA:156,36
DA:159,44
DA:161,44
DA:162,44
DA:166,52
DA:168,52
DA:171,104
DA:174,0
DA:177,52
DA:179,44
DA:184,48
DA:186,48
DA:187,48
DA:188,48
DA:190,48
LF:48
LH:47
end_of_record
TN:
SF:/c/Repos/RR/Pico/PP-main/sourcePico/devices/PerformanceLogger.c
FN:38,PerformanceLogger_Init
FN:45,PerformanceLogger_Persist
FN:70,PerformanceLogger_SetNRE
FN:88,PerformanceLogger_GetNRE
FN:112,PerformanceLogger_SetDifferentialPressure
FN:117,PerformanceLogger_SetExternalPressure
FN:122,PerformanceLogger_SetPumpHistory
FN:127,PerformanceLogger_SetBatteryVoltage
FN:140,PerformanceLogger_SetInternalTemperature
FN:145,PerformanceLogger_SetExternalTemperature
FN:150,PerformanceLogger_SetStatus
FN:155,PerformanceLogger_SetPumpDownDuration
FN:160,PerformanceLogger_GetCurrentAddress
FN:166,PerformanceLogger_SetCurrentAddress
FN:171,PerformanceLogger_GetPumpDownDuration100Ms
FN:176,PerformanceLogger_Get
FN:181,PerformanceLogger_SkipToNextTimeline
FN:193,toBytes
FNDA:42,PerformanceLogger_Get
FNDA:664,PerformanceLogger_SetPumpHistory
FNDA:10,PerformanceLogger_SkipToNextTimeline
FNDA:4,PerformanceLogger_SetExternalTemperature
FNDA:1970,PerformanceLogger_GetPumpDownDuration100Ms
FNDA:16,PerformanceLogger_SetNRE
FNDA:4,PerformanceLogger_SetDifferentialPressure
FNDA:4,PerformanceLogger_SetInternalTemperature
FNDA:52,PerformanceLogger_GetNRE
FNDA:4,PerformanceLogger_SetBatteryVoltage
FNDA:30,PerformanceLogger_SetStatus
FNDA:24,PerformanceLogger_SetPumpDownDuration
FNDA:36,PerformanceLogger_GetCurrentAddress
FNDA:32,PerformanceLogger_Persist
FNDA:4,PerformanceLogger_SetExternalPressure
FNDA:4,PerformanceLogger_SetCurrentAddress
FNDA:44,PerformanceLogger_Init
FNDA:32,toBytes
FNF:18
FNH:18
DA:38,44
DA:40,44
DA:41,44
DA:42,44
DA:43,44
DA:45,32
DA:47,32
DA:49,32
DA:51,32
DA:52,32
DA:54,32
DA:55,32
DA:57,30
DA:61,32
DA:63,32
DA:65,32
DA:67,32
DA:70,16
DA:72,16
DA:73,16
DA:75,16
DA:76,16
DA:78,16
DA:81,16
DA:83,16
DA:85,16
DA:88,52
DA:90,52
DA:92,52
DA:93,52
DA:95,52
DA:98,52
DA:100,52
DA:102,52
DA:106,0
DA:109,52
DA:112,4
DA:114,4
DA:115,4
DA:117,4
DA:119,4
DA:120,4
DA:122,664
DA:124,664
DA:125,664
DA:127,4
DA:129,4
DA:130,4
DA:140,4
DA:142,4
DA:143,4
DA:145,4
DA:147,4
DA:148,4
DA:150,30
DA:152,30
DA:153,30
DA:155,24
DA:157,24
DA:158,24
DA:160,36
DA:162,36
DA:166,4
DA:168,4
DA:169,4
DA:171,1970
DA:173,1970
DA:176,42
DA:178,42
DA:181,10
DA:183,10
DA:184,10
DA:193,32
DA:195,32
DA:196,32
LF:75
LH:74
end_of_record
TN:
SF:/c/Repos/RR/Pico/PP-main/sourcePico/devices/Pressure_Part1.c
FN:40,InitPumpDownVacuum
FN:55,InitTherapyDeliveryVacuum
FN:73,GetVacuum
FN:142,isTargetPumpDownVacuumAchieved
FN:176,GetInitialExternalPressure
FN:190,SetInitialExternalPressure
FN:205,GetTargetPumpDownVaccumDebounceCount
FN:221,TherapyDeliveryTargetVacuumUpdate
FN:258,isTherapyDeliveryLeakDetected
FN:281,isTargetTherapyDeliveryVacuumAchieved
FNDA:12,isTherapyDeliveryLeakDetected
FNDA:12,GetInitialExternalPressure
FNDA:10,InitPumpDownVacuum
FNDA:34,GetVacuum
FNDA:0,isTargetTherapyDeliveryVacuumAchieved
FNDA:4,SetInitialExternalPressure
FNDA:0,InitTherapyDeliveryVacuum
FNDA:0,TherapyDeliveryTargetVacuumUpdate
FNDA:520,isTargetPumpDownVacuumAchieved
FNDA:10,GetTargetPumpDownVaccumDebounceCount
FNF:10
FNH:7
DA:40,10
DA:42,10
DA:43,10
DA:44,10
DA:55,0
DA:57,0
DA:58,0
DA:73,34
DA:75,34
DA:77,34
DA:79,2
DA:82,34
DA:84,32
DA:87,32
DA:90,32
DA:94,34
DA:96,28
DA:99,34
DA:101,24
DA:103,24
DA:104,24
DA:105,660
DA:107,612
DA:109,612
DA:112,594
DA:114,594
DA:118,18
DA:123,34
DA:125,34
DA:142,520
DA:146,520
DA:148,514
DA:150,512
DA:154,2
DA:159,6
DA:162,520
DA:164,520
DA:176,12
DA:178,12
DA:190,4
DA:192,4
DA:193,4
DA:205,10
DA:207,10
DA:221,0
DA:223,0
DA:226,0
DA:229,0
DA:230,0
DA:232,0
DA:235,0
DA:236,0
DA:238,0
DA:244,0
DA:258,12
DA:260,12
DA:262,12
DA:264,6
DA:267,12
DA:281,0
DA:283,0
LF:61
LH:46
end_of_record
TN:
SF:/c/Repos/RR/Pico/PP-main/sourcePico/devices/Pressure_Part2.c
FN:39,TryToGetSingleVacuumMeasurement
FNDA:28,TryToGetSingleVacuumMeasurement
FNF:1
FNH:1
DA:39,28
DA:41,28
DA:42,28
DA:43,28
DA:44,28
DA:45,28
DA:47,28
DA:49,6
DA:52,28
DA:54,22
DA:56,18
DA:57,18
DA:58,18
DA:62,4
DA:66,28
DA:68,16
DA:70,14
DA:71,14
DA:75,2
DA:79,28
DA:81,12
DA:82,12
DA:84,12
DA:85,12
DA:88,12
DA:90,2
DA:93,10
DA:95,2
DA:99,28
LF:29
LH:29
end_of_record
TN:
SF:/c/Repos/RR/Pico/PP-main/sourcePico/devices/Pressure_Part3.c
FN:37,PM_InitSensors
FN:109,PM_StartSensors
FN:143,isPressureSensorReady
FN:200,PM_GetPressureSensorBootOk
FN:232,PM_GetPressure
FN:302,PM_CalcDiffPressure
FNDA:12,isPressureSensorReady
FNDA:0,PM_GetPressureSensorBootOk
FNDA:14,PM_CalcDiffPressure
FNDA:12,PM_GetPressure
FNDA:8,PM_StartSensors
FNDA:16,PM_InitSensors
FNF:6
FNH:5
DA:37,16
DA:39,16
DA:40,16
DA:44,16
DA:45,16
DA:46,16
DA:47,16
DA:50,16
DA:52,4
DA:55,12
DA:57,2
DA:64,10
DA:65,10
DA:66,10
DA:67,182
DA:71,162
DA:73,82
DA:77,162
DA:79,82
DA:82,162
DA:83,162
DA:86,10
DA:88,6
DA:90,4
DA:92,2
DA:96,16
DA:109,8
DA:111,8
DA:112,8
DA:115,8
DA:116,8
DA:117,8
DA:119,8
DA:121,8
DA:123,4
DA:125,4
DA:127,2
DA:130,8
DA:143,12
DA:145,12
DA:146,12
DA:148,12
DA:151,120
DA:153,108
DA:157,12
DA:159,6
DA:161,6
DA:163,4
DA:167,2
DA:171,12
DA:173,10
DA:175,10
DA:182,12
DA:184,6
DA:187,12
DA:200,0
DA:202,0
DA:206,0
DA:208,0
DA:213,0
DA:216,0
DA:232,12
DA:234,12
DA:238,12
DA:240,12
DA:242,6
DA:246,12
DA:249,6
DA:251,4
DA:255,2
DA:258,6
DA:261,6
DA:267,8
DA:268,4
DA:270,8
DA:271,4
DA:275,2
DA:277,2
DA:281,0
DA:286,12
DA:302,14
DA:304,14
DA:306,14
DA:308,2
DA:311,14
DA:313,12
DA:315,6
DA:317,6
DA:319,4
DA:327,2
DA:331,14
LF:91
LH:84
end_of_record
TN:
SF:/c/Repos/RR/Pico/PP-main/sourcePico/devices/Pump.c
FN:32,PumpActivate
FN:73,isPumpActivated
FNDA:4,isPumpActivated
FNDA:450,PumpActivate
FNF:2
FNH:2
DA:32,450
DA:34,450
DA:36,450
DA:38,16
DA:39,16
DA:40,16
DA:42,16
DA:44,16
DA:46,16
DA:48,16
DA:50,16
DA:53,16
DA:57,434
DA:59,434
DA:62,450
DA:64,450
DA:73,4
DA:75,4
LF:18
LH:18
end_of_record
TN:
SF:/c/Repos/RR/Pico/PP-main/sourcePico/devices/PumpFrequencyTracker.c
FN:41,PumpFrequencyTracker_Init
FN:47,PumpFrequencyTracker_Optimise
FNDA:36,PumpFrequencyTracker_Optimise
FNDA:14,PumpFrequencyTracker_Init
FNF:2
FNH:2
DA:41,14
DA:43,14
DA:44,14
DA:45,14
DA:47,36
DA:49,36
DA:53,36
DA:55,36
DA:58,36
DA:60,4
DA:61,4
DA:63,32
DA:65,16
DA:66,16
DA:68,16
DA:70,2
DA:71,2
DA:73,14
DA:75,6
DA:76,6
DA:84,36
DA:88,0
DA:91,36
DA:95,4
DA:100,32
DA:101,32
DA:104,36
DA:105,36
LF:28
LH:27
end_of_record
TN:
SF:/c/Repos/RR/Pico/PP-main/sourcePico/devices/PushButton.c
FN:34,PushButton_ResetEvent
FN:42,PushButton_IsPressed
FN:61,PushButton_IsLongPress
FN:66,PushButton_IsShortPress
FN:71,PushButton_HasDepressedForDuration
FN:86,PushButton_GetDepressedTickCount
FNDA:9614,PushButton_GetDepressedTickCount
FNDA:212,PushButton_ResetEvent
FNDA:248,PushButton_IsShortPress
FNDA:848,PushButton_IsLongPress
FNDA:172008,PushButton_IsPressed
FNDA:1096,PushButton_HasDepressedForDuration
FNF:6
FNH:6
DA:34,212
DA:36,212
DA:37,212
DA:38,212
DA:39,212
DA:40,212
DA:42,172008
DA:44,172008
DA:46,172008
DA:48,170880
DA:49,170880
DA:50,170880
DA:51,170880
DA:53,1128
DA:55,590
DA:58,172008
DA:61,848
DA:63,848
DA:66,248
DA:68,248
DA:71,1096
DA:73,1096
DA:75,1188
DA:76,92
DA:78,92
DA:79,92
DA:83,1004
DA:86,9614
DA:88,9614
LF:29
LH:29
end_of_record
TN:
SF:/c/Repos/RR/Pico/PP-main/sourcePico/devices/Timer.c
FN:51,TMR1_CallBack
FN:70,TimerCounters_Init
FN:91,TimerCounter_Start
FN:120,TimerCounter_Disable
FN:135,TimerCounter_Status
FN:173,TimerCounter_GetTimeout
FN:197,TimerCounters_Update
FN:223,PM_Delay
FN:244,PM_GetT1Flag
FNDA:607792,TimerCounters_Update
FNDA:134,TimerCounters_Init
FNDA:605752,PM_GetT1Flag
FNDA:1246,TimerCounter_Start
FNDA:607792,TMR1_CallBack
FNDA:11012,TimerCounter_GetTimeout
FNDA:1802,TimerCounter_Disable
FNDA:74822,PM_Delay
FNDA:168972,TimerCounter_Status
FNF:9
FNH:9
DA:51,607792
DA:53,607792
DA:55,607792
DA:56,607792
DA:70,134
DA:72,134
DA:74,536
DA:76,402
DA:77,402
DA:80,134
DA:81,134
DA:91,1246
DA:93,1246
DA:95,1246
DA:96,1246
DA:98,1246
DA:100,1246
DA:101,1246
DA:105,0
DA:108,1246
DA:120,1802
DA:122,1802
DA:123,1802
DA:124,1802
DA:135,168972
DA:137,168972
DA:139,168972
DA:141,168972
DA:143,168964
DA:144,168964
DA:145,168964
DA:147,168964
DA:149,167962
DA:153,1002
DA:158,8
DA:161,168972
DA:173,11012
DA:175,11012
DA:177,11012
DA:179,11012
DA:181,11012
DA:182,11012
DA:183,11012
DA:186,11012
DA:197,607792
DA:199,2431168
DA:201,1823376
DA:203,1632730
DA:206,190646
DA:208,182006
DA:211,607792
DA:223,74822
DA:226,1643532
DA:229,1493888
DA:230,1493888
DA:235,74822
DA:244,605752
DA:246,605752
DA:248,605752
DA:250,605752
DA:251,605752
DA:254,605752
LF:62
LH:61
end_of_record
TN:
SF:/c/Repos/RR/Pico/PP-main/sourcePico/devices/Transmit.c
FN:31,TX_Init
FN:47,TX_Write
FNDA:8,TX_Write
FNDA:8,TX_Init
FNF:2
FNH:2
DA:31,8
DA:33,8
DA:34,8
DA:47,8
DA:49,8
DA:50,6
DA:52,20
DA:54,16
DA:57,4
LF:9
LH:9
end_of_record
TN:
SF:/c/Repos/RR/Pico/PP-main/sourcePico/devices/UIInterfaces.c
FN:52,UI_SetLED
FN:75,UI_GetPeriodCount
FN:91,UI_UpdateLEDs
FN:120,UI_IsPushButtonPressed
FN:127,UI_UpdatedSingleLED
FNDA:12248,UI_GetPeriodCount
FNDA:1039102,UI_SetLED
FNDA:1211100,UI_UpdatedSingleLED
FNDA:4,UI_IsPushButtonPressed
FNDA:605550,UI_UpdateLEDs
FNF:5
FNH:5
DA:52,1039102
DA:54,1039102
DA:56,1039102
DA:57,1039102
DA:58,1039102
DA:59,1039102
DA:61,1039102
DA:75,12248
DA:77,12248
DA:79,12248
DA:82,0
DA:91,605550
DA:93,605550
DA:95,1816650
DA:98,1211100
DA:100,12334
DA:104,605550
DA:106,12318
DA:109,605550
DA:120,4
DA:122,4
DA:127,1211100
DA:133,1211100
DA:134,1211100
DA:136,1211100
DA:138,1130760
DA:139,1130760
DA:141,1211100
LF:28
LH:27
end_of_record
TN:
SF:/c/Repos/RR/Pico/PP-main/sourcePico/managers/AlertManager.c
FN:76,AlertManager_Init
FN:93,checkLEDSequenceCompleted
FN:116,AlertManager_Run
FN:136,StartLEDSequence
FN:159,flash_LED
FN:360,AlertActivate
FN:377,AlertSetupDisable
FNDA:605412,AlertActivate
FNDA:605412,flash_LED
FNDA:605268,AlertManager_Run
FNDA:30,checkLEDSequenceCompleted
FNDA:94,AlertSetupDisable
FNDA:144,StartLEDSequence
FNDA:94,AlertManager_Init
FNF:7
FNH:7
DA:76,94
DA:78,94
DA:80,94
DA:93,30
DA:95,30
DA:97,30
DA:99,14
DA:102,30
DA:116,605268
DA:118,605268
DA:120,605268
DA:136,144
DA:138,144
DA:140,144
DA:142,144
DA:144,144
DA:145,144
DA:159,605412
DA:167,605412
DA:172,518744
DA:173,518744
DA:174,518744
DA:176,518744
DA:181,42
DA:183,2
DA:184,2
DA:185,2
DA:187,40
DA:190,2
DA:191,2
DA:193,2
DA:196,42
DA:217,11662
DA:219,86
DA:220,86
DA:221,86
DA:224,11576
DA:226,66
DA:227,66
DA:229,66
DA:231,11510
DA:233,2818
DA:236,54
DA:237,54
DA:239,54
DA:241,54
DA:242,54
DA:244,54
DA:247,8692
DA:252,7462
DA:254,38
DA:255,38
DA:256,38
DA:261,7424
DA:264,410
DA:266,410
DA:267,410
DA:272,1230
DA:274,602
DA:276,30
DA:277,30
DA:279,30
DA:283,11662
DA:291,376
DA:293,14
DA:294,14
DA:295,14
DA:298,362
DA:300,14
DA:301,14
DA:302,14
DA:304,348
DA:306,12
DA:307,12
DA:309,12
DA:312,376
DA:323,74588
DA:325,18
DA:326,18
DA:327,18
DA:329,74570
DA:332,16
DA:333,16
DA:334,16
DA:337,74588
DA:342,0
DA:346,605412
DA:347,605412
DA:360,605412
DA:364,605412
DA:365,605412
DA:377,94
DA:379,94
DA:381,94
DA:383,94
DA:385,94
DA:386,94
DA:388,94
DA:389,94
LF:99
LH:98
end_of_record
TN:
SF:/c/Repos/RR/Pico/PP-main/sourcePico/managers/LoggingManager.c
FN:40,LoggingManager_Init
FN:57,LoggingManager_Run
FN:131,LoggingManager_GetTicks
FNDA:21828,LoggingManager_Run
FNDA:2,LoggingManager_GetTicks
FNDA:50,LoggingManager_Init
FNF:3
FNH:3
DA:40,50
DA:42,50
DA:43,50
DA:44,50
DA:57,21828
DA:59,21828
DA:61,21828
DA:63,21828
DA:66,21828
DA:69,32
DA:71,32
DA:74,2
DA:76,2
DA:78,2
DA:79,2
DA:83,30
DA:86,10
DA:87,10
DA:88,10
DA:90,38
DA:91,18
DA:93,16
DA:96,16
DA:98,32
DA:100,16
DA:105,0
DA:107,0
DA:113,4
DA:119,21828
DA:131,2
DA:133,2
LF:31
LH:29
end_of_record
TN:
SF:/c/Repos/RR/Pico/PP-main/sourcePico/managers/StateMachine.c
FN:45,StateMachine_Init
FN:71,StateMachine_Enter_NRE
FN:88,StateMachine_Run
FN:169,updateState
FNDA:605774,updateState
FNDA:605774,StateMachine_Run
FNDA:106,StateMachine_Init
FNDA:4,StateMachine_Enter_NRE
FNF:4
FNH:4
DA:45,106
DA:47,106
DA:48,106
DA:50,106
DA:52,106
DA:53,106
DA:54,106
DA:55,106
DA:57,106
DA:71,4
DA:73,4
DA:74,4
DA:75,4
DA:76,4
DA:88,605774
DA:90,605774
DA:93,605774
DA:97,605774
DA:99,2
DA:103,605774
DA:107,605774
DA:109,284
DA:113,88
DA:115,88
DA:118,18
DA:120,18
DA:123,12
DA:125,12
DA:128,18
DA:130,18
DA:134,148
DA:140,605774
DA:142,4
DA:144,2
DA:147,4
DA:150,605774
DA:169,605774
DA:171,605774
DA:174,605774
DA:176,0
DA:179,605774
DA:181,605774
DA:191,605774
DA:193,284
DA:197,605490
DA:199,605774
DA:201,605774
DA:205,0
DA:207,0
DA:210,605774
DA:213,605774
LF:51
LH:48
end_of_record
TN:
SF:/c/Repos/RR/Pico/PP-main/sourcePico/managers/StateMachineFault.c
FN:39,Fault
FN:103,executeEntryIfNewState
FNDA:18,executeEntryIfNewState
FNDA:74584,Fault
FNF:2
FNH:2
DA:39,74584
DA:41,74584
DA:43,74582
DA:45,74582
DA:47,18
DA:51,74582
DA:53,12
DA:54,12
DA:58,74570
DA:60,4
DA:61,4
DA:66,74566
DA:69,74566
DA:72,74566
DA:75,74566
DA:77,0
DA:78,0
DA:80,74566
DA:82,0
DA:83,0
DA:87,74566
DA:91,74582
DA:103,18
DA:106,18
DA:107,18
DA:109,18
DA:110,18
DA:111,18
DA:112,18
DA:114,18
DA:117,18
DA:120,18
DA:121,18
LF:33
LH:29
end_of_record
TN:
SF:/c/Repos/RR/Pico/PP-main/sourcePico/managers/StateMachineIdle.c
FN:40,Idle_Init
FN:57,Idle
FN:107,Idle_OnEntry
FNDA:98,Idle_Init
FNDA:88,Idle_OnEntry
FNDA:77180,Idle
FNF:3
FNH:3
DA:40,98
DA:42,98
DA:43,98
DA:57,77180
DA:59,77180
DA:61,77178
DA:64,77178
DA:66,88
DA:69,77178
DA:71,226
DA:73,74
DA:74,74
DA:75,74
DA:78,76952
DA:80,4
DA:81,4
DA:82,4
DA:86,76948
DA:89,76948
DA:91,74520
DA:95,77178
DA:107,88
DA:109,88
DA:110,88
DA:112,88
DA:113,88
DA:114,88
DA:115,88
DA:116,88
DA:119,88
DA:120,88
DA:123,88
DA:125,88
LF:33
LH:33
end_of_record
TN:
SF:/c/Repos/RR/Pico/PP-main/sourcePico/managers/StateMachineNre.c
FN:41,NonRecoverableError
FN:66,NonRecoverableError_OnEntry
FNDA:432692,NonRecoverableError
FNDA:18,NonRecoverableError_OnEntry
FNF:2
FNH:2
DA:41,432692
DA:43,432692
DA:45,432692
DA:48,432692
DA:50,18
DA:53,432692
DA:66,18
DA:69,18
DA:70,18
DA:71,18
DA:74,18
DA:77,18
DA:79,18
DA:80,18
DA:81,18
DA:82,18
DA:83,18
DA:85,18
LF:18
LH:18
end_of_record
TN:
SF:/c/Repos/RR/Pico/PP-main/sourcePico/managers/StateMachinePOST.c
FN:35,POST_Init
FN:54,POST_Run
FNDA:98,POST_Init
FNDA:354,POST_Run
FNF:2
FNH:2
DA:35,98
DA:37,98
DA:39,98
DA:41,98
DA:54,354
DA:56,354
DA:58,354
DA:59,354
DA:61,98
DA:63,14
DA:68,256
DA:72,354
DA:74,270
DA:75,270
DA:76,270
DA:78,270
DA:81,54
DA:82,54
DA:83,54
DA:86,26
DA:87,26
DA:90,24
DA:91,24
DA:94,24
DA:95,24
DA:98,24
DA:99,24
DA:102,24
DA:103,24
DA:106,24
DA:107,24
DA:110,16
DA:111,16
DA:114,16
DA:115,16
DA:118,16
DA:119,16
DA:122,16
DA:123,16
DA:126,6
DA:127,6
DA:132,354
DA:134,84
DA:137,354
LF:44
LH:44
end_of_record
TN:
SF:/c/Repos/RR/Pico/PP-main/sourcePico/managers/StateMachinePOST_internal.c
FN:40,iPOST_doPOST
FN:80,iPOST_getSubStateNum
FN:96,iPOST_updateSubStateNum
FN:119,iPOST_setSubStateNum
FN:137,iPOST_State00
FN:159,iPOST_State01
FN:191,iPOST_State02
FN:214,iPOST_State03
FN:236,iPOST_State04
FN:274,iPOST_State05
FN:313,iPOST_State06
FN:408,iPOST_State07
FN:446,iPOST_State08
FN:483,iPOST_State09
FN:516,iPOST_State10
FN:539,iPOST_StateError
FN:564,iPOST_Init
FNDA:18,iPOST_State09
FNDA:26,iPOST_State05
FNDA:54,iPOST_State00
FNDA:110,iPOST_setSubStateNum
FNDA:18,iPOST_State08
FNDA:104,iPOST_doPOST
FNDA:26,iPOST_State04
FNDA:52,iPOST_Init
FNDA:352,iPOST_updateSubStateNum
FNDA:24,iPOST_State02
FNDA:16,iPOST_State10
FNDA:4,iPOST_StateError
FNDA:24,iPOST_State03
FNDA:18,iPOST_State07
FNDA:26,iPOST_State01
FNDA:560,iPOST_getSubStateNum
FNDA:28,iPOST_State06
FNF:17
FNH:17
DA:40,104
DA:42,104
DA:44,104
DA:46,94
DA:47,104
DA:48,10
DA:50,10
DA:51,10
DA:52,10
DA:53,10
DA:54,10
DA:55,10
DA:56,10
DA:57,10
DA:58,10
DA:59,10
DA:60,10
DA:63,104
DA:65,18
DA:68,104
DA:80,560
DA:82,560
DA:96,352
DA:98,352
DA:100,352
DA:102,204
DA:103,204
DA:105,14
DA:108,352
DA:119,110
DA:121,110
DA:122,110
DA:137,54
DA:139,54
DA:141,54
DA:143,54
DA:159,26
DA:164,26
DA:166,26
DA:169,26
DA:170,26
DA:171,26
DA:172,26
DA:173,26
DA:175,26
DA:191,24
DA:193,24
DA:195,24
DA:196,24
DA:198,24
DA:214,24
DA:216,24
DA:217,24
DA:218,24
DA:220,24
DA:236,26
DA:242,26
DA:243,26
DA:247,26
DA:249,26
DA:252,24
DA:253,24
DA:254,24
DA:255,24
DA:256,24
DA:258,26
DA:274,26
DA:283,26
DA:286,26
DA:289,26
DA:291,24
DA:292,24
DA:293,24
DA:294,24
DA:295,24
DA:297,26
DA:313,28
DA:315,28
DA:318,28
DA:319,28
DA:320,28
DA:323,28
DA:325,28
DA:327,28
DA:330,28
DA:336,28
DA:337,28
DA:338,66
DA:340,36
DA:341,36
DA:345,28
DA:351,28
DA:352,28
DA:353,28
DA:355,26
DA:357,28
DA:359,26
DA:362,28
DA:368,28
DA:369,28
DA:371,12
DA:373,28
DA:375,8
DA:378,28
DA:380,28
DA:382,28
DA:385,28
DA:387,28
DA:389,28
DA:391,28
DA:408,18
DA:413,18
DA:414,18
DA:416,18
DA:417,18
DA:418,18
DA:420,18
DA:423,18
DA:424,18
DA:425,18
DA:426,18
DA:427,18
DA:429,18
DA:446,18
DA:451,18
DA:452,18
DA:454,18
DA:455,18
DA:456,18
DA:458,18
DA:461,18
DA:462,18
DA:463,18
DA:464,18
DA:465,18
DA:467,18
DA:483,18
DA:488,18
DA:489,18
DA:491,18
DA:494,18
DA:495,18
DA:496,18
DA:497,18
DA:498,18
DA:500,18
DA:516,16
DA:518,16
DA:519,16
DA:523,16
DA:539,4
DA:545,4
DA:546,4
DA:547,4
DA:548,4
DA:549,4
DA:551,4
DA:564,52
DA:566,52
DA:567,52
DA:568,52
LF:161
LH:161
end_of_record
TN:
SF:/c/Repos/RR/Pico/PP-main/sourcePico/managers/StateMachinePumpDown.c
FN:51,PumpDown_Init
FN:70,PumpDown
FN:252,PumpDown_OnEntry
FNDA:88,PumpDown_OnEntry
FNDA:11082,PumpDown
FNDA:122,PumpDown_Init
FNF:3
FNH:3
DA:51,122
DA:53,122
DA:54,122
DA:55,122
DA:56,122
DA:70,11082
DA:72,11082
DA:73,11080
DA:76,11080
DA:78,88
DA:81,11080
DA:82,11080
DA:83,11080
DA:84,11080
DA:85,11080
DA:86,11080
DA:89,11080
DA:91,12
DA:95,11068
DA:99,11068
DA:101,2648
DA:105,11068
DA:108,11010
DA:110,11010
DA:112,0
DA:114,11010
DA:116,2
DA:117,2
DA:119,11008
DA:121,6
DA:122,6
DA:127,11010
DA:129,9168
DA:131,9168
DA:133,112
DA:136,112
DA:139,9168
DA:142,18336
DA:144,9146
DA:147,2
DA:149,9144
DA:152,7290
DA:154,2072
DA:157,7290
DA:160,60
DA:161,60
DA:162,60
DA:168,1854
DA:173,22
DA:176,22
DA:177,18
DA:178,16
DA:181,8
DA:183,14
DA:184,10
DA:185,8
DA:188,10
DA:190,4
DA:192,2
DA:194,2
DA:196,2
DA:200,0
DA:207,1842
DA:214,58
DA:216,48
DA:220,10
DA:226,11080
DA:228,102
DA:229,102
DA:230,102
DA:231,102
DA:232,102
DA:233,102
DA:234,102
DA:238,11080
DA:240,11080
DA:252,88
DA:256,88
DA:257,88
DA:259,88
DA:260,88
DA:261,88
DA:262,88
DA:263,88
DA:264,88
DA:267,88
DA:269,80
DA:272,88
DA:274,88
LF:89
LH:87
end_of_record
TN:
SF:/c/Repos/RR/Pico/PP-main/sourcePico/managers/StateMachineShutdown.c
FN:44,Shutdown
FN:80,Shutdown_OnEntry
FNDA:12,Shutdown_OnEntry
FNDA:360,Shutdown
FNF:2
FNH:2
DA:44,360
DA:46,360
DA:49,360
DA:51,360
DA:53,12
DA:56,360
DA:58,12
DA:61,12
DA:62,12
DA:63,12
DA:64,12
DA:65,12
DA:68,360
DA:80,12
DA:82,12
DA:83,12
DA:85,12
DA:88,12
DA:90,12
LF:19
LH:19
end_of_record
TN:
SF:/c/Repos/RR/Pico/PP-main/sourcePico/managers/StateMachineTherapyDelivery.c
FN:45,TherapyDelivery_Init
FN:73,TherapyDelivery
FN:248,TherapyDelivery_OnEntry
FNDA:182,TherapyDelivery_Init
FNDA:46,TherapyDelivery_OnEntry
FNDA:9800,TherapyDelivery
FNF:3
FNH:3
DA:45,182
DA:48,182
DA:51,182
DA:54,182
DA:57,182
DA:59,182
DA:73,9800
DA:75,9800
DA:76,9800
DA:78,9800
DA:79,9798
DA:83,9798
DA:85,46
DA:88,9798
DA:89,9798
DA:90,9798
DA:93,9798
DA:95,6
DA:101,9792
DA:103,6
DA:107,9792
DA:109,8956
DA:113,9792
DA:114,9792
DA:116,2
DA:118,9790
DA:120,4
DA:121,4
DA:123,9786
DA:125,8
DA:126,8
DA:130,9792
DA:132,284
DA:133,284
DA:135,284
DA:140,19574
DA:141,9776
DA:144,1036
DA:147,1036
DA:150,1036
DA:152,12
DA:157,1024
DA:158,1024
DA:161,1024
DA:165,1002
DA:167,2
DA:172,1000
DA:174,286
DA:178,1000
DA:180,98
DA:181,98
DA:187,22
DA:190,22
DA:191,18
DA:192,16
DA:195,8
DA:197,14
DA:198,8
DA:199,6
DA:202,10
DA:204,4
DA:206,2
DA:208,2
DA:210,2
DA:214,0
DA:220,1036
DA:223,1036
DA:224,1036
DA:228,9798
DA:230,56
DA:234,9798
DA:236,9798
DA:248,46
DA:251,46
DA:252,46
DA:254,46
DA:257,46
DA:259,42
DA:262,46
LF:79
LH:78
end_of_record
