TN:
SF:/c/Repos/RR/Pico/PP-main/sourcePico/managers/AlertManager.c
FN:76,AlertManager_Init
FN:93,checkLEDSequenceCompleted
FN:116,AlertManager_Run
FN:136,StartLEDSequence
FN:159,flash_LED
FN:360,AlertActivate
FN:377,AlertSetupDisable
FNDA:94,AlertManager_Init
FNDA:30,checkLEDSequenceCompleted
FNDA:605268,AlertManager_Run
FNDA:144,StartLEDSequence
FNDA:605412,flash_LED
FNDA:605412,AlertActivate
FNDA:94,AlertSetupDisable
FNF:7
FNH:7
DA:76,94
DA:78,94
DA:80,94
DA:93,30
DA:95,30
DA:97,30
DA:99,14
DA:102,30
DA:116,605268
DA:118,605268
DA:120,605268
DA:136,144
DA:138,144
DA:140,144
DA:142,144
DA:144,144
DA:145,144
DA:159,605412
DA:167,605412
DA:172,518744
DA:173,518744
DA:174,518744
DA:176,518744
DA:181,42
DA:183,2
DA:184,2
DA:185,2
DA:187,40
DA:190,2
DA:191,2
DA:193,2
DA:196,42
DA:217,11662
DA:219,86
DA:220,86
DA:221,86
DA:224,11576
DA:226,66
DA:227,66
DA:229,66
DA:231,11510
DA:233,2818
DA:236,54
DA:237,54
DA:239,54
DA:241,54
DA:242,54
DA:244,54
DA:247,8692
DA:252,7462
DA:254,38
DA:255,38
DA:256,38
DA:261,7424
DA:264,410
DA:266,410
DA:267,410
DA:272,1230
DA:274,602
DA:276,30
DA:277,30
DA:279,30
DA:283,11662
DA:291,376
DA:293,14
DA:294,14
DA:295,14
DA:298,362
DA:300,14
DA:301,14
DA:302,14
DA:304,348
DA:306,12
DA:307,12
DA:309,12
DA:312,376
DA:323,74588
DA:325,18
DA:326,18
DA:327,18
DA:329,74570
DA:332,16
DA:333,16
DA:334,16
DA:337,74588
DA:342,0
DA:346,605412
DA:347,605412
DA:360,605412
DA:364,605412
DA:365,605412
DA:377,94
DA:379,94
DA:381,94
DA:383,94
DA:385,94
DA:386,94
DA:388,94
DA:389,94
LF:99
LH:98
end_of_record
TN:
SF:/c/Repos/RR/Pico/PP-main/sourcePico/application/Application.c
FN:39,Application_Init
FN:73,Application_Run
FN:103,Application_Stop
FN:126,Peripherals_Init
FNDA:101,Application_Init
FNDA:605762,Application_Run
FNDA:35,Application_Stop
FNDA:101,Peripherals_Init
FNF:4
FNH:4
DA:39,101
DA:42,101
DA:43,101
DA:44,101
DA:45,101
DA:46,101
DA:47,101
DA:48,101
DA:51,101
DA:54,0
DA:56,0
DA:59,101
DA:73,605762
DA:77,605762
DA:82,605762
DA:83,605762
DA:84,605762
DA:86,605762
DA:88,605762
DA:103,35
DA:105,35
DA:107,30
DA:111,5
DA:114,35
DA:126,101
DA:128,101
DA:129,101
DA:130,101
DA:131,101
LF:29
LH:27
end_of_record
TN:
SF:/c/mingw/include/stdio.h
FN:413,printf
FNDA:12,printf
FNF:1
FNH:1
DA:413,12
DA:416,12
DA:417,12
DA:418,12
DA:419,12
LF:5
LH:5
end_of_record
SF:/c/Repos/RR/Pico/PP-main/test/unit_test/test_helpers/Assert.c
FN:20,Assert
FNDA:12,Assert
FNF:1
FNH:1
DA:20,12
DA:22,12
DA:23,12
LF:3
LH:3
end_of_record
TN:
SF:/c/Repos/RR/Pico/PP-main/sourcePico/devices/Battery.c
FN:48,Battery_CheckVoltageBounds
FN:122,isBoostVoltageDead
FN:127,isBoostVoltageOutOfRange
FN:134,adjustBoostDemand
FN:150,logBatteryVoltage
FNDA:1030,Battery_CheckVoltageBounds
FNDA:1030,isBoostVoltageDead
FNDA:1030,isBoostVoltageOutOfRange
FNDA:1030,adjustBoostDemand
FNDA:1030,logBatteryVoltage
FNF:5
FNH:5
DA:48,1030
DA:50,1030
DA:53,1030
DA:65,1030
DA:67,1030
DA:69,1030
DA:76,1030
DA:79,1030
DA:84,1030
DA:87,0
DA:88,0
DA:90,1030
DA:92,780
DA:94,15
DA:95,15
DA:98,250
DA:100,250
DA:102,20
DA:103,20
DA:105,250
DA:110,10
DA:111,10
DA:114,0
DA:116,0
DA:119,1030
DA:122,1030
DA:124,1030
DA:127,1030
DA:129,1800
DA:130,1540
DA:134,1030
DA:136,1030
DA:137,1030
DA:139,1030
DA:140,1030
DA:141,1030
DA:143,9270
DA:145,8240
DA:147,1030
DA:148,1030
DA:150,1030
DA:152,1030
DA:153,1030
DA:155,1030
DA:156,1030
DA:158,1030
DA:160,1030
DA:162,1030
DA:164,0
DA:168,1030
DA:172,1030
DA:173,1030
LF:52
LH:47
end_of_record
TN:
SF:/c/Repos/RR/Pico/PP-main/vendor/ceedling/vendor/cmock/src/cmock.c
FN:36,CMock_Guts_MemNew
FN:69,CMock_Guts_MemChain
FN:113,CMock_Guts_MemNext
FN:135,CMock_Guts_MemEndOfChain
FN:153,CMock_Guts_GetAddressFor
FN:168,CMock_Guts_MemBytesFree
FN:176,CMock_Guts_MemBytesUsed
FN:184,CMock_Guts_MemFreeAll
FN:192,CMock_Guts_MemFreeFinal
FNDA:2548,CMock_Guts_MemNew
FNDA:2548,CMock_Guts_MemChain
FNDA:3296999,CMock_Guts_MemNext
FNDA:198,CMock_Guts_MemEndOfChain
FNDA:3299427,CMock_Guts_GetAddressFor
FNDA:0,CMock_Guts_MemBytesFree
FNDA:0,CMock_Guts_MemBytesUsed
FNDA:7056,CMock_Guts_MemFreeAll
FNDA:130,CMock_Guts_MemFreeFinal
FNF:9
FNH:7
DA:36,2548
DA:41,2548
DA:42,0
DA:45,2548
DA:46,2548
DA:47,0
DA:48,2548
DA:55,0
DA:59,2548
DA:60,2548
DA:61,2548
DA:63,2548
DA:69,2548
DA:76,2548
DA:79,2393
DA:84,155
DA:86,0
DA:88,155
DA:90,0
DA:93,155
DA:94,155
DA:97,155
DA:99,183
DA:100,183
DA:101,0
DA:102,183
DA:103,28
DA:104,183
DA:105,155
DA:106,155
DA:113,3296999
DA:119,3296999
DA:120,3294323
DA:121,2676
DA:125,2676
DA:126,2676
DA:127,273
DA:129,2403
DA:135,198
DA:137,198
DA:140,714
DA:142,318
DA:144,318
DA:147,198
DA:153,3299427
DA:155,3299427
DA:157,5104
DA:161,3294323
DA:168,0
DA:170,0
DA:176,0
DA:178,0
DA:184,7056
DA:186,7056
DA:187,7056
DA:192,130
DA:194,130
DA:202,130
LF:58
LH:48
end_of_record
TN:
SF:/c/Repos/RR/Pico/PP-main/sourcePico/devices/DeviceStatus.c
FN:33,DeviceStatus_Init
FN:42,DeviceStatus_StateAndOnEntrySet
FN:48,DeviceStatus_GetState
FN:53,DeviceStatus_SetNRE_Event
FN:58,DeviceStatus_GetNRE_Event
FN:65,DeviceStatus_GetOnEntry
FN:70,DeviceStatus_SetLedsOnStatus
FN:82,DeviceStatus_GetLedsOnStatus
FN:87,DeviceStatus_SetCheckStatusAlert
FN:99,DeviceStatus_GetCheckStatusAlert
FN:106,DeviceStatus_SetDeepSleepModeStatus
FN:118,DeviceStatus_isGoingInDeepSleep
FN:123,DeviceStatus_IsRunningPump
FN:128,DeviceStatus_IsReadingPressureSensor
FN:133,DeviceStatus_SetPumpIsRunning
FN:138,DeviceStatus_SetPressureSensorIsReading
FN:143,DeviceStatus_SetButtonPressFromLeak
FN:155,DeviceStatus_GetButtonPressFromLeak
FNDA:106,DeviceStatus_Init
FNDA:605948,DeviceStatus_StateAndOnEntrySet
FNDA:166044,DeviceStatus_GetState
FNDA:42,DeviceStatus_SetNRE_Event
FNDA:58,DeviceStatus_GetNRE_Event
FNDA:35,DeviceStatus_GetOnEntry
FNDA:605382,DeviceStatus_SetLedsOnStatus
FNDA:9665,DeviceStatus_GetLedsOnStatus
FNDA:18,DeviceStatus_SetCheckStatusAlert
FNDA:605784,DeviceStatus_GetCheckStatusAlert
FNDA:192,DeviceStatus_SetDeepSleepModeStatus
FNDA:76958,DeviceStatus_isGoingInDeepSleep
FNDA:35,DeviceStatus_IsRunningPump
FNDA:39,DeviceStatus_IsReadingPressureSensor
FNDA:579,DeviceStatus_SetPumpIsRunning
FNDA:30869,DeviceStatus_SetPressureSensorIsReading
FNDA:128,DeviceStatus_SetButtonPressFromLeak
FNDA:140,DeviceStatus_GetButtonPressFromLeak
FNF:18
FNH:18
DA:33,106
DA:35,106
DA:36,106
DA:37,106
DA:38,106
DA:39,106
DA:40,106
DA:42,605948
DA:44,605948
DA:45,605948
DA:46,605948
DA:48,166044
DA:50,166044
DA:53,42
DA:55,42
DA:56,42
DA:58,58
DA:60,58
DA:65,35
DA:67,35
DA:70,605382
DA:72,605382
DA:74,12231
DA:78,593151
DA:80,605382
DA:82,9665
DA:84,9665
DA:87,18
DA:89,18
DA:91,9
DA:95,9
DA:97,18
DA:99,605784
DA:101,605784
DA:106,192
DA:108,192
DA:110,87
DA:114,105
DA:116,192
DA:118,76958
DA:120,76958
DA:123,35
DA:125,35
DA:128,39
DA:130,39
DA:133,579
DA:135,579
DA:136,579
DA:138,30869
DA:140,30869
DA:141,30869
DA:143,128
DA:145,128
DA:147,17
DA:151,111
DA:153,128
DA:155,140
DA:157,140
LF:58
LH:58
end_of_record
TN:
SF:/c/Repos/RR/Pico/PP-main/sourcePico/devices/DutyCycle.c
FN:38,DCHistoryReset
FN:56,DCCalculateAll
FN:100,DCLeakGet
FN:118,DCVaccumOffsetUpdateGet
FN:132,DCPumpOnUpdate
FN:147,DCPumpOffUpdate
FNDA:130,DCHistoryReset
FNDA:1476,DCCalculateAll
FNDA:365,DCLeakGet
FNDA:370,DCVaccumOffsetUpdateGet
FNDA:629,DCPumpOnUpdate
FNDA:1466,DCPumpOffUpdate
FNF:6
FNH:6
DA:38,130
DA:40,130
DA:41,130
DA:42,130
DA:43,130
DA:56,1476
DA:58,1476
DA:59,1476
DA:62,1476
DA:63,1476
DA:68,47232
DA:70,45756
DA:74,45756
DA:76,1476
DA:80,45756
DA:82,1476
DA:86,1476
DA:87,1476
DA:100,365
DA:102,365
DA:118,370
DA:120,370
DA:132,629
DA:134,629
DA:135,629
DA:147,1466
DA:149,1466
DA:150,1466
LF:28
LH:28
end_of_record
TN:
SF:/c/Repos/RR/Pico/PP-main/sourcePico/devices/I2CEEPROM.c
FN:44,I2E_Init
FN:60,I2E_Read
FN:112,I2E_Write
FN:159,transmitI2CData
FN:184,isAccessWithinPageBoundary
FNDA:32,I2E_Init
FNDA:28,I2E_Read
FNDA:36,I2E_Write
FNDA:44,transmitI2CData
FNDA:48,isAccessWithinPageBoundary
FNF:5
FNH:5
DA:44,32
DA:46,32
DA:47,32
DA:60,28
DA:64,28
DA:68,28
DA:70,8
DA:74,28
DA:76,20
DA:79,28
DA:82,18
DA:85,18
DA:86,18
DA:88,18
DA:89,18
DA:91,18
DA:94,28
DA:112,36
DA:116,36
DA:120,70
DA:121,64
DA:122,28
DA:125,8
DA:129,36
DA:131,28
DA:134,36
DA:136,26
DA:139,26
DA:140,26
DA:142,104
DA:148,78
DA:151,26
DA:153,26
DA:156,36
DA:159,44
DA:161,44
DA:162,44
DA:166,52
DA:168,52
DA:171,104
DA:174,0
DA:177,52
DA:179,44
DA:184,48
DA:186,48
DA:187,48
DA:188,48
DA:190,48
LF:48
LH:47
end_of_record
TN:
SF:/c/Repos/RR/Pico/PP-main/sourcePico/managers/LoggingManager.c
FN:40,LoggingManager_Init
FN:57,LoggingManager_Run
FN:131,LoggingManager_GetTicks
FNDA:50,LoggingManager_Init
FNDA:21828,LoggingManager_Run
FNDA:2,LoggingManager_GetTicks
FNF:3
FNH:3
DA:40,50
DA:42,50
DA:43,50
DA:44,50
DA:57,21828
DA:59,21828
DA:61,21828
DA:63,21828
DA:66,21828
DA:69,32
DA:71,32
DA:74,2
DA:76,2
DA:78,2
DA:79,2
DA:83,30
DA:86,10
DA:87,10
DA:88,10
DA:90,38
DA:91,18
DA:93,16
DA:96,16
DA:98,32
DA:100,16
DA:105,0
DA:107,0
DA:113,4
DA:119,21828
DA:131,2
DA:133,2
LF:31
LH:29
end_of_record
TN:
SF:/c/Repos/RR/Pico/PP-main/unit_test_build/test/mocks/Mockadc.c
FN:120,Mockadc_Verify
FN:167,Mockadc_Init
FN:172,Mockadc_Destroy
FN:194,ADC_Initialize
FN:219,ADC_Initialize_CMockIgnore
FN:224,ADC_Initialize_CMockExpectAnyArgs
FN:238,ADC_Initialize_CMockExpect
FN:252,ADC_Initialize_StubWithCallback
FN:257,ADC_SelectChannel
FN:291,CMockExpectParameters_ADC_SelectChannel
FN:297,ADC_SelectChannel_CMockIgnore
FN:302,ADC_SelectChannel_CMockExpectAnyArgs
FN:316,ADC_SelectChannel_CMockExpect
FN:331,ADC_SelectChannel_StubWithCallback
FN:336,ADC_SelectChannel_CMockIgnoreArg_channel
FN:343,ADC_StartConversion
FN:368,ADC_StartConversion_CMockIgnore
FN:373,ADC_StartConversion_CMockExpectAnyArgs
FN:387,ADC_StartConversion_CMockExpect
FN:401,ADC_StartConversion_StubWithCallback
FN:406,ADC_IsConversionDone
FN:434,ADC_IsConversionDone_CMockIgnoreAndReturn
FN:448,ADC_IsConversionDone_CMockExpectAnyArgsAndReturn
FN:463,ADC_IsConversionDone_CMockExpectAndReturn
FN:478,ADC_IsConversionDone_StubWithCallback
FN:483,ADC_GetConversionResult
FN:511,ADC_GetConversionResult_CMockIgnoreAndReturn
FN:525,ADC_GetConversionResult_CMockExpectAnyArgsAndReturn
FN:540,ADC_GetConversionResult_CMockExpectAndReturn
FN:555,ADC_GetConversionResult_StubWithCallback
FN:560,ADC_GetConversion
FN:597,CMockExpectParameters_ADC_GetConversion
FN:603,ADC_GetConversion_CMockIgnoreAndReturn
FN:617,ADC_GetConversion_CMockExpectAnyArgsAndReturn
FN:632,ADC_GetConversion_CMockExpectAndReturn
FN:648,ADC_GetConversion_StubWithCallback
FN:653,ADC_GetConversion_CMockIgnoreArg_channel
FN:660,ADC_TemperatureAcquisitionDelay
FN:685,ADC_TemperatureAcquisitionDelay_CMockIgnore
FN:690,ADC_TemperatureAcquisitionDelay_CMockExpectAnyArgs
FN:704,ADC_TemperatureAcquisitionDelay_CMockExpect
FN:718,ADC_TemperatureAcquisitionDelay_StubWithCallback
FNDA:180,Mockadc_Verify
FNDA:180,Mockadc_Init
FNDA:360,Mockadc_Destroy
FNDA:0,ADC_Initialize
FNDA:0,ADC_Initialize_CMockIgnore
FNDA:0,ADC_Initialize_CMockExpectAnyArgs
FNDA:0,ADC_Initialize_CMockExpect
FNDA:0,ADC_Initialize_StubWithCallback
FNDA:0,ADC_SelectChannel
FNDA:0,CMockExpectParameters_ADC_SelectChannel
FNDA:0,ADC_SelectChannel_CMockIgnore
FNDA:0,ADC_SelectChannel_CMockExpectAnyArgs
FNDA:0,ADC_SelectChannel_CMockExpect
FNDA:0,ADC_SelectChannel_StubWithCallback
FNDA:0,ADC_SelectChannel_CMockIgnoreArg_channel
FNDA:0,ADC_StartConversion
FNDA:0,ADC_StartConversion_CMockIgnore
FNDA:0,ADC_StartConversion_CMockExpectAnyArgs
FNDA:0,ADC_StartConversion_CMockExpect
FNDA:0,ADC_StartConversion_StubWithCallback
FNDA:0,ADC_IsConversionDone
FNDA:0,ADC_IsConversionDone_CMockIgnoreAndReturn
FNDA:0,ADC_IsConversionDone_CMockExpectAnyArgsAndReturn
FNDA:0,ADC_IsConversionDone_CMockExpectAndReturn
FNDA:0,ADC_IsConversionDone_StubWithCallback
FNDA:0,ADC_GetConversionResult
FNDA:0,ADC_GetConversionResult_CMockIgnoreAndReturn
FNDA:0,ADC_GetConversionResult_CMockExpectAnyArgsAndReturn
FNDA:0,ADC_GetConversionResult_CMockExpectAndReturn
FNDA:0,ADC_GetConversionResult_StubWithCallback
FNDA:2158,ADC_GetConversion
FNDA:16,CMockExpectParameters_ADC_GetConversion
FNDA:14,ADC_GetConversion_CMockIgnoreAndReturn
FNDA:0,ADC_GetConversion_CMockExpectAnyArgsAndReturn
FNDA:16,ADC_GetConversion_CMockExpectAndReturn
FNDA:44,ADC_GetConversion_StubWithCallback
FNDA:0,ADC_GetConversion_CMockIgnoreArg_channel
FNDA:0,ADC_TemperatureAcquisitionDelay
FNDA:0,ADC_TemperatureAcquisitionDelay_CMockIgnore
FNDA:0,ADC_TemperatureAcquisitionDelay_CMockExpectAnyArgs
FNDA:0,ADC_TemperatureAcquisitionDelay_CMockExpect
FNDA:0,ADC_TemperatureAcquisitionDelay_StubWithCallback
FNF:42
FNH:8
DA:120,180
DA:122,180
DA:123,180
DA:124,0
DA:125,180
DA:126,180
DA:127,180
DA:128,0
DA:129,180
DA:130,0
DA:131,180
DA:132,180
DA:133,180
DA:134,0
DA:135,180
DA:136,0
DA:137,180
DA:138,180
DA:139,180
DA:140,0
DA:141,180
DA:142,0
DA:143,180
DA:144,180
DA:145,180
DA:146,0
DA:147,180
DA:148,0
DA:149,180
DA:150,180
DA:151,180
DA:152,0
DA:153,180
DA:154,14
DA:155,180
DA:156,180
DA:157,180
DA:158,44
DA:159,180
DA:160,0
DA:161,180
DA:162,180
DA:163,180
DA:164,0
DA:165,180
DA:167,180
DA:169,180
DA:170,180
DA:172,360
DA:174,360
DA:175,360
DA:176,360
DA:177,360
DA:178,360
DA:179,360
DA:180,360
DA:181,360
DA:182,360
DA:183,360
DA:184,360
DA:185,360
DA:186,360
DA:187,360
DA:188,360
DA:189,360
DA:190,360
DA:191,360
DA:192,360
DA:194,0
DA:196,0
DA:197,0
DA:198,0
DA:199,0
DA:200,0
DA:202,0
DA:203,0
DA:205,0
DA:207,0
DA:208,0
DA:210,0
DA:211,0
DA:212,0
DA:213,0
DA:214,0
DA:215,0
DA:216,0
DA:219,0
DA:221,0
DA:222,0
DA:224,0
DA:226,0
DA:227,0
DA:228,0
DA:229,0
DA:230,0
DA:231,0
DA:232,0
DA:233,0
DA:234,0
DA:235,0
DA:236,0
DA:238,0
DA:240,0
DA:241,0
DA:242,0
DA:243,0
DA:244,0
DA:245,0
DA:246,0
DA:247,0
DA:248,0
DA:249,0
DA:250,0
DA:252,0
DA:254,0
DA:255,0
DA:257,0
DA:259,0
DA:260,0
DA:261,0
DA:262,0
DA:263,0
DA:265,0
DA:266,0
DA:268,0
DA:270,0
DA:271,0
DA:273,0
DA:274,0
DA:275,0
DA:276,0
DA:277,0
DA:278,0
DA:279,0
DA:281,0
DA:283,0
DA:284,0
DA:288,0
DA:291,0
DA:293,0
DA:294,0
DA:295,0
DA:297,0
DA:299,0
DA:300,0
DA:302,0
DA:304,0
DA:305,0
DA:306,0
DA:307,0
DA:308,0
DA:309,0
DA:310,0
DA:311,0
DA:312,0
DA:313,0
DA:314,0
DA:316,0
DA:318,0
DA:319,0
DA:320,0
DA:321,0
DA:322,0
DA:323,0
DA:324,0
DA:325,0
DA:326,0
DA:327,0
DA:328,0
DA:329,0
DA:331,0
DA:333,0
DA:334,0
DA:336,0
DA:338,0
DA:339,0
DA:340,0
DA:341,0
DA:343,0
DA:345,0
DA:346,0
DA:347,0
DA:348,0
DA:349,0
DA:351,0
DA:352,0
DA:354,0
DA:356,0
DA:357,0
DA:359,0
DA:360,0
DA:361,0
DA:362,0
DA:363,0
DA:364,0
DA:365,0
DA:368,0
DA:370,0
DA:371,0
DA:373,0
DA:375,0
DA:376,0
DA:377,0
DA:378,0
DA:379,0
DA:380,0
DA:381,0
DA:382,0
DA:383,0
DA:384,0
DA:385,0
DA:387,0
DA:389,0
DA:390,0
DA:391,0
DA:392,0
DA:393,0
DA:394,0
DA:395,0
DA:396,0
DA:397,0
DA:398,0
DA:399,0
DA:401,0
DA:403,0
DA:404,0
DA:406,0
DA:408,0
DA:409,0
DA:410,0
DA:411,0
DA:412,0
DA:414,0
DA:415,0
DA:416,0
DA:417,0
DA:418,0
DA:420,0
DA:422,0
DA:424,0
DA:425,0
DA:426,0
DA:427,0
DA:428,0
DA:429,0
DA:430,0
DA:431,0
DA:434,0
DA:436,0
DA:437,0
DA:438,0
DA:439,0
DA:440,0
DA:441,0
DA:442,0
DA:443,0
DA:444,0
DA:445,0
DA:446,0
DA:448,0
DA:450,0
DA:451,0
DA:452,0
DA:453,0
DA:454,0
DA:455,0
DA:456,0
DA:457,0
DA:458,0
DA:459,0
DA:460,0
DA:461,0
DA:463,0
DA:465,0
DA:466,0
DA:467,0
DA:468,0
DA:469,0
DA:470,0
DA:471,0
DA:472,0
DA:473,0
DA:474,0
DA:475,0
DA:476,0
DA:478,0
DA:480,0
DA:481,0
DA:483,0
DA:485,0
DA:486,0
DA:487,0
DA:488,0
DA:489,0
DA:491,0
DA:492,0
DA:493,0
DA:494,0
DA:495,0
DA:497,0
DA:499,0
DA:501,0
DA:502,0
DA:503,0
DA:504,0
DA:505,0
DA:506,0
DA:507,0
DA:508,0
DA:511,0
DA:513,0
DA:514,0
DA:515,0
DA:516,0
DA:517,0
DA:518,0
DA:519,0
DA:520,0
DA:521,0
DA:522,0
DA:523,0
DA:525,0
DA:527,0
DA:528,0
DA:529,0
DA:530,0
DA:531,0
DA:532,0
DA:533,0
DA:534,0
DA:535,0
DA:536,0
DA:537,0
DA:538,0
DA:540,0
DA:542,0
DA:543,0
DA:544,0
DA:545,0
DA:546,0
DA:547,0
DA:548,0
DA:549,0
DA:550,0
DA:551,0
DA:552,0
DA:553,0
DA:555,0
DA:557,0
DA:558,0
DA:560,2158
DA:562,2158
DA:563,2158
DA:564,2158
DA:565,2158
DA:566,2158
DA:568,46
DA:569,46
DA:570,32
DA:571,14
DA:572,14
DA:574,2112
DA:576,2096
DA:578,16
DA:579,16
DA:580,16
DA:581,0
DA:582,16
DA:583,0
DA:584,16
DA:586,16
DA:588,16
DA:589,16
DA:593,16
DA:594,16
DA:597,16
DA:599,16
DA:600,16
DA:601,16
DA:603,14
DA:605,14
DA:606,14
DA:607,14
DA:608,14
DA:609,14
DA:610,14
DA:611,14
DA:612,14
DA:613,14
DA:614,14
DA:615,14
DA:617,0
DA:619,0
DA:620,0
DA:621,0
DA:622,0
DA:623,0
DA:624,0
DA:625,0
DA:626,0
DA:627,0
DA:628,0
DA:629,0
DA:630,0
DA:632,16
DA:634,16
DA:635,16
DA:636,16
DA:637,16
DA:638,16
DA:639,16
DA:640,16
DA:641,16
DA:642,16
DA:643,16
DA:644,16
DA:645,16
DA:646,16
DA:648,44
DA:650,44
DA:651,44
DA:653,0
DA:655,0
DA:656,0
DA:657,0
DA:658,0
DA:660,0
DA:662,0
DA:663,0
DA:664,0
DA:665,0
DA:666,0
DA:668,0
DA:669,0
DA:671,0
DA:673,0
DA:674,0
DA:676,0
DA:677,0
DA:678,0
DA:679,0
DA:680,0
DA:681,0
DA:682,0
DA:685,0
DA:687,0
DA:688,0
DA:690,0
DA:692,0
DA:693,0
DA:694,0
DA:695,0
DA:696,0
DA:697,0
DA:698,0
DA:699,0
DA:700,0
DA:701,0
DA:702,0
DA:704,0
DA:706,0
DA:707,0
DA:708,0
DA:709,0
DA:710,0
DA:711,0
DA:712,0
DA:713,0
DA:714,0
DA:715,0
DA:716,0
DA:718,0
DA:720,0
DA:721,0
LF:474
LH:112
end_of_record
TN:
SF:/c/Repos/RR/Pico/PP-main/unit_test_build/test/mocks/MockAlertManager.c
FN:79,MockAlertManager_Verify
FN:108,MockAlertManager_Init
FN:113,MockAlertManager_Destroy
FN:129,AlertManager_Init
FN:157,AlertManager_Init_CMockIgnoreAndReturn
FN:171,AlertManager_Init_CMockExpectAnyArgsAndReturn
FN:186,AlertManager_Init_CMockExpectAndReturn
FN:201,AlertManager_Init_StubWithCallback
FN:206,AlertManager_Run
FN:234,AlertManager_Run_CMockIgnoreAndReturn
FN:248,AlertManager_Run_CMockExpectAnyArgsAndReturn
FN:263,AlertManager_Run_CMockExpectAndReturn
FN:278,AlertManager_Run_StubWithCallback
FN:283,StartLEDSequence
FN:317,CMockExpectParameters_StartLEDSequence
FN:323,StartLEDSequence_CMockIgnore
FN:328,StartLEDSequence_CMockExpectAnyArgs
FN:342,StartLEDSequence_CMockExpect
FN:357,StartLEDSequence_StubWithCallback
FN:362,StartLEDSequence_CMockIgnoreArg_seq
FN:369,checkLEDSequenceCompleted
FN:397,checkLEDSequenceCompleted_CMockIgnoreAndReturn
FN:411,checkLEDSequenceCompleted_CMockExpectAnyArgsAndReturn
FN:426,checkLEDSequenceCompleted_CMockExpectAndReturn
FN:441,checkLEDSequenceCompleted_StubWithCallback
FNDA:47,MockAlertManager_Verify
FNDA:47,MockAlertManager_Init
FNDA:94,MockAlertManager_Destroy
FNDA:17,AlertManager_Init
FNDA:12,AlertManager_Init_CMockIgnoreAndReturn
FNDA:0,AlertManager_Init_CMockExpectAnyArgsAndReturn
FNDA:5,AlertManager_Init_CMockExpectAndReturn
FNDA:0,AlertManager_Init_StubWithCallback
FNDA:534,AlertManager_Run
FNDA:12,AlertManager_Run_CMockIgnoreAndReturn
FNDA:0,AlertManager_Run_CMockExpectAnyArgsAndReturn
FNDA:10,AlertManager_Run_CMockExpectAndReturn
FNDA:0,AlertManager_Run_StubWithCallback
FNDA:8,StartLEDSequence
FNDA:8,CMockExpectParameters_StartLEDSequence
FNDA:0,StartLEDSequence_CMockIgnore
FNDA:0,StartLEDSequence_CMockExpectAnyArgs
FNDA:8,StartLEDSequence_CMockExpect
FNDA:0,StartLEDSequence_StubWithCallback
FNDA:0,StartLEDSequence_CMockIgnoreArg_seq
FNDA:0,checkLEDSequenceCompleted
FNDA:2,checkLEDSequenceCompleted_CMockIgnoreAndReturn
FNDA:0,checkLEDSequenceCompleted_CMockExpectAnyArgsAndReturn
FNDA:0,checkLEDSequenceCompleted_CMockExpectAndReturn
FNDA:0,checkLEDSequenceCompleted_StubWithCallback
FNF:25
FNH:13
DA:79,47
DA:81,47
DA:82,47
DA:83,12
DA:84,47
DA:85,47
DA:86,47
DA:87,0
DA:88,47
DA:89,12
DA:90,47
DA:91,47
DA:92,47
DA:93,0
DA:94,47
DA:95,0
DA:96,47
DA:97,47
DA:98,47
DA:99,0
DA:100,47
DA:101,2
DA:102,47
DA:103,47
DA:104,47
DA:105,0
DA:106,47
DA:108,47
DA:110,47
DA:111,47
DA:113,94
DA:115,94
DA:116,94
DA:117,94
DA:118,94
DA:119,94
DA:120,94
DA:121,94
DA:122,94
DA:123,94
DA:124,94
DA:125,94
DA:126,94
DA:127,94
DA:129,17
DA:131,17
DA:132,17
DA:133,17
DA:134,17
DA:135,17
DA:137,12
DA:138,12
DA:139,0
DA:140,12
DA:141,12
DA:143,5
DA:145,0
DA:147,5
DA:148,5
DA:149,5
DA:150,0
DA:151,5
DA:152,0
DA:153,5
DA:154,5
DA:157,12
DA:159,12
DA:160,12
DA:161,12
DA:162,12
DA:163,12
DA:164,12
DA:165,12
DA:166,12
DA:167,12
DA:168,12
DA:169,12
DA:171,0
DA:173,0
DA:174,0
DA:175,0
DA:176,0
DA:177,0
DA:178,0
DA:179,0
DA:180,0
DA:181,0
DA:182,0
DA:183,0
DA:184,0
DA:186,5
DA:188,5
DA:189,5
DA:190,5
DA:191,5
DA:192,5
DA:193,5
DA:194,5
DA:195,5
DA:196,5
DA:197,5
DA:198,5
DA:199,5
DA:201,0
DA:203,0
DA:204,0
DA:206,534
DA:208,534
DA:209,534
DA:210,534
DA:211,534
DA:212,534
DA:214,524
DA:215,524
DA:216,512
DA:217,12
DA:218,12
DA:220,10
DA:222,0
DA:224,10
DA:225,10
DA:226,10
DA:227,0
DA:228,10
DA:229,0
DA:230,10
DA:231,10
DA:234,12
DA:236,12
DA:237,12
DA:238,12
DA:239,12
DA:240,12
DA:241,12
DA:242,12
DA:243,12
DA:244,12
DA:245,12
DA:246,12
DA:248,0
DA:250,0
DA:251,0
DA:252,0
DA:253,0
DA:254,0
DA:255,0
DA:256,0
DA:257,0
DA:258,0
DA:259,0
DA:260,0
DA:261,0
DA:263,10
DA:265,10
DA:266,10
DA:267,10
DA:268,10
DA:269,10
DA:270,10
DA:271,10
DA:272,10
DA:273,10
DA:274,10
DA:275,10
DA:276,10
DA:278,0
DA:280,0
DA:281,0
DA:283,8
DA:285,8
DA:286,8
DA:287,8
DA:288,8
DA:289,8
DA:291,0
DA:292,0
DA:294,8
DA:296,0
DA:297,0
DA:299,8
DA:300,8
DA:301,8
DA:302,0
DA:303,8
DA:304,0
DA:305,8
DA:307,8
DA:309,8
DA:310,8
DA:314,8
DA:317,8
DA:319,8
DA:320,8
DA:321,8
DA:323,0
DA:325,0
DA:326,0
DA:328,0
DA:330,0
DA:331,0
DA:332,0
DA:333,0
DA:334,0
DA:335,0
DA:336,0
DA:337,0
DA:338,0
DA:339,0
DA:340,0
DA:342,8
DA:344,8
DA:345,8
DA:346,8
DA:347,8
DA:348,8
DA:349,8
DA:350,8
DA:351,8
DA:352,8
DA:353,8
DA:354,8
DA:355,8
DA:357,0
DA:359,0
DA:360,0
DA:362,0
DA:364,0
DA:365,0
DA:366,0
DA:367,0
DA:369,0
DA:371,0
DA:372,0
DA:373,0
DA:374,0
DA:375,0
DA:377,0
DA:378,0
DA:379,0
DA:380,0
DA:381,0
DA:383,0
DA:385,0
DA:387,0
DA:388,0
DA:389,0
DA:390,0
DA:391,0
DA:392,0
DA:393,0
DA:394,0
DA:397,2
DA:399,2
DA:400,2
DA:401,2
DA:402,2
DA:403,2
DA:404,2
DA:405,2
DA:406,2
DA:407,2
DA:408,2
DA:409,2
DA:411,0
DA:413,0
DA:414,0
DA:415,0
DA:416,0
DA:417,0
DA:418,0
DA:419,0
DA:420,0
DA:421,0
DA:422,0
DA:423,0
DA:424,0
DA:426,0
DA:428,0
DA:429,0
DA:430,0
DA:431,0
DA:432,0
DA:433,0
DA:434,0
DA:435,0
DA:436,0
DA:437,0
DA:438,0
DA:439,0
DA:441,0
DA:443,0
DA:444,0
LF:292
LH:169
end_of_record
TN:
SF:/c/Repos/RR/Pico/PP-main/unit_test_build/test/mocks/MockBattery.c
FN:33,MockBattery_Verify
FN:44,MockBattery_Init
FN:49,MockBattery_Destroy
FN:59,Battery_CheckVoltageBounds
FN:87,Battery_CheckVoltageBounds_CMockIgnoreAndReturn
FN:101,Battery_CheckVoltageBounds_CMockExpectAnyArgsAndReturn
FN:116,Battery_CheckVoltageBounds_CMockExpectAndReturn
FN:131,Battery_CheckVoltageBounds_StubWithCallback
FNDA:56,MockBattery_Verify
FNDA:56,MockBattery_Init
FNDA:112,MockBattery_Destroy
FNDA:74582,Battery_CheckVoltageBounds
FNDA:24,Battery_CheckVoltageBounds_CMockIgnoreAndReturn
FNDA:0,Battery_CheckVoltageBounds_CMockExpectAnyArgsAndReturn
FNDA:6,Battery_CheckVoltageBounds_CMockExpectAndReturn
FNDA:6,Battery_CheckVoltageBounds_StubWithCallback
FNF:8
FNH:7
DA:33,56
DA:35,56
DA:36,56
DA:37,24
DA:38,56
DA:39,56
DA:40,56
DA:41,6
DA:42,56
DA:44,56
DA:46,56
DA:47,56
DA:49,112
DA:51,112
DA:52,112
DA:53,112
DA:54,112
DA:55,112
DA:56,112
DA:57,112
DA:59,74582
DA:61,74582
DA:62,74582
DA:63,74582
DA:64,74582
DA:65,74582
DA:67,74570
DA:68,74570
DA:69,74552
DA:70,18
DA:71,18
DA:73,12
DA:75,6
DA:77,6
DA:78,6
DA:79,6
DA:80,0
DA:81,6
DA:82,0
DA:83,6
DA:84,6
DA:87,24
DA:89,24
DA:90,24
DA:91,24
DA:92,24
DA:93,24
DA:94,24
DA:95,24
DA:96,24
DA:97,24
DA:98,24
DA:99,24
DA:101,0
DA:103,0
DA:104,0
DA:105,0
DA:106,0
DA:107,0
DA:108,0
DA:109,0
DA:110,0
DA:111,0
DA:112,0
DA:113,0
DA:114,0
DA:116,6
DA:118,6
DA:119,6
DA:120,6
DA:121,6
DA:122,6
DA:123,6
DA:124,6
DA:125,6
DA:126,6
DA:127,6
DA:128,6
DA:129,6
DA:131,6
DA:133,6
DA:134,6
LF:82
LH:67
end_of_record
TN:
SF:/c/Repos/RR/Pico/PP-main/unit_test_build/test/mocks/MockDeviceStatus.c
FN:297,MockDeviceStatus_Verify
FN:410,MockDeviceStatus_Init
FN:415,MockDeviceStatus_Destroy
FN:459,DeviceStatus_Init
FN:484,DeviceStatus_Init_CMockIgnore
FN:489,DeviceStatus_Init_CMockExpectAnyArgs
FN:503,DeviceStatus_Init_CMockExpect
FN:517,DeviceStatus_Init_StubWithCallback
FN:522,DeviceStatus_StateAndOnEntrySet
FN:561,CMockExpectParameters_DeviceStatus_StateAndOnEntrySet
FN:569,DeviceStatus_StateAndOnEntrySet_CMockIgnore
FN:574,DeviceStatus_StateAndOnEntrySet_CMockExpectAnyArgs
FN:588,DeviceStatus_StateAndOnEntrySet_CMockExpect
FN:603,DeviceStatus_StateAndOnEntrySet_StubWithCallback
FN:608,DeviceStatus_StateAndOnEntrySet_CMockIgnoreArg_StateOnEntry
FN:615,DeviceStatus_StateAndOnEntrySet_CMockIgnoreArg_state
FN:622,DeviceStatus_GetState
FN:650,DeviceStatus_GetState_CMockIgnoreAndReturn
FN:664,DeviceStatus_GetState_CMockExpectAnyArgsAndReturn
FN:679,DeviceStatus_GetState_CMockExpectAndReturn
FN:694,DeviceStatus_GetState_StubWithCallback
FN:699,DeviceStatus_SetNRE_Event
FN:733,CMockExpectParameters_DeviceStatus_SetNRE_Event
FN:739,DeviceStatus_SetNRE_Event_CMockIgnore
FN:744,DeviceStatus_SetNRE_Event_CMockExpectAnyArgs
FN:758,DeviceStatus_SetNRE_Event_CMockExpect
FN:773,DeviceStatus_SetNRE_Event_StubWithCallback
FN:778,DeviceStatus_SetNRE_Event_CMockIgnoreArg_event
FN:785,DeviceStatus_GetNRE_Event
FN:813,DeviceStatus_GetNRE_Event_CMockIgnoreAndReturn
FN:827,DeviceStatus_GetNRE_Event_CMockExpectAnyArgsAndReturn
FN:842,DeviceStatus_GetNRE_Event_CMockExpectAndReturn
FN:857,DeviceStatus_GetNRE_Event_StubWithCallback
FN:862,DeviceStatus_GetOnEntry
FN:890,DeviceStatus_GetOnEntry_CMockIgnoreAndReturn
FN:904,DeviceStatus_GetOnEntry_CMockExpectAnyArgsAndReturn
FN:919,DeviceStatus_GetOnEntry_CMockExpectAndReturn
FN:934,DeviceStatus_GetOnEntry_StubWithCallback
FN:939,DeviceStatus_SetLedsOnStatus
FN:973,CMockExpectParameters_DeviceStatus_SetLedsOnStatus
FN:979,DeviceStatus_SetLedsOnStatus_CMockIgnore
FN:984,DeviceStatus_SetLedsOnStatus_CMockExpectAnyArgs
FN:998,DeviceStatus_SetLedsOnStatus_CMockExpect
FN:1013,DeviceStatus_SetLedsOnStatus_StubWithCallback
FN:1018,DeviceStatus_SetLedsOnStatus_CMockIgnoreArg_LedsPowerOnStatus
FN:1025,DeviceStatus_GetLedsOnStatus
FN:1053,DeviceStatus_GetLedsOnStatus_CMockIgnoreAndReturn
FN:1067,DeviceStatus_GetLedsOnStatus_CMockExpectAnyArgsAndReturn
FN:1082,DeviceStatus_GetLedsOnStatus_CMockExpectAndReturn
FN:1097,DeviceStatus_GetLedsOnStatus_StubWithCallback
FN:1102,DeviceStatus_SetCheckStatusAlert
FN:1136,CMockExpectParameters_DeviceStatus_SetCheckStatusAlert
FN:1142,DeviceStatus_SetCheckStatusAlert_CMockIgnore
FN:1147,DeviceStatus_SetCheckStatusAlert_CMockExpectAnyArgs
FN:1161,DeviceStatus_SetCheckStatusAlert_CMockExpect
FN:1176,DeviceStatus_SetCheckStatusAlert_StubWithCallback
FN:1181,DeviceStatus_SetCheckStatusAlert_CMockIgnoreArg_EnableCheck
FN:1188,DeviceStatus_GetCheckStatusAlert
FN:1216,DeviceStatus_GetCheckStatusAlert_CMockIgnoreAndReturn
FN:1230,DeviceStatus_GetCheckStatusAlert_CMockExpectAnyArgsAndReturn
FN:1245,DeviceStatus_GetCheckStatusAlert_CMockExpectAndReturn
FN:1260,DeviceStatus_GetCheckStatusAlert_StubWithCallback
FN:1265,DeviceStatus_SetDeepSleepModeStatus
FN:1299,CMockExpectParameters_DeviceStatus_SetDeepSleepModeStatus
FN:1305,DeviceStatus_SetDeepSleepModeStatus_CMockIgnore
FN:1310,DeviceStatus_SetDeepSleepModeStatus_CMockExpectAnyArgs
FN:1324,DeviceStatus_SetDeepSleepModeStatus_CMockExpect
FN:1339,DeviceStatus_SetDeepSleepModeStatus_StubWithCallback
FN:1344,DeviceStatus_SetDeepSleepModeStatus_CMockIgnoreArg_Enable
FN:1351,DeviceStatus_isGoingInDeepSleep
FN:1379,DeviceStatus_isGoingInDeepSleep_CMockIgnoreAndReturn
FN:1393,DeviceStatus_isGoingInDeepSleep_CMockExpectAnyArgsAndReturn
FN:1408,DeviceStatus_isGoingInDeepSleep_CMockExpectAndReturn
FN:1423,DeviceStatus_isGoingInDeepSleep_StubWithCallback
FN:1428,DeviceStatus_IsRunningPump
FN:1456,DeviceStatus_IsRunningPump_CMockIgnoreAndReturn
FN:1470,DeviceStatus_IsRunningPump_CMockExpectAnyArgsAndReturn
FN:1485,DeviceStatus_IsRunningPump_CMockExpectAndReturn
FN:1500,DeviceStatus_IsRunningPump_StubWithCallback
FN:1505,DeviceStatus_IsReadingPressureSensor
FN:1533,DeviceStatus_IsReadingPressureSensor_CMockIgnoreAndReturn
FN:1547,DeviceStatus_IsReadingPressureSensor_CMockExpectAnyArgsAndReturn
FN:1562,DeviceStatus_IsReadingPressureSensor_CMockExpectAndReturn
FN:1577,DeviceStatus_IsReadingPressureSensor_StubWithCallback
FN:1582,DeviceStatus_SetPumpIsRunning
FN:1616,CMockExpectParameters_DeviceStatus_SetPumpIsRunning
FN:1622,DeviceStatus_SetPumpIsRunning_CMockIgnore
FN:1627,DeviceStatus_SetPumpIsRunning_CMockExpectAnyArgs
FN:1641,DeviceStatus_SetPumpIsRunning_CMockExpect
FN:1656,DeviceStatus_SetPumpIsRunning_StubWithCallback
FN:1661,DeviceStatus_SetPumpIsRunning_CMockIgnoreArg_isRunning
FN:1668,DeviceStatus_SetPressureSensorIsReading
FN:1702,CMockExpectParameters_DeviceStatus_SetPressureSensorIsReading
FN:1708,DeviceStatus_SetPressureSensorIsReading_CMockIgnore
FN:1713,DeviceStatus_SetPressureSensorIsReading_CMockExpectAnyArgs
FN:1727,DeviceStatus_SetPressureSensorIsReading_CMockExpect
FN:1742,DeviceStatus_SetPressureSensorIsReading_StubWithCallback
FN:1747,DeviceStatus_SetPressureSensorIsReading_CMockIgnoreArg_isReading
FN:1754,DeviceStatus_SetButtonPressFromLeak
FN:1788,CMockExpectParameters_DeviceStatus_SetButtonPressFromLeak
FN:1794,DeviceStatus_SetButtonPressFromLeak_CMockIgnore
FN:1799,DeviceStatus_SetButtonPressFromLeak_CMockExpectAnyArgs
FN:1813,DeviceStatus_SetButtonPressFromLeak_CMockExpect
FN:1828,DeviceStatus_SetButtonPressFromLeak_StubWithCallback
FN:1833,DeviceStatus_SetButtonPressFromLeak_CMockIgnoreArg_isPressed
FN:1840,DeviceStatus_GetButtonPressFromLeak
FN:1868,DeviceStatus_GetButtonPressFromLeak_CMockIgnoreAndReturn
FN:1882,DeviceStatus_GetButtonPressFromLeak_CMockExpectAnyArgsAndReturn
FN:1897,DeviceStatus_GetButtonPressFromLeak_CMockExpectAndReturn
FN:1912,DeviceStatus_GetButtonPressFromLeak_StubWithCallback
FNDA:88,MockDeviceStatus_Verify
FNDA:88,MockDeviceStatus_Init
FNDA:176,MockDeviceStatus_Destroy
FNDA:0,DeviceStatus_Init
FNDA:0,DeviceStatus_Init_CMockIgnore
FNDA:0,DeviceStatus_Init_CMockExpectAnyArgs
FNDA:0,DeviceStatus_Init_CMockExpect
FNDA:0,DeviceStatus_Init_StubWithCallback
FNDA:0,DeviceStatus_StateAndOnEntrySet
FNDA:0,CMockExpectParameters_DeviceStatus_StateAndOnEntrySet
FNDA:0,DeviceStatus_StateAndOnEntrySet_CMockIgnore
FNDA:0,DeviceStatus_StateAndOnEntrySet_CMockExpectAnyArgs
FNDA:0,DeviceStatus_StateAndOnEntrySet_CMockExpect
FNDA:0,DeviceStatus_StateAndOnEntrySet_StubWithCallback
FNDA:0,DeviceStatus_StateAndOnEntrySet_CMockIgnoreArg_StateOnEntry
FNDA:0,DeviceStatus_StateAndOnEntrySet_CMockIgnoreArg_state
FNDA:0,DeviceStatus_GetState
FNDA:0,DeviceStatus_GetState_CMockIgnoreAndReturn
FNDA:0,DeviceStatus_GetState_CMockExpectAnyArgsAndReturn
FNDA:0,DeviceStatus_GetState_CMockExpectAndReturn
FNDA:10,DeviceStatus_GetState_StubWithCallback
FNDA:24,DeviceStatus_SetNRE_Event
FNDA:0,CMockExpectParameters_DeviceStatus_SetNRE_Event
FNDA:22,DeviceStatus_SetNRE_Event_CMockIgnore
FNDA:0,DeviceStatus_SetNRE_Event_CMockExpectAnyArgs
FNDA:0,DeviceStatus_SetNRE_Event_CMockExpect
FNDA:0,DeviceStatus_SetNRE_Event_StubWithCallback
FNDA:0,DeviceStatus_SetNRE_Event_CMockIgnoreArg_event
FNDA:0,DeviceStatus_GetNRE_Event
FNDA:0,DeviceStatus_GetNRE_Event_CMockIgnoreAndReturn
FNDA:0,DeviceStatus_GetNRE_Event_CMockExpectAnyArgsAndReturn
FNDA:0,DeviceStatus_GetNRE_Event_CMockExpectAndReturn
FNDA:0,DeviceStatus_GetNRE_Event_StubWithCallback
FNDA:0,DeviceStatus_GetOnEntry
FNDA:0,DeviceStatus_GetOnEntry_CMockIgnoreAndReturn
FNDA:0,DeviceStatus_GetOnEntry_CMockExpectAnyArgsAndReturn
FNDA:0,DeviceStatus_GetOnEntry_CMockExpectAndReturn
FNDA:0,DeviceStatus_GetOnEntry_StubWithCallback
FNDA:50,DeviceStatus_SetLedsOnStatus
FNDA:0,CMockExpectParameters_DeviceStatus_SetLedsOnStatus
FNDA:26,DeviceStatus_SetLedsOnStatus_CMockIgnore
FNDA:0,DeviceStatus_SetLedsOnStatus_CMockExpectAnyArgs
FNDA:0,DeviceStatus_SetLedsOnStatus_CMockExpect
FNDA:0,DeviceStatus_SetLedsOnStatus_StubWithCallback
FNDA:0,DeviceStatus_SetLedsOnStatus_CMockIgnoreArg_LedsPowerOnStatus
FNDA:152,DeviceStatus_GetLedsOnStatus
FNDA:46,DeviceStatus_GetLedsOnStatus_CMockIgnoreAndReturn
FNDA:0,DeviceStatus_GetLedsOnStatus_CMockExpectAnyArgsAndReturn
FNDA:0,DeviceStatus_GetLedsOnStatus_CMockExpectAndReturn
FNDA:0,DeviceStatus_GetLedsOnStatus_StubWithCallback
FNDA:2,DeviceStatus_SetCheckStatusAlert
FNDA:0,CMockExpectParameters_DeviceStatus_SetCheckStatusAlert
FNDA:0,DeviceStatus_SetCheckStatusAlert_CMockIgnore
FNDA:0,DeviceStatus_SetCheckStatusAlert_CMockExpectAnyArgs
FNDA:0,DeviceStatus_SetCheckStatusAlert_CMockExpect
FNDA:54,DeviceStatus_SetCheckStatusAlert_StubWithCallback
FNDA:0,DeviceStatus_SetCheckStatusAlert_CMockIgnoreArg_EnableCheck
FNDA:0,DeviceStatus_GetCheckStatusAlert
FNDA:0,DeviceStatus_GetCheckStatusAlert_CMockIgnoreAndReturn
FNDA:0,DeviceStatus_GetCheckStatusAlert_CMockExpectAnyArgsAndReturn
FNDA:0,DeviceStatus_GetCheckStatusAlert_CMockExpectAndReturn
FNDA:54,DeviceStatus_GetCheckStatusAlert_StubWithCallback
FNDA:2,DeviceStatus_SetDeepSleepModeStatus
FNDA:2,CMockExpectParameters_DeviceStatus_SetDeepSleepModeStatus
FNDA:0,DeviceStatus_SetDeepSleepModeStatus_CMockIgnore
FNDA:0,DeviceStatus_SetDeepSleepModeStatus_CMockExpectAnyArgs
FNDA:2,DeviceStatus_SetDeepSleepModeStatus_CMockExpect
FNDA:0,DeviceStatus_SetDeepSleepModeStatus_StubWithCallback
FNDA:0,DeviceStatus_SetDeepSleepModeStatus_CMockIgnoreArg_Enable
FNDA:0,DeviceStatus_isGoingInDeepSleep
FNDA:0,DeviceStatus_isGoingInDeepSleep_CMockIgnoreAndReturn
FNDA:0,DeviceStatus_isGoingInDeepSleep_CMockExpectAnyArgsAndReturn
FNDA:0,DeviceStatus_isGoingInDeepSleep_CMockExpectAndReturn
FNDA:0,DeviceStatus_isGoingInDeepSleep_StubWithCallback
FNDA:0,DeviceStatus_IsRunningPump
FNDA:0,DeviceStatus_IsRunningPump_CMockIgnoreAndReturn
FNDA:0,DeviceStatus_IsRunningPump_CMockExpectAnyArgsAndReturn
FNDA:0,DeviceStatus_IsRunningPump_CMockExpectAndReturn
FNDA:0,DeviceStatus_IsRunningPump_StubWithCallback
FNDA:0,DeviceStatus_IsReadingPressureSensor
FNDA:0,DeviceStatus_IsReadingPressureSensor_CMockIgnoreAndReturn
FNDA:0,DeviceStatus_IsReadingPressureSensor_CMockExpectAnyArgsAndReturn
FNDA:0,DeviceStatus_IsReadingPressureSensor_CMockExpectAndReturn
FNDA:0,DeviceStatus_IsReadingPressureSensor_StubWithCallback
FNDA:12,DeviceStatus_SetPumpIsRunning
FNDA:4,CMockExpectParameters_DeviceStatus_SetPumpIsRunning
FNDA:4,DeviceStatus_SetPumpIsRunning_CMockIgnore
FNDA:0,DeviceStatus_SetPumpIsRunning_CMockExpectAnyArgs
FNDA:4,DeviceStatus_SetPumpIsRunning_CMockExpect
FNDA:0,DeviceStatus_SetPumpIsRunning_StubWithCallback
FNDA:0,DeviceStatus_SetPumpIsRunning_CMockIgnoreArg_isRunning
FNDA:242,DeviceStatus_SetPressureSensorIsReading
FNDA:0,CMockExpectParameters_DeviceStatus_SetPressureSensorIsReading
FNDA:0,DeviceStatus_SetPressureSensorIsReading_CMockIgnore
FNDA:0,DeviceStatus_SetPressureSensorIsReading_CMockExpectAnyArgs
FNDA:0,DeviceStatus_SetPressureSensorIsReading_CMockExpect
FNDA:44,DeviceStatus_SetPressureSensorIsReading_StubWithCallback
FNDA:0,DeviceStatus_SetPressureSensorIsReading_CMockIgnoreArg_isReading
FNDA:0,DeviceStatus_SetButtonPressFromLeak
FNDA:0,CMockExpectParameters_DeviceStatus_SetButtonPressFromLeak
FNDA:0,DeviceStatus_SetButtonPressFromLeak_CMockIgnore
FNDA:0,DeviceStatus_SetButtonPressFromLeak_CMockExpectAnyArgs
FNDA:0,DeviceStatus_SetButtonPressFromLeak_CMockExpect
FNDA:0,DeviceStatus_SetButtonPressFromLeak_StubWithCallback
FNDA:0,DeviceStatus_SetButtonPressFromLeak_CMockIgnoreArg_isPressed
FNDA:4,DeviceStatus_GetButtonPressFromLeak
FNDA:0,DeviceStatus_GetButtonPressFromLeak_CMockIgnoreAndReturn
FNDA:0,DeviceStatus_GetButtonPressFromLeak_CMockExpectAnyArgsAndReturn
FNDA:4,DeviceStatus_GetButtonPressFromLeak_CMockExpectAndReturn
FNDA:0,DeviceStatus_GetButtonPressFromLeak_StubWithCallback
FNF:110
FNH:24
DA:297,88
DA:299,88
DA:300,88
DA:301,0
DA:302,88
DA:303,88
DA:304,88
DA:305,0
DA:306,88
DA:307,0
DA:308,88
DA:309,88
DA:310,88
DA:311,0
DA:312,88
DA:313,0
DA:314,88
DA:315,88
DA:316,88
DA:317,10
DA:318,88
DA:319,22
DA:320,88
DA:321,88
DA:322,88
DA:323,0
DA:324,88
DA:325,0
DA:326,88
DA:327,88
DA:328,88
DA:329,0
DA:330,88
DA:331,0
DA:332,88
DA:333,88
DA:334,88
DA:335,0
DA:336,88
DA:337,8
DA:338,88
DA:339,88
DA:340,88
DA:341,0
DA:342,88
DA:343,38
DA:344,88
DA:345,88
DA:346,88
DA:347,0
DA:348,88
DA:349,0
DA:350,88
DA:351,88
DA:352,88
DA:353,54
DA:354,88
DA:355,0
DA:356,88
DA:357,88
DA:358,88
DA:359,54
DA:360,88
DA:361,0
DA:362,88
DA:363,88
DA:364,88
DA:365,0
DA:366,88
DA:367,0
DA:368,88
DA:369,88
DA:370,88
DA:371,0
DA:372,88
DA:373,0
DA:374,88
DA:375,88
DA:376,88
DA:377,0
DA:378,88
DA:379,0
DA:380,88
DA:381,88
DA:382,88
DA:383,0
DA:384,88
DA:385,4
DA:386,88
DA:387,88
DA:388,88
DA:389,0
DA:390,88
DA:391,0
DA:392,88
DA:393,88
DA:394,88
DA:395,44
DA:396,88
DA:397,0
DA:398,88
DA:399,88
DA:400,88
DA:401,0
DA:402,88
DA:403,0
DA:404,88
DA:405,88
DA:406,88
DA:407,0
DA:408,88
DA:410,88
DA:412,88
DA:413,88
DA:415,176
DA:417,176
DA:418,176
DA:419,176
DA:420,176
DA:421,176
DA:422,176
DA:423,176
DA:424,176
DA:425,176
DA:426,176
DA:427,176
DA:428,176
DA:429,176
DA:430,176
DA:431,176
DA:432,176
DA:433,176
DA:434,176
DA:435,176
DA:436,176
DA:437,176
DA:438,176
DA:439,176
DA:440,176
DA:441,176
DA:442,176
DA:443,176
DA:444,176
DA:445,176
DA:446,176
DA:447,176
DA:448,176
DA:449,176
DA:450,176
DA:451,176
DA:452,176
DA:453,176
DA:454,176
DA:455,176
DA:456,176
DA:457,176
DA:459,0
DA:461,0
DA:462,0
DA:463,0
DA:464,0
DA:465,0
DA:467,0
DA:468,0
DA:470,0
DA:472,0
DA:473,0
DA:475,0
DA:476,0
DA:477,0
DA:478,0
DA:479,0
DA:480,0
DA:481,0
DA:484,0
DA:486,0
DA:487,0
DA:489,0
DA:491,0
DA:492,0
DA:493,0
DA:494,0
DA:495,0
DA:496,0
DA:497,0
DA:498,0
DA:499,0
DA:500,0
DA:501,0
DA:503,0
DA:505,0
DA:506,0
DA:507,0
DA:508,0
DA:509,0
DA:510,0
DA:511,0
DA:512,0
DA:513,0
DA:514,0
DA:515,0
DA:517,0
DA:519,0
DA:520,0
DA:522,0
DA:524,0
DA:525,0
DA:526,0
DA:527,0
DA:528,0
DA:530,0
DA:531,0
DA:533,0
DA:535,0
DA:536,0
DA:538,0
DA:539,0
DA:540,0
DA:541,0
DA:542,0
DA:543,0
DA:544,0
DA:546,0
DA:548,0
DA:549,0
DA:551,0
DA:553,0
DA:554,0
DA:558,0
DA:561,0
DA:563,0
DA:564,0
DA:565,0
DA:566,0
DA:567,0
DA:569,0
DA:571,0
DA:572,0
DA:574,0
DA:576,0
DA:577,0
DA:578,0
DA:579,0
DA:580,0
DA:581,0
DA:582,0
DA:583,0
DA:584,0
DA:585,0
DA:586,0
DA:588,0
DA:590,0
DA:591,0
DA:592,0
DA:593,0
DA:594,0
DA:595,0
DA:596,0
DA:597,0
DA:598,0
DA:599,0
DA:600,0
DA:601,0
DA:603,0
DA:605,0
DA:606,0
DA:608,0
DA:610,0
DA:611,0
DA:612,0
DA:613,0
DA:615,0
DA:617,0
DA:618,0
DA:619,0
DA:620,0
DA:622,0
DA:624,0
DA:625,0
DA:626,0
DA:627,0
DA:628,0
DA:630,0
DA:631,0
DA:632,0
DA:633,0
DA:634,0
DA:636,0
DA:638,0
DA:640,0
DA:641,0
DA:642,0
DA:643,0
DA:644,0
DA:645,0
DA:646,0
DA:647,0
DA:650,0
DA:652,0
DA:653,0
DA:654,0
DA:655,0
DA:656,0
DA:657,0
DA:658,0
DA:659,0
DA:660,0
DA:661,0
DA:662,0
DA:664,0
DA:666,0
DA:667,0
DA:668,0
DA:669,0
DA:670,0
DA:671,0
DA:672,0
DA:673,0
DA:674,0
DA:675,0
DA:676,0
DA:677,0
DA:679,0
DA:681,0
DA:682,0
DA:683,0
DA:684,0
DA:685,0
DA:686,0
DA:687,0
DA:688,0
DA:689,0
DA:690,0
DA:691,0
DA:692,0
DA:694,10
DA:696,10
DA:697,10
DA:699,24
DA:701,24
DA:702,24
DA:703,24
DA:704,24
DA:705,24
DA:707,24
DA:708,24
DA:710,0
DA:712,0
DA:713,0
DA:715,0
DA:716,0
DA:717,0
DA:718,0
DA:719,0
DA:720,0
DA:721,0
DA:723,0
DA:725,0
DA:726,0
DA:730,0
DA:733,0
DA:735,0
DA:736,0
DA:737,0
DA:739,22
DA:741,22
DA:742,22
DA:744,0
DA:746,0
DA:747,0
DA:748,0
DA:749,0
DA:750,0
DA:751,0
DA:752,0
DA:753,0
DA:754,0
DA:755,0
DA:756,0
DA:758,0
DA:760,0
DA:761,0
DA:762,0
DA:763,0
DA:764,0
DA:765,0
DA:766,0
DA:767,0
DA:768,0
DA:769,0
DA:770,0
DA:771,0
DA:773,0
DA:775,0
DA:776,0
DA:778,0
DA:780,0
DA:781,0
DA:782,0
DA:783,0
DA:785,0
DA:787,0
DA:788,0
DA:789,0
DA:790,0
DA:791,0
DA:793,0
DA:794,0
DA:795,0
DA:796,0
DA:797,0
DA:799,0
DA:801,0
DA:803,0
DA:804,0
DA:805,0
DA:806,0
DA:807,0
DA:808,0
DA:809,0
DA:810,0
DA:813,0
DA:815,0
DA:816,0
DA:817,0
DA:818,0
DA:819,0
DA:820,0
DA:821,0
DA:822,0
DA:823,0
DA:824,0
DA:825,0
DA:827,0
DA:829,0
DA:830,0
DA:831,0
DA:832,0
DA:833,0
DA:834,0
DA:835,0
DA:836,0
DA:837,0
DA:838,0
DA:839,0
DA:840,0
DA:842,0
DA:844,0
DA:845,0
DA:846,0
DA:847,0
DA:848,0
DA:849,0
DA:850,0
DA:851,0
DA:852,0
DA:853,0
DA:854,0
DA:855,0
DA:857,0
DA:859,0
DA:860,0
DA:862,0
DA:864,0
DA:865,0
DA:866,0
DA:867,0
DA:868,0
DA:870,0
DA:871,0
DA:872,0
DA:873,0
DA:874,0
DA:876,0
DA:878,0
DA:880,0
DA:881,0
DA:882,0
DA:883,0
DA:884,0
DA:885,0
DA:886,0
DA:887,0
DA:890,0
DA:892,0
DA:893,0
DA:894,0
DA:895,0
DA:896,0
DA:897,0
DA:898,0
DA:899,0
DA:900,0
DA:901,0
DA:902,0
DA:904,0
DA:906,0
DA:907,0
DA:908,0
DA:909,0
DA:910,0
DA:911,0
DA:912,0
DA:913,0
DA:914,0
DA:915,0
DA:916,0
DA:917,0
DA:919,0
DA:921,0
DA:922,0
DA:923,0
DA:924,0
DA:925,0
DA:926,0
DA:927,0
DA:928,0
DA:929,0
DA:930,0
DA:931,0
DA:932,0
DA:934,0
DA:936,0
DA:937,0
DA:939,50
DA:941,50
DA:942,50
DA:943,50
DA:944,50
DA:945,50
DA:947,50
DA:948,50
DA:950,0
DA:952,0
DA:953,0
DA:955,0
DA:956,0
DA:957,0
DA:958,0
DA:959,0
DA:960,0
DA:961,0
DA:963,0
DA:965,0
DA:966,0
DA:970,0
DA:973,0
DA:975,0
DA:976,0
DA:977,0
DA:979,26
DA:981,26
DA:982,26
DA:984,0
DA:986,0
DA:987,0
DA:988,0
DA:989,0
DA:990,0
DA:991,0
DA:992,0
DA:993,0
DA:994,0
DA:995,0
DA:996,0
DA:998,0
DA:1000,0
DA:1001,0
DA:1002,0
DA:1003,0
DA:1004,0
DA:1005,0
DA:1006,0
DA:1007,0
DA:1008,0
DA:1009,0
DA:1010,0
DA:1011,0
DA:1013,0
DA:1015,0
DA:1016,0
DA:1018,0
DA:1020,0
DA:1021,0
DA:1022,0
DA:1023,0
DA:1025,152
DA:1027,152
DA:1028,152
DA:1029,152
DA:1030,152
DA:1031,152
DA:1033,152
DA:1034,152
DA:1035,106
DA:1036,46
DA:1037,46
DA:1039,0
DA:1041,0
DA:1043,0
DA:1044,0
DA:1045,0
DA:1046,0
DA:1047,0
DA:1048,0
DA:1049,0
DA:1050,0
DA:1053,46
DA:1055,46
DA:1056,46
DA:1057,46
DA:1058,46
DA:1059,46
DA:1060,46
DA:1061,46
DA:1062,46
DA:1063,46
DA:1064,46
DA:1065,46
DA:1067,0
DA:1069,0
DA:1070,0
DA:1071,0
DA:1072,0
DA:1073,0
DA:1074,0
DA:1075,0
DA:1076,0
DA:1077,0
DA:1078,0
DA:1079,0
DA:1080,0
DA:1082,0
DA:1084,0
DA:1085,0
DA:1086,0
DA:1087,0
DA:1088,0
DA:1089,0
DA:1090,0
DA:1091,0
DA:1092,0
DA:1093,0
DA:1094,0
DA:1095,0
DA:1097,0
DA:1099,0
DA:1100,0
DA:1102,2
DA:1104,2
DA:1105,2
DA:1106,2
DA:1107,2
DA:1108,2
DA:1110,0
DA:1111,0
DA:1113,2
DA:1115,2
DA:1116,2
DA:1118,0
DA:1119,0
DA:1120,0
DA:1121,0
DA:1122,0
DA:1123,0
DA:1124,0
DA:1126,0
DA:1128,0
DA:1129,0
DA:1133,0
DA:1136,0
DA:1138,0
DA:1139,0
DA:1140,0
DA:1142,0
DA:1144,0
DA:1145,0
DA:1147,0
DA:1149,0
DA:1150,0
DA:1151,0
DA:1152,0
DA:1153,0
DA:1154,0
DA:1155,0
DA:1156,0
DA:1157,0
DA:1158,0
DA:1159,0
DA:1161,0
DA:1163,0
DA:1164,0
DA:1165,0
DA:1166,0
DA:1167,0
DA:1168,0
DA:1169,0
DA:1170,0
DA:1171,0
DA:1172,0
DA:1173,0
DA:1174,0
DA:1176,54
DA:1178,54
DA:1179,54
DA:1181,0
DA:1183,0
DA:1184,0
DA:1185,0
DA:1186,0
DA:1188,0
DA:1190,0
DA:1191,0
DA:1192,0
DA:1193,0
DA:1194,0
DA:1196,0
DA:1197,0
DA:1198,0
DA:1199,0
DA:1200,0
DA:1202,0
DA:1204,0
DA:1206,0
DA:1207,0
DA:1208,0
DA:1209,0
DA:1210,0
DA:1211,0
DA:1212,0
DA:1213,0
DA:1216,0
DA:1218,0
DA:1219,0
DA:1220,0
DA:1221,0
DA:1222,0
DA:1223,0
DA:1224,0
DA:1225,0
DA:1226,0
DA:1227,0
DA:1228,0
DA:1230,0
DA:1232,0
DA:1233,0
DA:1234,0
DA:1235,0
DA:1236,0
DA:1237,0
DA:1238,0
DA:1239,0
DA:1240,0
DA:1241,0
DA:1242,0
DA:1243,0
DA:1245,0
DA:1247,0
DA:1248,0
DA:1249,0
DA:1250,0
DA:1251,0
DA:1252,0
DA:1253,0
DA:1254,0
DA:1255,0
DA:1256,0
DA:1257,0
DA:1258,0
DA:1260,54
DA:1262,54
DA:1263,54
DA:1265,2
DA:1267,2
DA:1268,2
DA:1269,2
DA:1270,2
DA:1271,2
DA:1273,0
DA:1274,0
DA:1276,2
DA:1278,0
DA:1279,0
DA:1281,2
DA:1282,2
DA:1283,2
DA:1284,0
DA:1285,2
DA:1286,0
DA:1287,2
DA:1289,2
DA:1291,2
DA:1292,2
DA:1296,2
DA:1299,2
DA:1301,2
DA:1302,2
DA:1303,2
DA:1305,0
DA:1307,0
DA:1308,0
DA:1310,0
DA:1312,0
DA:1313,0
DA:1314,0
DA:1315,0
DA:1316,0
DA:1317,0
DA:1318,0
DA:1319,0
DA:1320,0
DA:1321,0
DA:1322,0
DA:1324,2
DA:1326,2
DA:1327,2
DA:1328,2
DA:1329,2
DA:1330,2
DA:1331,2
DA:1332,2
DA:1333,2
DA:1334,2
DA:1335,2
DA:1336,2
DA:1337,2
DA:1339,0
DA:1341,0
DA:1342,0
DA:1344,0
DA:1346,0
DA:1347,0
DA:1348,0
DA:1349,0
DA:1351,0
DA:1353,0
DA:1354,0
DA:1355,0
DA:1356,0
DA:1357,0
DA:1359,0
DA:1360,0
DA:1361,0
DA:1362,0
DA:1363,0
DA:1365,0
DA:1367,0
DA:1369,0
DA:1370,0
DA:1371,0
DA:1372,0
DA:1373,0
DA:1374,0
DA:1375,0
DA:1376,0
DA:1379,0
DA:1381,0
DA:1382,0
DA:1383,0
DA:1384,0
DA:1385,0
DA:1386,0
DA:1387,0
DA:1388,0
DA:1389,0
DA:1390,0
DA:1391,0
DA:1393,0
DA:1395,0
DA:1396,0
DA:1397,0
DA:1398,0
DA:1399,0
DA:1400,0
DA:1401,0
DA:1402,0
DA:1403,0
DA:1404,0
DA:1405,0
DA:1406,0
DA:1408,0
DA:1410,0
DA:1411,0
DA:1412,0
DA:1413,0
DA:1414,0
DA:1415,0
DA:1416,0
DA:1417,0
DA:1418,0
DA:1419,0
DA:1420,0
DA:1421,0
DA:1423,0
DA:1425,0
DA:1426,0
DA:1428,0
DA:1430,0
DA:1431,0
DA:1432,0
DA:1433,0
DA:1434,0
DA:1436,0
DA:1437,0
DA:1438,0
DA:1439,0
DA:1440,0
DA:1442,0
DA:1444,0
DA:1446,0
DA:1447,0
DA:1448,0
DA:1449,0
DA:1450,0
DA:1451,0
DA:1452,0
DA:1453,0
DA:1456,0
DA:1458,0
DA:1459,0
DA:1460,0
DA:1461,0
DA:1462,0
DA:1463,0
DA:1464,0
DA:1465,0
DA:1466,0
DA:1467,0
DA:1468,0
DA:1470,0
DA:1472,0
DA:1473,0
DA:1474,0
DA:1475,0
DA:1476,0
DA:1477,0
DA:1478,0
DA:1479,0
DA:1480,0
DA:1481,0
DA:1482,0
DA:1483,0
DA:1485,0
DA:1487,0
DA:1488,0
DA:1489,0
DA:1490,0
DA:1491,0
DA:1492,0
DA:1493,0
DA:1494,0
DA:1495,0
DA:1496,0
DA:1497,0
DA:1498,0
DA:1500,0
DA:1502,0
DA:1503,0
DA:1505,0
DA:1507,0
DA:1508,0
DA:1509,0
DA:1510,0
DA:1511,0
DA:1513,0
DA:1514,0
DA:1515,0
DA:1516,0
DA:1517,0
DA:1519,0
DA:1521,0
DA:1523,0
DA:1524,0
DA:1525,0
DA:1526,0
DA:1527,0
DA:1528,0
DA:1529,0
DA:1530,0
DA:1533,0
DA:1535,0
DA:1536,0
DA:1537,0
DA:1538,0
DA:1539,0
DA:1540,0
DA:1541,0
DA:1542,0
DA:1543,0
DA:1544,0
DA:1545,0
DA:1547,0
DA:1549,0
DA:1550,0
DA:1551,0
DA:1552,0
DA:1553,0
DA:1554,0
DA:1555,0
DA:1556,0
DA:1557,0
DA:1558,0
DA:1559,0
DA:1560,0
DA:1562,0
DA:1564,0
DA:1565,0
DA:1566,0
DA:1567,0
DA:1568,0
DA:1569,0
DA:1570,0
DA:1571,0
DA:1572,0
DA:1573,0
DA:1574,0
DA:1575,0
DA:1577,0
DA:1579,0
DA:1580,0
DA:1582,12
DA:1584,12
DA:1585,12
DA:1586,12
DA:1587,12
DA:1588,12
DA:1590,8
DA:1591,8
DA:1593,4
DA:1595,0
DA:1596,0
DA:1598,4
DA:1599,4
DA:1600,4
DA:1601,0
DA:1602,4
DA:1603,0
DA:1604,4
DA:1606,4
DA:1608,4
DA:1609,4
DA:1613,4
DA:1616,4
DA:1618,4
DA:1619,4
DA:1620,4
DA:1622,4
DA:1624,4
DA:1625,4
DA:1627,0
DA:1629,0
DA:1630,0
DA:1631,0
DA:1632,0
DA:1633,0
DA:1634,0
DA:1635,0
DA:1636,0
DA:1637,0
DA:1638,0
DA:1639,0
DA:1641,4
DA:1643,4
DA:1644,4
DA:1645,4
DA:1646,4
DA:1647,4
DA:1648,4
DA:1649,4
DA:1650,4
DA:1651,4
DA:1652,4
DA:1653,4
DA:1654,4
DA:1656,0
DA:1658,0
DA:1659,0
DA:1661,0
DA:1663,0
DA:1664,0
DA:1665,0
DA:1666,0
DA:1668,242
DA:1670,242
DA:1671,242
DA:1672,242
DA:1673,242
DA:1674,242
DA:1676,0
DA:1677,0
DA:1679,242
DA:1681,242
DA:1682,242
DA:1684,0
DA:1685,0
DA:1686,0
DA:1687,0
DA:1688,0
DA:1689,0
DA:1690,0
DA:1692,0
DA:1694,0
DA:1695,0
DA:1699,0
DA:1702,0
DA:1704,0
DA:1705,0
DA:1706,0
DA:1708,0
DA:1710,0
DA:1711,0
DA:1713,0
DA:1715,0
DA:1716,0
DA:1717,0
DA:1718,0
DA:1719,0
DA:1720,0
DA:1721,0
DA:1722,0
DA:1723,0
DA:1724,0
DA:1725,0
DA:1727,0
DA:1729,0
DA:1730,0
DA:1731,0
DA:1732,0
DA:1733,0
DA:1734,0
DA:1735,0
DA:1736,0
DA:1737,0
DA:1738,0
DA:1739,0
DA:1740,0
DA:1742,44
DA:1744,44
DA:1745,44
DA:1747,0
DA:1749,0
DA:1750,0
DA:1751,0
DA:1752,0
DA:1754,0
DA:1756,0
DA:1757,0
DA:1758,0
DA:1759,0
DA:1760,0
DA:1762,0
DA:1763,0
DA:1765,0
DA:1767,0
DA:1768,0
DA:1770,0
DA:1771,0
DA:1772,0
DA:1773,0
DA:1774,0
DA:1775,0
DA:1776,0
DA:1778,0
DA:1780,0
DA:1781,0
DA:1785,0
DA:1788,0
DA:1790,0
DA:1791,0
DA:1792,0
DA:1794,0
DA:1796,0
DA:1797,0
DA:1799,0
DA:1801,0
DA:1802,0
DA:1803,0
DA:1804,0
DA:1805,0
DA:1806,0
DA:1807,0
DA:1808,0
DA:1809,0
DA:1810,0
DA:1811,0
DA:1813,0
DA:1815,0
DA:1816,0
DA:1817,0
DA:1818,0
DA:1819,0
DA:1820,0
DA:1821,0
DA:1822,0
DA:1823,0
DA:1824,0
DA:1825,0
DA:1826,0
DA:1828,0
DA:1830,0
DA:1831,0
DA:1833,0
DA:1835,0
DA:1836,0
DA:1837,0
DA:1838,0
DA:1840,4
DA:1842,4
DA:1843,4
DA:1844,4
DA:1845,4
DA:1846,4
DA:1848,0
DA:1849,0
DA:1850,0
DA:1851,0
DA:1852,0
DA:1854,4
DA:1856,0
DA:1858,4
DA:1859,4
DA:1860,4
DA:1861,0
DA:1862,4
DA:1863,0
DA:1864,4
DA:1865,4
DA:1868,0
DA:1870,0
DA:1871,0
DA:1872,0
DA:1873,0
DA:1874,0
DA:1875,0
DA:1876,0
DA:1877,0
DA:1878,0
DA:1879,0
DA:1880,0
DA:1882,0
DA:1884,0
DA:1885,0
DA:1886,0
DA:1887,0
DA:1888,0
DA:1889,0
DA:1890,0
DA:1891,0
DA:1892,0
DA:1893,0
DA:1894,0
DA:1895,0
DA:1897,4
DA:1899,4
DA:1900,4
DA:1901,4
DA:1902,4
DA:1903,4
DA:1904,4
DA:1905,4
DA:1906,4
DA:1907,4
DA:1908,4
DA:1909,4
DA:1910,4
DA:1912,0
DA:1914,0
DA:1915,0
LF:1268
LH:300
end_of_record
TN:
SF:/c/Repos/RR/Pico/PP-main/unit_test_build/test/mocks/MockDutyCycle.c
FN:100,MockDutyCycle_Verify
FN:141,MockDutyCycle_Init
FN:146,MockDutyCycle_Destroy
FN:166,DCHistoryReset
FN:191,DCHistoryReset_CMockIgnore
FN:196,DCHistoryReset_CMockExpectAnyArgs
FN:210,DCHistoryReset_CMockExpect
FN:224,DCHistoryReset_StubWithCallback
FN:229,DCCalculateAll
FN:254,DCCalculateAll_CMockIgnore
FN:259,DCCalculateAll_CMockExpectAnyArgs
FN:273,DCCalculateAll_CMockExpect
FN:287,DCCalculateAll_StubWithCallback
FN:292,DCPumpOnUpdate
FN:317,DCPumpOnUpdate_CMockIgnore
FN:322,DCPumpOnUpdate_CMockExpectAnyArgs
FN:336,DCPumpOnUpdate_CMockExpect
FN:350,DCPumpOnUpdate_StubWithCallback
FN:355,DCPumpOffUpdate
FN:380,DCPumpOffUpdate_CMockIgnore
FN:385,DCPumpOffUpdate_CMockExpectAnyArgs
FN:399,DCPumpOffUpdate_CMockExpect
FN:413,DCPumpOffUpdate_StubWithCallback
FN:418,DCVaccumOffsetUpdateGet
FN:446,DCVaccumOffsetUpdateGet_CMockIgnoreAndReturn
FN:460,DCVaccumOffsetUpdateGet_CMockExpectAnyArgsAndReturn
FN:475,DCVaccumOffsetUpdateGet_CMockExpectAndReturn
FN:490,DCVaccumOffsetUpdateGet_StubWithCallback
FN:495,DCLeakGet
FN:523,DCLeakGet_CMockIgnoreAndReturn
FN:537,DCLeakGet_CMockExpectAnyArgsAndReturn
FN:552,DCLeakGet_CMockExpectAndReturn
FN:567,DCLeakGet_StubWithCallback
FNDA:101,MockDutyCycle_Verify
FNDA:101,MockDutyCycle_Init
FNDA:202,MockDutyCycle_Destroy
FNDA:62,DCHistoryReset
FNDA:16,DCHistoryReset_CMockIgnore
FNDA:0,DCHistoryReset_CMockExpectAnyArgs
FNDA:44,DCHistoryReset_CMockExpect
FNDA:0,DCHistoryReset_StubWithCallback
FNDA:90,DCCalculateAll
FNDA:2,DCCalculateAll_CMockIgnore
FNDA:0,DCCalculateAll_CMockExpectAnyArgs
FNDA:88,DCCalculateAll_CMockExpect
FNDA:0,DCCalculateAll_StubWithCallback
FNDA:10,DCPumpOnUpdate
FNDA:0,DCPumpOnUpdate_CMockIgnore
FNDA:0,DCPumpOnUpdate_CMockExpectAnyArgs
FNDA:10,DCPumpOnUpdate_CMockExpect
FNDA:0,DCPumpOnUpdate_StubWithCallback
FNDA:90,DCPumpOffUpdate
FNDA:2,DCPumpOffUpdate_CMockIgnore
FNDA:0,DCPumpOffUpdate_CMockExpectAnyArgs
FNDA:88,DCPumpOffUpdate_CMockExpect
FNDA:0,DCPumpOffUpdate_StubWithCallback
FNDA:0,DCVaccumOffsetUpdateGet
FNDA:0,DCVaccumOffsetUpdateGet_CMockIgnoreAndReturn
FNDA:0,DCVaccumOffsetUpdateGet_CMockExpectAnyArgsAndReturn
FNDA:0,DCVaccumOffsetUpdateGet_CMockExpectAndReturn
FNDA:0,DCVaccumOffsetUpdateGet_StubWithCallback
FNDA:6,DCLeakGet
FNDA:4,DCLeakGet_CMockIgnoreAndReturn
FNDA:0,DCLeakGet_CMockExpectAnyArgsAndReturn
FNDA:6,DCLeakGet_CMockExpectAndReturn
FNDA:0,DCLeakGet_StubWithCallback
FNF:33
FNH:17
DA:100,101
DA:102,101
DA:103,101
DA:104,16
DA:105,101
DA:106,101
DA:107,101
DA:108,0
DA:109,101
DA:110,2
DA:111,101
DA:112,101
DA:113,101
DA:114,0
DA:115,101
DA:116,0
DA:117,101
DA:118,101
DA:119,101
DA:120,0
DA:121,101
DA:122,2
DA:123,101
DA:124,101
DA:125,101
DA:126,0
DA:127,101
DA:128,0
DA:129,101
DA:130,101
DA:131,101
DA:132,0
DA:133,101
DA:134,2
DA:135,101
DA:136,101
DA:137,101
DA:138,0
DA:139,101
DA:141,101
DA:143,101
DA:144,101
DA:146,202
DA:148,202
DA:149,202
DA:150,202
DA:151,202
DA:152,202
DA:153,202
DA:154,202
DA:155,202
DA:156,202
DA:157,202
DA:158,202
DA:159,202
DA:160,202
DA:161,202
DA:162,202
DA:163,202
DA:164,202
DA:166,62
DA:168,62
DA:169,62
DA:170,62
DA:171,62
DA:172,62
DA:174,18
DA:175,18
DA:177,44
DA:179,0
DA:180,0
DA:182,44
DA:183,44
DA:184,44
DA:185,0
DA:186,44
DA:187,0
DA:188,44
DA:191,16
DA:193,16
DA:194,16
DA:196,0
DA:198,0
DA:199,0
DA:200,0
DA:201,0
DA:202,0
DA:203,0
DA:204,0
DA:205,0
DA:206,0
DA:207,0
DA:208,0
DA:210,44
DA:212,44
DA:213,44
DA:214,44
DA:215,44
DA:216,44
DA:217,44
DA:218,44
DA:219,44
DA:220,44
DA:221,44
DA:222,44
DA:224,0
DA:226,0
DA:227,0
DA:229,90
DA:231,90
DA:232,90
DA:233,90
DA:234,90
DA:235,90
DA:237,2
DA:238,2
DA:240,88
DA:242,0
DA:243,0
DA:245,88
DA:246,88
DA:247,88
DA:248,0
DA:249,88
DA:250,0
DA:251,88
DA:254,2
DA:256,2
DA:257,2
DA:259,0
DA:261,0
DA:262,0
DA:263,0
DA:264,0
DA:265,0
DA:266,0
DA:267,0
DA:268,0
DA:269,0
DA:270,0
DA:271,0
DA:273,88
DA:275,88
DA:276,88
DA:277,88
DA:278,88
DA:279,88
DA:280,88
DA:281,88
DA:282,88
DA:283,88
DA:284,88
DA:285,88
DA:287,0
DA:289,0
DA:290,0
DA:292,10
DA:294,10
DA:295,10
DA:296,10
DA:297,10
DA:298,10
DA:300,0
DA:301,0
DA:303,10
DA:305,0
DA:306,0
DA:308,10
DA:309,10
DA:310,10
DA:311,0
DA:312,10
DA:313,0
DA:314,10
DA:317,0
DA:319,0
DA:320,0
DA:322,0
DA:324,0
DA:325,0
DA:326,0
DA:327,0
DA:328,0
DA:329,0
DA:330,0
DA:331,0
DA:332,0
DA:333,0
DA:334,0
DA:336,10
DA:338,10
DA:339,10
DA:340,10
DA:341,10
DA:342,10
DA:343,10
DA:344,10
DA:345,10
DA:346,10
DA:347,10
DA:348,10
DA:350,0
DA:352,0
DA:353,0
DA:355,90
DA:357,90
DA:358,90
DA:359,90
DA:360,90
DA:361,90
DA:363,2
DA:364,2
DA:366,88
DA:368,0
DA:369,0
DA:371,88
DA:372,88
DA:373,88
DA:374,0
DA:375,88
DA:376,0
DA:377,88
DA:380,2
DA:382,2
DA:383,2
DA:385,0
DA:387,0
DA:388,0
DA:389,0
DA:390,0
DA:391,0
DA:392,0
DA:393,0
DA:394,0
DA:395,0
DA:396,0
DA:397,0
DA:399,88
DA:401,88
DA:402,88
DA:403,88
DA:404,88
DA:405,88
DA:406,88
DA:407,88
DA:408,88
DA:409,88
DA:410,88
DA:411,88
DA:413,0
DA:415,0
DA:416,0
DA:418,0
DA:420,0
DA:421,0
DA:422,0
DA:423,0
DA:424,0
DA:426,0
DA:427,0
DA:428,0
DA:429,0
DA:430,0
DA:432,0
DA:434,0
DA:436,0
DA:437,0
DA:438,0
DA:439,0
DA:440,0
DA:441,0
DA:442,0
DA:443,0
DA:446,0
DA:448,0
DA:449,0
DA:450,0
DA:451,0
DA:452,0
DA:453,0
DA:454,0
DA:455,0
DA:456,0
DA:457,0
DA:458,0
DA:460,0
DA:462,0
DA:463,0
DA:464,0
DA:465,0
DA:466,0
DA:467,0
DA:468,0
DA:469,0
DA:470,0
DA:471,0
DA:472,0
DA:473,0
DA:475,0
DA:477,0
DA:478,0
DA:479,0
DA:480,0
DA:481,0
DA:482,0
DA:483,0
DA:484,0
DA:485,0
DA:486,0
DA:487,0
DA:488,0
DA:490,0
DA:492,0
DA:493,0
DA:495,6
DA:497,6
DA:498,6
DA:499,6
DA:500,6
DA:501,6
DA:503,0
DA:504,0
DA:505,0
DA:506,0
DA:507,0
DA:509,6
DA:511,0
DA:513,6
DA:514,6
DA:515,6
DA:516,0
DA:517,6
DA:518,0
DA:519,6
DA:520,6
DA:523,4
DA:525,4
DA:526,4
DA:527,4
DA:528,4
DA:529,4
DA:530,4
DA:531,4
DA:532,4
DA:533,4
DA:534,4
DA:535,4
DA:537,0
DA:539,0
DA:540,0
DA:541,0
DA:542,0
DA:543,0
DA:544,0
DA:545,0
DA:546,0
DA:547,0
DA:548,0
DA:549,0
DA:550,0
DA:552,6
DA:554,6
DA:555,6
DA:556,6
DA:557,6
DA:558,6
DA:559,6
DA:560,6
DA:561,6
DA:562,6
DA:563,6
DA:564,6
DA:565,6
DA:567,0
DA:569,0
DA:570,0
LF:376
LH:201
end_of_record
TN:
SF:/c/Repos/RR/Pico/PP-main/unit_test_build/test/mocks/Mockeusart.c
FN:107,Mockeusart_Verify
FN:148,Mockeusart_Init
FN:153,Mockeusart_Destroy
FN:173,EUSART_Initialize
FN:198,EUSART_Initialize_CMockIgnore
FN:203,EUSART_Initialize_CMockExpectAnyArgs
FN:217,EUSART_Initialize_CMockExpect
FN:231,EUSART_Initialize_StubWithCallback
FN:236,EUSART_is_tx_ready
FN:264,EUSART_is_tx_ready_CMockIgnoreAndReturn
FN:278,EUSART_is_tx_ready_CMockExpectAnyArgsAndReturn
FN:293,EUSART_is_tx_ready_CMockExpectAndReturn
FN:308,EUSART_is_tx_ready_StubWithCallback
FN:313,EUSART_is_rx_ready
FN:341,EUSART_is_rx_ready_CMockIgnoreAndReturn
FN:355,EUSART_is_rx_ready_CMockExpectAnyArgsAndReturn
FN:370,EUSART_is_rx_ready_CMockExpectAndReturn
FN:385,EUSART_is_rx_ready_StubWithCallback
FN:390,EUSART_is_tx_done
FN:418,EUSART_is_tx_done_CMockIgnoreAndReturn
FN:432,EUSART_is_tx_done_CMockExpectAnyArgsAndReturn
FN:447,EUSART_is_tx_done_CMockExpectAndReturn
FN:462,EUSART_is_tx_done_StubWithCallback
FN:467,EUSART_Read
FN:495,EUSART_Read_CMockIgnoreAndReturn
FN:509,EUSART_Read_CMockExpectAnyArgsAndReturn
FN:524,EUSART_Read_CMockExpectAndReturn
FN:539,EUSART_Read_StubWithCallback
FN:544,EUSART_Write
FN:578,CMockExpectParameters_EUSART_Write
FN:584,EUSART_Write_CMockIgnore
FN:589,EUSART_Write_CMockExpectAnyArgs
FN:603,EUSART_Write_CMockExpect
FN:618,EUSART_Write_StubWithCallback
FN:623,EUSART_Write_CMockIgnoreArg_txData
FNDA:10,Mockeusart_Verify
FNDA:10,Mockeusart_Init
FNDA:20,Mockeusart_Destroy
FNDA:8,EUSART_Initialize
FNDA:2,EUSART_Initialize_CMockIgnore
FNDA:0,EUSART_Initialize_CMockExpectAnyArgs
FNDA:2,EUSART_Initialize_CMockExpect
FNDA:0,EUSART_Initialize_StubWithCallback
FNDA:0,EUSART_is_tx_ready
FNDA:0,EUSART_is_tx_ready_CMockIgnoreAndReturn
FNDA:0,EUSART_is_tx_ready_CMockExpectAnyArgsAndReturn
FNDA:0,EUSART_is_tx_ready_CMockExpectAndReturn
FNDA:0,EUSART_is_tx_ready_StubWithCallback
FNDA:0,EUSART_is_rx_ready
FNDA:0,EUSART_is_rx_ready_CMockIgnoreAndReturn
FNDA:0,EUSART_is_rx_ready_CMockExpectAnyArgsAndReturn
FNDA:0,EUSART_is_rx_ready_CMockExpectAndReturn
FNDA:0,EUSART_is_rx_ready_StubWithCallback
FNDA:0,EUSART_is_tx_done
FNDA:0,EUSART_is_tx_done_CMockIgnoreAndReturn
FNDA:0,EUSART_is_tx_done_CMockExpectAnyArgsAndReturn
FNDA:0,EUSART_is_tx_done_CMockExpectAndReturn
FNDA:0,EUSART_is_tx_done_StubWithCallback
FNDA:0,EUSART_Read
FNDA:0,EUSART_Read_CMockIgnoreAndReturn
FNDA:0,EUSART_Read_CMockExpectAnyArgsAndReturn
FNDA:0,EUSART_Read_CMockExpectAndReturn
FNDA:0,EUSART_Read_StubWithCallback
FNDA:16,EUSART_Write
FNDA:16,CMockExpectParameters_EUSART_Write
FNDA:0,EUSART_Write_CMockIgnore
FNDA:0,EUSART_Write_CMockExpectAnyArgs
FNDA:16,EUSART_Write_CMockExpect
FNDA:0,EUSART_Write_StubWithCallback
FNDA:0,EUSART_Write_CMockIgnoreArg_txData
FNF:35
FNH:9
DA:107,10
DA:109,10
DA:110,10
DA:111,2
DA:112,10
DA:113,10
DA:114,10
DA:115,0
DA:116,10
DA:117,0
DA:118,10
DA:119,10
DA:120,10
DA:121,0
DA:122,10
DA:123,0
DA:124,10
DA:125,10
DA:126,10
DA:127,0
DA:128,10
DA:129,0
DA:130,10
DA:131,10
DA:132,10
DA:133,0
DA:134,10
DA:135,0
DA:136,10
DA:137,10
DA:138,10
DA:139,0
DA:140,10
DA:141,0
DA:142,10
DA:143,10
DA:144,10
DA:145,0
DA:146,10
DA:148,10
DA:150,10
DA:151,10
DA:153,20
DA:155,20
DA:156,20
DA:157,20
DA:158,20
DA:159,20
DA:160,20
DA:161,20
DA:162,20
DA:163,20
DA:164,20
DA:165,20
DA:166,20
DA:167,20
DA:168,20
DA:169,20
DA:170,20
DA:171,20
DA:173,8
DA:175,8
DA:176,8
DA:177,8
DA:178,8
DA:179,8
DA:181,6
DA:182,6
DA:184,2
DA:186,0
DA:187,0
DA:189,2
DA:190,2
DA:191,2
DA:192,0
DA:193,2
DA:194,0
DA:195,2
DA:198,2
DA:200,2
DA:201,2
DA:203,0
DA:205,0
DA:206,0
DA:207,0
DA:208,0
DA:209,0
DA:210,0
DA:211,0
DA:212,0
DA:213,0
DA:214,0
DA:215,0
DA:217,2
DA:219,2
DA:220,2
DA:221,2
DA:222,2
DA:223,2
DA:224,2
DA:225,2
DA:226,2
DA:227,2
DA:228,2
DA:229,2
DA:231,0
DA:233,0
DA:234,0
DA:236,0
DA:238,0
DA:239,0
DA:240,0
DA:241,0
DA:242,0
DA:244,0
DA:245,0
DA:246,0
DA:247,0
DA:248,0
DA:250,0
DA:252,0
DA:254,0
DA:255,0
DA:256,0
DA:257,0
DA:258,0
DA:259,0
DA:260,0
DA:261,0
DA:264,0
DA:266,0
DA:267,0
DA:268,0
DA:269,0
DA:270,0
DA:271,0
DA:272,0
DA:273,0
DA:274,0
DA:275,0
DA:276,0
DA:278,0
DA:280,0
DA:281,0
DA:282,0
DA:283,0
DA:284,0
DA:285,0
DA:286,0
DA:287,0
DA:288,0
DA:289,0
DA:290,0
DA:291,0
DA:293,0
DA:295,0
DA:296,0
DA:297,0
DA:298,0
DA:299,0
DA:300,0
DA:301,0
DA:302,0
DA:303,0
DA:304,0
DA:305,0
DA:306,0
DA:308,0
DA:310,0
DA:311,0
DA:313,0
DA:315,0
DA:316,0
DA:317,0
DA:318,0
DA:319,0
DA:321,0
DA:322,0
DA:323,0
DA:324,0
DA:325,0
DA:327,0
DA:329,0
DA:331,0
DA:332,0
DA:333,0
DA:334,0
DA:335,0
DA:336,0
DA:337,0
DA:338,0
DA:341,0
DA:343,0
DA:344,0
DA:345,0
DA:346,0
DA:347,0
DA:348,0
DA:349,0
DA:350,0
DA:351,0
DA:352,0
DA:353,0
DA:355,0
DA:357,0
DA:358,0
DA:359,0
DA:360,0
DA:361,0
DA:362,0
DA:363,0
DA:364,0
DA:365,0
DA:366,0
DA:367,0
DA:368,0
DA:370,0
DA:372,0
DA:373,0
DA:374,0
DA:375,0
DA:376,0
DA:377,0
DA:378,0
DA:379,0
DA:380,0
DA:381,0
DA:382,0
DA:383,0
DA:385,0
DA:387,0
DA:388,0
DA:390,0
DA:392,0
DA:393,0
DA:394,0
DA:395,0
DA:396,0
DA:398,0
DA:399,0
DA:400,0
DA:401,0
DA:402,0
DA:404,0
DA:406,0
DA:408,0
DA:409,0
DA:410,0
DA:411,0
DA:412,0
DA:413,0
DA:414,0
DA:415,0
DA:418,0
DA:420,0
DA:421,0
DA:422,0
DA:423,0
DA:424,0
DA:425,0
DA:426,0
DA:427,0
DA:428,0
DA:429,0
DA:430,0
DA:432,0
DA:434,0
DA:435,0
DA:436,0
DA:437,0
DA:438,0
DA:439,0
DA:440,0
DA:441,0
DA:442,0
DA:443,0
DA:444,0
DA:445,0
DA:447,0
DA:449,0
DA:450,0
DA:451,0
DA:452,0
DA:453,0
DA:454,0
DA:455,0
DA:456,0
DA:457,0
DA:458,0
DA:459,0
DA:460,0
DA:462,0
DA:464,0
DA:465,0
DA:467,0
DA:469,0
DA:470,0
DA:471,0
DA:472,0
DA:473,0
DA:475,0
DA:476,0
DA:477,0
DA:478,0
DA:479,0
DA:481,0
DA:483,0
DA:485,0
DA:486,0
DA:487,0
DA:488,0
DA:489,0
DA:490,0
DA:491,0
DA:492,0
DA:495,0
DA:497,0
DA:498,0
DA:499,0
DA:500,0
DA:501,0
DA:502,0
DA:503,0
DA:504,0
DA:505,0
DA:506,0
DA:507,0
DA:509,0
DA:511,0
DA:512,0
DA:513,0
DA:514,0
DA:515,0
DA:516,0
DA:517,0
DA:518,0
DA:519,0
DA:520,0
DA:521,0
DA:522,0
DA:524,0
DA:526,0
DA:527,0
DA:528,0
DA:529,0
DA:530,0
DA:531,0
DA:532,0
DA:533,0
DA:534,0
DA:535,0
DA:536,0
DA:537,0
DA:539,0
DA:541,0
DA:542,0
DA:544,16
DA:546,16
DA:547,16
DA:548,16
DA:549,16
DA:550,16
DA:552,0
DA:553,0
DA:555,16
DA:557,0
DA:558,0
DA:560,16
DA:561,16
DA:562,16
DA:563,0
DA:564,16
DA:565,0
DA:566,16
DA:568,16
DA:570,16
DA:571,16
DA:575,16
DA:578,16
DA:580,16
DA:581,16
DA:582,16
DA:584,0
DA:586,0
DA:587,0
DA:589,0
DA:591,0
DA:592,0
DA:593,0
DA:594,0
DA:595,0
DA:596,0
DA:597,0
DA:598,0
DA:599,0
DA:600,0
DA:601,0
DA:603,16
DA:605,16
DA:606,16
DA:607,16
DA:608,16
DA:609,16
DA:610,16
DA:611,16
DA:612,16
DA:613,16
DA:614,16
DA:615,16
DA:616,16
DA:618,0
DA:620,0
DA:621,0
DA:623,0
DA:625,0
DA:626,0
DA:627,0
DA:628,0
LF:418
LH:111
end_of_record
TN:
SF:/c/Repos/RR/Pico/PP-main/unit_test_build/test/mocks/MockHardwareInterface.c
FN:70,MockHardwareInterface_Verify
FN:99,MockHardwareInterface_Init
FN:104,MockHardwareInterface_Destroy
FN:120,HardwareInterface_EnableGlobalInterrupt
FN:145,HardwareInterface_EnableGlobalInterrupt_CMockIgnore
FN:150,HardwareInterface_EnableGlobalInterrupt_CMockExpectAnyArgs
FN:164,HardwareInterface_EnableGlobalInterrupt_CMockExpect
FN:178,HardwareInterface_EnableGlobalInterrupt_StubWithCallback
FN:183,HardwareInterface_DisableGlobalInterrupt
FN:208,HardwareInterface_DisableGlobalInterrupt_CMockIgnore
FN:213,HardwareInterface_DisableGlobalInterrupt_CMockExpectAnyArgs
FN:227,HardwareInterface_DisableGlobalInterrupt_CMockExpect
FN:241,HardwareInterface_DisableGlobalInterrupt_StubWithCallback
FN:246,HardwareInterface_EnablePeripheralInterrupt
FN:271,HardwareInterface_EnablePeripheralInterrupt_CMockIgnore
FN:276,HardwareInterface_EnablePeripheralInterrupt_CMockExpectAnyArgs
FN:290,HardwareInterface_EnablePeripheralInterrupt_CMockExpect
FN:304,HardwareInterface_EnablePeripheralInterrupt_StubWithCallback
FN:309,HardwareInterface_SystemInitialise
FN:334,HardwareInterface_SystemInitialise_CMockIgnore
FN:339,HardwareInterface_SystemInitialise_CMockExpectAnyArgs
FN:353,HardwareInterface_SystemInitialise_CMockExpect
FN:367,HardwareInterface_SystemInitialise_StubWithCallback
FNDA:141,MockHardwareInterface_Verify
FNDA:141,MockHardwareInterface_Init
FNDA:282,MockHardwareInterface_Destroy
FNDA:180211,HardwareInterface_EnableGlobalInterrupt
FNDA:132,HardwareInterface_EnableGlobalInterrupt_CMockIgnore
FNDA:0,HardwareInterface_EnableGlobalInterrupt_CMockExpectAnyArgs
FNDA:0,HardwareInterface_EnableGlobalInterrupt_CMockExpect
FNDA:0,HardwareInterface_EnableGlobalInterrupt_StubWithCallback
FNDA:180110,HardwareInterface_DisableGlobalInterrupt
FNDA:127,HardwareInterface_DisableGlobalInterrupt_CMockIgnore
FNDA:0,HardwareInterface_DisableGlobalInterrupt_CMockExpectAnyArgs
FNDA:0,HardwareInterface_DisableGlobalInterrupt_CMockExpect
FNDA:0,HardwareInterface_DisableGlobalInterrupt_StubWithCallback
FNDA:101,HardwareInterface_EnablePeripheralInterrupt
FNDA:99,HardwareInterface_EnablePeripheralInterrupt_CMockIgnore
FNDA:0,HardwareInterface_EnablePeripheralInterrupt_CMockExpectAnyArgs
FNDA:0,HardwareInterface_EnablePeripheralInterrupt_CMockExpect
FNDA:0,HardwareInterface_EnablePeripheralInterrupt_StubWithCallback
FNDA:179,HardwareInterface_SystemInitialise
FNDA:99,HardwareInterface_SystemInitialise_CMockIgnore
FNDA:0,HardwareInterface_SystemInitialise_CMockExpectAnyArgs
FNDA:4,HardwareInterface_SystemInitialise_CMockExpect
FNDA:0,HardwareInterface_SystemInitialise_StubWithCallback
FNF:23
FNH:12
DA:70,141
DA:72,141
DA:73,141
DA:74,127
DA:75,141
DA:76,141
DA:77,141
DA:78,0
DA:79,141
DA:80,127
DA:81,141
DA:82,141
DA:83,141
DA:84,0
DA:85,141
DA:86,99
DA:87,141
DA:88,141
DA:89,141
DA:90,0
DA:91,141
DA:92,99
DA:93,141
DA:94,141
DA:95,141
DA:96,0
DA:97,141
DA:99,141
DA:101,141
DA:102,141
DA:104,282
DA:106,282
DA:107,282
DA:108,282
DA:109,282
DA:110,282
DA:111,282
DA:112,282
DA:113,282
DA:114,282
DA:115,282
DA:116,282
DA:117,282
DA:118,282
DA:120,180211
DA:122,180211
DA:123,180211
DA:124,180211
DA:125,180211
DA:126,180211
DA:128,180211
DA:129,180211
DA:131,0
DA:133,0
DA:134,0
DA:136,0
DA:137,0
DA:138,0
DA:139,0
DA:140,0
DA:141,0
DA:142,0
DA:145,132
DA:147,132
DA:148,132
DA:150,0
DA:152,0
DA:153,0
DA:154,0
DA:155,0
DA:156,0
DA:157,0
DA:158,0
DA:159,0
DA:160,0
DA:161,0
DA:162,0
DA:164,0
DA:166,0
DA:167,0
DA:168,0
DA:169,0
DA:170,0
DA:171,0
DA:172,0
DA:173,0
DA:174,0
DA:175,0
DA:176,0
DA:178,0
DA:180,0
DA:181,0
DA:183,180110
DA:185,180110
DA:186,180110
DA:187,180110
DA:188,180110
DA:189,180110
DA:191,180110
DA:192,180110
DA:194,0
DA:196,0
DA:197,0
DA:199,0
DA:200,0
DA:201,0
DA:202,0
DA:203,0
DA:204,0
DA:205,0
DA:208,127
DA:210,127
DA:211,127
DA:213,0
DA:215,0
DA:216,0
DA:217,0
DA:218,0
DA:219,0
DA:220,0
DA:221,0
DA:222,0
DA:223,0
DA:224,0
DA:225,0
DA:227,0
DA:229,0
DA:230,0
DA:231,0
DA:232,0
DA:233,0
DA:234,0
DA:235,0
DA:236,0
DA:237,0
DA:238,0
DA:239,0
DA:241,0
DA:243,0
DA:244,0
DA:246,101
DA:248,101
DA:249,101
DA:250,101
DA:251,101
DA:252,101
DA:254,101
DA:255,101
DA:257,0
DA:259,0
DA:260,0
DA:262,0
DA:263,0
DA:264,0
DA:265,0
DA:266,0
DA:267,0
DA:268,0
DA:271,99
DA:273,99
DA:274,99
DA:276,0
DA:278,0
DA:279,0
DA:280,0
DA:281,0
DA:282,0
DA:283,0
DA:284,0
DA:285,0
DA:286,0
DA:287,0
DA:288,0
DA:290,0
DA:292,0
DA:293,0
DA:294,0
DA:295,0
DA:296,0
DA:297,0
DA:298,0
DA:299,0
DA:300,0
DA:301,0
DA:302,0
DA:304,0
DA:306,0
DA:307,0
DA:309,179
DA:311,179
DA:312,179
DA:313,179
DA:314,179
DA:315,179
DA:317,175
DA:318,175
DA:320,4
DA:322,0
DA:323,0
DA:325,4
DA:326,4
DA:327,4
DA:328,0
DA:329,4
DA:330,0
DA:331,4
DA:334,99
DA:336,99
DA:337,99
DA:339,0
DA:341,0
DA:342,0
DA:343,0
DA:344,0
DA:345,0
DA:346,0
DA:347,0
DA:348,0
DA:349,0
DA:350,0
DA:351,0
DA:353,4
DA:355,4
DA:356,4
DA:357,4
DA:358,4
DA:359,4
DA:360,4
DA:361,4
DA:362,4
DA:363,4
DA:364,4
DA:365,4
DA:367,0
DA:369,0
DA:370,0
LF:236
LH:102
end_of_record
TN:
SF:/c/Repos/RR/Pico/PP-main/unit_test_build/test/mocks/Mocki2c.c
FN:238,Mocki2c_Verify
FN:303,Mocki2c_Init
FN:308,Mocki2c_Destroy
FN:336,I2C_Initialize
FN:361,I2C_Initialize_CMockIgnore
FN:366,I2C_Initialize_CMockExpectAnyArgs
FN:380,I2C_Initialize_CMockExpect
FN:394,I2C_Initialize_StubWithCallback
FN:399,I2C_MasterWrite
FN:464,CMockExpectParameters_I2C_MasterWrite
FN:480,I2C_MasterWrite_CMockIgnore
FN:485,I2C_MasterWrite_CMockExpectAnyArgs
FN:499,I2C_MasterWrite_CMockExpect
FN:514,I2C_MasterWrite_StubWithCallback
FN:519,I2C_MasterWrite_CMockExpectWithArray
FN:533,I2C_MasterWrite_CMockReturnMemThruPtr_pdata
FN:542,I2C_MasterWrite_CMockReturnMemThruPtr_pstatus
FN:551,I2C_MasterWrite_CMockIgnoreArg_pdata
FN:558,I2C_MasterWrite_CMockIgnoreArg_length
FN:565,I2C_MasterWrite_CMockIgnoreArg_address
FN:572,I2C_MasterWrite_CMockIgnoreArg_pstatus
FN:579,I2C_MasterRead
FN:644,CMockExpectParameters_I2C_MasterRead
FN:660,I2C_MasterRead_CMockIgnore
FN:665,I2C_MasterRead_CMockExpectAnyArgs
FN:679,I2C_MasterRead_CMockExpect
FN:694,I2C_MasterRead_StubWithCallback
FN:699,I2C_MasterRead_CMockExpectWithArray
FN:713,I2C_MasterRead_CMockReturnMemThruPtr_pdata
FN:722,I2C_MasterRead_CMockReturnMemThruPtr_pstatus
FN:731,I2C_MasterRead_CMockIgnoreArg_pdata
FN:738,I2C_MasterRead_CMockIgnoreArg_length
FN:745,I2C_MasterRead_CMockIgnoreArg_address
FN:752,I2C_MasterRead_CMockIgnoreArg_pstatus
FN:759,I2C_MasterTRBInsert
FN:819,CMockExpectParameters_I2C_MasterTRBInsert
FN:833,I2C_MasterTRBInsert_CMockIgnore
FN:838,I2C_MasterTRBInsert_CMockExpectAnyArgs
FN:852,I2C_MasterTRBInsert_CMockExpect
FN:867,I2C_MasterTRBInsert_StubWithCallback
FN:872,I2C_MasterTRBInsert_CMockExpectWithArray
FN:886,I2C_MasterTRBInsert_CMockReturnMemThruPtr_ptrb_list
FN:895,I2C_MasterTRBInsert_CMockReturnMemThruPtr_pflag
FN:904,I2C_MasterTRBInsert_CMockIgnoreArg_count
FN:911,I2C_MasterTRBInsert_CMockIgnoreArg_ptrb_list
FN:918,I2C_MasterTRBInsert_CMockIgnoreArg_pflag
FN:925,I2C_MasterReadTRBBuild
FN:990,CMockExpectParameters_I2C_MasterReadTRBBuild
FN:1006,I2C_MasterReadTRBBuild_CMockIgnore
FN:1011,I2C_MasterReadTRBBuild_CMockExpectAnyArgs
FN:1025,I2C_MasterReadTRBBuild_CMockExpect
FN:1040,I2C_MasterReadTRBBuild_StubWithCallback
FN:1045,I2C_MasterReadTRBBuild_CMockExpectWithArray
FN:1059,I2C_MasterReadTRBBuild_CMockReturnMemThruPtr_ptrb
FN:1068,I2C_MasterReadTRBBuild_CMockReturnMemThruPtr_pdata
FN:1077,I2C_MasterReadTRBBuild_CMockIgnoreArg_ptrb
FN:1084,I2C_MasterReadTRBBuild_CMockIgnoreArg_pdata
FN:1091,I2C_MasterReadTRBBuild_CMockIgnoreArg_length
FN:1098,I2C_MasterReadTRBBuild_CMockIgnoreArg_address
FN:1105,I2C_MasterWriteTRBBuild
FN:1170,CMockExpectParameters_I2C_MasterWriteTRBBuild
FN:1186,I2C_MasterWriteTRBBuild_CMockIgnore
FN:1191,I2C_MasterWriteTRBBuild_CMockExpectAnyArgs
FN:1205,I2C_MasterWriteTRBBuild_CMockExpect
FN:1220,I2C_MasterWriteTRBBuild_StubWithCallback
FN:1225,I2C_MasterWriteTRBBuild_CMockExpectWithArray
FN:1239,I2C_MasterWriteTRBBuild_CMockReturnMemThruPtr_ptrb
FN:1248,I2C_MasterWriteTRBBuild_CMockReturnMemThruPtr_pdata
FN:1257,I2C_MasterWriteTRBBuild_CMockIgnoreArg_ptrb
FN:1264,I2C_MasterWriteTRBBuild_CMockIgnoreArg_pdata
FN:1271,I2C_MasterWriteTRBBuild_CMockIgnoreArg_length
FN:1278,I2C_MasterWriteTRBBuild_CMockIgnoreArg_address
FN:1285,I2C_MasterQueueIsEmpty
FN:1313,I2C_MasterQueueIsEmpty_CMockIgnoreAndReturn
FN:1327,I2C_MasterQueueIsEmpty_CMockExpectAnyArgsAndReturn
FN:1342,I2C_MasterQueueIsEmpty_CMockExpectAndReturn
FN:1357,I2C_MasterQueueIsEmpty_StubWithCallback
FN:1362,I2C_MasterQueueIsFull
FN:1390,I2C_MasterQueueIsFull_CMockIgnoreAndReturn
FN:1404,I2C_MasterQueueIsFull_CMockExpectAnyArgsAndReturn
FN:1419,I2C_MasterQueueIsFull_CMockExpectAndReturn
FN:1434,I2C_MasterQueueIsFull_StubWithCallback
FN:1439,I2C_BusCollisionISR
FN:1464,I2C_BusCollisionISR_CMockIgnore
FN:1469,I2C_BusCollisionISR_CMockExpectAnyArgs
FN:1483,I2C_BusCollisionISR_CMockExpect
FN:1497,I2C_BusCollisionISR_StubWithCallback
FN:1502,I2C_ISR
FN:1527,I2C_ISR_CMockIgnore
FN:1532,I2C_ISR_CMockExpectAnyArgs
FN:1546,I2C_ISR_CMockExpect
FN:1560,I2C_ISR_StubWithCallback
FNDA:87,Mocki2c_Verify
FNDA:87,Mocki2c_Init
FNDA:174,Mocki2c_Destroy
FNDA:32,I2C_Initialize
FNDA:12,I2C_Initialize_CMockIgnore
FNDA:0,I2C_Initialize_CMockExpectAnyArgs
FNDA:2,I2C_Initialize_CMockExpect
FNDA:0,I2C_Initialize_StubWithCallback
FNDA:0,I2C_MasterWrite
FNDA:0,CMockExpectParameters_I2C_MasterWrite
FNDA:0,I2C_MasterWrite_CMockIgnore
FNDA:0,I2C_MasterWrite_CMockExpectAnyArgs
FNDA:0,I2C_MasterWrite_CMockExpect
FNDA:0,I2C_MasterWrite_StubWithCallback
FNDA:0,I2C_MasterWrite_CMockExpectWithArray
FNDA:0,I2C_MasterWrite_CMockReturnMemThruPtr_pdata
FNDA:0,I2C_MasterWrite_CMockReturnMemThruPtr_pstatus
FNDA:0,I2C_MasterWrite_CMockIgnoreArg_pdata
FNDA:0,I2C_MasterWrite_CMockIgnoreArg_length
FNDA:0,I2C_MasterWrite_CMockIgnoreArg_address
FNDA:0,I2C_MasterWrite_CMockIgnoreArg_pstatus
FNDA:0,I2C_MasterRead
FNDA:0,CMockExpectParameters_I2C_MasterRead
FNDA:0,I2C_MasterRead_CMockIgnore
FNDA:0,I2C_MasterRead_CMockExpectAnyArgs
FNDA:0,I2C_MasterRead_CMockExpect
FNDA:0,I2C_MasterRead_StubWithCallback
FNDA:0,I2C_MasterRead_CMockExpectWithArray
FNDA:0,I2C_MasterRead_CMockReturnMemThruPtr_pdata
FNDA:0,I2C_MasterRead_CMockReturnMemThruPtr_pstatus
FNDA:0,I2C_MasterRead_CMockIgnoreArg_pdata
FNDA:0,I2C_MasterRead_CMockIgnoreArg_length
FNDA:0,I2C_MasterRead_CMockIgnoreArg_address
FNDA:0,I2C_MasterRead_CMockIgnoreArg_pstatus
FNDA:52,I2C_MasterTRBInsert
FNDA:44,CMockExpectParameters_I2C_MasterTRBInsert
FNDA:0,I2C_MasterTRBInsert_CMockIgnore
FNDA:0,I2C_MasterTRBInsert_CMockExpectAnyArgs
FNDA:44,I2C_MasterTRBInsert_CMockExpect
FNDA:4,I2C_MasterTRBInsert_StubWithCallback
FNDA:0,I2C_MasterTRBInsert_CMockExpectWithArray
FNDA:0,I2C_MasterTRBInsert_CMockReturnMemThruPtr_ptrb_list
FNDA:44,I2C_MasterTRBInsert_CMockReturnMemThruPtr_pflag
FNDA:0,I2C_MasterTRBInsert_CMockIgnoreArg_count
FNDA:44,I2C_MasterTRBInsert_CMockIgnoreArg_ptrb_list
FNDA:44,I2C_MasterTRBInsert_CMockIgnoreArg_pflag
FNDA:18,I2C_MasterReadTRBBuild
FNDA:14,CMockExpectParameters_I2C_MasterReadTRBBuild
FNDA:6,I2C_MasterReadTRBBuild_CMockIgnore
FNDA:0,I2C_MasterReadTRBBuild_CMockExpectAnyArgs
FNDA:14,I2C_MasterReadTRBBuild_CMockExpect
FNDA:0,I2C_MasterReadTRBBuild_StubWithCallback
FNDA:0,I2C_MasterReadTRBBuild_CMockExpectWithArray
FNDA:0,I2C_MasterReadTRBBuild_CMockReturnMemThruPtr_ptrb
FNDA:8,I2C_MasterReadTRBBuild_CMockReturnMemThruPtr_pdata
FNDA:14,I2C_MasterReadTRBBuild_CMockIgnoreArg_ptrb
FNDA:8,I2C_MasterReadTRBBuild_CMockIgnoreArg_pdata
FNDA:0,I2C_MasterReadTRBBuild_CMockIgnoreArg_length
FNDA:0,I2C_MasterReadTRBBuild_CMockIgnoreArg_address
FNDA:44,I2C_MasterWriteTRBBuild
FNDA:36,CMockExpectParameters_I2C_MasterWriteTRBBuild
FNDA:6,I2C_MasterWriteTRBBuild_CMockIgnore
FNDA:0,I2C_MasterWriteTRBBuild_CMockExpectAnyArgs
FNDA:0,I2C_MasterWriteTRBBuild_CMockExpect
FNDA:0,I2C_MasterWriteTRBBuild_StubWithCallback
FNDA:36,I2C_MasterWriteTRBBuild_CMockExpectWithArray
FNDA:0,I2C_MasterWriteTRBBuild_CMockReturnMemThruPtr_ptrb
FNDA:0,I2C_MasterWriteTRBBuild_CMockReturnMemThruPtr_pdata
FNDA:36,I2C_MasterWriteTRBBuild_CMockIgnoreArg_ptrb
FNDA:0,I2C_MasterWriteTRBBuild_CMockIgnoreArg_pdata
FNDA:0,I2C_MasterWriteTRBBuild_CMockIgnoreArg_length
FNDA:0,I2C_MasterWriteTRBBuild_CMockIgnoreArg_address
FNDA:0,I2C_MasterQueueIsEmpty
FNDA:0,I2C_MasterQueueIsEmpty_CMockIgnoreAndReturn
FNDA:0,I2C_MasterQueueIsEmpty_CMockExpectAnyArgsAndReturn
FNDA:0,I2C_MasterQueueIsEmpty_CMockExpectAndReturn
FNDA:0,I2C_MasterQueueIsEmpty_StubWithCallback
FNDA:0,I2C_MasterQueueIsFull
FNDA:0,I2C_MasterQueueIsFull_CMockIgnoreAndReturn
FNDA:0,I2C_MasterQueueIsFull_CMockExpectAnyArgsAndReturn
FNDA:0,I2C_MasterQueueIsFull_CMockExpectAndReturn
FNDA:0,I2C_MasterQueueIsFull_StubWithCallback
FNDA:0,I2C_BusCollisionISR
FNDA:0,I2C_BusCollisionISR_CMockIgnore
FNDA:0,I2C_BusCollisionISR_CMockExpectAnyArgs
FNDA:0,I2C_BusCollisionISR_CMockExpect
FNDA:0,I2C_BusCollisionISR_StubWithCallback
FNDA:0,I2C_ISR
FNDA:0,I2C_ISR_CMockIgnore
FNDA:0,I2C_ISR_CMockExpectAnyArgs
FNDA:0,I2C_ISR_CMockExpect
FNDA:0,I2C_ISR_StubWithCallback
FNF:92
FNH:25
DA:238,87
DA:240,87
DA:241,87
DA:242,12
DA:243,87
DA:244,87
DA:245,87
DA:246,0
DA:247,87
DA:248,0
DA:249,87
DA:250,87
DA:251,87
DA:252,0
DA:253,87
DA:254,0
DA:255,87
DA:256,87
DA:257,87
DA:258,0
DA:259,87
DA:260,0
DA:261,87
DA:262,87
DA:263,87
DA:264,4
DA:265,87
DA:266,4
DA:267,87
DA:268,87
DA:269,87
DA:270,0
DA:271,87
DA:272,4
DA:273,87
DA:274,87
DA:275,87
DA:276,0
DA:277,87
DA:278,0
DA:279,87
DA:280,87
DA:281,87
DA:282,0
DA:283,87
DA:284,0
DA:285,87
DA:286,87
DA:287,87
DA:288,0
DA:289,87
DA:290,0
DA:291,87
DA:292,87
DA:293,87
DA:294,0
DA:295,87
DA:296,0
DA:297,87
DA:298,87
DA:299,87
DA:300,0
DA:301,87
DA:303,87
DA:305,87
DA:306,87
DA:308,174
DA:310,174
DA:311,174
DA:312,174
DA:313,174
DA:314,174
DA:315,174
DA:316,174
DA:317,174
DA:318,174
DA:319,174
DA:320,174
DA:321,174
DA:322,174
DA:323,174
DA:324,174
DA:325,174
DA:326,174
DA:327,174
DA:328,174
DA:329,174
DA:330,174
DA:331,174
DA:332,174
DA:333,174
DA:334,174
DA:336,32
DA:338,32
DA:339,32
DA:340,32
DA:341,32
DA:342,32
DA:344,30
DA:345,30
DA:347,2
DA:349,0
DA:350,0
DA:352,2
DA:353,2
DA:354,2
DA:355,0
DA:356,2
DA:357,0
DA:358,2
DA:361,12
DA:363,12
DA:364,12
DA:366,0
DA:368,0
DA:369,0
DA:370,0
DA:371,0
DA:372,0
DA:373,0
DA:374,0
DA:375,0
DA:376,0
DA:377,0
DA:378,0
DA:380,2
DA:382,2
DA:383,2
DA:384,2
DA:385,2
DA:386,2
DA:387,2
DA:388,2
DA:389,2
DA:390,2
DA:391,2
DA:392,2
DA:394,0
DA:396,0
DA:397,0
DA:399,0
DA:401,0
DA:402,0
DA:403,0
DA:404,0
DA:405,0
DA:407,0
DA:408,0
DA:410,0
DA:412,0
DA:413,0
DA:415,0
DA:416,0
DA:417,0
DA:418,0
DA:419,0
DA:420,0
DA:421,0
DA:423,0
DA:425,0
DA:426,0
DA:427,0
DA:429,0
DA:431,0
DA:433,0
DA:434,0
DA:436,0
DA:438,0
DA:439,0
DA:441,0
DA:443,0
DA:444,0
DA:445,0
DA:447,0
DA:451,0
DA:453,0
DA:454,0
DA:456,0
DA:458,0
DA:459,0
DA:461,0
DA:464,0
DA:466,0
DA:467,0
DA:468,0
DA:469,0
DA:470,0
DA:471,0
DA:472,0
DA:473,0
DA:474,0
DA:475,0
DA:476,0
DA:477,0
DA:478,0
DA:480,0
DA:482,0
DA:483,0
DA:485,0
DA:487,0
DA:488,0
DA:489,0
DA:490,0
DA:491,0
DA:492,0
DA:493,0
DA:494,0
DA:495,0
DA:496,0
DA:497,0
DA:499,0
DA:501,0
DA:502,0
DA:503,0
DA:504,0
DA:505,0
DA:506,0
DA:507,0
DA:508,0
DA:509,0
DA:510,0
DA:511,0
DA:512,0
DA:514,0
DA:516,0
DA:517,0
DA:519,0
DA:521,0
DA:522,0
DA:523,0
DA:524,0
DA:525,0
DA:526,0
DA:527,0
DA:528,0
DA:529,0
DA:530,0
DA:531,0
DA:533,0
DA:535,0
DA:536,0
DA:537,0
DA:538,0
DA:539,0
DA:540,0
DA:542,0
DA:544,0
DA:545,0
DA:546,0
DA:547,0
DA:548,0
DA:549,0
DA:551,0
DA:553,0
DA:554,0
DA:555,0
DA:556,0
DA:558,0
DA:560,0
DA:561,0
DA:562,0
DA:563,0
DA:565,0
DA:567,0
DA:568,0
DA:569,0
DA:570,0
DA:572,0
DA:574,0
DA:575,0
DA:576,0
DA:577,0
DA:579,0
DA:581,0
DA:582,0
DA:583,0
DA:584,0
DA:585,0
DA:587,0
DA:588,0
DA:590,0
DA:592,0
DA:593,0
DA:595,0
DA:596,0
DA:597,0
DA:598,0
DA:599,0
DA:600,0
DA:601,0
DA:603,0
DA:605,0
DA:606,0
DA:607,0
DA:609,0
DA:611,0
DA:613,0
DA:614,0
DA:616,0
DA:618,0
DA:619,0
DA:621,0
DA:623,0
DA:624,0
DA:625,0
DA:627,0
DA:631,0
DA:633,0
DA:634,0
DA:636,0
DA:638,0
DA:639,0
DA:641,0
DA:644,0
DA:646,0
DA:647,0
DA:648,0
DA:649,0
DA:650,0
DA:651,0
DA:652,0
DA:653,0
DA:654,0
DA:655,0
DA:656,0
DA:657,0
DA:658,0
DA:660,0
DA:662,0
DA:663,0
DA:665,0
DA:667,0
DA:668,0
DA:669,0
DA:670,0
DA:671,0
DA:672,0
DA:673,0
DA:674,0
DA:675,0
DA:676,0
DA:677,0
DA:679,0
DA:681,0
DA:682,0
DA:683,0
DA:684,0
DA:685,0
DA:686,0
DA:687,0
DA:688,0
DA:689,0
DA:690,0
DA:691,0
DA:692,0
DA:694,0
DA:696,0
DA:697,0
DA:699,0
DA:701,0
DA:702,0
DA:703,0
DA:704,0
DA:705,0
DA:706,0
DA:707,0
DA:708,0
DA:709,0
DA:710,0
DA:711,0
DA:713,0
DA:715,0
DA:716,0
DA:717,0
DA:718,0
DA:719,0
DA:720,0
DA:722,0
DA:724,0
DA:725,0
DA:726,0
DA:727,0
DA:728,0
DA:729,0
DA:731,0
DA:733,0
DA:734,0
DA:735,0
DA:736,0
DA:738,0
DA:740,0
DA:741,0
DA:742,0
DA:743,0
DA:745,0
DA:747,0
DA:748,0
DA:749,0
DA:750,0
DA:752,0
DA:754,0
DA:755,0
DA:756,0
DA:757,0
DA:759,52
DA:761,52
DA:762,52
DA:763,52
DA:764,52
DA:765,52
DA:767,0
DA:768,0
DA:770,52
DA:772,8
DA:773,8
DA:775,44
DA:776,44
DA:777,44
DA:778,0
DA:779,44
DA:780,0
DA:781,44
DA:783,44
DA:785,44
DA:786,44
DA:788,44
DA:790,0
DA:791,0
DA:792,0
DA:794,0
DA:796,44
DA:798,0
DA:799,0
DA:800,0
DA:802,0
DA:806,44
DA:808,0
DA:809,0
DA:811,44
DA:813,44
DA:814,44
DA:816,44
DA:819,44
DA:821,44
DA:822,44
DA:823,44
DA:824,44
DA:825,44
DA:826,44
DA:827,44
DA:828,44
DA:829,44
DA:830,44
DA:831,44
DA:833,0
DA:835,0
DA:836,0
DA:838,0
DA:840,0
DA:841,0
DA:842,0
DA:843,0
DA:844,0
DA:845,0
DA:846,0
DA:847,0
DA:848,0
DA:849,0
DA:850,0
DA:852,44
DA:854,44
DA:855,44
DA:856,44
DA:857,44
DA:858,44
DA:859,44
DA:860,44
DA:861,44
DA:862,44
DA:863,44
DA:864,44
DA:865,44
DA:867,4
DA:869,4
DA:870,4
DA:872,0
DA:874,0
DA:875,0
DA:876,0
DA:877,0
DA:878,0
DA:879,0
DA:880,0
DA:881,0
DA:882,0
DA:883,0
DA:884,0
DA:886,0
DA:888,0
DA:889,0
DA:890,0
DA:891,0
DA:892,0
DA:893,0
DA:895,44
DA:897,44
DA:898,44
DA:899,44
DA:900,44
DA:901,44
DA:902,44
DA:904,0
DA:906,0
DA:907,0
DA:908,0
DA:909,0
DA:911,44
DA:913,44
DA:914,44
DA:915,44
DA:916,44
DA:918,44
DA:920,44
DA:921,44
DA:922,44
DA:923,44
DA:925,18
DA:927,18
DA:928,18
DA:929,18
DA:930,18
DA:931,18
DA:933,4
DA:934,4
DA:936,14
DA:938,0
DA:939,0
DA:941,14
DA:942,14
DA:943,14
DA:944,0
DA:945,14
DA:946,0
DA:947,14
DA:949,14
DA:951,0
DA:952,0
DA:953,0
DA:955,0
DA:957,14
DA:959,6
DA:960,6
DA:961,0
DA:963,6
DA:965,14
DA:967,14
DA:968,14
DA:970,14
DA:972,14
DA:973,14
DA:977,14
DA:979,0
DA:980,0
DA:982,14
DA:984,8
DA:985,8
DA:987,14
DA:990,14
DA:992,14
DA:993,14
DA:994,14
DA:995,14
DA:996,14
DA:997,14
DA:998,14
DA:999,14
DA:1000,14
DA:1001,14
DA:1002,14
DA:1003,14
DA:1004,14
DA:1006,6
DA:1008,6
DA:1009,6
DA:1011,0
DA:1013,0
DA:1014,0
DA:1015,0
DA:1016,0
DA:1017,0
DA:1018,0
DA:1019,0
DA:1020,0
DA:1021,0
DA:1022,0
DA:1023,0
DA:1025,14
DA:1027,14
DA:1028,14
DA:1029,14
DA:1030,14
DA:1031,14
DA:1032,14
DA:1033,14
DA:1034,14
DA:1035,14
DA:1036,14
DA:1037,14
DA:1038,14
DA:1040,0
DA:1042,0
DA:1043,0
DA:1045,0
DA:1047,0
DA:1048,0
DA:1049,0
DA:1050,0
DA:1051,0
DA:1052,0
DA:1053,0
DA:1054,0
DA:1055,0
DA:1056,0
DA:1057,0
DA:1059,0
DA:1061,0
DA:1062,0
DA:1063,0
DA:1064,0
DA:1065,0
DA:1066,0
DA:1068,8
DA:1070,8
DA:1071,8
DA:1072,8
DA:1073,8
DA:1074,8
DA:1075,8
DA:1077,14
DA:1079,14
DA:1080,14
DA:1081,14
DA:1082,14
DA:1084,8
DA:1086,8
DA:1087,8
DA:1088,8
DA:1089,8
DA:1091,0
DA:1093,0
DA:1094,0
DA:1095,0
DA:1096,0
DA:1098,0
DA:1100,0
DA:1101,0
DA:1102,0
DA:1103,0
DA:1105,44
DA:1107,44
DA:1108,44
DA:1109,44
DA:1110,44
DA:1111,44
DA:1113,8
DA:1114,8
DA:1116,36
DA:1118,0
DA:1119,0
DA:1121,36
DA:1122,36
DA:1123,36
DA:1124,0
DA:1125,36
DA:1126,0
DA:1127,36
DA:1129,36
DA:1131,0
DA:1132,0
DA:1133,0
DA:1135,0
DA:1137,36
DA:1139,36
DA:1140,36
DA:1141,0
[...]
FNDA:2,Stub_DeviceStatus_SetCheckStatusAlert
FNDA:0,Stub_DeviceStatus_GetCheckStatusAlert
FNDA:242,Stub_DeviceStatus_SetPressureSensorIsReading
FNDA:44,setUp
FNDA:44,tearDown
FNDA:2,test_InitialiseInternalVariablesAndReturnOk
FNDA:2,test_InvalidParameterForDeliveryTherapyStateFunctionThatReurnsAnError
FNDA:2,test_TherapyDeliveryStateReturnsInvalidInputParameter
FNDA:2,test_TherapyDeliveryOnEntryFromDifferntState
FNDA:2,test_TherapyDeliveryDetectLeakAndGoIntoFault
FNDA:2,test_TherapyDeliveryStopAndEnterNREWhenReliablePreassureAndTemperatureReadingsCantBeObtainedFromSensorsExtInitalise
FNDA:2,test_TherapyDeliveryStopAndEnterNREWhenReliablePreassureAndTemperatureReadingsCantBeObtainedFromSensorsExtStart
FNDA:2,test_TherapyDeliveryStopAndEnterNREWhenReliablePreassureAndTemperatureReadingsCantBeObtainedFromSensorsExtNotReady
FNDA:2,test_TherapyDeliveryStopAndEnterNREWhenReliablePreassureAndTemperatureReadingsCantBeObtainedFromSensorsExtReadExtReadFail
FNDA:2,test_TherapyDeliveryStopAndEnterNREWhenReliablePreassureAndTemperatureReadingsCantBeObtainedFromSensorsIntInitalise
FNDA:2,test_TherapyDeliveryStopAndEnterNREWhenReliablePreassureAndTemperatureReadingsCantBeObtainedFromSensorsIntStart
FNDA:2,test_TherapyDeliveryStopAndEnterNREWhenReliablePreassureAndTemperatureReadingsCantBeObtainedFromSensorsIntNotReady
FNDA:2,test_TherapyDeliveryStopAndEnterNREWhenReliablePreassureAndTemperatureReadingsCantBeObtainedFromSensorsIntReadIntReadFail
FNDA:2,test_TherapyDeliveryDetectExternalTemperatureThreshholdAndEnterNRE
FNDA:2,test_TherapyDeliveryDetectInternalTemperatureThreshholdAndEnterNRE
FNDA:2,test_TherapyDeliveryDetectsShortButtonPressAndEnablesTheAlertsForTheDeviceStatusCheck
FNDA:2,test_TherapyDeliveryDetectLongButtonPressAndEventuallyGoesInShutdown
FNDA:2,test_TherapyDeliveryVacuumAtTargetValueDoNotPumpOn
FNDA:2,test_TherapyDeliveryVacuumBelowTargetValueThereforeDoPumpOn
FNDA:2,test_TherapyDeliveryUpdateTargetVacuumPeriodicallyToSaveBattery
FNDA:2,test_TherapyDeliveryFailToActivatePumpAndGoToEitherFaultOrNonRecoverableError
FNDA:2,test_TherapyDeliveryDetectHighExternalPressureAndGoIntoFault
FNF:33
FNH:32
DA:52,38
DA:55,38
DA:56,38
DA:57,38
DA:60,38
DA:61,38
DA:65,66
DA:67,66
DA:69,66
DA:71,66
DA:73,0
DA:77,66
DA:78,66
DA:79,66
DA:80,66
DA:83,66
DA:86,64
DA:88,64
DA:91,156
DA:93,156
DA:96,50
DA:98,50
DA:101,152
DA:103,152
DA:106,2
DA:108,2
DA:109,2
DA:111,0
DA:113,0
DA:116,242
DA:118,242
DA:119,242
DA:121,44
DA:123,44
DA:124,44
DA:125,44
DA:126,44
DA:127,44
DA:128,44
DA:129,44
DA:130,44
DA:132,44
DA:133,44
DA:134,44
DA:135,44
DA:136,44
DA:137,44
DA:138,44
DA:139,44
DA:140,44
DA:142,44
DA:143,44
DA:146,2
DA:148,2
DA:149,2
DA:151,2
DA:152,2
DA:155,2
DA:157,2
DA:158,0
DA:159,0
DA:162,2
DA:164,2
DA:165,2
DA:166,2
DA:167,2
DA:169,2
DA:170,2
DA:171,2
DA:176,2
DA:181,2
DA:182,2
DA:183,2
DA:184,2
DA:185,2
DA:186,2
DA:187,2
DA:188,2
DA:189,2
DA:190,2
DA:192,2
DA:193,2
DA:197,2
DA:198,2
DA:199,2
DA:200,2
DA:201,2
DA:202,2
DA:203,2
DA:204,2
DA:205,2
DA:207,2
DA:208,2
DA:209,2
DA:213,2
DA:216,2
DA:219,2
DA:220,2
DA:221,2
DA:222,2
DA:223,2
DA:224,2
DA:225,2
DA:226,2
DA:227,2
DA:229,2
DA:230,2
DA:231,2
DA:234,2
DA:237,2
DA:239,2
DA:240,2
DA:241,2
DA:242,2
DA:243,2
DA:244,2
DA:245,2
DA:246,2
DA:247,2
DA:248,2
DA:250,2
DA:251,2
DA:252,2
DA:253,2
DA:256,2
DA:259,2
DA:261,2
DA:262,2
DA:263,2
DA:264,2
DA:265,2
DA:266,2
DA:267,2
DA:268,2
DA:269,2
DA:270,2
DA:272,2
DA:273,2
DA:274,2
DA:276,2
DA:279,2
DA:282,2
DA:284,2
DA:285,2
DA:286,2
DA:287,2
DA:288,2
DA:289,2
DA:290,2
DA:291,2
DA:292,2
DA:293,2
DA:295,2
DA:296,2
DA:297,2
DA:299,2
DA:302,2
DA:305,2
DA:307,2
DA:308,2
DA:309,2
DA:310,2
DA:311,2
DA:312,2
DA:313,2
DA:314,2
DA:315,2
DA:316,2
DA:318,2
DA:319,2
DA:320,2
DA:322,2
DA:325,2
DA:328,2
DA:330,2
DA:331,2
DA:332,2
DA:333,2
DA:334,2
DA:335,2
DA:336,2
DA:337,2
DA:338,2
DA:339,2
DA:341,2
DA:342,2
DA:343,2
DA:344,2
DA:347,2
DA:350,2
DA:352,2
DA:353,2
DA:354,2
DA:355,2
DA:356,2
DA:357,2
DA:358,2
DA:359,2
DA:360,2
DA:361,2
DA:363,2
DA:364,2
DA:365,2
DA:367,2
DA:370,2
DA:373,2
DA:375,2
DA:376,2
DA:377,2
DA:378,2
DA:379,2
DA:380,2
DA:381,2
DA:382,2
DA:383,2
DA:384,2
DA:386,2
DA:387,2
DA:388,2
DA:390,2
DA:393,2
DA:396,2
DA:398,2
DA:399,2
DA:400,2
DA:401,2
DA:402,2
DA:403,2
DA:404,2
DA:405,2
DA:406,2
DA:407,2
DA:409,2
DA:410,2
DA:411,2
DA:413,2
DA:416,2
DA:419,2
DA:421,2
DA:422,2
DA:423,2
DA:424,2
DA:425,2
DA:426,2
DA:427,2
DA:429,2
DA:430,2
DA:431,2
DA:432,2
DA:434,2
DA:435,2
DA:437,2
DA:440,2
DA:443,2
DA:445,2
DA:446,2
DA:447,2
DA:448,2
DA:450,2
DA:451,2
DA:452,2
DA:454,2
DA:455,2
DA:456,2
DA:458,2
DA:460,2
DA:462,2
DA:464,2
DA:468,2
DA:472,2
DA:473,2
DA:474,2
DA:475,2
DA:476,2
DA:477,2
DA:478,2
DA:480,2
DA:481,2
DA:485,2
DA:486,2
DA:487,2
DA:489,2
DA:490,2
DA:491,2
DA:496,42
DA:498,40
DA:499,40
DA:500,40
DA:502,40
DA:503,40
DA:504,40
DA:506,2
DA:510,2
DA:514,2
DA:515,2
DA:516,2
DA:517,2
DA:518,2
DA:519,2
DA:521,2
DA:522,2
DA:527,2
DA:528,2
DA:529,2
DA:531,2
DA:532,2
DA:533,2
DA:539,2
DA:542,2
DA:546,2
DA:547,2
DA:548,2
DA:549,2
DA:550,2
DA:551,2
DA:552,2
DA:553,2
DA:554,2
DA:555,2
DA:557,2
DA:558,2
DA:562,2
DA:563,2
DA:564,2
DA:566,2
DA:567,2
DA:568,2
DA:574,2
DA:577,2
DA:581,2
DA:582,2
DA:583,2
DA:584,2
DA:585,2
DA:586,2
DA:587,2
DA:588,2
DA:589,2
DA:590,2
DA:592,2
DA:593,2
DA:597,2
DA:598,2
DA:599,2
DA:600,2
DA:601,2
DA:603,2
DA:604,2
DA:608,2
DA:609,2
DA:610,2
DA:612,2
DA:613,2
DA:614,2
DA:621,2
DA:624,2
DA:626,54
DA:628,52
DA:629,52
DA:630,52
DA:631,52
DA:634,52
DA:636,4
DA:639,52
DA:640,52
DA:641,52
DA:642,52
DA:643,52
DA:644,52
DA:646,52
DA:647,52
DA:649,2
DA:654,2
DA:656,2
DA:657,2
DA:658,2
DA:660,10
DA:663,8
DA:667,8
DA:668,8
DA:669,8
DA:670,8
DA:671,8
DA:672,8
DA:673,8
DA:674,8
DA:675,8
DA:676,8
DA:678,8
DA:679,8
DA:682,8
DA:685,2
DA:686,2
DA:687,2
DA:689,2
DA:690,2
DA:691,2
DA:693,2
DA:694,2
DA:695,2
DA:698,2
DA:701,2
DA:702,2
DA:704,8
DA:705,8
DA:706,8
DA:707,8
DA:709,6
DA:711,8
DA:713,8
DA:714,8
DA:716,2
DA:721,2
DA:724,2
DA:727,2
DA:728,2
DA:731,2
DA:732,2
DA:733,2
DA:734,2
DA:735,2
DA:736,2
DA:737,2
DA:738,2
DA:739,2
DA:741,2
DA:742,2
DA:743,2
LF:428
LH:423
end_of_record
TN:
SF:/c/Repos/RR/Pico/PP-main/unit_test_build/test/runners/test_StateMachineTherapyDelivery_runner.c
FN:73,CMock_Init
FN:89,CMock_Verify
FN:102,CMock_Destroy
FN:118,resetTest
FN:129,main
FNDA:44,CMock_Init
FNDA:44,CMock_Verify
FNDA:44,CMock_Destroy
FNDA:0,resetTest
FNDA:4,main
FNF:5
FNH:4
DA:73,44
DA:75,44
DA:76,44
DA:77,44
DA:78,44
DA:79,44
DA:80,44
DA:81,44
DA:82,44
DA:83,44
DA:84,44
DA:85,44
DA:86,44
DA:87,44
DA:88,44
DA:89,44
DA:91,44
DA:92,44
DA:93,44
DA:94,44
DA:95,44
DA:96,44
DA:97,44
DA:98,44
DA:99,44
DA:100,44
DA:101,44
DA:102,44
DA:104,44
DA:105,44
DA:106,44
DA:107,44
DA:108,44
DA:109,44
DA:110,44
DA:111,44
DA:112,44
DA:113,44
DA:114,44
DA:118,0
DA:120,0
DA:121,0
DA:122,0
DA:123,0
DA:124,0
DA:125,0
DA:129,2
DA:131,2
DA:132,2
DA:133,2
DA:134,2
DA:135,2
DA:136,2
DA:137,2
DA:138,2
DA:139,2
DA:140,2
DA:141,2
DA:142,2
DA:143,2
DA:144,2
DA:145,2
DA:146,2
DA:147,2
DA:148,2
DA:149,2
DA:150,2
DA:151,2
DA:152,2
DA:153,2
DA:155,2
DA:156,2
LF:72
LH:65
end_of_record
TN:
SF:/c/Repos/RR/Pico/PP-main/unit_test_build/test/runners/test_StateMachine_runner.c
FN:54,CMock_Init
FN:68,CMock_Verify
FN:79,CMock_Destroy
FN:93,resetTest
FN:104,main
FNDA:10,CMock_Init
FNDA:10,CMock_Verify
FNDA:10,CMock_Destroy
FNDA:0,resetTest
FNDA:2,main
FNF:5
FNH:4
DA:54,10
DA:56,10
DA:57,10
DA:58,10
DA:59,10
DA:60,10
DA:61,10
DA:62,10
DA:63,10
DA:64,10
DA:65,10
DA:66,10
DA:67,10
DA:68,10
DA:70,10
DA:71,10
DA:72,10
DA:73,10
DA:74,10
DA:75,10
DA:76,10
DA:77,10
DA:78,10
DA:79,10
DA:81,10
DA:82,10
DA:83,10
DA:84,10
DA:85,10
DA:86,10
DA:87,10
DA:88,10
DA:89,10
DA:93,0
DA:95,0
DA:96,0
DA:97,0
DA:98,0
DA:99,0
DA:100,0
DA:104,2
DA:106,2
DA:107,2
DA:108,2
DA:109,2
DA:110,2
DA:111,2
DA:113,2
DA:114,2
LF:49
LH:42
end_of_record
TN:
SF:/c/Repos/RR/Pico/PP-main/test/unit_test/devices/test_Transmit.c
FN:24,setUp
FN:28,tearDown
FN:33,test_InitDoesNothing
FN:40,test_TransmitDoesRangeCheckingOnDataPointer
FN:47,test_TransmitDoesRangeCheckingonDataSize
FN:56,test_TransmitCallsEUSARTWriteForEachCharacter
FNDA:8,setUp
FNDA:8,tearDown
FNDA:2,test_InitDoesNothing
FNDA:2,test_TransmitDoesRangeCheckingOnDataPointer
FNDA:2,test_TransmitDoesRangeCheckingonDataSize
FNDA:2,test_TransmitCallsEUSARTWriteForEachCharacter
FNF:6
FNH:6
DA:24,8
DA:26,8
DA:28,8
DA:29,8
DA:33,2
DA:35,2
DA:36,2
DA:37,2
DA:40,2
DA:42,2
DA:43,2
DA:44,0
DA:45,0
DA:47,2
DA:49,2
DA:50,2
DA:51,0
DA:52,0
DA:56,2
DA:58,2
DA:59,2
DA:61,2
DA:62,2
DA:63,2
DA:64,2
DA:65,2
DA:66,2
DA:67,2
LF:28
LH:24
end_of_record
TN:
SF:/c/Repos/RR/Pico/PP-main/unit_test_build/test/runners/test_Transmit_runner.c
FN:46,CMock_Init
FN:53,CMock_Verify
FN:57,CMock_Destroy
FN:64,resetTest
FN:75,main
FNDA:8,CMock_Init
FNDA:8,CMock_Verify
FNDA:8,CMock_Destroy
FNDA:0,resetTest
FNDA:6,main
FNF:5
FNH:4
DA:46,8
DA:48,8
DA:49,8
DA:50,8
DA:51,8
DA:52,8
DA:53,8
DA:55,8
DA:56,8
DA:57,8
DA:59,8
DA:60,8
DA:64,0
DA:66,0
DA:67,0
DA:68,0
DA:69,0
DA:70,0
DA:71,0
DA:75,2
DA:77,2
DA:78,2
DA:79,2
DA:80,2
DA:81,2
DA:83,2
DA:84,2
LF:27
LH:20
end_of_record
TN:
SF:/c/Repos/RR/Pico/PP-main/test/unit_test/devices/test_UIInterfaces.c
FN:28,StubLED_SetGreen
FN:33,StubLED_SetOrange
FN:40,setUp
FN:49,tearDown
FN:53,test_SetLEDToOrangeEnablesPowerAndDrivesLEDOrange
FN:65,test_SetLEDToGreenEnablesPowerAndDrivesLEDGreen
FN:87,test_SetLEDDisablesLEDAtOffPeriod
FN:113,test_PushButtonPressed
FN:122,test_FlashPattern
FN:149,test_FlashPatternForTwoLeds
FNDA:188,StubLED_SetGreen
FNDA:188,StubLED_SetOrange
FNDA:12,setUp
FNDA:12,tearDown
FNDA:2,test_SetLEDToOrangeEnablesPowerAndDrivesLEDOrange
FNDA:2,test_SetLEDToGreenEnablesPowerAndDrivesLEDGreen
FNDA:2,test_SetLEDDisablesLEDAtOffPeriod
FNDA:2,test_PushButtonPressed
FNDA:2,test_FlashPattern
FNDA:2,test_FlashPatternForTwoLeds
FNF:10
FNH:10
DA:28,188
DA:30,188
DA:31,188
DA:33,188
DA:35,188
DA:36,188
DA:40,12
DA:42,12
DA:43,12
DA:44,12
DA:45,12
DA:46,12
DA:47,12
DA:49,12
DA:50,12
DA:53,2
DA:55,2
DA:56,2
DA:58,2
DA:60,2
DA:61,2
DA:62,2
DA:63,2
DA:65,2
DA:67,2
DA:68,2
DA:70,2
DA:72,2
DA:73,2
DA:74,2
DA:85,2
DA:87,2
DA:94,2
DA:95,2
DA:98,2
DA:99,2
DA:100,2
DA:101,2
DA:104,2
DA:105,2
DA:108,2
DA:109,2
DA:110,2
DA:111,2
DA:113,2
DA:115,2
DA:116,2
DA:118,2
DA:119,2
DA:120,2
DA:122,2
DA:124,2
DA:126,2
DA:127,2
DA:129,2
DA:131,12
DA:133,40
DA:135,30
DA:137,30
DA:140,60
DA:142,50
DA:144,50
DA:147,2
DA:149,2
DA:151,2
DA:153,2
DA:154,2
DA:155,2
DA:156,2
DA:158,2
DA:159,2
DA:161,102
DA:163,100
DA:165,100
DA:166,100
DA:171,2
LF:76
LH:76
end_of_record
TN:
SF:/c/Repos/RR/Pico/PP-main/unit_test_build/test/runners/test_UIInterfaces_runner.c
FN:51,CMock_Init
FN:61,CMock_Verify
FN:68,CMock_Destroy
FN:78,resetTest
FN:89,main
FNDA:12,CMock_Init
FNDA:12,CMock_Verify
FNDA:12,CMock_Destroy
FNDA:0,resetTest
FNDA:2,main
FNF:5
FNH:4
DA:51,12
DA:53,12
DA:54,12
DA:55,12
DA:56,12
DA:57,12
DA:58,12
DA:59,12
DA:60,12
DA:61,12
DA:63,12
DA:64,12
DA:65,12
DA:66,12
DA:67,12
DA:68,12
DA:70,12
DA:71,12
DA:72,12
DA:73,12
DA:74,12
DA:78,0
DA:80,0
DA:81,0
DA:82,0
DA:83,0
DA:84,0
DA:85,0
DA:89,2
DA:91,2
DA:92,2
DA:93,2
DA:94,2
DA:95,2
DA:96,2
DA:97,2
DA:99,2
DA:100,2
LF:38
LH:31
end_of_record
TN:
SF:/c/Repos/RR/Pico/PP-main/sourcePico/devices/Timer.c
FN:51,TMR1_CallBack
FN:70,TimerCounters_Init
FN:91,TimerCounter_Start
FN:120,TimerCounter_Disable
FN:135,TimerCounter_Status
FN:173,TimerCounter_GetTimeout
FN:197,TimerCounters_Update
FN:223,PM_Delay
FN:244,PM_GetT1Flag
FNDA:607792,TMR1_CallBack
FNDA:134,TimerCounters_Init
FNDA:1246,TimerCounter_Start
FNDA:1802,TimerCounter_Disable
FNDA:168972,TimerCounter_Status
FNDA:11012,TimerCounter_GetTimeout
FNDA:607792,TimerCounters_Update
FNDA:74822,PM_Delay
FNDA:605752,PM_GetT1Flag
FNF:9
FNH:9
DA:51,607792
DA:53,607792
DA:55,607792
DA:56,607792
DA:70,134
DA:72,134
DA:74,536
DA:76,402
DA:77,402
DA:80,134
DA:81,134
DA:91,1246
DA:93,1246
DA:95,1246
DA:96,1246
DA:98,1246
DA:100,1246
DA:101,1246
DA:105,0
DA:108,1246
DA:120,1802
DA:122,1802
DA:123,1802
DA:124,1802
DA:135,168972
DA:137,168972
DA:139,168972
DA:141,168972
DA:143,168964
DA:144,168964
DA:145,168964
DA:147,168964
DA:149,167962
DA:153,1002
DA:158,8
DA:161,168972
DA:173,11012
DA:175,11012
DA:177,11012
DA:179,11012
DA:181,11012
DA:182,11012
DA:183,11012
DA:186,11012
DA:197,607792
DA:199,2431168
DA:201,1823376
DA:203,1632730
DA:206,190646
DA:208,182006
DA:211,607792
DA:223,74822
DA:226,1643532
DA:229,1493888
DA:230,1493888
DA:235,74822
DA:244,605752
DA:246,605752
DA:248,605752
DA:250,605752
DA:251,605752
DA:254,605752
LF:62
LH:61
end_of_record
TN:
SF:/c/Repos/RR/Pico/PP-main/sourcePico/devices/Transmit.c
FN:31,TX_Init
FN:47,TX_Write
FNDA:8,TX_Init
FNDA:8,TX_Write
FNF:2
FNH:2
DA:31,8
DA:33,8
DA:34,8
DA:47,8
DA:49,8
DA:50,6
DA:52,20
DA:54,16
DA:57,4
LF:9
LH:9
end_of_record
TN:
SF:/c/Repos/RR/Pico/PP-main/sourcePico/devices/UIInterfaces.c
FN:52,UI_SetLED
FN:75,UI_GetPeriodCount
FN:91,UI_UpdateLEDs
FN:120,UI_IsPushButtonPressed
FN:127,UI_UpdatedSingleLED
FNDA:1039102,UI_SetLED
FNDA:12248,UI_GetPeriodCount
FNDA:605550,UI_UpdateLEDs
FNDA:4,UI_IsPushButtonPressed
FNDA:1211100,UI_UpdatedSingleLED
FNF:5
FNH:5
DA:52,1039102
DA:54,1039102
DA:56,1039102
DA:57,1039102
DA:58,1039102
DA:59,1039102
DA:61,1039102
DA:75,12248
DA:77,12248
DA:79,12248
DA:82,0
DA:91,605550
DA:93,605550
DA:95,1816650
DA:98,1211100
DA:100,12334
DA:104,605550
DA:106,12318
DA:109,605550
DA:120,4
DA:122,4
DA:127,1211100
DA:133,1211100
DA:134,1211100
DA:136,1211100
DA:138,1130760
DA:139,1130760
DA:141,1211100
LF:28
LH:27
end_of_record
TN:
SF:/c/Repos/RR/Pico/PP-main/vendor/ceedling/vendor/unity/src/unity.c
FN:80,UnityPrint
FN:117,UnityPrintLen
FN:154,UnityPrintNumberByStyle
FN:171,UnityPrintNumber
FN:186,UnityPrintNumberUnsigned
FN:206,UnityPrintNumberHex
FN:228,UnityPrintMask
FN:277,UnityPrintFail
FN:283,UnityPrintOk
FN:290,UnityTestResultsBegin
FN:307,UnityTestResultsFailBegin
FN:319,UnityConcludeTest
FN:343,UnityAddMsgIfSpecified
FN:367,UnityPrintExpectedAndActualStrings
FN:394,UnityPrintExpectedAndActualStringsLen
FN:426,UnityCheckArraysForNull
FN:458,UnityAssertBits
FN:479,UnityAssertEqualNumber
FN:507,UnityAssertEqualIntArray
FN:622,UnityAssertEqualFloatArray
FN:675,UnityAssertFloatsWithin
FN:713,UnityAssertFloatSpecial
FN:945,UnityAssertNumbersWithin
FN:984,UnityAssertEqualString
FN:1023,UnityAssertEqualStringLen
FN:1064,UnityAssertEqualStringArray
FN:1121,UnityAssertEqualMemory
FN:1179,UnityFail
FN:1213,UnityIgnore
FN:1230,setUp
FN:1231,tearDown
FN:1239,UnityDefaultTestRun
FN:1258,UnityBegin
FN:1274,UnityEnd
FNDA:2344,UnityPrint
FNDA:0,UnityPrintLen
FNDA:0,UnityPrintNumberByStyle
FNDA:964,UnityPrintNumber
FNDA:964,UnityPrintNumberUnsigned
FNDA:0,UnityPrintNumberHex
FNDA:0,UnityPrintMask
FNDA:0,UnityPrintFail
FNDA:137,UnityPrintOk
FNDA:553,UnityTestResultsBegin
FNDA:0,UnityTestResultsFailBegin
FNDA:553,UnityConcludeTest
FNDA:0,UnityAddMsgIfSpecified
FNDA:0,UnityPrintExpectedAndActualStrings
FNDA:0,UnityPrintExpectedAndActualStringsLen
FNDA:674,UnityCheckArraysForNull
FNDA:378,UnityAssertBits
FNDA:186772,UnityAssertEqualNumber
FNDA:50,UnityAssertEqualIntArray
FNDA:0,UnityAssertEqualFloatArray
FNDA:0,UnityAssertFloatsWithin
FNDA:0,UnityAssertFloatSpecial
FNDA:0,UnityAssertNumbersWithin
FNDA:0,UnityAssertEqualString
FNDA:0,UnityAssertEqualStringLen
FNDA:0,UnityAssertEqualStringArray
FNDA:624,UnityAssertEqualMemory
FNDA:0,UnityFail
FNDA:0,UnityIgnore
FNDA:0,setUp
FNDA:0,tearDown
FNDA:0,UnityDefaultTestRun
FNDA:137,UnityBegin
FNDA:137,UnityEnd
FNF:34
FNH:13
DA:80,2344
DA:82,2344
DA:84,2344
DA:86,55163
DA:89,50475
DA:91,50475
DA:94,0
DA:96,0
DA:97,0
DA:100,0
DA:102,0
DA:103,0
DA:108,0
DA:109,0
DA:111,50475
DA:114,2344
DA:117,0
DA:119,0
DA:121,0
DA:123,0
DA:126,0
DA:128,0
DA:131,0
DA:133,0
DA:134,0
DA:137,0
DA:139,0
DA:140,0
DA:145,0
DA:146,0
DA:148,0
DA:151,0
DA:154,0
DA:156,0
DA:158,0
DA:160,0
DA:162,0
DA:166,0
DA:168,0
DA:171,964
DA:173,964
DA:175,964
DA:178,0
DA:179,0
DA:181,964
DA:182,964
DA:186,964
DA:188,964
DA:191,2865
DA:193,937
DA:199,1901
DA:200,1901
DA:202,1901
DA:203,964
DA:206,0
DA:209,0
DA:210,0
DA:211,0
DA:213,0
DA:215,0
DA:216,0
DA:218,0
DA:222,0
DA:225,0
DA:228,0
DA:230,0
DA:233,0
DA:235,0
DA:237,0
DA:239,0
DA:243,0
DA:248,0
DA:250,0
DA:252,0
DA:277,0
DA:279,0
DA:280,0
DA:283,137
DA:285,137
DA:286,137
DA:290,553
DA:293,553
DA:294,553
DA:295,553
DA:296,553
DA:297,553
DA:298,553
DA:303,553
DA:307,0
DA:310,0
DA:314,0
DA:315,0
DA:316,0
DA:319,553
DA:321,553
DA:323,0
DA:325,553
DA:327,553
DA:328,553
DA:332,0
DA:335,553
DA:336,553
DA:337,553
DA:338,553
DA:339,553
DA:343,0
DA:345,0
DA:347,0
DA:349,0
DA:351,0
DA:352,0
DA:353,0
DA:355,0
DA:356,0
DA:358,0
DA:361,0
DA:363,0
DA:367,0
DA:369,0
DA:370,0
DA:372,0
DA:373,0
DA:374,0
DA:378,0
DA:380,0
DA:381,0
DA:383,0
DA:384,0
DA:385,0
DA:389,0
DA:391,0
DA:394,0
DA:396,0
DA:397,0
DA:399,0
DA:400,0
DA:401,0
DA:405,0
DA:407,0
DA:408,0
DA:410,0
DA:411,0
DA:412,0
DA:416,0
DA:418,0
DA:426,674
DA:429,674
DA:430,0
DA:433,674
DA:435,0
DA:436,0
DA:437,0
DA:438,0
DA:442,674
DA:444,0
DA:445,0
DA:446,0
DA:447,0
DA:451,674
DA:458,378
DA:464,378
DA:466,378
DA:468,0
DA:469,0
DA:470,0
DA:471,0
DA:472,0
DA:473,0
DA:474,0
DA:479,186772
DA:485,186772
DA:487,186772
DA:489,0
DA:490,0
DA:491,0
DA:492,0
DA:493,0
DA:494,0
DA:495,0
DA:507,50
DA:514,50
DA:515,50
DA:516,50
DA:518,50
DA:520,50
DA:522,0
DA:525,50
DA:526,0
DA:531,50
DA:536,210
DA:538,110
DA:540,0
DA:541,0
DA:542,0
DA:543,0
DA:544,0
DA:545,0
DA:546,0
DA:547,0
DA:548,0
DA:550,110
DA:551,110
DA:553,50
DA:557,0
DA:559,0
DA:561,0
DA:562,0
DA:563,0
DA:564,0
DA:565,0
DA:566,0
DA:567,0
DA:568,0
DA:569,0
DA:571,0
DA:572,0
DA:574,0
DA:599,0
DA:601,0
DA:603,0
DA:604,0
DA:605,0
DA:606,0
DA:607,0
DA:608,0
DA:609,0
DA:610,0
DA:611,0
DA:613,0
DA:614,0
DA:616,0
DA:622,0
DA:628,0
DA:629,0
DA:630,0
DA:633,0
DA:635,0
DA:637,0
DA:640,0
DA:641,0
DA:643,0
DA:645,0
DA:646,0
DA:647,0
DA:648,0
DA:649,0
DA:650,0
DA:653,0
DA:655,0
DA:656,0
DA:657,0
DA:664,0
DA:666,0
DA:667,0
DA:669,0
DA:670,0
DA:675,0
DA:681,0
DA:682,0
DA:684,0
DA:686,0
DA:688,0
DA:690,0
DA:692,0
DA:696,0
DA:698,0
DA:705,0
DA:707,0
DA:708,0
DA:713,0
DA:718,0
DA:719,0
DA:720,0
DA:721,0
DA:723,0
DA:725,0
DA:731,0
DA:732,0
DA:735,0
DA:736,0
DA:741,0
DA:742,0
DA:747,0
DA:748,0
DA:750,0
DA:751,0
DA:754,0
DA:755,0
DA:756,0
DA:759,0
DA:761,0
DA:762,0
DA:763,0
DA:764,0
DA:765,0
DA:766,0
DA:770,0
DA:771,0
DA:772,0
DA:774,0
DA:775,0
DA:945,0
DA:952,0
DA:954,0
DA:956,0
DA:957,0
DA:959,0
DA:963,0
DA:964,0
DA:966,0
DA:969,0
DA:971,0
DA:972,0
DA:973,0
DA:974,0
DA:975,0
DA:976,0
DA:977,0
DA:978,0
DA:979,0
DA:984,0
DA:991,0
DA:994,0
DA:996,0
DA:998,0
DA:1000,0
DA:1001,0
DA:1007,0
DA:1009,0
DA:1013,0
DA:1015,0
DA:1016,0
DA:1017,0
DA:1018,0
DA:1023,0
DA:1031,0
DA:1034,0
DA:1036,0
DA:1038,0
DA:1040,0
DA:1041,0
DA:1047,0
DA:1049,0
DA:1053,0
DA:1055,0
DA:1056,0
DA:1057,0
DA:1058,0
DA:1064,0
DA:1070,0
DA:1072,0
DA:1075,0
DA:1077,0
DA:1080,0
DA:1081,0
DA:1086,0
DA:1088,0
DA:1090,0
DA:1092,0
DA:1093,0
DA:1099,0
DA:1101,0
DA:1105,0
DA:1107,0
DA:1108,0
DA:1110,0
DA:1111,0
DA:1113,0
DA:1114,0
DA:1115,0
DA:1117,0
DA:1121,624
DA:1128,624
DA:1129,624
DA:1130,624
DA:1133,624
DA:1135,624
DA:1137,0
DA:1140,624
DA:1141,0
DA:1143,1872
DA:1146,624
DA:1147,3744
DA:1149,2496
DA:1151,0
DA:1152,0
DA:1153,0
DA:1155,0
DA:1156,0
DA:1158,0
DA:1159,0
DA:1160,0
DA:1161,0
DA:1162,0
DA:1163,0
DA:1164,0
DA:1165,0
DA:1167,2496
DA:1168,2496
DA:1179,0
DA:1181,0
DA:1183,0
DA:1184,0
DA:1185,0
DA:1187,0
DA:1190,0
DA:1192,0
DA:1193,0
DA:1194,0
DA:1196,0
DA:1197,0
DA:1199,0
DA:1202,0
DA:1204,0
DA:1206,0
DA:1209,0
DA:1213,0
DA:1215,0
DA:1217,0
DA:1218,0
DA:1219,0
DA:1221,0
DA:1222,0
DA:1223,0
DA:1225,0
DA:1230,0
DA:1231,0
DA:1239,0
DA:1241,0
DA:1242,0
DA:1243,0
DA:1244,0
DA:1245,0
DA:1247,0
DA:1248,0
DA:1250,0
DA:1252,0
DA:1254,0
DA:1255,0
DA:1258,137
DA:1260,137
DA:1261,137
DA:1262,137
DA:1263,137
DA:1264,137
DA:1265,137
DA:1266,137
DA:1267,137
DA:1269,137
DA:1271,137
DA:1274,137
DA:1276,137
DA:1277,137
DA:1278,137
DA:1279,137
DA:1280,137
DA:1281,137
DA:1282,137
DA:1283,137
DA:1284,137
DA:1285,137
DA:1286,137
DA:1288,137
DA:1292,0
DA:1297,137
DA:1298,137
DA:1300,137
LF:467
LH:106
end_of_record
