TN:
SF:/c/Repos/RR/Pico2/PP-main/sourcePico/managers/AlertManager.c
FN:76,AlertManager_Init
FN:93,checkLEDSequenceCompleted
FN:116,AlertManager_Run
FN:136,StartLEDSequence
FN:159,flash_LED
FN:360,AlertActivate
FN:377,AlertSetupDisable
FNDA:47,AlertManager_Init
FNDA:15,checkLEDSequenceCompleted
FNDA:302634,AlertManager_Run
FNDA:72,StartLEDSequence
FNDA:302706,flash_LED
FNDA:302706,AlertActivate
FNDA:47,AlertSetupDisable
FNF:7
FNH:7
DA:76,47
DA:78,47
DA:80,47
DA:93,15
DA:95,15
DA:97,15
DA:99,7
DA:102,15
DA:116,302634
DA:118,302634
DA:120,302634
DA:136,72
DA:138,72
DA:140,72
DA:142,72
DA:144,72
DA:145,72
DA:159,302706
DA:167,302706
DA:172,259372
DA:173,259372
DA:174,259372
DA:176,259372
DA:181,21
DA:183,1
DA:184,1
DA:185,1
DA:187,20
DA:190,1
DA:191,1
DA:193,1
DA:196,21
DA:217,5831
DA:219,43
DA:220,43
DA:221,43
DA:224,5788
DA:226,33
DA:227,33
DA:229,33
DA:231,5755
DA:233,1409
DA:236,27
DA:237,27
DA:239,27
DA:241,27
DA:242,27
DA:244,27
DA:247,4346
DA:252,3731
DA:254,19
DA:255,19
DA:256,19
DA:261,3712
DA:264,205
DA:266,205
DA:267,205
DA:272,615
DA:274,301
DA:276,15
DA:277,15
DA:279,15
DA:283,5831
DA:291,188
DA:293,7
DA:294,7
DA:295,7
DA:298,181
DA:300,7
DA:301,7
DA:302,7
DA:304,174
DA:306,6
DA:307,6
DA:309,6
DA:312,188
DA:323,37294
DA:325,9
DA:326,9
DA:327,9
DA:329,37285
DA:332,8
DA:333,8
DA:334,8
DA:337,37294
DA:342,0
DA:346,302706
DA:347,302706
DA:360,302706
DA:364,302706
DA:365,302706
DA:377,47
DA:379,47
DA:381,47
DA:383,47
DA:385,47
DA:386,47
DA:388,47
DA:389,47
LF:99
LH:98
end_of_record
TN:
SF:/c/Repos/RR/Pico2/PP-main/sourcePico/application/Application.c
FN:39,Application_Init
FN:73,Application_Run
FN:103,Application_Stop
FN:126,Peripherals_Init
FNDA:49,Application_Init
FNDA:302878,Application_Run
FNDA:7,Application_Stop
FNDA:49,Peripherals_Init
FNF:4
FNH:4
DA:39,49
DA:42,49
DA:43,49
DA:44,49
DA:45,49
DA:46,49
DA:47,49
DA:48,49
DA:51,49
DA:54,0
DA:56,0
DA:59,49
DA:73,302878
DA:77,302878
DA:82,302878
DA:83,302878
DA:84,302878
DA:86,302878
DA:88,302878
DA:103,7
DA:105,7
DA:107,6
DA:111,1
DA:114,7
DA:126,49
DA:128,49
DA:129,49
DA:130,49
DA:131,49
LF:29
LH:27
end_of_record
TN:
SF:/c/mingw/include/stdio.h
FN:413,printf
FNDA:6,printf
FNF:1
FNH:1
DA:413,6
DA:416,6
DA:417,6
DA:418,6
DA:419,6
LF:5
LH:5
end_of_record
SF:/c/Repos/RR/Pico2/PP-main/test/unit_test/test_helpers/Assert.c
FN:20,Assert
FNDA:6,Assert
FNF:1
FNH:1
DA:20,6
DA:22,6
DA:23,6
LF:3
LH:3
end_of_record
TN:
SF:/c/Repos/RR/Pico2/PP-main/sourcePico/devices/Battery.c
FN:48,Battery_CheckVoltageBounds
FN:122,isBoostVoltageDead
FN:127,isBoostVoltageOutOfRange
FN:134,adjustBoostDemand
FN:150,logBatteryVoltage
FNDA:206,Battery_CheckVoltageBounds
FNDA:206,isBoostVoltageDead
FNDA:206,isBoostVoltageOutOfRange
FNDA:206,adjustBoostDemand
FNDA:206,logBatteryVoltage
FNF:5
FNH:5
DA:48,206
DA:50,206
DA:53,206
DA:65,206
DA:67,206
DA:69,206
DA:76,206
DA:79,206
DA:84,206
DA:87,0
DA:88,0
DA:90,206
DA:92,156
DA:94,3
DA:95,3
DA:98,50
DA:100,50
DA:102,4
DA:103,4
DA:105,50
DA:110,2
DA:111,2
DA:114,0
DA:116,0
DA:119,206
DA:122,206
DA:124,206
DA:127,206
DA:129,360
DA:130,308
DA:134,206
DA:136,206
DA:137,206
DA:139,206
DA:140,206
DA:141,206
DA:143,1854
DA:145,1648
DA:147,206
DA:148,206
DA:150,206
DA:152,206
DA:153,206
DA:155,206
DA:156,206
DA:158,206
DA:160,206
DA:162,206
DA:164,0
DA:168,206
DA:172,206
DA:173,206
LF:52
LH:47
end_of_record
TN:
SF:/c/Repos/RR/Pico2/PP-main/vendor/ceedling/vendor/cmock/src/cmock.c
FN:36,CMock_Guts_MemNew
FN:69,CMock_Guts_MemChain
FN:113,CMock_Guts_MemNext
FN:135,CMock_Guts_MemEndOfChain
FN:153,CMock_Guts_GetAddressFor
FN:168,CMock_Guts_MemBytesFree
FN:176,CMock_Guts_MemBytesUsed
FN:184,CMock_Guts_MemFreeAll
FN:192,CMock_Guts_MemFreeFinal
FNDA:1208,CMock_Guts_MemNew
FNDA:1208,CMock_Guts_MemChain
FNDA:1646749,CMock_Guts_MemNext
FNDA:99,CMock_Guts_MemEndOfChain
FNDA:1647897,CMock_Guts_GetAddressFor
FNDA:0,CMock_Guts_MemBytesFree
FNDA:0,CMock_Guts_MemBytesUsed
FNDA:3102,CMock_Guts_MemFreeAll
FNDA:59,CMock_Guts_MemFreeFinal
FNF:9
FNH:7
DA:36,1208
DA:41,1208
DA:42,0
DA:45,1208
DA:46,1208
DA:47,0
DA:48,1208
DA:55,0
DA:59,1208
DA:60,1208
DA:61,1208
DA:63,1208
DA:69,1208
DA:76,1208
DA:79,1132
DA:84,76
DA:86,0
DA:88,76
DA:90,0
DA:93,76
DA:94,76
DA:97,76
DA:99,90
DA:100,90
DA:101,0
DA:102,90
DA:103,14
DA:104,90
DA:105,76
DA:106,76
DA:113,1646749
DA:119,1646749
DA:120,1645447
DA:121,1302
DA:125,1302
DA:126,1302
DA:127,135
DA:129,1167
DA:135,99
DA:137,99
DA:140,357
DA:142,159
DA:144,159
DA:147,99
DA:153,1647897
DA:155,1647897
DA:157,2450
DA:161,1645447
DA:168,0
DA:170,0
DA:176,0
DA:178,0
DA:184,3102
DA:186,3102
DA:187,3102
DA:192,59
DA:194,59
DA:202,59
LF:58
LH:48
end_of_record
TN:
SF:/c/Repos/RR/Pico2/PP-main/sourcePico/devices/DeviceStatus.c
FN:33,DeviceStatus_Init
FN:42,DeviceStatus_StateAndOnEntrySet
FN:48,DeviceStatus_GetState
FN:53,DeviceStatus_SetNRE_Event
FN:58,DeviceStatus_GetNRE_Event
FN:65,DeviceStatus_GetOnEntry
FN:70,DeviceStatus_SetLedsOnStatus
FN:82,DeviceStatus_GetLedsOnStatus
FN:87,DeviceStatus_SetCheckStatusAlert
FN:99,DeviceStatus_GetCheckStatusAlert
FN:106,DeviceStatus_SetDeepSleepModeStatus
FN:118,DeviceStatus_isGoingInDeepSleep
FN:123,DeviceStatus_IsRunningPump
FN:128,DeviceStatus_IsReadingPressureSensor
FN:133,DeviceStatus_SetPumpIsRunning
FN:138,DeviceStatus_SetPressureSensorIsReading
FN:143,DeviceStatus_SetButtonPressFromLeak
FN:155,DeviceStatus_GetButtonPressFromLeak
FNDA:50,DeviceStatus_Init
FNDA:302956,DeviceStatus_StateAndOnEntrySet
FNDA:83004,DeviceStatus_GetState
FNDA:21,DeviceStatus_SetNRE_Event
FNDA:29,DeviceStatus_GetNRE_Event
FNDA:10,DeviceStatus_GetOnEntry
FNDA:302685,DeviceStatus_SetLedsOnStatus
FNDA:4825,DeviceStatus_GetLedsOnStatus
FNDA:6,DeviceStatus_SetCheckStatusAlert
FNDA:302889,DeviceStatus_GetCheckStatusAlert
FNDA:93,DeviceStatus_SetDeepSleepModeStatus
FNDA:38476,DeviceStatus_isGoingInDeepSleep
FNDA:13,DeviceStatus_IsRunningPump
FNDA:15,DeviceStatus_IsReadingPressureSensor
FNDA:285,DeviceStatus_SetPumpIsRunning
FNDA:15430,DeviceStatus_SetPressureSensorIsReading
FNDA:61,DeviceStatus_SetButtonPressFromLeak
FNDA:67,DeviceStatus_GetButtonPressFromLeak
FNF:18
FNH:18
DA:33,50
DA:35,50
DA:36,50
DA:37,50
DA:38,50
DA:39,50
DA:40,50
DA:42,302956
DA:44,302956
DA:45,302956
DA:46,302956
DA:48,83004
DA:50,83004
DA:53,21
DA:55,21
DA:56,21
DA:58,29
DA:60,29
DA:65,10
DA:67,10
DA:70,302685
DA:72,302685
DA:74,6111
DA:78,296574
DA:80,302685
DA:82,4825
DA:84,4825
DA:87,6
DA:89,6
DA:91,3
DA:95,3
DA:97,6
DA:99,302889
DA:101,302889
DA:106,93
DA:108,93
DA:110,42
DA:114,51
DA:116,93
DA:118,38476
DA:120,38476
DA:123,13
DA:125,13
DA:128,15
DA:130,15
DA:133,285
DA:135,285
DA:136,285
DA:138,15430
DA:140,15430
DA:141,15430
DA:143,61
DA:145,61
DA:147,7
DA:151,54
DA:153,61
DA:155,67
DA:157,67
LF:58
LH:58
end_of_record
TN:
SF:/c/Repos/RR/Pico2/PP-main/sourcePico/devices/DutyCycle.c
FN:38,DCHistoryReset
FN:56,DCCalculateAll
FN:100,DCLeakGet
FN:118,DCVaccumOffsetUpdateGet
FN:132,DCPumpOnUpdate
FN:147,DCPumpOffUpdate
FNDA:62,DCHistoryReset
FNDA:579,DCCalculateAll
FNDA:73,DCLeakGet
FNDA:74,DCVaccumOffsetUpdateGet
FNDA:208,DCPumpOnUpdate
FNDA:577,DCPumpOffUpdate
FNF:6
FNH:6
DA:38,62
DA:40,62
DA:41,62
DA:42,62
DA:43,62
DA:56,579
DA:58,579
DA:59,579
DA:62,579
DA:63,579
DA:68,18528
DA:70,17949
DA:74,17949
DA:76,579
DA:80,17949
DA:82,579
DA:86,579
DA:87,579
DA:100,73
DA:102,73
DA:118,74
DA:120,74
DA:132,208
DA:134,208
DA:135,208
DA:147,577
DA:149,577
DA:150,577
LF:28
LH:28
end_of_record
TN:
SF:/c/Repos/RR/Pico2/PP-main/sourcePico/devices/I2CEEPROM.c
FN:44,I2E_Init
FN:60,I2E_Read
FN:112,I2E_Write
FN:159,transmitI2CData
FN:184,isAccessWithinPageBoundary
FNDA:16,I2E_Init
FNDA:14,I2E_Read
FNDA:18,I2E_Write
FNDA:22,transmitI2CData
FNDA:24,isAccessWithinPageBoundary
FNF:5
FNH:5
DA:44,16
DA:46,16
DA:47,16
DA:60,14
DA:64,14
DA:68,14
DA:70,4
DA:74,14
DA:76,10
DA:79,14
DA:82,9
DA:85,9
DA:86,9
DA:88,9
DA:89,9
DA:91,9
DA:94,14
DA:112,18
DA:116,18
DA:120,35
DA:121,32
DA:122,14
DA:125,4
DA:129,18
DA:131,14
DA:134,18
DA:136,13
DA:139,13
DA:140,13
DA:142,52
DA:148,39
DA:151,13
DA:153,13
DA:156,18
DA:159,22
DA:161,22
DA:162,22
DA:166,26
DA:168,26
DA:171,52
DA:174,0
DA:177,26
DA:179,22
DA:184,24
DA:186,24
DA:187,24
DA:188,24
DA:190,24
LF:48
LH:47
end_of_record
TN:
SF:/c/Repos/RR/Pico2/PP-main/sourcePico/managers/LoggingManager.c
FN:40,LoggingManager_Init
FN:57,LoggingManager_Run
FN:131,LoggingManager_GetTicks
FNDA:25,LoggingManager_Init
FNDA:10914,LoggingManager_Run
FNDA:1,LoggingManager_GetTicks
FNF:3
FNH:3
DA:40,25
DA:42,25
DA:43,25
DA:44,25
DA:57,10914
DA:59,10914
DA:61,10914
DA:63,10914
DA:66,10914
DA:69,16
DA:71,16
DA:74,1
DA:76,1
DA:78,1
DA:79,1
DA:83,15
DA:86,5
DA:87,5
DA:88,5
DA:90,19
DA:91,9
DA:93,8
DA:96,8
DA:98,16
DA:100,8
DA:105,0
DA:107,0
DA:113,2
DA:119,10914
DA:131,1
DA:133,1
LF:31
LH:29
end_of_record
TN:
SF:/c/Repos/RR/Pico2/PP-main/unit_test_build/test/mocks/Mockadc.c
FN:120,Mockadc_Verify
FN:167,Mockadc_Init
FN:172,Mockadc_Destroy
FN:194,ADC_Initialize
FN:219,ADC_Initialize_CMockIgnore
FN:224,ADC_Initialize_CMockExpectAnyArgs
FN:238,ADC_Initialize_CMockExpect
FN:252,ADC_Initialize_StubWithCallback
FN:257,ADC_SelectChannel
FN:291,CMockExpectParameters_ADC_SelectChannel
FN:297,ADC_SelectChannel_CMockIgnore
FN:302,ADC_SelectChannel_CMockExpectAnyArgs
FN:316,ADC_SelectChannel_CMockExpect
FN:331,ADC_SelectChannel_StubWithCallback
FN:336,ADC_SelectChannel_CMockIgnoreArg_channel
FN:343,ADC_StartConversion
FN:368,ADC_StartConversion_CMockIgnore
FN:373,ADC_StartConversion_CMockExpectAnyArgs
FN:387,ADC_StartConversion_CMockExpect
FN:401,ADC_StartConversion_StubWithCallback
FN:406,ADC_IsConversionDone
FN:434,ADC_IsConversionDone_CMockIgnoreAndReturn
FN:448,ADC_IsConversionDone_CMockExpectAnyArgsAndReturn
FN:463,ADC_IsConversionDone_CMockExpectAndReturn
FN:478,ADC_IsConversionDone_StubWithCallback
FN:483,ADC_GetConversionResult
FN:511,ADC_GetConversionResult_CMockIgnoreAndReturn
FN:525,ADC_GetConversionResult_CMockExpectAnyArgsAndReturn
FN:540,ADC_GetConversionResult_CMockExpectAndReturn
FN:555,ADC_GetConversionResult_StubWithCallback
FN:560,ADC_GetConversion
FN:597,CMockExpectParameters_ADC_GetConversion
FN:603,ADC_GetConversion_CMockIgnoreAndReturn
FN:617,ADC_GetConversion_CMockExpectAnyArgsAndReturn
FN:632,ADC_GetConversion_CMockExpectAndReturn
FN:648,ADC_GetConversion_StubWithCallback
FN:653,ADC_GetConversion_CMockIgnoreArg_channel
FN:660,ADC_TemperatureAcquisitionDelay
FN:685,ADC_TemperatureAcquisitionDelay_CMockIgnore
FN:690,ADC_TemperatureAcquisitionDelay_CMockExpectAnyArgs
FN:704,ADC_TemperatureAcquisitionDelay_CMockExpect
FN:718,ADC_TemperatureAcquisitionDelay_StubWithCallback
FNDA:81,Mockadc_Verify
FNDA:81,Mockadc_Init
FNDA:162,Mockadc_Destroy
FNDA:0,ADC_Initialize
FNDA:0,ADC_Initialize_CMockIgnore
FNDA:0,ADC_Initialize_CMockExpectAnyArgs
FNDA:0,ADC_Initialize_CMockExpect
FNDA:0,ADC_Initialize_StubWithCallback
FNDA:0,ADC_SelectChannel
FNDA:0,CMockExpectParameters_ADC_SelectChannel
FNDA:0,ADC_SelectChannel_CMockIgnore
FNDA:0,ADC_SelectChannel_CMockExpectAnyArgs
FNDA:0,ADC_SelectChannel_CMockExpect
FNDA:0,ADC_SelectChannel_StubWithCallback
FNDA:0,ADC_SelectChannel_CMockIgnoreArg_channel
FNDA:0,ADC_StartConversion
FNDA:0,ADC_StartConversion_CMockIgnore
FNDA:0,ADC_StartConversion_CMockExpectAnyArgs
FNDA:0,ADC_StartConversion_CMockExpect
FNDA:0,ADC_StartConversion_StubWithCallback
FNDA:0,ADC_IsConversionDone
FNDA:0,ADC_IsConversionDone_CMockIgnoreAndReturn
FNDA:0,ADC_IsConversionDone_CMockExpectAnyArgsAndReturn
FNDA:0,ADC_IsConversionDone_CMockExpectAndReturn
FNDA:0,ADC_IsConversionDone_StubWithCallback
FNDA:0,ADC_GetConversionResult
FNDA:0,ADC_GetConversionResult_CMockIgnoreAndReturn
FNDA:0,ADC_GetConversionResult_CMockExpectAnyArgsAndReturn
FNDA:0,ADC_GetConversionResult_CMockExpectAndReturn
FNDA:0,ADC_GetConversionResult_StubWithCallback
FNDA:461,ADC_GetConversion
FNDA:8,CMockExpectParameters_ADC_GetConversion
FNDA:7,ADC_GetConversion_CMockIgnoreAndReturn
FNDA:0,ADC_GetConversion_CMockExpectAnyArgsAndReturn
FNDA:8,ADC_GetConversion_CMockExpectAndReturn
FNDA:13,ADC_GetConversion_StubWithCallback
FNDA:0,ADC_GetConversion_CMockIgnoreArg_channel
FNDA:0,ADC_TemperatureAcquisitionDelay
FNDA:0,ADC_TemperatureAcquisitionDelay_CMockIgnore
FNDA:0,ADC_TemperatureAcquisitionDelay_CMockExpectAnyArgs
FNDA:0,ADC_TemperatureAcquisitionDelay_CMockExpect
FNDA:0,ADC_TemperatureAcquisitionDelay_StubWithCallback
FNF:42
FNH:8
DA:120,81
DA:122,81
DA:123,81
DA:124,0
DA:125,81
DA:126,81
DA:127,81
DA:128,0
DA:129,81
DA:130,0
DA:131,81
DA:132,81
DA:133,81
DA:134,0
DA:135,81
DA:136,0
DA:137,81
DA:138,81
DA:139,81
DA:140,0
DA:141,81
DA:142,0
DA:143,81
DA:144,81
DA:145,81
DA:146,0
DA:147,81
DA:148,0
DA:149,81
DA:150,81
DA:151,81
DA:152,0
DA:153,81
DA:154,7
DA:155,81
DA:156,81
DA:157,81
DA:158,13
DA:159,81
DA:160,0
DA:161,81
DA:162,81
DA:163,81
DA:164,0
DA:165,81
DA:167,81
DA:169,81
DA:170,81
DA:172,162
DA:174,162
DA:175,162
DA:176,162
DA:177,162
DA:178,162
DA:179,162
DA:180,162
DA:181,162
DA:182,162
DA:183,162
DA:184,162
DA:185,162
DA:186,162
DA:187,162
DA:188,162
DA:189,162
DA:190,162
DA:191,162
DA:192,162
DA:194,0
DA:196,0
DA:197,0
DA:198,0
DA:199,0
DA:200,0
DA:202,0
DA:203,0
DA:205,0
DA:207,0
DA:208,0
DA:210,0
DA:211,0
DA:212,0
DA:213,0
DA:214,0
DA:215,0
DA:216,0
DA:219,0
DA:221,0
DA:222,0
DA:224,0
DA:226,0
DA:227,0
DA:228,0
DA:229,0
DA:230,0
DA:231,0
DA:232,0
DA:233,0
DA:234,0
DA:235,0
DA:236,0
DA:238,0
DA:240,0
DA:241,0
DA:242,0
DA:243,0
DA:244,0
DA:245,0
DA:246,0
DA:247,0
DA:248,0
DA:249,0
DA:250,0
DA:252,0
DA:254,0
DA:255,0
DA:257,0
DA:259,0
DA:260,0
DA:261,0
DA:262,0
DA:263,0
DA:265,0
DA:266,0
DA:268,0
DA:270,0
DA:271,0
DA:273,0
DA:274,0
DA:275,0
DA:276,0
DA:277,0
DA:278,0
DA:279,0
DA:281,0
DA:283,0
DA:284,0
DA:288,0
DA:291,0
DA:293,0
DA:294,0
DA:295,0
DA:297,0
DA:299,0
DA:300,0
DA:302,0
DA:304,0
DA:305,0
DA:306,0
DA:307,0
DA:308,0
DA:309,0
DA:310,0
DA:311,0
DA:312,0
DA:313,0
DA:314,0
DA:316,0
DA:318,0
DA:319,0
DA:320,0
DA:321,0
DA:322,0
DA:323,0
DA:324,0
DA:325,0
DA:326,0
DA:327,0
DA:328,0
DA:329,0
DA:331,0
DA:333,0
DA:334,0
DA:336,0
DA:338,0
DA:339,0
DA:340,0
DA:341,0
DA:343,0
DA:345,0
DA:346,0
DA:347,0
DA:348,0
DA:349,0
DA:351,0
DA:352,0
DA:354,0
DA:356,0
DA:357,0
DA:359,0
DA:360,0
DA:361,0
DA:362,0
DA:363,0
DA:364,0
DA:365,0
DA:368,0
DA:370,0
DA:371,0
DA:373,0
DA:375,0
DA:376,0
DA:377,0
DA:378,0
DA:379,0
DA:380,0
DA:381,0
DA:382,0
DA:383,0
DA:384,0
DA:385,0
DA:387,0
DA:389,0
DA:390,0
DA:391,0
DA:392,0
DA:393,0
DA:394,0
DA:395,0
DA:396,0
DA:397,0
DA:398,0
DA:399,0
DA:401,0
DA:403,0
DA:404,0
DA:406,0
DA:408,0
DA:409,0
DA:410,0
DA:411,0
DA:412,0
DA:414,0
DA:415,0
DA:416,0
DA:417,0
DA:418,0
DA:420,0
DA:422,0
DA:424,0
DA:425,0
DA:426,0
DA:427,0
DA:428,0
DA:429,0
DA:430,0
DA:431,0
DA:434,0
DA:436,0
DA:437,0
DA:438,0
DA:439,0
DA:440,0
DA:441,0
DA:442,0
DA:443,0
DA:444,0
DA:445,0
DA:446,0
DA:448,0
DA:450,0
DA:451,0
DA:452,0
DA:453,0
DA:454,0
DA:455,0
DA:456,0
DA:457,0
DA:458,0
DA:459,0
DA:460,0
DA:461,0
DA:463,0
DA:465,0
DA:466,0
DA:467,0
DA:468,0
DA:469,0
DA:470,0
DA:471,0
DA:472,0
DA:473,0
DA:474,0
DA:475,0
DA:476,0
DA:478,0
DA:480,0
DA:481,0
DA:483,0
DA:485,0
DA:486,0
DA:487,0
DA:488,0
DA:489,0
DA:491,0
DA:492,0
DA:493,0
DA:494,0
DA:495,0
DA:497,0
DA:499,0
DA:501,0
DA:502,0
DA:503,0
DA:504,0
DA:505,0
DA:506,0
DA:507,0
DA:508,0
DA:511,0
DA:513,0
DA:514,0
DA:515,0
DA:516,0
DA:517,0
DA:518,0
DA:519,0
DA:520,0
DA:521,0
DA:522,0
DA:523,0
DA:525,0
DA:527,0
DA:528,0
DA:529,0
DA:530,0
DA:531,0
DA:532,0
DA:533,0
DA:534,0
DA:535,0
DA:536,0
DA:537,0
DA:538,0
DA:540,0
DA:542,0
DA:543,0
DA:544,0
DA:545,0
DA:546,0
DA:547,0
DA:548,0
DA:549,0
DA:550,0
DA:551,0
DA:552,0
DA:553,0
DA:555,0
DA:557,0
DA:558,0
DA:560,461
DA:562,461
DA:563,461
DA:564,461
DA:565,461
DA:566,461
DA:568,23
DA:569,23
DA:570,16
DA:571,7
DA:572,7
DA:574,438
DA:576,430
DA:578,8
DA:579,8
DA:580,8
DA:581,0
DA:582,8
DA:583,0
DA:584,8
DA:586,8
DA:588,8
DA:589,8
DA:593,8
DA:594,8
DA:597,8
DA:599,8
DA:600,8
DA:601,8
DA:603,7
DA:605,7
DA:606,7
DA:607,7
DA:608,7
DA:609,7
DA:610,7
DA:611,7
DA:612,7
DA:613,7
DA:614,7
DA:615,7
DA:617,0
DA:619,0
DA:620,0
DA:621,0
DA:622,0
DA:623,0
DA:624,0
DA:625,0
DA:626,0
DA:627,0
DA:628,0
DA:629,0
DA:630,0
DA:632,8
DA:634,8
DA:635,8
DA:636,8
DA:637,8
DA:638,8
DA:639,8
DA:640,8
DA:641,8
DA:642,8
DA:643,8
DA:644,8
DA:645,8
DA:646,8
DA:648,13
DA:650,13
DA:651,13
DA:653,0
DA:655,0
DA:656,0
DA:657,0
DA:658,0
DA:660,0
DA:662,0
DA:663,0
DA:664,0
DA:665,0
DA:666,0
DA:668,0
DA:669,0
DA:671,0
DA:673,0
DA:674,0
DA:676,0
DA:677,0
DA:678,0
DA:679,0
DA:680,0
DA:681,0
DA:682,0
DA:685,0
DA:687,0
DA:688,0
DA:690,0
DA:692,0
DA:693,0
DA:694,0
DA:695,0
DA:696,0
DA:697,0
DA:698,0
DA:699,0
DA:700,0
DA:701,0
DA:702,0
DA:704,0
DA:706,0
DA:707,0
DA:708,0
DA:709,0
DA:710,0
DA:711,0
DA:712,0
DA:713,0
DA:714,0
DA:715,0
DA:716,0
DA:718,0
DA:720,0
DA:721,0
LF:474
LH:112
end_of_record
TN:
SF:/c/Repos/RR/Pico2/PP-main/unit_test_build/test/mocks/MockAlertManager.c
FN:79,MockAlertManager_Verify
FN:108,MockAlertManager_Init
FN:113,MockAlertManager_Destroy
FN:129,AlertManager_Init
FN:157,AlertManager_Init_CMockIgnoreAndReturn
FN:171,AlertManager_Init_CMockExpectAnyArgsAndReturn
FN:186,AlertManager_Init_CMockExpectAndReturn
FN:201,AlertManager_Init_StubWithCallback
FN:206,AlertManager_Run
FN:234,AlertManager_Run_CMockIgnoreAndReturn
FN:248,AlertManager_Run_CMockExpectAnyArgsAndReturn
FN:263,AlertManager_Run_CMockExpectAndReturn
FN:278,AlertManager_Run_StubWithCallback
FN:283,StartLEDSequence
FN:317,CMockExpectParameters_StartLEDSequence
FN:323,StartLEDSequence_CMockIgnore
FN:328,StartLEDSequence_CMockExpectAnyArgs
FN:342,StartLEDSequence_CMockExpect
FN:357,StartLEDSequence_StubWithCallback
FN:362,StartLEDSequence_CMockIgnoreArg_seq
FN:369,checkLEDSequenceCompleted
FN:397,checkLEDSequenceCompleted_CMockIgnoreAndReturn
FN:411,checkLEDSequenceCompleted_CMockExpectAnyArgsAndReturn
FN:426,checkLEDSequenceCompleted_CMockExpectAndReturn
FN:441,checkLEDSequenceCompleted_StubWithCallback
FNDA:16,MockAlertManager_Verify
FNDA:16,MockAlertManager_Init
FNDA:32,MockAlertManager_Destroy
FNDA:7,AlertManager_Init
FNDA:6,AlertManager_Init_CMockIgnoreAndReturn
FNDA:0,AlertManager_Init_CMockExpectAnyArgsAndReturn
FNDA:1,AlertManager_Init_CMockExpectAndReturn
FNDA:0,AlertManager_Init_StubWithCallback
FNDA:264,AlertManager_Run
FNDA:6,AlertManager_Run_CMockIgnoreAndReturn
FNDA:0,AlertManager_Run_CMockExpectAnyArgsAndReturn
FNDA:2,AlertManager_Run_CMockExpectAndReturn
FNDA:0,AlertManager_Run_StubWithCallback
FNDA:4,StartLEDSequence
FNDA:4,CMockExpectParameters_StartLEDSequence
FNDA:0,StartLEDSequence_CMockIgnore
FNDA:0,StartLEDSequence_CMockExpectAnyArgs
FNDA:4,StartLEDSequence_CMockExpect
FNDA:0,StartLEDSequence_StubWithCallback
FNDA:0,StartLEDSequence_CMockIgnoreArg_seq
FNDA:0,checkLEDSequenceCompleted
FNDA:1,checkLEDSequenceCompleted_CMockIgnoreAndReturn
FNDA:0,checkLEDSequenceCompleted_CMockExpectAnyArgsAndReturn
FNDA:0,checkLEDSequenceCompleted_CMockExpectAndReturn
FNDA:0,checkLEDSequenceCompleted_StubWithCallback
FNF:25
FNH:13
DA:79,16
DA:81,16
DA:82,16
DA:83,6
DA:84,16
DA:85,16
DA:86,16
DA:87,0
DA:88,16
DA:89,6
DA:90,16
DA:91,16
DA:92,16
DA:93,0
DA:94,16
DA:95,0
DA:96,16
DA:97,16
DA:98,16
DA:99,0
DA:100,16
DA:101,1
DA:102,16
DA:103,16
DA:104,16
DA:105,0
DA:106,16
DA:108,16
DA:110,16
DA:111,16
DA:113,32
DA:115,32
DA:116,32
DA:117,32
DA:118,32
DA:119,32
DA:120,32
DA:121,32
DA:122,32
DA:123,32
DA:124,32
DA:125,32
DA:126,32
DA:127,32
DA:129,7
DA:131,7
DA:132,7
DA:133,7
DA:134,7
DA:135,7
DA:137,6
DA:138,6
DA:139,0
DA:140,6
DA:141,6
DA:143,1
DA:145,0
DA:147,1
DA:148,1
DA:149,1
DA:150,0
DA:151,1
DA:152,0
DA:153,1
DA:154,1
DA:157,6
DA:159,6
DA:160,6
DA:161,6
DA:162,6
DA:163,6
DA:164,6
DA:165,6
DA:166,6
DA:167,6
DA:168,6
DA:169,6
DA:171,0
DA:173,0
DA:174,0
DA:175,0
DA:176,0
DA:177,0
DA:178,0
DA:179,0
DA:180,0
DA:181,0
DA:182,0
DA:183,0
DA:184,0
DA:186,1
DA:188,1
DA:189,1
DA:190,1
DA:191,1
DA:192,1
DA:193,1
DA:194,1
DA:195,1
DA:196,1
DA:197,1
DA:198,1
DA:199,1
DA:201,0
DA:203,0
DA:204,0
DA:206,264
DA:208,264
DA:209,264
DA:210,264
DA:211,264
DA:212,264
DA:214,262
DA:215,262
DA:216,256
DA:217,6
DA:218,6
DA:220,2
DA:222,0
DA:224,2
DA:225,2
DA:226,2
DA:227,0
DA:228,2
DA:229,0
DA:230,2
DA:231,2
DA:234,6
DA:236,6
DA:237,6
DA:238,6
DA:239,6
DA:240,6
DA:241,6
DA:242,6
DA:243,6
DA:244,6
DA:245,6
DA:246,6
DA:248,0
DA:250,0
DA:251,0
DA:252,0
DA:253,0
DA:254,0
DA:255,0
DA:256,0
DA:257,0
DA:258,0
DA:259,0
DA:260,0
DA:261,0
DA:263,2
DA:265,2
DA:266,2
DA:267,2
DA:268,2
DA:269,2
DA:270,2
DA:271,2
DA:272,2
DA:273,2
DA:274,2
DA:275,2
DA:276,2
DA:278,0
DA:280,0
DA:281,0
DA:283,4
DA:285,4
DA:286,4
DA:287,4
DA:288,4
DA:289,4
DA:291,0
DA:292,0
DA:294,4
DA:296,0
DA:297,0
DA:299,4
DA:300,4
DA:301,4
DA:302,0
DA:303,4
DA:304,0
DA:305,4
DA:307,4
DA:309,4
DA:310,4
DA:314,4
DA:317,4
DA:319,4
DA:320,4
DA:321,4
DA:323,0
DA:325,0
DA:326,0
DA:328,0
DA:330,0
DA:331,0
DA:332,0
DA:333,0
DA:334,0
DA:335,0
DA:336,0
DA:337,0
DA:338,0
DA:339,0
DA:340,0
DA:342,4
DA:344,4
DA:345,4
DA:346,4
DA:347,4
DA:348,4
DA:349,4
DA:350,4
DA:351,4
DA:352,4
DA:353,4
DA:354,4
DA:355,4
DA:357,0
DA:359,0
DA:360,0
DA:362,0
DA:364,0
DA:365,0
DA:366,0
DA:367,0
DA:369,0
DA:371,0
DA:372,0
DA:373,0
DA:374,0
DA:375,0
DA:377,0
DA:378,0
DA:379,0
DA:380,0
DA:381,0
DA:383,0
DA:385,0
DA:387,0
DA:388,0
DA:389,0
DA:390,0
DA:391,0
DA:392,0
DA:393,0
DA:394,0
DA:397,1
DA:399,1
DA:400,1
DA:401,1
DA:402,1
DA:403,1
DA:404,1
DA:405,1
DA:406,1
DA:407,1
DA:408,1
DA:409,1
DA:411,0
DA:413,0
DA:414,0
DA:415,0
DA:416,0
DA:417,0
DA:418,0
DA:419,0
DA:420,0
DA:421,0
DA:422,0
DA:423,0
DA:424,0
DA:426,0
DA:428,0
DA:429,0
DA:430,0
DA:431,0
DA:432,0
DA:433,0
DA:434,0
DA:435,0
DA:436,0
DA:437,0
DA:438,0
DA:439,0
DA:441,0
DA:443,0
DA:444,0
LF:292
LH:169
end_of_record
TN:
SF:/c/Repos/RR/Pico2/PP-main/unit_test_build/test/mocks/MockBattery.c
FN:33,MockBattery_Verify
FN:44,MockBattery_Init
FN:49,MockBattery_Destroy
FN:59,Battery_CheckVoltageBounds
FN:87,Battery_CheckVoltageBounds_CMockIgnoreAndReturn
FN:101,Battery_CheckVoltageBounds_CMockExpectAnyArgsAndReturn
FN:116,Battery_CheckVoltageBounds_CMockExpectAndReturn
FN:131,Battery_CheckVoltageBounds_StubWithCallback
FNDA:28,MockBattery_Verify
FNDA:28,MockBattery_Init
FNDA:56,MockBattery_Destroy
FNDA:37291,Battery_CheckVoltageBounds
FNDA:12,Battery_CheckVoltageBounds_CMockIgnoreAndReturn
FNDA:0,Battery_CheckVoltageBounds_CMockExpectAnyArgsAndReturn
FNDA:3,Battery_CheckVoltageBounds_CMockExpectAndReturn
FNDA:3,Battery_CheckVoltageBounds_StubWithCallback
FNF:8
FNH:7
DA:33,28
DA:35,28
DA:36,28
DA:37,12
DA:38,28
DA:39,28
DA:40,28
DA:41,3
DA:42,28
DA:44,28
DA:46,28
DA:47,28
DA:49,56
DA:51,56
DA:52,56
DA:53,56
DA:54,56
DA:55,56
DA:56,56
DA:57,56
DA:59,37291
DA:61,37291
DA:62,37291
DA:63,37291
DA:64,37291
DA:65,37291
DA:67,37285
DA:68,37285
DA:69,37276
DA:70,9
DA:71,9
DA:73,6
DA:75,3
DA:77,3
DA:78,3
DA:79,3
DA:80,0
DA:81,3
DA:82,0
DA:83,3
DA:84,3
DA:87,12
DA:89,12
DA:90,12
DA:91,12
DA:92,12
DA:93,12
DA:94,12
DA:95,12
DA:96,12
DA:97,12
DA:98,12
DA:99,12
DA:101,0
DA:103,0
DA:104,0
DA:105,0
DA:106,0
DA:107,0
DA:108,0
DA:109,0
DA:110,0
DA:111,0
DA:112,0
DA:113,0
DA:114,0
DA:116,3
DA:118,3
DA:119,3
DA:120,3
DA:121,3
DA:122,3
DA:123,3
DA:124,3
DA:125,3
DA:126,3
DA:127,3
DA:128,3
DA:129,3
DA:131,3
DA:133,3
DA:134,3
LF:82
LH:67
end_of_record
TN:
SF:/c/Repos/RR/Pico2/PP-main/unit_test_build/test/mocks/MockDeviceStatus.c
FN:297,MockDeviceStatus_Verify
FN:410,MockDeviceStatus_Init
FN:415,MockDeviceStatus_Destroy
FN:459,DeviceStatus_Init
FN:484,DeviceStatus_Init_CMockIgnore
FN:489,DeviceStatus_Init_CMockExpectAnyArgs
FN:503,DeviceStatus_Init_CMockExpect
FN:517,DeviceStatus_Init_StubWithCallback
FN:522,DeviceStatus_StateAndOnEntrySet
FN:561,CMockExpectParameters_DeviceStatus_StateAndOnEntrySet
FN:569,DeviceStatus_StateAndOnEntrySet_CMockIgnore
FN:574,DeviceStatus_StateAndOnEntrySet_CMockExpectAnyArgs
FN:588,DeviceStatus_StateAndOnEntrySet_CMockExpect
FN:603,DeviceStatus_StateAndOnEntrySet_StubWithCallback
FN:608,DeviceStatus_StateAndOnEntrySet_CMockIgnoreArg_StateOnEntry
FN:615,DeviceStatus_StateAndOnEntrySet_CMockIgnoreArg_state
FN:622,DeviceStatus_GetState
FN:650,DeviceStatus_GetState_CMockIgnoreAndReturn
FN:664,DeviceStatus_GetState_CMockExpectAnyArgsAndReturn
FN:679,DeviceStatus_GetState_CMockExpectAndReturn
FN:694,DeviceStatus_GetState_StubWithCallback
FN:699,DeviceStatus_SetNRE_Event
FN:733,CMockExpectParameters_DeviceStatus_SetNRE_Event
FN:739,DeviceStatus_SetNRE_Event_CMockIgnore
FN:744,DeviceStatus_SetNRE_Event_CMockExpectAnyArgs
FN:758,DeviceStatus_SetNRE_Event_CMockExpect
FN:773,DeviceStatus_SetNRE_Event_StubWithCallback
FN:778,DeviceStatus_SetNRE_Event_CMockIgnoreArg_event
FN:785,DeviceStatus_GetNRE_Event
FN:813,DeviceStatus_GetNRE_Event_CMockIgnoreAndReturn
FN:827,DeviceStatus_GetNRE_Event_CMockExpectAnyArgsAndReturn
FN:842,DeviceStatus_GetNRE_Event_CMockExpectAndReturn
FN:857,DeviceStatus_GetNRE_Event_StubWithCallback
FN:862,DeviceStatus_GetOnEntry
FN:890,DeviceStatus_GetOnEntry_CMockIgnoreAndReturn
FN:904,DeviceStatus_GetOnEntry_CMockExpectAnyArgsAndReturn
FN:919,DeviceStatus_GetOnEntry_CMockExpectAndReturn
FN:934,DeviceStatus_GetOnEntry_StubWithCallback
FN:939,DeviceStatus_SetLedsOnStatus
FN:973,CMockExpectParameters_DeviceStatus_SetLedsOnStatus
FN:979,DeviceStatus_SetLedsOnStatus_CMockIgnore
FN:984,DeviceStatus_SetLedsOnStatus_CMockExpectAnyArgs
FN:998,DeviceStatus_SetLedsOnStatus_CMockExpect
FN:1013,DeviceStatus_SetLedsOnStatus_StubWithCallback
FN:1018,DeviceStatus_SetLedsOnStatus_CMockIgnoreArg_LedsPowerOnStatus
FN:1025,DeviceStatus_GetLedsOnStatus
FN:1053,DeviceStatus_GetLedsOnStatus_CMockIgnoreAndReturn
FN:1067,DeviceStatus_GetLedsOnStatus_CMockExpectAnyArgsAndReturn
FN:1082,DeviceStatus_GetLedsOnStatus_CMockExpectAndReturn
FN:1097,DeviceStatus_GetLedsOnStatus_StubWithCallback
FN:1102,DeviceStatus_SetCheckStatusAlert
FN:1136,CMockExpectParameters_DeviceStatus_SetCheckStatusAlert
FN:1142,DeviceStatus_SetCheckStatusAlert_CMockIgnore
FN:1147,DeviceStatus_SetCheckStatusAlert_CMockExpectAnyArgs
FN:1161,DeviceStatus_SetCheckStatusAlert_CMockExpect
FN:1176,DeviceStatus_SetCheckStatusAlert_StubWithCallback
FN:1181,DeviceStatus_SetCheckStatusAlert_CMockIgnoreArg_EnableCheck
FN:1188,DeviceStatus_GetCheckStatusAlert
FN:1216,DeviceStatus_GetCheckStatusAlert_CMockIgnoreAndReturn
FN:1230,DeviceStatus_GetCheckStatusAlert_CMockExpectAnyArgsAndReturn
FN:1245,DeviceStatus_GetCheckStatusAlert_CMockExpectAndReturn
FN:1260,DeviceStatus_GetCheckStatusAlert_StubWithCallback
FN:1265,DeviceStatus_SetDeepSleepModeStatus
FN:1299,CMockExpectParameters_DeviceStatus_SetDeepSleepModeStatus
FN:1305,DeviceStatus_SetDeepSleepModeStatus_CMockIgnore
FN:1310,DeviceStatus_SetDeepSleepModeStatus_CMockExpectAnyArgs
FN:1324,DeviceStatus_SetDeepSleepModeStatus_CMockExpect
FN:1339,DeviceStatus_SetDeepSleepModeStatus_StubWithCallback
FN:1344,DeviceStatus_SetDeepSleepModeStatus_CMockIgnoreArg_Enable
FN:1351,DeviceStatus_isGoingInDeepSleep
FN:1379,DeviceStatus_isGoingInDeepSleep_CMockIgnoreAndReturn
FN:1393,DeviceStatus_isGoingInDeepSleep_CMockExpectAnyArgsAndReturn
FN:1408,DeviceStatus_isGoingInDeepSleep_CMockExpectAndReturn
FN:1423,DeviceStatus_isGoingInDeepSleep_StubWithCallback
FN:1428,DeviceStatus_IsRunningPump
FN:1456,DeviceStatus_IsRunningPump_CMockIgnoreAndReturn
FN:1470,DeviceStatus_IsRunningPump_CMockExpectAnyArgsAndReturn
FN:1485,DeviceStatus_IsRunningPump_CMockExpectAndReturn
FN:1500,DeviceStatus_IsRunningPump_StubWithCallback
FN:1505,DeviceStatus_IsReadingPressureSensor
FN:1533,DeviceStatus_IsReadingPressureSensor_CMockIgnoreAndReturn
FN:1547,DeviceStatus_IsReadingPressureSensor_CMockExpectAnyArgsAndReturn
FN:1562,DeviceStatus_IsReadingPressureSensor_CMockExpectAndReturn
FN:1577,DeviceStatus_IsReadingPressureSensor_StubWithCallback
FN:1582,DeviceStatus_SetPumpIsRunning
FN:1616,CMockExpectParameters_DeviceStatus_SetPumpIsRunning
FN:1622,DeviceStatus_SetPumpIsRunning_CMockIgnore
FN:1627,DeviceStatus_SetPumpIsRunning_CMockExpectAnyArgs
FN:1641,DeviceStatus_SetPumpIsRunning_CMockExpect
FN:1656,DeviceStatus_SetPumpIsRunning_StubWithCallback
FN:1661,DeviceStatus_SetPumpIsRunning_CMockIgnoreArg_isRunning
FN:1668,DeviceStatus_SetPressureSensorIsReading
FN:1702,CMockExpectParameters_DeviceStatus_SetPressureSensorIsReading
FN:1708,DeviceStatus_SetPressureSensorIsReading_CMockIgnore
FN:1713,DeviceStatus_SetPressureSensorIsReading_CMockExpectAnyArgs
FN:1727,DeviceStatus_SetPressureSensorIsReading_CMockExpect
FN:1742,DeviceStatus_SetPressureSensorIsReading_StubWithCallback
FN:1747,DeviceStatus_SetPressureSensorIsReading_CMockIgnoreArg_isReading
FN:1754,DeviceStatus_SetButtonPressFromLeak
FN:1788,CMockExpectParameters_DeviceStatus_SetButtonPressFromLeak
FN:1794,DeviceStatus_SetButtonPressFromLeak_CMockIgnore
FN:1799,DeviceStatus_SetButtonPressFromLeak_CMockExpectAnyArgs
FN:1813,DeviceStatus_SetButtonPressFromLeak_CMockExpect
FN:1828,DeviceStatus_SetButtonPressFromLeak_StubWithCallback
FN:1833,DeviceStatus_SetButtonPressFromLeak_CMockIgnoreArg_isPressed
FN:1840,DeviceStatus_GetButtonPressFromLeak
FN:1868,DeviceStatus_GetButtonPressFromLeak_CMockIgnoreAndReturn
FN:1882,DeviceStatus_GetButtonPressFromLeak_CMockExpectAnyArgsAndReturn
FN:1897,DeviceStatus_GetButtonPressFromLeak_CMockExpectAndReturn
FN:1912,DeviceStatus_GetButtonPressFromLeak_StubWithCallback
FNDA:44,MockDeviceStatus_Verify
FNDA:44,MockDeviceStatus_Init
FNDA:88,MockDeviceStatus_Destroy
FNDA:0,DeviceStatus_Init
FNDA:0,DeviceStatus_Init_CMockIgnore
FNDA:0,DeviceStatus_Init_CMockExpectAnyArgs
FNDA:0,DeviceStatus_Init_CMockExpect
FNDA:0,DeviceStatus_Init_StubWithCallback
FNDA:0,DeviceStatus_StateAndOnEntrySet
FNDA:0,CMockExpectParameters_DeviceStatus_StateAndOnEntrySet
FNDA:0,DeviceStatus_StateAndOnEntrySet_CMockIgnore
FNDA:0,DeviceStatus_StateAndOnEntrySet_CMockExpectAnyArgs
FNDA:0,DeviceStatus_StateAndOnEntrySet_CMockExpect
FNDA:0,DeviceStatus_StateAndOnEntrySet_StubWithCallback
FNDA:0,DeviceStatus_StateAndOnEntrySet_CMockIgnoreArg_StateOnEntry
FNDA:0,DeviceStatus_StateAndOnEntrySet_CMockIgnoreArg_state
FNDA:0,DeviceStatus_GetState
FNDA:0,DeviceStatus_GetState_CMockIgnoreAndReturn
FNDA:0,DeviceStatus_GetState_CMockExpectAnyArgsAndReturn
FNDA:0,DeviceStatus_GetState_CMockExpectAndReturn
FNDA:5,DeviceStatus_GetState_StubWithCallback
FNDA:12,DeviceStatus_SetNRE_Event
FNDA:0,CMockExpectParameters_DeviceStatus_SetNRE_Event
FNDA:11,DeviceStatus_SetNRE_Event_CMockIgnore
FNDA:0,DeviceStatus_SetNRE_Event_CMockExpectAnyArgs
FNDA:0,DeviceStatus_SetNRE_Event_CMockExpect
FNDA:0,DeviceStatus_SetNRE_Event_StubWithCallback
FNDA:0,DeviceStatus_SetNRE_Event_CMockIgnoreArg_event
FNDA:0,DeviceStatus_GetNRE_Event
FNDA:0,DeviceStatus_GetNRE_Event_CMockIgnoreAndReturn
FNDA:0,DeviceStatus_GetNRE_Event_CMockExpectAnyArgsAndReturn
FNDA:0,DeviceStatus_GetNRE_Event_CMockExpectAndReturn
FNDA:0,DeviceStatus_GetNRE_Event_StubWithCallback
FNDA:0,DeviceStatus_GetOnEntry
FNDA:0,DeviceStatus_GetOnEntry_CMockIgnoreAndReturn
FNDA:0,DeviceStatus_GetOnEntry_CMockExpectAnyArgsAndReturn
FNDA:0,DeviceStatus_GetOnEntry_CMockExpectAndReturn
FNDA:0,DeviceStatus_GetOnEntry_StubWithCallback
FNDA:25,DeviceStatus_SetLedsOnStatus
FNDA:0,CMockExpectParameters_DeviceStatus_SetLedsOnStatus
FNDA:13,DeviceStatus_SetLedsOnStatus_CMockIgnore
FNDA:0,DeviceStatus_SetLedsOnStatus_CMockExpectAnyArgs
FNDA:0,DeviceStatus_SetLedsOnStatus_CMockExpect
FNDA:0,DeviceStatus_SetLedsOnStatus_StubWithCallback
FNDA:0,DeviceStatus_SetLedsOnStatus_CMockIgnoreArg_LedsPowerOnStatus
FNDA:76,DeviceStatus_GetLedsOnStatus
FNDA:23,DeviceStatus_GetLedsOnStatus_CMockIgnoreAndReturn
FNDA:0,DeviceStatus_GetLedsOnStatus_CMockExpectAnyArgsAndReturn
FNDA:0,DeviceStatus_GetLedsOnStatus_CMockExpectAndReturn
FNDA:0,DeviceStatus_GetLedsOnStatus_StubWithCallback
FNDA:1,DeviceStatus_SetCheckStatusAlert
FNDA:0,CMockExpectParameters_DeviceStatus_SetCheckStatusAlert
FNDA:0,DeviceStatus_SetCheckStatusAlert_CMockIgnore
FNDA:0,DeviceStatus_SetCheckStatusAlert_CMockExpectAnyArgs
FNDA:0,DeviceStatus_SetCheckStatusAlert_CMockExpect
FNDA:27,DeviceStatus_SetCheckStatusAlert_StubWithCallback
FNDA:0,DeviceStatus_SetCheckStatusAlert_CMockIgnoreArg_EnableCheck
FNDA:0,DeviceStatus_GetCheckStatusAlert
FNDA:0,DeviceStatus_GetCheckStatusAlert_CMockIgnoreAndReturn
FNDA:0,DeviceStatus_GetCheckStatusAlert_CMockExpectAnyArgsAndReturn
FNDA:0,DeviceStatus_GetCheckStatusAlert_CMockExpectAndReturn
FNDA:27,DeviceStatus_GetCheckStatusAlert_StubWithCallback
FNDA:1,DeviceStatus_SetDeepSleepModeStatus
FNDA:1,CMockExpectParameters_DeviceStatus_SetDeepSleepModeStatus
FNDA:0,DeviceStatus_SetDeepSleepModeStatus_CMockIgnore
FNDA:0,DeviceStatus_SetDeepSleepModeStatus_CMockExpectAnyArgs
FNDA:1,DeviceStatus_SetDeepSleepModeStatus_CMockExpect
FNDA:0,DeviceStatus_SetDeepSleepModeStatus_StubWithCallback
FNDA:0,DeviceStatus_SetDeepSleepModeStatus_CMockIgnoreArg_Enable
FNDA:0,DeviceStatus_isGoingInDeepSleep
FNDA:0,DeviceStatus_isGoingInDeepSleep_CMockIgnoreAndReturn
FNDA:0,DeviceStatus_isGoingInDeepSleep_CMockExpectAnyArgsAndReturn
FNDA:0,DeviceStatus_isGoingInDeepSleep_CMockExpectAndReturn
FNDA:0,DeviceStatus_isGoingInDeepSleep_StubWithCallback
FNDA:0,DeviceStatus_IsRunningPump
FNDA:0,DeviceStatus_IsRunningPump_CMockIgnoreAndReturn
FNDA:0,DeviceStatus_IsRunningPump_CMockExpectAnyArgsAndReturn
FNDA:0,DeviceStatus_IsRunningPump_CMockExpectAndReturn
FNDA:0,DeviceStatus_IsRunningPump_StubWithCallback
FNDA:0,DeviceStatus_IsReadingPressureSensor
FNDA:0,DeviceStatus_IsReadingPressureSensor_CMockIgnoreAndReturn
FNDA:0,DeviceStatus_IsReadingPressureSensor_CMockExpectAnyArgsAndReturn
FNDA:0,DeviceStatus_IsReadingPressureSensor_CMockExpectAndReturn
FNDA:0,DeviceStatus_IsReadingPressureSensor_StubWithCallback
FNDA:6,DeviceStatus_SetPumpIsRunning
FNDA:2,CMockExpectParameters_DeviceStatus_SetPumpIsRunning
FNDA:2,DeviceStatus_SetPumpIsRunning_CMockIgnore
FNDA:0,DeviceStatus_SetPumpIsRunning_CMockExpectAnyArgs
FNDA:2,DeviceStatus_SetPumpIsRunning_CMockExpect
FNDA:0,DeviceStatus_SetPumpIsRunning_StubWithCallback
FNDA:0,DeviceStatus_SetPumpIsRunning_CMockIgnoreArg_isRunning
FNDA:121,DeviceStatus_SetPressureSensorIsReading
FNDA:0,CMockExpectParameters_DeviceStatus_SetPressureSensorIsReading
FNDA:0,DeviceStatus_SetPressureSensorIsReading_CMockIgnore
FNDA:0,DeviceStatus_SetPressureSensorIsReading_CMockExpectAnyArgs
FNDA:0,DeviceStatus_SetPressureSensorIsReading_CMockExpect
FNDA:22,DeviceStatus_SetPressureSensorIsReading_StubWithCallback
FNDA:0,DeviceStatus_SetPressureSensorIsReading_CMockIgnoreArg_isReading
FNDA:0,DeviceStatus_SetButtonPressFromLeak
FNDA:0,CMockExpectParameters_DeviceStatus_SetButtonPressFromLeak
FNDA:0,DeviceStatus_SetButtonPressFromLeak_CMockIgnore
FNDA:0,DeviceStatus_SetButtonPressFromLeak_CMockExpectAnyArgs
FNDA:0,DeviceStatus_SetButtonPressFromLeak_CMockExpect
FNDA:0,DeviceStatus_SetButtonPressFromLeak_StubWithCallback
FNDA:0,DeviceStatus_SetButtonPressFromLeak_CMockIgnoreArg_isPressed
FNDA:2,DeviceStatus_GetButtonPressFromLeak
FNDA:0,DeviceStatus_GetButtonPressFromLeak_CMockIgnoreAndReturn
FNDA:0,DeviceStatus_GetButtonPressFromLeak_CMockExpectAnyArgsAndReturn
FNDA:2,DeviceStatus_GetButtonPressFromLeak_CMockExpectAndReturn
FNDA:0,DeviceStatus_GetButtonPressFromLeak_StubWithCallback
FNF:110
FNH:24
DA:297,44
DA:299,44
DA:300,44
DA:301,0
DA:302,44
DA:303,44
DA:304,44
DA:305,0
DA:306,44
DA:307,0
DA:308,44
DA:309,44
DA:310,44
DA:311,0
DA:312,44
DA:313,0
DA:314,44
DA:315,44
DA:316,44
DA:317,5
DA:318,44
DA:319,11
DA:320,44
DA:321,44
DA:322,44
DA:323,0
DA:324,44
DA:325,0
DA:326,44
DA:327,44
DA:328,44
DA:329,0
DA:330,44
DA:331,0
DA:332,44
DA:333,44
DA:334,44
DA:335,0
DA:336,44
DA:337,4
DA:338,44
DA:339,44
DA:340,44
DA:341,0
DA:342,44
DA:343,19
DA:344,44
DA:345,44
DA:346,44
DA:347,0
DA:348,44
DA:349,0
DA:350,44
DA:351,44
DA:352,44
DA:353,27
DA:354,44
DA:355,0
DA:356,44
DA:357,44
DA:358,44
DA:359,27
DA:360,44
DA:361,0
DA:362,44
DA:363,44
DA:364,44
DA:365,0
DA:366,44
DA:367,0
DA:368,44
DA:369,44
DA:370,44
DA:371,0
DA:372,44
DA:373,0
DA:374,44
DA:375,44
DA:376,44
DA:377,0
DA:378,44
DA:379,0
DA:380,44
DA:381,44
DA:382,44
DA:383,0
DA:384,44
DA:385,2
DA:386,44
DA:387,44
DA:388,44
DA:389,0
DA:390,44
DA:391,0
DA:392,44
DA:393,44
DA:394,44
DA:395,22
DA:396,44
DA:397,0
DA:398,44
DA:399,44
DA:400,44
DA:401,0
DA:402,44
DA:403,0
DA:404,44
DA:405,44
DA:406,44
DA:407,0
DA:408,44
DA:410,44
DA:412,44
DA:413,44
DA:415,88
DA:417,88
DA:418,88
DA:419,88
DA:420,88
DA:421,88
DA:422,88
DA:423,88
DA:424,88
DA:425,88
DA:426,88
DA:427,88
DA:428,88
DA:429,88
DA:430,88
DA:431,88
DA:432,88
DA:433,88
DA:434,88
DA:435,88
DA:436,88
DA:437,88
DA:438,88
DA:439,88
DA:440,88
DA:441,88
DA:442,88
DA:443,88
DA:444,88
DA:445,88
DA:446,88
DA:447,88
DA:448,88
DA:449,88
DA:450,88
DA:451,88
DA:452,88
DA:453,88
DA:454,88
DA:455,88
DA:456,88
DA:457,88
DA:459,0
DA:461,0
DA:462,0
DA:463,0
DA:464,0
DA:465,0
DA:467,0
DA:468,0
DA:470,0
DA:472,0
DA:473,0
DA:475,0
DA:476,0
DA:477,0
DA:478,0
DA:479,0
DA:480,0
DA:481,0
DA:484,0
DA:486,0
DA:487,0
DA:489,0
DA:491,0
DA:492,0
DA:493,0
DA:494,0
DA:495,0
DA:496,0
DA:497,0
DA:498,0
DA:499,0
DA:500,0
DA:501,0
DA:503,0
DA:505,0
DA:506,0
DA:507,0
DA:508,0
DA:509,0
DA:510,0
DA:511,0
DA:512,0
DA:513,0
DA:514,0
DA:515,0
DA:517,0
DA:519,0
DA:520,0
DA:522,0
DA:524,0
DA:525,0
DA:526,0
DA:527,0
DA:528,0
DA:530,0
DA:531,0
DA:533,0
DA:535,0
DA:536,0
DA:538,0
DA:539,0
DA:540,0
DA:541,0
DA:542,0
DA:543,0
DA:544,0
DA:546,0
DA:548,0
DA:549,0
DA:551,0
DA:553,0
DA:554,0
DA:558,0
DA:561,0
DA:563,0
DA:564,0
DA:565,0
DA:566,0
DA:567,0
DA:569,0
DA:571,0
DA:572,0
DA:574,0
DA:576,0
DA:577,0
DA:578,0
DA:579,0
DA:580,0
DA:581,0
DA:582,0
DA:583,0
DA:584,0
DA:585,0
DA:586,0
DA:588,0
DA:590,0
DA:591,0
DA:592,0
DA:593,0
DA:594,0
DA:595,0
DA:596,0
DA:597,0
DA:598,0
DA:599,0
DA:600,0
DA:601,0
DA:603,0
DA:605,0
DA:606,0
DA:608,0
DA:610,0
DA:611,0
DA:612,0
DA:613,0
DA:615,0
DA:617,0
DA:618,0
DA:619,0
DA:620,0
DA:622,0
DA:624,0
DA:625,0
DA:626,0
DA:627,0
DA:628,0
DA:630,0
DA:631,0
DA:632,0
DA:633,0
DA:634,0
DA:636,0
DA:638,0
DA:640,0
DA:641,0
DA:642,0
DA:643,0
DA:644,0
DA:645,0
DA:646,0
DA:647,0
DA:650,0
DA:652,0
DA:653,0
DA:654,0
DA:655,0
DA:656,0
DA:657,0
DA:658,0
DA:659,0
DA:660,0
DA:661,0
DA:662,0
DA:664,0
DA:666,0
DA:667,0
DA:668,0
DA:669,0
DA:670,0
DA:671,0
DA:672,0
DA:673,0
DA:674,0
DA:675,0
DA:676,0
DA:677,0
DA:679,0
DA:681,0
DA:682,0
DA:683,0
DA:684,0
DA:685,0
DA:686,0
DA:687,0
DA:688,0
DA:689,0
DA:690,0
DA:691,0
DA:692,0
DA:694,5
DA:696,5
DA:697,5
DA:699,12
DA:701,12
DA:702,12
DA:703,12
DA:704,12
DA:705,12
DA:707,12
DA:708,12
DA:710,0
DA:712,0
DA:713,0
DA:715,0
DA:716,0
DA:717,0
DA:718,0
DA:719,0
DA:720,0
DA:721,0
DA:723,0
DA:725,0
DA:726,0
DA:730,0
DA:733,0
DA:735,0
DA:736,0
DA:737,0
DA:739,11
DA:741,11
DA:742,11
DA:744,0
DA:746,0
DA:747,0
DA:748,0
DA:749,0
DA:750,0
DA:751,0
DA:752,0
DA:753,0
DA:754,0
DA:755,0
DA:756,0
DA:758,0
DA:760,0
DA:761,0
DA:762,0
DA:763,0
DA:764,0
DA:765,0
DA:766,0
DA:767,0
DA:768,0
DA:769,0
DA:770,0
DA:771,0
DA:773,0
DA:775,0
DA:776,0
DA:778,0
DA:780,0
DA:781,0
DA:782,0
DA:783,0
DA:785,0
DA:787,0
DA:788,0
DA:789,0
DA:790,0
DA:791,0
DA:793,0
DA:794,0
DA:795,0
DA:796,0
DA:797,0
DA:799,0
DA:801,0
DA:803,0
DA:804,0
DA:805,0
DA:806,0
DA:807,0
DA:808,0
DA:809,0
DA:810,0
DA:813,0
DA:815,0
DA:816,0
DA:817,0
DA:818,0
DA:819,0
DA:820,0
DA:821,0
DA:822,0
DA:823,0
DA:824,0
DA:825,0
DA:827,0
DA:829,0
DA:830,0
DA:831,0
DA:832,0
DA:833,0
DA:834,0
DA:835,0
DA:836,0
DA:837,0
DA:838,0
DA:839,0
DA:840,0
DA:842,0
DA:844,0
DA:845,0
DA:846,0
DA:847,0
DA:848,0
DA:849,0
DA:850,0
DA:851,0
DA:852,0
DA:853,0
DA:854,0
DA:855,0
DA:857,0
DA:859,0
DA:860,0
DA:862,0
DA:864,0
DA:865,0
DA:866,0
DA:867,0
DA:868,0
DA:870,0
DA:871,0
DA:872,0
DA:873,0
DA:874,0
DA:876,0
DA:878,0
DA:880,0
DA:881,0
DA:882,0
DA:883,0
DA:884,0
DA:885,0
DA:886,0
DA:887,0
DA:890,0
DA:892,0
DA:893,0
DA:894,0
DA:895,0
DA:896,0
DA:897,0
DA:898,0
DA:899,0
DA:900,0
DA:901,0
DA:902,0
DA:904,0
DA:906,0
DA:907,0
DA:908,0
DA:909,0
DA:910,0
DA:911,0
DA:912,0
DA:913,0
DA:914,0
DA:915,0
DA:916,0
DA:917,0
DA:919,0
DA:921,0
DA:922,0
DA:923,0
DA:924,0
DA:925,0
DA:926,0
DA:927,0
DA:928,0
DA:929,0
DA:930,0
DA:931,0
DA:932,0
DA:934,0
DA:936,0
DA:937,0
DA:939,25
DA:941,25
DA:942,25
DA:943,25
DA:944,25
DA:945,25
DA:947,25
DA:948,25
DA:950,0
DA:952,0
DA:953,0
DA:955,0
DA:956,0
DA:957,0
DA:958,0
DA:959,0
DA:960,0
DA:961,0
DA:963,0
DA:965,0
DA:966,0
DA:970,0
DA:973,0
DA:975,0
DA:976,0
DA:977,0
DA:979,13
DA:981,13
DA:982,13
DA:984,0
DA:986,0
DA:987,0
DA:988,0
DA:989,0
DA:990,0
DA:991,0
DA:992,0
DA:993,0
DA:994,0
DA:995,0
DA:996,0
DA:998,0
DA:1000,0
DA:1001,0
DA:1002,0
DA:1003,0
DA:1004,0
DA:1005,0
DA:1006,0
DA:1007,0
DA:1008,0
DA:1009,0
DA:1010,0
DA:1011,0
DA:1013,0
DA:1015,0
DA:1016,0
DA:1018,0
DA:1020,0
DA:1021,0
DA:1022,0
DA:1023,0
DA:1025,76
DA:1027,76
DA:1028,76
DA:1029,76
DA:1030,76
DA:1031,76
DA:1033,76
DA:1034,76
DA:1035,53
DA:1036,23
DA:1037,23
DA:1039,0
DA:1041,0
DA:1043,0
DA:1044,0
DA:1045,0
DA:1046,0
DA:1047,0
DA:1048,0
DA:1049,0
DA:1050,0
DA:1053,23
DA:1055,23
DA:1056,23
DA:1057,23
DA:1058,23
DA:1059,23
DA:1060,23
DA:1061,23
DA:1062,23
DA:1063,23
DA:1064,23
DA:1065,23
DA:1067,0
DA:1069,0
DA:1070,0
DA:1071,0
DA:1072,0
DA:1073,0
DA:1074,0
DA:1075,0
DA:1076,0
DA:1077,0
DA:1078,0
DA:1079,0
DA:1080,0
DA:1082,0
DA:1084,0
DA:1085,0
DA:1086,0
DA:1087,0
DA:1088,0
DA:1089,0
DA:1090,0
DA:1091,0
DA:1092,0
DA:1093,0
DA:1094,0
DA:1095,0
DA:1097,0
DA:1099,0
DA:1100,0
DA:1102,1
DA:1104,1
DA:1105,1
DA:1106,1
DA:1107,1
DA:1108,1
DA:1110,0
DA:1111,0
DA:1113,1
DA:1115,1
DA:1116,1
DA:1118,0
DA:1119,0
DA:1120,0
DA:1121,0
DA:1122,0
DA:1123,0
DA:1124,0
DA:1126,0
DA:1128,0
DA:1129,0
DA:1133,0
DA:1136,0
DA:1138,0
DA:1139,0
DA:1140,0
DA:1142,0
DA:1144,0
DA:1145,0
DA:1147,0
DA:1149,0
DA:1150,0
DA:1151,0
DA:1152,0
DA:1153,0
DA:1154,0
DA:1155,0
DA:1156,0
DA:1157,0
DA:1158,0
DA:1159,0
DA:1161,0
DA:1163,0
DA:1164,0
DA:1165,0
DA:1166,0
DA:1167,0
DA:1168,0
DA:1169,0
DA:1170,0
DA:1171,0
DA:1172,0
DA:1173,0
DA:1174,0
DA:1176,27
DA:1178,27
DA:1179,27
DA:1181,0
DA:1183,0
DA:1184,0
DA:1185,0
DA:1186,0
DA:1188,0
DA:1190,0
DA:1191,0
DA:1192,0
DA:1193,0
DA:1194,0
DA:1196,0
DA:1197,0
DA:1198,0
DA:1199,0
DA:1200,0
DA:1202,0
DA:1204,0
DA:1206,0
DA:1207,0
DA:1208,0
DA:1209,0
DA:1210,0
DA:1211,0
DA:1212,0
DA:1213,0
DA:1216,0
DA:1218,0
DA:1219,0
DA:1220,0
DA:1221,0
DA:1222,0
DA:1223,0
DA:1224,0
DA:1225,0
DA:1226,0
DA:1227,0
DA:1228,0
DA:1230,0
DA:1232,0
DA:1233,0
DA:1234,0
DA:1235,0
DA:1236,0
DA:1237,0
DA:1238,0
DA:1239,0
DA:1240,0
DA:1241,0
DA:1242,0
DA:1243,0
DA:1245,0
DA:1247,0
DA:1248,0
DA:1249,0
DA:1250,0
DA:1251,0
DA:1252,0
DA:1253,0
DA:1254,0
DA:1255,0
DA:1256,0
DA:1257,0
DA:1258,0
DA:1260,27
DA:1262,27
DA:1263,27
DA:1265,1
DA:1267,1
DA:1268,1
DA:1269,1
DA:1270,1
DA:1271,1
DA:1273,0
DA:1274,0
DA:1276,1
DA:1278,0
DA:1279,0
DA:1281,1
DA:1282,1
DA:1283,1
DA:1284,0
DA:1285,1
DA:1286,0
DA:1287,1
DA:1289,1
DA:1291,1
DA:1292,1
DA:1296,1
DA:1299,1
DA:1301,1
DA:1302,1
DA:1303,1
DA:1305,0
DA:1307,0
DA:1308,0
DA:1310,0
DA:1312,0
DA:1313,0
DA:1314,0
DA:1315,0
DA:1316,0
DA:1317,0
DA:1318,0
DA:1319,0
DA:1320,0
DA:1321,0
DA:1322,0
DA:1324,1
DA:1326,1
DA:1327,1
DA:1328,1
DA:1329,1
DA:1330,1
DA:1331,1
DA:1332,1
DA:1333,1
DA:1334,1
DA:1335,1
DA:1336,1
DA:1337,1
DA:1339,0
DA:1341,0
DA:1342,0
DA:1344,0
DA:1346,0
DA:1347,0
DA:1348,0
DA:1349,0
DA:1351,0
DA:1353,0
DA:1354,0
DA:1355,0
DA:1356,0
DA:1357,0
DA:1359,0
DA:1360,0
DA:1361,0
DA:1362,0
DA:1363,0
DA:1365,0
DA:1367,0
DA:1369,0
DA:1370,0
DA:1371,0
DA:1372,0
DA:1373,0
DA:1374,0
DA:1375,0
DA:1376,0
DA:1379,0
DA:1381,0
DA:1382,0
DA:1383,0
DA:1384,0
DA:1385,0
DA:1386,0
DA:1387,0
DA:1388,0
DA:1389,0
DA:1390,0
DA:1391,0
DA:1393,0
DA:1395,0
DA:1396,0
DA:1397,0
DA:1398,0
DA:1399,0
DA:1400,0
DA:1401,0
DA:1402,0
DA:1403,0
DA:1404,0
DA:1405,0
DA:1406,0
DA:1408,0
DA:1410,0
DA:1411,0
DA:1412,0
DA:1413,0
DA:1414,0
DA:1415,0
DA:1416,0
DA:1417,0
DA:1418,0
DA:1419,0
DA:1420,0
DA:1421,0
DA:1423,0
DA:1425,0
DA:1426,0
DA:1428,0
DA:1430,0
DA:1431,0
DA:1432,0
DA:1433,0
DA:1434,0
DA:1436,0
DA:1437,0
DA:1438,0
DA:1439,0
DA:1440,0
DA:1442,0
DA:1444,0
DA:1446,0
DA:1447,0
DA:1448,0
DA:1449,0
DA:1450,0
DA:1451,0
DA:1452,0
DA:1453,0
DA:1456,0
DA:1458,0
DA:1459,0
DA:1460,0
DA:1461,0
DA:1462,0
DA:1463,0
DA:1464,0
DA:1465,0
DA:1466,0
DA:1467,0
DA:1468,0
DA:1470,0
DA:1472,0
DA:1473,0
DA:1474,0
DA:1475,0
DA:1476,0
DA:1477,0
DA:1478,0
DA:1479,0
DA:1480,0
DA:1481,0
DA:1482,0
DA:1483,0
DA:1485,0
DA:1487,0
DA:1488,0
DA:1489,0
DA:1490,0
DA:1491,0
DA:1492,0
DA:1493,0
DA:1494,0
DA:1495,0
DA:1496,0
DA:1497,0
DA:1498,0
DA:1500,0
DA:1502,0
DA:1503,0
DA:1505,0
DA:1507,0
DA:1508,0
DA:1509,0
DA:1510,0
DA:1511,0
DA:1513,0
DA:1514,0
DA:1515,0
DA:1516,0
DA:1517,0
DA:1519,0
DA:1521,0
DA:1523,0
DA:1524,0
DA:1525,0
DA:1526,0
DA:1527,0
DA:1528,0
DA:1529,0
DA:1530,0
DA:1533,0
DA:1535,0
DA:1536,0
DA:1537,0
DA:1538,0
DA:1539,0
DA:1540,0
DA:1541,0
DA:1542,0
DA:1543,0
DA:1544,0
DA:1545,0
DA:1547,0
DA:1549,0
DA:1550,0
DA:1551,0
DA:1552,0
DA:1553,0
DA:1554,0
DA:1555,0
DA:1556,0
DA:1557,0
DA:1558,0
DA:1559,0
DA:1560,0
DA:1562,0
DA:1564,0
DA:1565,0
DA:1566,0
DA:1567,0
DA:1568,0
DA:1569,0
DA:1570,0
DA:1571,0
DA:1572,0
DA:1573,0
DA:1574,0
DA:1575,0
DA:1577,0
DA:1579,0
DA:1580,0
DA:1582,6
DA:1584,6
DA:1585,6
DA:1586,6
DA:1587,6
DA:1588,6
DA:1590,4
DA:1591,4
DA:1593,2
DA:1595,0
DA:1596,0
DA:1598,2
DA:1599,2
DA:1600,2
DA:1601,0
DA:1602,2
DA:1603,0
DA:1604,2
DA:1606,2
DA:1608,2
DA:1609,2
DA:1613,2
DA:1616,2
DA:1618,2
DA:1619,2
DA:1620,2
DA:1622,2
DA:1624,2
DA:1625,2
DA:1627,0
DA:1629,0
DA:1630,0
DA:1631,0
DA:1632,0
DA:1633,0
DA:1634,0
DA:1635,0
DA:1636,0
DA:1637,0
DA:1638,0
DA:1639,0
DA:1641,2
DA:1643,2
DA:1644,2
DA:1645,2
DA:1646,2
DA:1647,2
DA:1648,2
DA:1649,2
DA:1650,2
DA:1651,2
DA:1652,2
DA:1653,2
DA:1654,2
DA:1656,0
DA:1658,0
DA:1659,0
DA:1661,0
DA:1663,0
DA:1664,0
DA:1665,0
DA:1666,0
DA:1668,121
DA:1670,121
DA:1671,121
DA:1672,121
DA:1673,121
DA:1674,121
DA:1676,0
DA:1677,0
DA:1679,121
DA:1681,121
DA:1682,121
DA:1684,0
DA:1685,0
DA:1686,0
DA:1687,0
DA:1688,0
DA:1689,0
DA:1690,0
DA:1692,0
DA:1694,0
DA:1695,0
DA:1699,0
DA:1702,0
DA:1704,0
DA:1705,0
DA:1706,0
DA:1708,0
DA:1710,0
DA:1711,0
DA:1713,0
DA:1715,0
DA:1716,0
DA:1717,0
DA:1718,0
DA:1719,0
DA:1720,0
DA:1721,0
DA:1722,0
DA:1723,0
DA:1724,0
DA:1725,0
DA:1727,0
DA:1729,0
DA:1730,0
DA:1731,0
DA:1732,0
DA:1733,0
DA:1734,0
DA:1735,0
DA:1736,0
DA:1737,0
DA:1738,0
DA:1739,0
DA:1740,0
DA:1742,22
DA:1744,22
DA:1745,22
DA:1747,0
DA:1749,0
DA:1750,0
DA:1751,0
DA:1752,0
DA:1754,0
DA:1756,0
DA:1757,0
DA:1758,0
DA:1759,0
DA:1760,0
DA:1762,0
DA:1763,0
DA:1765,0
DA:1767,0
DA:1768,0
DA:1770,0
DA:1771,0
DA:1772,0
DA:1773,0
DA:1774,0
DA:1775,0
DA:1776,0
DA:1778,0
DA:1780,0
DA:1781,0
DA:1785,0
DA:1788,0
DA:1790,0
DA:1791,0
DA:1792,0
DA:1794,0
DA:1796,0
DA:1797,0
DA:1799,0
DA:1801,0
DA:1802,0
DA:1803,0
DA:1804,0
DA:1805,0
DA:1806,0
DA:1807,0
DA:1808,0
DA:1809,0
DA:1810,0
DA:1811,0
DA:1813,0
DA:1815,0
DA:1816,0
DA:1817,0
DA:1818,0
DA:1819,0
DA:1820,0
DA:1821,0
DA:1822,0
DA:1823,0
DA:1824,0
DA:1825,0
DA:1826,0
DA:1828,0
DA:1830,0
DA:1831,0
DA:1833,0
DA:1835,0
DA:1836,0
DA:1837,0
DA:1838,0
DA:1840,2
DA:1842,2
DA:1843,2
DA:1844,2
DA:1845,2
DA:1846,2
DA:1848,0
DA:1849,0
DA:1850,0
DA:1851,0
DA:1852,0
DA:1854,2
DA:1856,0
DA:1858,2
DA:1859,2
DA:1860,2
DA:1861,0
DA:1862,2
DA:1863,0
DA:1864,2
DA:1865,2
DA:1868,0
DA:1870,0
DA:1871,0
DA:1872,0
DA:1873,0
DA:1874,0
DA:1875,0
DA:1876,0
DA:1877,0
DA:1878,0
DA:1879,0
DA:1880,0
DA:1882,0
DA:1884,0
DA:1885,0
DA:1886,0
DA:1887,0
DA:1888,0
DA:1889,0
DA:1890,0
DA:1891,0
DA:1892,0
DA:1893,0
DA:1894,0
DA:1895,0
DA:1897,2
DA:1899,2
DA:1900,2
DA:1901,2
DA:1902,2
DA:1903,2
DA:1904,2
DA:1905,2
DA:1906,2
DA:1907,2
DA:1908,2
DA:1909,2
DA:1910,2
DA:1912,0
DA:1914,0
DA:1915,0
LF:1268
LH:300
end_of_record
TN:
SF:/c/Repos/RR/Pico2/PP-main/unit_test_build/test/mocks/MockDutyCycle.c
FN:100,MockDutyCycle_Verify
FN:141,MockDutyCycle_Init
FN:146,MockDutyCycle_Destroy
FN:166,DCHistoryReset
FN:191,DCHistoryReset_CMockIgnore
FN:196,DCHistoryReset_CMockExpectAnyArgs
FN:210,DCHistoryReset_CMockExpect
FN:224,DCHistoryReset_StubWithCallback
FN:229,DCCalculateAll
FN:254,DCCalculateAll_CMockIgnore
FN:259,DCCalculateAll_CMockExpectAnyArgs
FN:273,DCCalculateAll_CMockExpect
FN:287,DCCalculateAll_StubWithCallback
FN:292,DCPumpOnUpdate
FN:317,DCPumpOnUpdate_CMockIgnore
FN:322,DCPumpOnUpdate_CMockExpectAnyArgs
FN:336,DCPumpOnUpdate_CMockExpect
FN:350,DCPumpOnUpdate_StubWithCallback
FN:355,DCPumpOffUpdate
FN:380,DCPumpOffUpdate_CMockIgnore
FN:385,DCPumpOffUpdate_CMockExpectAnyArgs
FN:399,DCPumpOffUpdate_CMockExpect
FN:413,DCPumpOffUpdate_StubWithCallback
FN:418,DCVaccumOffsetUpdateGet
FN:446,DCVaccumOffsetUpdateGet_CMockIgnoreAndReturn
FN:460,DCVaccumOffsetUpdateGet_CMockExpectAnyArgsAndReturn
FN:475,DCVaccumOffsetUpdateGet_CMockExpectAndReturn
FN:490,DCVaccumOffsetUpdateGet_StubWithCallback
FN:495,DCLeakGet
FN:523,DCLeakGet_CMockIgnoreAndReturn
FN:537,DCLeakGet_CMockExpectAnyArgsAndReturn
FN:552,DCLeakGet_CMockExpectAndReturn
FN:567,DCLeakGet_StubWithCallback
FNDA:43,MockDutyCycle_Verify
FNDA:43,MockDutyCycle_Init
FNDA:86,MockDutyCycle_Destroy
FNDA:31,DCHistoryReset
FNDA:8,DCHistoryReset_CMockIgnore
FNDA:0,DCHistoryReset_CMockExpectAnyArgs
FNDA:22,DCHistoryReset_CMockExpect
FNDA:0,DCHistoryReset_StubWithCallback
FNDA:45,DCCalculateAll
FNDA:1,DCCalculateAll_CMockIgnore
FNDA:0,DCCalculateAll_CMockExpectAnyArgs
FNDA:44,DCCalculateAll_CMockExpect
FNDA:0,DCCalculateAll_StubWithCallback
FNDA:5,DCPumpOnUpdate
FNDA:0,DCPumpOnUpdate_CMockIgnore
FNDA:0,DCPumpOnUpdate_CMockExpectAnyArgs
FNDA:5,DCPumpOnUpdate_CMockExpect
FNDA:0,DCPumpOnUpdate_StubWithCallback
FNDA:45,DCPumpOffUpdate
FNDA:1,DCPumpOffUpdate_CMockIgnore
FNDA:0,DCPumpOffUpdate_CMockExpectAnyArgs
FNDA:44,DCPumpOffUpdate_CMockExpect
FNDA:0,DCPumpOffUpdate_StubWithCallback
FNDA:0,DCVaccumOffsetUpdateGet
FNDA:0,DCVaccumOffsetUpdateGet_CMockIgnoreAndReturn
FNDA:0,DCVaccumOffsetUpdateGet_CMockExpectAnyArgsAndReturn
FNDA:0,DCVaccumOffsetUpdateGet_CMockExpectAndReturn
FNDA:0,DCVaccumOffsetUpdateGet_StubWithCallback
FNDA:3,DCLeakGet
FNDA:2,DCLeakGet_CMockIgnoreAndReturn
FNDA:0,DCLeakGet_CMockExpectAnyArgsAndReturn
FNDA:3,DCLeakGet_CMockExpectAndReturn
FNDA:0,DCLeakGet_StubWithCallback
FNF:33
FNH:17
DA:100,43
DA:102,43
DA:103,43
DA:104,8
DA:105,43
DA:106,43
DA:107,43
DA:108,0
DA:109,43
DA:110,1
DA:111,43
DA:112,43
DA:113,43
DA:114,0
DA:115,43
DA:116,0
DA:117,43
DA:118,43
DA:119,43
DA:120,0
DA:121,43
DA:122,1
DA:123,43
DA:124,43
DA:125,43
DA:126,0
DA:127,43
DA:128,0
DA:129,43
DA:130,43
DA:131,43
DA:132,0
DA:133,43
DA:134,1
DA:135,43
DA:136,43
DA:137,43
DA:138,0
DA:139,43
DA:141,43
DA:143,43
DA:144,43
DA:146,86
DA:148,86
DA:149,86
DA:150,86
DA:151,86
DA:152,86
DA:153,86
DA:154,86
DA:155,86
DA:156,86
DA:157,86
DA:158,86
DA:159,86
DA:160,86
DA:161,86
DA:162,86
DA:163,86
DA:164,86
DA:166,31
DA:168,31
DA:169,31
DA:170,31
DA:171,31
DA:172,31
DA:174,9
DA:175,9
DA:177,22
DA:179,0
DA:180,0
DA:182,22
DA:183,22
DA:184,22
DA:185,0
DA:186,22
DA:187,0
DA:188,22
DA:191,8
DA:193,8
DA:194,8
DA:196,0
DA:198,0
DA:199,0
DA:200,0
DA:201,0
DA:202,0
DA:203,0
DA:204,0
DA:205,0
DA:206,0
DA:207,0
DA:208,0
DA:210,22
DA:212,22
DA:213,22
DA:214,22
DA:215,22
DA:216,22
DA:217,22
DA:218,22
DA:219,22
DA:220,22
DA:221,22
DA:222,22
DA:224,0
DA:226,0
DA:227,0
DA:229,45
DA:231,45
DA:232,45
DA:233,45
DA:234,45
DA:235,45
DA:237,1
DA:238,1
DA:240,44
DA:242,0
DA:243,0
DA:245,44
DA:246,44
DA:247,44
DA:248,0
DA:249,44
DA:250,0
DA:251,44
DA:254,1
DA:256,1
DA:257,1
DA:259,0
DA:261,0
DA:262,0
DA:263,0
DA:264,0
DA:265,0
DA:266,0
DA:267,0
DA:268,0
DA:269,0
DA:270,0
DA:271,0
DA:273,44
DA:275,44
DA:276,44
DA:277,44
DA:278,44
DA:279,44
DA:280,44
DA:281,44
DA:282,44
DA:283,44
DA:284,44
DA:285,44
DA:287,0
DA:289,0
DA:290,0
DA:292,5
DA:294,5
DA:295,5
DA:296,5
DA:297,5
DA:298,5
DA:300,0
DA:301,0
DA:303,5
DA:305,0
DA:306,0
DA:308,5
DA:309,5
DA:310,5
DA:311,0
DA:312,5
DA:313,0
DA:314,5
DA:317,0
DA:319,0
DA:320,0
DA:322,0
DA:324,0
DA:325,0
DA:326,0
DA:327,0
DA:328,0
DA:329,0
DA:330,0
DA:331,0
DA:332,0
DA:333,0
DA:334,0
DA:336,5
DA:338,5
DA:339,5
DA:340,5
DA:341,5
DA:342,5
DA:343,5
DA:344,5
DA:345,5
DA:346,5
DA:347,5
DA:348,5
DA:350,0
DA:352,0
DA:353,0
DA:355,45
DA:357,45
DA:358,45
DA:359,45
DA:360,45
DA:361,45
DA:363,1
DA:364,1
DA:366,44
DA:368,0
DA:369,0
DA:371,44
DA:372,44
DA:373,44
DA:374,0
DA:375,44
DA:376,0
DA:377,44
DA:380,1
DA:382,1
DA:383,1
DA:385,0
DA:387,0
DA:388,0
DA:389,0
DA:390,0
DA:391,0
DA:392,0
DA:393,0
DA:394,0
DA:395,0
DA:396,0
DA:397,0
DA:399,44
DA:401,44
DA:402,44
DA:403,44
DA:404,44
DA:405,44
DA:406,44
DA:407,44
DA:408,44
DA:409,44
DA:410,44
DA:411,44
DA:413,0
DA:415,0
DA:416,0
DA:418,0
DA:420,0
DA:421,0
DA:422,0
DA:423,0
DA:424,0
DA:426,0
DA:427,0
DA:428,0
DA:429,0
DA:430,0
DA:432,0
DA:434,0
DA:436,0
DA:437,0
DA:438,0
DA:439,0
DA:440,0
DA:441,0
DA:442,0
DA:443,0
DA:446,0
DA:448,0
DA:449,0
DA:450,0
DA:451,0
DA:452,0
DA:453,0
DA:454,0
DA:455,0
DA:456,0
DA:457,0
DA:458,0
DA:460,0
DA:462,0
DA:463,0
DA:464,0
DA:465,0
DA:466,0
DA:467,0
DA:468,0
DA:469,0
DA:470,0
DA:471,0
DA:472,0
DA:473,0
DA:475,0
DA:477,0
DA:478,0
DA:479,0
DA:480,0
DA:481,0
DA:482,0
DA:483,0
DA:484,0
DA:485,0
DA:486,0
DA:487,0
DA:488,0
DA:490,0
DA:492,0
DA:493,0
DA:495,3
DA:497,3
DA:498,3
DA:499,3
DA:500,3
DA:501,3
DA:503,0
DA:504,0
DA:505,0
DA:506,0
DA:507,0
DA:509,3
DA:511,0
DA:513,3
DA:514,3
DA:515,3
DA:516,0
DA:517,3
DA:518,0
DA:519,3
DA:520,3
DA:523,2
DA:525,2
DA:526,2
DA:527,2
DA:528,2
DA:529,2
DA:530,2
DA:531,2
DA:532,2
DA:533,2
DA:534,2
DA:535,2
DA:537,0
DA:539,0
DA:540,0
DA:541,0
DA:542,0
DA:543,0
DA:544,0
DA:545,0
DA:546,0
DA:547,0
DA:548,0
DA:549,0
DA:550,0
DA:552,3
DA:554,3
DA:555,3
DA:556,3
DA:557,3
DA:558,3
DA:559,3
DA:560,3
DA:561,3
DA:562,3
DA:563,3
DA:564,3
DA:565,3
DA:567,0
DA:569,0
DA:570,0
LF:376
LH:201
end_of_record
TN:
SF:/c/Repos/RR/Pico2/PP-main/unit_test_build/test/mocks/Mockeusart.c
FN:107,Mockeusart_Verify
FN:148,Mockeusart_Init
FN:153,Mockeusart_Destroy
FN:173,EUSART_Initialize
FN:198,EUSART_Initialize_CMockIgnore
FN:203,EUSART_Initialize_CMockExpectAnyArgs
FN:217,EUSART_Initialize_CMockExpect
FN:231,EUSART_Initialize_StubWithCallback
FN:236,EUSART_is_tx_ready
FN:264,EUSART_is_tx_ready_CMockIgnoreAndReturn
FN:278,EUSART_is_tx_ready_CMockExpectAnyArgsAndReturn
FN:293,EUSART_is_tx_ready_CMockExpectAndReturn
FN:308,EUSART_is_tx_ready_StubWithCallback
FN:313,EUSART_is_rx_ready
FN:341,EUSART_is_rx_ready_CMockIgnoreAndReturn
FN:355,EUSART_is_rx_ready_CMockExpectAnyArgsAndReturn
FN:370,EUSART_is_rx_ready_CMockExpectAndReturn
FN:385,EUSART_is_rx_ready_StubWithCallback
FN:390,EUSART_is_tx_done
FN:418,EUSART_is_tx_done_CMockIgnoreAndReturn
FN:432,EUSART_is_tx_done_CMockExpectAnyArgsAndReturn
FN:447,EUSART_is_tx_done_CMockExpectAndReturn
FN:462,EUSART_is_tx_done_StubWithCallback
FN:467,EUSART_Read
FN:495,EUSART_Read_CMockIgnoreAndReturn
FN:509,EUSART_Read_CMockExpectAnyArgsAndReturn
FN:524,EUSART_Read_CMockExpectAndReturn
FN:539,EUSART_Read_StubWithCallback
FN:544,EUSART_Write
FN:578,CMockExpectParameters_EUSART_Write
FN:584,EUSART_Write_CMockIgnore
FN:589,EUSART_Write_CMockExpectAnyArgs
FN:603,EUSART_Write_CMockExpect
FN:618,EUSART_Write_StubWithCallback
FN:623,EUSART_Write_CMockIgnoreArg_txData
FNDA:5,Mockeusart_Verify
FNDA:5,Mockeusart_Init
FNDA:10,Mockeusart_Destroy
FNDA:4,EUSART_Initialize
FNDA:1,EUSART_Initialize_CMockIgnore
FNDA:0,EUSART_Initialize_CMockExpectAnyArgs
FNDA:1,EUSART_Initialize_CMockExpect
FNDA:0,EUSART_Initialize_StubWithCallback
FNDA:0,EUSART_is_tx_ready
FNDA:0,EUSART_is_tx_ready_CMockIgnoreAndReturn
FNDA:0,EUSART_is_tx_ready_CMockExpectAnyArgsAndReturn
FNDA:0,EUSART_is_tx_ready_CMockExpectAndReturn
FNDA:0,EUSART_is_tx_ready_StubWithCallback
FNDA:0,EUSART_is_rx_ready
FNDA:0,EUSART_is_rx_ready_CMockIgnoreAndReturn
FNDA:0,EUSART_is_rx_ready_CMockExpectAnyArgsAndReturn
FNDA:0,EUSART_is_rx_ready_CMockExpectAndReturn
FNDA:0,EUSART_is_rx_ready_StubWithCallback
FNDA:0,EUSART_is_tx_done
FNDA:0,EUSART_is_tx_done_CMockIgnoreAndReturn
FNDA:0,EUSART_is_tx_done_CMockExpectAnyArgsAndReturn
FNDA:0,EUSART_is_tx_done_CMockExpectAndReturn
FNDA:0,EUSART_is_tx_done_StubWithCallback
FNDA:0,EUSART_Read
FNDA:0,EUSART_Read_CMockIgnoreAndReturn
FNDA:0,EUSART_Read_CMockExpectAnyArgsAndReturn
FNDA:0,EUSART_Read_CMockExpectAndReturn
FNDA:0,EUSART_Read_StubWithCallback
FNDA:8,EUSART_Write
FNDA:8,CMockExpectParameters_EUSART_Write
FNDA:0,EUSART_Write_CMockIgnore
FNDA:0,EUSART_Write_CMockExpectAnyArgs
FNDA:8,EUSART_Write_CMockExpect
FNDA:0,EUSART_Write_StubWithCallback
FNDA:0,EUSART_Write_CMockIgnoreArg_txData
FNF:35
FNH:9
DA:107,5
DA:109,5
DA:110,5
DA:111,1
DA:112,5
DA:113,5
DA:114,5
DA:115,0
DA:116,5
DA:117,0
DA:118,5
DA:119,5
DA:120,5
DA:121,0
DA:122,5
DA:123,0
DA:124,5
DA:125,5
DA:126,5
DA:127,0
DA:128,5
DA:129,0
DA:130,5
DA:131,5
DA:132,5
DA:133,0
DA:134,5
DA:135,0
DA:136,5
DA:137,5
DA:138,5
DA:139,0
DA:140,5
DA:141,0
DA:142,5
DA:143,5
DA:144,5
DA:145,0
DA:146,5
DA:148,5
DA:150,5
DA:151,5
DA:153,10
DA:155,10
DA:156,10
DA:157,10
DA:158,10
DA:159,10
DA:160,10
DA:161,10
DA:162,10
DA:163,10
DA:164,10
DA:165,10
DA:166,10
DA:167,10
DA:168,10
DA:169,10
DA:170,10
DA:171,10
DA:173,4
DA:175,4
DA:176,4
DA:177,4
DA:178,4
DA:179,4
DA:181,3
DA:182,3
DA:184,1
DA:186,0
DA:187,0
DA:189,1
DA:190,1
DA:191,1
DA:192,0
DA:193,1
DA:194,0
DA:195,1
DA:198,1
DA:200,1
DA:201,1
DA:203,0
DA:205,0
DA:206,0
DA:207,0
DA:208,0
DA:209,0
DA:210,0
DA:211,0
DA:212,0
DA:213,0
DA:214,0
DA:215,0
DA:217,1
DA:219,1
DA:220,1
DA:221,1
DA:222,1
DA:223,1
DA:224,1
DA:225,1
DA:226,1
DA:227,1
DA:228,1
DA:229,1
DA:231,0
DA:233,0
DA:234,0
DA:236,0
DA:238,0
DA:239,0
DA:240,0
DA:241,0
DA:242,0
DA:244,0
DA:245,0
DA:246,0
DA:247,0
DA:248,0
DA:250,0
DA:252,0
DA:254,0
DA:255,0
DA:256,0
DA:257,0
DA:258,0
DA:259,0
DA:260,0
DA:261,0
DA:264,0
DA:266,0
DA:267,0
DA:268,0
DA:269,0
DA:270,0
DA:271,0
DA:272,0
DA:273,0
DA:274,0
DA:275,0
DA:276,0
DA:278,0
DA:280,0
DA:281,0
DA:282,0
DA:283,0
DA:284,0
DA:285,0
DA:286,0
DA:287,0
DA:288,0
DA:289,0
DA:290,0
DA:291,0
DA:293,0
DA:295,0
DA:296,0
DA:297,0
DA:298,0
DA:299,0
DA:300,0
DA:301,0
DA:302,0
DA:303,0
DA:304,0
DA:305,0
DA:306,0
DA:308,0
DA:310,0
DA:311,0
DA:313,0
DA:315,0
DA:316,0
DA:317,0
DA:318,0
DA:319,0
DA:321,0
DA:322,0
DA:323,0
DA:324,0
DA:325,0
DA:327,0
DA:329,0
DA:331,0
DA:332,0
DA:333,0
DA:334,0
DA:335,0
DA:336,0
DA:337,0
DA:338,0
DA:341,0
DA:343,0
DA:344,0
DA:345,0
DA:346,0
DA:347,0
DA:348,0
DA:349,0
DA:350,0
DA:351,0
DA:352,0
DA:353,0
DA:355,0
DA:357,0
DA:358,0
DA:359,0
DA:360,0
DA:361,0
DA:362,0
DA:363,0
DA:364,0
DA:365,0
DA:366,0
DA:367,0
DA:368,0
DA:370,0
DA:372,0
DA:373,0
DA:374,0
DA:375,0
DA:376,0
DA:377,0
DA:378,0
DA:379,0
DA:380,0
DA:381,0
DA:382,0
DA:383,0
DA:385,0
DA:387,0
DA:388,0
DA:390,0
DA:392,0
DA:393,0
DA:394,0
DA:395,0
DA:396,0
DA:398,0
DA:399,0
DA:400,0
DA:401,0
DA:402,0
DA:404,0
DA:406,0
DA:408,0
DA:409,0
DA:410,0
DA:411,0
DA:412,0
DA:413,0
DA:414,0
DA:415,0
DA:418,0
DA:420,0
DA:421,0
DA:422,0
DA:423,0
DA:424,0
DA:425,0
DA:426,0
DA:427,0
DA:428,0
DA:429,0
DA:430,0
DA:432,0
DA:434,0
DA:435,0
DA:436,0
DA:437,0
DA:438,0
DA:439,0
DA:440,0
DA:441,0
DA:442,0
DA:443,0
DA:444,0
DA:445,0
DA:447,0
DA:449,0
DA:450,0
DA:451,0
DA:452,0
DA:453,0
DA:454,0
DA:455,0
DA:456,0
DA:457,0
DA:458,0
DA:459,0
DA:460,0
DA:462,0
DA:464,0
DA:465,0
DA:467,0
DA:469,0
DA:470,0
DA:471,0
DA:472,0
DA:473,0
DA:475,0
DA:476,0
DA:477,0
DA:478,0
DA:479,0
DA:481,0
DA:483,0
DA:485,0
DA:486,0
DA:487,0
DA:488,0
DA:489,0
DA:490,0
DA:491,0
DA:492,0
DA:495,0
DA:497,0
DA:498,0
DA:499,0
DA:500,0
DA:501,0
DA:502,0
DA:503,0
DA:504,0
DA:505,0
DA:506,0
DA:507,0
DA:509,0
DA:511,0
DA:512,0
DA:513,0
DA:514,0
DA:515,0
DA:516,0
DA:517,0
DA:518,0
DA:519,0
DA:520,0
DA:521,0
DA:522,0
DA:524,0
DA:526,0
DA:527,0
DA:528,0
DA:529,0
DA:530,0
DA:531,0
DA:532,0
DA:533,0
DA:534,0
DA:535,0
DA:536,0
DA:537,0
DA:539,0
DA:541,0
DA:542,0
DA:544,8
DA:546,8
DA:547,8
DA:548,8
DA:549,8
DA:550,8
DA:552,0
DA:553,0
DA:555,8
DA:557,0
DA:558,0
DA:560,8
DA:561,8
DA:562,8
DA:563,0
DA:564,8
DA:565,0
DA:566,8
DA:568,8
DA:570,8
DA:571,8
DA:575,8
DA:578,8
DA:580,8
DA:581,8
DA:582,8
DA:584,0
DA:586,0
DA:587,0
DA:589,0
DA:591,0
DA:592,0
DA:593,0
DA:594,0
DA:595,0
DA:596,0
DA:597,0
DA:598,0
DA:599,0
DA:600,0
DA:601,0
DA:603,8
DA:605,8
DA:606,8
DA:607,8
DA:608,8
DA:609,8
DA:610,8
DA:611,8
DA:612,8
DA:613,8
DA:614,8
DA:615,8
DA:616,8
DA:618,0
DA:620,0
DA:621,0
DA:623,0
DA:625,0
DA:626,0
DA:627,0
DA:628,0
LF:418
LH:111
end_of_record
TN:
SF:/c/Repos/RR/Pico2/PP-main/unit_test_build/test/mocks/MockHardwareInterface.c
FN:70,MockHardwareInterface_Verify
FN:99,MockHardwareInterface_Init
FN:104,MockHardwareInterface_Destroy
FN:120,HardwareInterface_EnableGlobalInterrupt
FN:145,HardwareInterface_EnableGlobalInterrupt_CMockIgnore
FN:150,HardwareInterface_EnableGlobalInterrupt_CMockExpectAnyArgs
FN:164,HardwareInterface_EnableGlobalInterrupt_CMockExpect
FN:178,HardwareInterface_EnableGlobalInterrupt_StubWithCallback
FN:183,HardwareInterface_DisableGlobalInterrupt
FN:208,HardwareInterface_DisableGlobalInterrupt_CMockIgnore
FN:213,HardwareInterface_DisableGlobalInterrupt_CMockExpectAnyArgs
FN:227,HardwareInterface_DisableGlobalInterrupt_CMockExpect
FN:241,HardwareInterface_DisableGlobalInterrupt_StubWithCallback
FN:246,HardwareInterface_EnablePeripheralInterrupt
FN:271,HardwareInterface_EnablePeripheralInterrupt_CMockIgnore
FN:276,HardwareInterface_EnablePeripheralInterrupt_CMockExpectAnyArgs
FN:290,HardwareInterface_EnablePeripheralInterrupt_CMockExpect
FN:304,HardwareInterface_EnablePeripheralInterrupt_StubWithCallback
FN:309,HardwareInterface_SystemInitialise
FN:334,HardwareInterface_SystemInitialise_CMockIgnore
FN:339,HardwareInterface_SystemInitialise_CMockExpectAnyArgs
FN:353,HardwareInterface_SystemInitialise_CMockExpect
FN:367,HardwareInterface_SystemInitialise_StubWithCallback
FNDA:63,MockHardwareInterface_Verify
FNDA:63,MockHardwareInterface_Init
FNDA:126,MockHardwareInterface_Destroy
FNDA:90104,HardwareInterface_EnableGlobalInterrupt
FNDA:57,HardwareInterface_EnableGlobalInterrupt_CMockIgnore
FNDA:0,HardwareInterface_EnableGlobalInterrupt_CMockExpectAnyArgs
FNDA:0,HardwareInterface_EnableGlobalInterrupt_CMockExpect
FNDA:0,HardwareInterface_EnableGlobalInterrupt_StubWithCallback
FNDA:90055,HardwareInterface_DisableGlobalInterrupt
FNDA:56,HardwareInterface_DisableGlobalInterrupt_CMockIgnore
FNDA:0,HardwareInterface_DisableGlobalInterrupt_CMockExpectAnyArgs
FNDA:0,HardwareInterface_DisableGlobalInterrupt_CMockExpect
FNDA:0,HardwareInterface_DisableGlobalInterrupt_StubWithCallback
FNDA:49,HardwareInterface_EnablePeripheralInterrupt
FNDA:48,HardwareInterface_EnablePeripheralInterrupt_CMockIgnore
FNDA:0,HardwareInterface_EnablePeripheralInterrupt_CMockExpectAnyArgs
FNDA:0,HardwareInterface_EnablePeripheralInterrupt_CMockExpect
FNDA:0,HardwareInterface_EnablePeripheralInterrupt_StubWithCallback
FNDA:88,HardwareInterface_SystemInitialise
FNDA:48,HardwareInterface_SystemInitialise_CMockIgnore
FNDA:0,HardwareInterface_SystemInitialise_CMockExpectAnyArgs
FNDA:2,HardwareInterface_SystemInitialise_CMockExpect
FNDA:0,HardwareInterface_SystemInitialise_StubWithCallback
FNF:23
FNH:12
DA:70,63
DA:72,63
DA:73,63
DA:74,56
DA:75,63
DA:76,63
DA:77,63
DA:78,0
DA:79,63
DA:80,56
DA:81,63
DA:82,63
DA:83,63
DA:84,0
DA:85,63
DA:86,48
DA:87,63
DA:88,63
DA:89,63
DA:90,0
DA:91,63
DA:92,48
DA:93,63
DA:94,63
DA:95,63
DA:96,0
DA:97,63
DA:99,63
DA:101,63
DA:102,63
DA:104,126
DA:106,126
DA:107,126
DA:108,126
DA:109,126
DA:110,126
DA:111,126
DA:112,126
DA:113,126
DA:114,126
DA:115,126
DA:116,126
DA:117,126
DA:118,126
DA:120,90104
DA:122,90104
DA:123,90104
DA:124,90104
DA:125,90104
DA:126,90104
DA:128,90104
DA:129,90104
DA:131,0
DA:133,0
DA:134,0
DA:136,0
DA:137,0
DA:138,0
DA:139,0
DA:140,0
DA:141,0
DA:142,0
DA:145,57
DA:147,57
DA:148,57
DA:150,0
DA:152,0
DA:153,0
DA:154,0
DA:155,0
DA:156,0
DA:157,0
DA:158,0
DA:159,0
DA:160,0
DA:161,0
DA:162,0
DA:164,0
DA:166,0
DA:167,0
DA:168,0
DA:169,0
DA:170,0
DA:171,0
DA:172,0
DA:173,0
DA:174,0
DA:175,0
DA:176,0
DA:178,0
DA:180,0
DA:181,0
DA:183,90055
DA:185,90055
DA:186,90055
DA:187,90055
DA:188,90055
DA:189,90055
DA:191,90055
DA:192,90055
DA:194,0
DA:196,0
DA:197,0
DA:199,0
DA:200,0
DA:201,0
DA:202,0
DA:203,0
DA:204,0
DA:205,0
DA:208,56
DA:210,56
DA:211,56
DA:213,0
DA:215,0
DA:216,0
DA:217,0
DA:218,0
DA:219,0
DA:220,0
DA:221,0
DA:222,0
DA:223,0
DA:224,0
DA:225,0
DA:227,0
DA:229,0
DA:230,0
DA:231,0
DA:232,0
DA:233,0
DA:234,0
DA:235,0
DA:236,0
DA:237,0
DA:238,0
DA:239,0
DA:241,0
DA:243,0
DA:244,0
DA:246,49
DA:248,49
DA:249,49
DA:250,49
DA:251,49
DA:252,49
DA:254,49
DA:255,49
DA:257,0
DA:259,0
DA:260,0
DA:262,0
DA:263,0
DA:264,0
DA:265,0
DA:266,0
DA:267,0
DA:268,0
DA:271,48
DA:273,48
DA:274,48
DA:276,0
DA:278,0
DA:279,0
DA:280,0
DA:281,0
DA:282,0
DA:283,0
DA:284,0
DA:285,0
DA:286,0
DA:287,0
DA:288,0
DA:290,0
DA:292,0
DA:293,0
DA:294,0
DA:295,0
DA:296,0
DA:297,0
DA:298,0
DA:299,0
DA:300,0
DA:301,0
DA:302,0
DA:304,0
DA:306,0
DA:307,0
DA:309,88
DA:311,88
DA:312,88
DA:313,88
DA:314,88
DA:315,88
DA:317,86
DA:318,86
DA:320,2
DA:322,0
DA:323,0
DA:325,2
DA:326,2
DA:327,2
DA:328,0
DA:329,2
DA:330,0
DA:331,2
DA:334,48
DA:336,48
DA:337,48
DA:339,0
DA:341,0
DA:342,0
DA:343,0
DA:344,0
DA:345,0
DA:346,0
DA:347,0
DA:348,0
DA:349,0
DA:350,0
DA:351,0
DA:353,2
DA:355,2
DA:356,2
DA:357,2
DA:358,2
DA:359,2
DA:360,2
DA:361,2
DA:362,2
DA:363,2
DA:364,2
DA:365,2
DA:367,0
DA:369,0
DA:370,0
LF:236
LH:102
end_of_record
TN:
SF:/c/Repos/RR/Pico2/PP-main/unit_test_build/test/mocks/Mocki2c.c
FN:238,Mocki2c_Verify
FN:303,Mocki2c_Init
FN:308,Mocki2c_Destroy
FN:336,I2C_Initialize
FN:361,I2C_Initialize_CMockIgnore
FN:366,I2C_Initialize_CMockExpectAnyArgs
FN:380,I2C_Initialize_CMockExpect
FN:394,I2C_Initialize_StubWithCallback
FN:399,I2C_MasterWrite
FN:464,CMockExpectParameters_I2C_MasterWrite
FN:480,I2C_MasterWrite_CMockIgnore
FN:485,I2C_MasterWrite_CMockExpectAnyArgs
FN:499,I2C_MasterWrite_CMockExpect
FN:514,I2C_MasterWrite_StubWithCallback
FN:519,I2C_MasterWrite_CMockExpectWithArray
FN:533,I2C_MasterWrite_CMockReturnMemThruPtr_pdata
FN:542,I2C_MasterWrite_CMockReturnMemThruPtr_pstatus
FN:551,I2C_MasterWrite_CMockIgnoreArg_pdata
FN:558,I2C_MasterWrite_CMockIgnoreArg_length
FN:565,I2C_MasterWrite_CMockIgnoreArg_address
FN:572,I2C_MasterWrite_CMockIgnoreArg_pstatus
FN:579,I2C_MasterRead
FN:644,CMockExpectParameters_I2C_MasterRead
FN:660,I2C_MasterRead_CMockIgnore
FN:665,I2C_MasterRead_CMockExpectAnyArgs
FN:679,I2C_MasterRead_CMockExpect
FN:694,I2C_MasterRead_StubWithCallback
FN:699,I2C_MasterRead_CMockExpectWithArray
FN:713,I2C_MasterRead_CMockReturnMemThruPtr_pdata
FN:722,I2C_MasterRead_CMockReturnMemThruPtr_pstatus
FN:731,I2C_MasterRead_CMockIgnoreArg_pdata
FN:738,I2C_MasterRead_CMockIgnoreArg_length
FN:745,I2C_MasterRead_CMockIgnoreArg_address
FN:752,I2C_MasterRead_CMockIgnoreArg_pstatus
FN:759,I2C_MasterTRBInsert
FN:819,CMockExpectParameters_I2C_MasterTRBInsert
FN:833,I2C_MasterTRBInsert_CMockIgnore
FN:838,I2C_MasterTRBInsert_CMockExpectAnyArgs
FN:852,I2C_MasterTRBInsert_CMockExpect
FN:867,I2C_MasterTRBInsert_StubWithCallback
FN:872,I2C_MasterTRBInsert_CMockExpectWithArray
FN:886,I2C_MasterTRBInsert_CMockReturnMemThruPtr_ptrb_list
FN:895,I2C_MasterTRBInsert_CMockReturnMemThruPtr_pflag
FN:904,I2C_MasterTRBInsert_CMockIgnoreArg_count
FN:911,I2C_MasterTRBInsert_CMockIgnoreArg_ptrb_list
FN:918,I2C_MasterTRBInsert_CMockIgnoreArg_pflag
FN:925,I2C_MasterReadTRBBuild
FN:990,CMockExpectParameters_I2C_MasterReadTRBBuild
FN:1006,I2C_MasterReadTRBBuild_CMockIgnore
FN:1011,I2C_MasterReadTRBBuild_CMockExpectAnyArgs
FN:1025,I2C_MasterReadTRBBuild_CMockExpect
FN:1040,I2C_MasterReadTRBBuild_StubWithCallback
FN:1045,I2C_MasterReadTRBBuild_CMockExpectWithArray
FN:1059,I2C_MasterReadTRBBuild_CMockReturnMemThruPtr_ptrb
FN:1068,I2C_MasterReadTRBBuild_CMockReturnMemThruPtr_pdata
FN:1077,I2C_MasterReadTRBBuild_CMockIgnoreArg_ptrb
FN:1084,I2C_MasterReadTRBBuild_CMockIgnoreArg_pdata
FN:1091,I2C_MasterReadTRBBuild_CMockIgnoreArg_length
FN:1098,I2C_MasterReadTRBBuild_CMockIgnoreArg_address
FN:1105,I2C_MasterWriteTRBBuild
FN:1170,CMockExpectParameters_I2C_MasterWriteTRBBuild
FN:1186,I2C_MasterWriteTRBBuild_CMockIgnore
FN:1191,I2C_MasterWriteTRBBuild_CMockExpectAnyArgs
FN:1205,I2C_MasterWriteTRBBuild_CMockExpect
FN:1220,I2C_MasterWriteTRBBuild_StubWithCallback
FN:1225,I2C_MasterWriteTRBBuild_CMockExpectWithArray
FN:1239,I2C_MasterWriteTRBBuild_CMockReturnMemThruPtr_ptrb
FN:1248,I2C_MasterWriteTRBBuild_CMockReturnMemThruPtr_pdata
FN:1257,I2C_MasterWriteTRBBuild_CMockIgnoreArg_ptrb
FN:1264,I2C_MasterWriteTRBBuild_CMockIgnoreArg_pdata
FN:1271,I2C_MasterWriteTRBBuild_CMockIgnoreArg_length
FN:1278,I2C_MasterWriteTRBBuild_CMockIgnoreArg_address
FN:1285,I2C_MasterQueueIsEmpty
FN:1313,I2C_MasterQueueIsEmpty_CMockIgnoreAndReturn
FN:1327,I2C_MasterQueueIsEmpty_CMockExpectAnyArgsAndReturn
FN:1342,I2C_MasterQueueIsEmpty_CMockExpectAndReturn
FN:1357,I2C_MasterQueueIsEmpty_StubWithCallback
FN:1362,I2C_MasterQueueIsFull
FN:1390,I2C_MasterQueueIsFull_CMockIgnoreAndReturn
FN:1404,I2C_MasterQueueIsFull_CMockExpectAnyArgsAndReturn
FN:1419,I2C_MasterQueueIsFull_CMockExpectAndReturn
FN:1434,I2C_MasterQueueIsFull_StubWithCallback
FN:1439,I2C_BusCollisionISR
FN:1464,I2C_BusCollisionISR_CMockIgnore
FN:1469,I2C_BusCollisionISR_CMockExpectAnyArgs
FN:1483,I2C_BusCollisionISR_CMockExpect
FN:1497,I2C_BusCollisionISR_StubWithCallback
FN:1502,I2C_ISR
FN:1527,I2C_ISR_CMockIgnore
FN:1532,I2C_ISR_CMockExpectAnyArgs
FN:1546,I2C_ISR_CMockExpect
FN:1560,I2C_ISR_StubWithCallback
FNDA:36,Mocki2c_Verify
FNDA:36,Mocki2c_Init
FNDA:72,Mocki2c_Destroy
FNDA:16,I2C_Initialize
FNDA:6,I2C_Initialize_CMockIgnore
FNDA:0,I2C_Initialize_CMockExpectAnyArgs
FNDA:1,I2C_Initialize_CMockExpect
FNDA:0,I2C_Initialize_StubWithCallback
FNDA:0,I2C_MasterWrite
FNDA:0,CMockExpectParameters_I2C_MasterWrite
FNDA:0,I2C_MasterWrite_CMockIgnore
FNDA:0,I2C_MasterWrite_CMockExpectAnyArgs
FNDA:0,I2C_MasterWrite_CMockExpect
FNDA:0,I2C_MasterWrite_StubWithCallback
FNDA:0,I2C_MasterWrite_CMockExpectWithArray
FNDA:0,I2C_MasterWrite_CMockReturnMemThruPtr_pdata
FNDA:0,I2C_MasterWrite_CMockReturnMemThruPtr_pstatus
FNDA:0,I2C_MasterWrite_CMockIgnoreArg_pdata
FNDA:0,I2C_MasterWrite_CMockIgnoreArg_length
FNDA:0,I2C_MasterWrite_CMockIgnoreArg_address
FNDA:0,I2C_MasterWrite_CMockIgnoreArg_pstatus
FNDA:0,I2C_MasterRead
FNDA:0,CMockExpectParameters_I2C_MasterRead
FNDA:0,I2C_MasterRead_CMockIgnore
FNDA:0,I2C_MasterRead_CMockExpectAnyArgs
FNDA:0,I2C_MasterRead_CMockExpect
FNDA:0,I2C_MasterRead_StubWithCallback
FNDA:0,I2C_MasterRead_CMockExpectWithArray
FNDA:0,I2C_MasterRead_CMockReturnMemThruPtr_pdata
FNDA:0,I2C_MasterRead_CMockReturnMemThruPtr_pstatus
FNDA:0,I2C_MasterRead_CMockIgnoreArg_pdata
FNDA:0,I2C_MasterRead_CMockIgnoreArg_length
FNDA:0,I2C_MasterRead_CMockIgnoreArg_address
FNDA:0,I2C_MasterRead_CMockIgnoreArg_pstatus
FNDA:26,I2C_MasterTRBInsert
FNDA:22,CMockExpectParameters_I2C_MasterTRBInsert
FNDA:0,I2C_MasterTRBInsert_CMockIgnore
FNDA:0,I2C_MasterTRBInsert_CMockExpectAnyArgs
FNDA:22,I2C_MasterTRBInsert_CMockExpect
FNDA:2,I2C_MasterTRBInsert_StubWithCallback
FNDA:0,I2C_MasterTRBInsert_CMockExpectWithArray
FNDA:0,I2C_MasterTRBInsert_CMockReturnMemThruPtr_ptrb_list
FNDA:22,I2C_MasterTRBInsert_CMockReturnMemThruPtr_pflag
FNDA:0,I2C_MasterTRBInsert_CMockIgnoreArg_count
FNDA:22,I2C_MasterTRBInsert_CMockIgnoreArg_ptrb_list
FNDA:22,I2C_MasterTRBInsert_CMockIgnoreArg_pflag
FNDA:9,I2C_MasterReadTRBBuild
FNDA:7,CMockExpectParameters_I2C_MasterReadTRBBuild
FNDA:3,I2C_MasterReadTRBBuild_CMockIgnore
FNDA:0,I2C_MasterReadTRBBuild_CMockExpectAnyArgs
FNDA:7,I2C_MasterReadTRBBuild_CMockExpect
FNDA:0,I2C_MasterReadTRBBuild_StubWithCallback
FNDA:0,I2C_MasterReadTRBBuild_CMockExpectWithArray
FNDA:0,I2C_MasterReadTRBBuild_CMockReturnMemThruPtr_ptrb
FNDA:4,I2C_MasterReadTRBBuild_CMockReturnMemThruPtr_pdata
FNDA:7,I2C_MasterReadTRBBuild_CMockIgnoreArg_ptrb
FNDA:4,I2C_MasterReadTRBBuild_CMockIgnoreArg_pdata
FNDA:0,I2C_MasterReadTRBBuild_CMockIgnoreArg_length
FNDA:0,I2C_MasterReadTRBBuild_CMockIgnoreArg_address
FNDA:22,I2C_MasterWriteTRBBuild
FNDA:18,CMockExpectParameters_I2C_MasterWriteTRBBuild
FNDA:3,I2C_MasterWriteTRBBuild_CMockIgnore
FNDA:0,I2C_MasterWriteTRBBuild_CMockExpectAnyArgs
FNDA:0,I2C_MasterWriteTRBBuild_CMockExpect
FNDA:0,I2C_MasterWriteTRBBuild_StubWithCallback
FNDA:18,I2C_MasterWriteTRBBuild_CMockExpectWithArray
FNDA:0,I2C_MasterWriteTRBBuild_CMockReturnMemThruPtr_ptrb
FNDA:0,I2C_MasterWriteTRBBuild_CMockReturnMemThruPtr_pdata
FNDA:18,I2C_MasterWriteTRBBuild_CMockIgnoreArg_ptrb
FNDA:0,I2C_MasterWriteTRBBuild_CMockIgnoreArg_pdata
FNDA:0,I2C_MasterWriteTRBBuild_CMockIgnoreArg_length
FNDA:0,I2C_MasterWriteTRBBuild_CMockIgnoreArg_address
FNDA:0,I2C_MasterQueueIsEmpty
FNDA:0,I2C_MasterQueueIsEmpty_CMockIgnoreAndReturn
FNDA:0,I2C_MasterQueueIsEmpty_CMockExpectAnyArgsAndReturn
FNDA:0,I2C_MasterQueueIsEmpty_CMockExpectAndReturn
FNDA:0,I2C_MasterQueueIsEmpty_StubWithCallback
FNDA:0,I2C_MasterQueueIsFull
FNDA:0,I2C_MasterQueueIsFull_CMockIgnoreAndReturn
FNDA:0,I2C_MasterQueueIsFull_CMockExpectAnyArgsAndReturn
FNDA:0,I2C_MasterQueueIsFull_CMockExpectAndReturn
FNDA:0,I2C_MasterQueueIsFull_StubWithCallback
FNDA:0,I2C_BusCollisionISR
FNDA:0,I2C_BusCollisionISR_CMockIgnore
FNDA:0,I2C_BusCollisionISR_CMockExpectAnyArgs
FNDA:0,I2C_BusCollisionISR_CMockExpect
FNDA:0,I2C_BusCollisionISR_StubWithCallback
FNDA:0,I2C_ISR
FNDA:0,I2C_ISR_CMockIgnore
FNDA:0,I2C_ISR_CMockExpectAnyArgs
FNDA:0,I2C_ISR_CMockExpect
FNDA:0,I2C_ISR_StubWithCallback
FNF:92
FNH:25
DA:238,36
DA:240,36
DA:241,36
DA:242,6
DA:243,36
DA:244,36
DA:245,36
DA:246,0
DA:247,36
DA:248,0
DA:249,36
DA:250,36
DA:251,36
DA:252,0
DA:253,36
DA:254,0
DA:255,36
DA:256,36
DA:257,36
DA:258,0
DA:259,36
DA:260,0
DA:261,36
DA:262,36
DA:263,36
DA:264,2
DA:265,36
DA:266,2
DA:267,36
DA:268,36
DA:269,36
DA:270,0
DA:271,36
DA:272,2
DA:273,36
DA:274,36
DA:275,36
DA:276,0
DA:277,36
DA:278,0
DA:279,36
DA:280,36
DA:281,36
DA:282,0
DA:283,36
DA:284,0
DA:285,36
DA:286,36
DA:287,36
DA:288,0
DA:289,36
DA:290,0
DA:291,36
DA:292,36
DA:293,36
DA:294,0
DA:295,36
DA:296,0
DA:297,36
DA:298,36
DA:299,36
DA:300,0
DA:301,36
DA:303,36
DA:305,36
DA:306,36
DA:308,72
DA:310,72
DA:311,72
DA:312,72
DA:313,72
DA:314,72
DA:315,72
DA:316,72
DA:317,72
DA:318,72
DA:319,72
DA:320,72
DA:321,72
DA:322,72
DA:323,72
DA:324,72
DA:325,72
DA:326,72
DA:327,72
DA:328,72
DA:329,72
DA:330,72
DA:331,72
DA:332,72
DA:333,72
DA:334,72
DA:336,16
DA:338,16
DA:339,16
DA:340,16
DA:341,16
DA:342,16
DA:344,15
DA:345,15
DA:347,1
DA:349,0
DA:350,0
DA:352,1
DA:353,1
DA:354,1
DA:355,0
DA:356,1
DA:357,0
DA:358,1
DA:361,6
DA:363,6
DA:364,6
DA:366,0
DA:368,0
DA:369,0
DA:370,0
DA:371,0
DA:372,0
DA:373,0
DA:374,0
DA:375,0
DA:376,0
DA:377,0
DA:378,0
DA:380,1
DA:382,1
DA:383,1
DA:384,1
DA:385,1
DA:386,1
DA:387,1
DA:388,1
DA:389,1
DA:390,1
DA:391,1
DA:392,1
DA:394,0
DA:396,0
DA:397,0
DA:399,0
DA:401,0
DA:402,0
DA:403,0
DA:404,0
DA:405,0
DA:407,0
DA:408,0
DA:410,0
DA:412,0
DA:413,0
DA:415,0
DA:416,0
DA:417,0
DA:418,0
DA:419,0
DA:420,0
DA:421,0
DA:423,0
DA:425,0
DA:426,0
DA:427,0
DA:429,0
DA:431,0
DA:433,0
DA:434,0
DA:436,0
DA:438,0
DA:439,0
DA:441,0
DA:443,0
DA:444,0
DA:445,0
DA:447,0
DA:451,0
DA:453,0
DA:454,0
DA:456,0
DA:458,0
DA:459,0
DA:461,0
DA:464,0
DA:466,0
DA:467,0
DA:468,0
DA:469,0
DA:470,0
DA:471,0
DA:472,0
DA:473,0
DA:474,0
DA:475,0
DA:476,0
DA:477,0
DA:478,0
DA:480,0
DA:482,0
DA:483,0
DA:485,0
DA:487,0
DA:488,0
DA:489,0
DA:490,0
DA:491,0
DA:492,0
DA:493,0
DA:494,0
DA:495,0
DA:496,0
DA:497,0
DA:499,0
DA:501,0
DA:502,0
DA:503,0
DA:504,0
DA:505,0
DA:506,0
DA:507,0
DA:508,0
DA:509,0
DA:510,0
DA:511,0
DA:512,0
DA:514,0
DA:516,0
DA:517,0
DA:519,0
DA:521,0
DA:522,0
DA:523,0
DA:524,0
DA:525,0
DA:526,0
DA:527,0
DA:528,0
DA:529,0
DA:530,0
DA:531,0
DA:533,0
DA:535,0
DA:536,0
DA:537,0
DA:538,0
DA:539,0
DA:540,0
DA:542,0
DA:544,0
DA:545,0
DA:546,0
DA:547,0
DA:548,0
DA:549,0
DA:551,0
DA:553,0
DA:554,0
DA:555,0
DA:556,0
DA:558,0
DA:560,0
DA:561,0
DA:562,0
DA:563,0
DA:565,0
DA:567,0
DA:568,0
DA:569,0
DA:570,0
DA:572,0
DA:574,0
DA:575,0
DA:576,0
DA:577,0
DA:579,0
DA:581,0
DA:582,0
DA:583,0
DA:584,0
DA:585,0
DA:587,0
DA:588,0
DA:590,0
DA:592,0
DA:593,0
DA:595,0
DA:596,0
DA:597,0
DA:598,0
DA:599,0
DA:600,0
DA:601,0
DA:603,0
DA:605,0
DA:606,0
DA:607,0
DA:609,0
DA:611,0
DA:613,0
DA:614,0
DA:616,0
DA:618,0
DA:619,0
DA:621,0
DA:623,0
DA:624,0
DA:625,0
DA:627,0
DA:631,0
DA:633,0
DA:634,0
DA:636,0
DA:638,0
DA:639,0
DA:641,0
DA:644,0
DA:646,0
DA:647,0
DA:648,0
DA:649,0
DA:650,0
DA:651,0
DA:652,0
DA:653,0
DA:654,0
DA:655,0
DA:656,0
DA:657,0
DA:658,0
DA:660,0
DA:662,0
DA:663,0
DA:665,0
DA:667,0
DA:668,0
DA:669,0
DA:670,0
DA:671,0
DA:672,0
DA:673,0
DA:674,0
DA:675,0
DA:676,0
DA:677,0
DA:679,0
DA:681,0
DA:682,0
DA:683,0
DA:684,0
DA:685,0
DA:686,0
DA:687,0
DA:688,0
DA:689,0
DA:690,0
DA:691,0
DA:692,0
DA:694,0
DA:696,0
DA:697,0
DA:699,0
DA:701,0
DA:702,0
DA:703,0
DA:704,0
DA:705,0
DA:706,0
DA:707,0
DA:708,0
DA:709,0
DA:710,0
DA:711,0
DA:713,0
DA:715,0
DA:716,0
DA:717,0
DA:718,0
DA:719,0
DA:720,0
DA:722,0
DA:724,0
DA:725,0
DA:726,0
DA:727,0
DA:728,0
DA:729,0
DA:731,0
DA:733,0
DA:734,0
DA:735,0
DA:736,0
DA:738,0
DA:740,0
DA:741,0
DA:742,0
DA:743,0
DA:745,0
DA:747,0
DA:748,0
DA:749,0
DA:750,0
DA:752,0
DA:754,0
DA:755,0
DA:756,0
DA:757,0
DA:759,26
DA:761,26
DA:762,26
DA:763,26
DA:764,26
DA:765,26
DA:767,0
DA:768,0
DA:770,26
DA:772,4
DA:773,4
DA:775,22
DA:776,22
DA:777,22
DA:778,0
DA:779,22
DA:780,0
DA:781,22
DA:783,22
DA:785,22
DA:786,22
DA:788,22
DA:790,0
DA:791,0
DA:792,0
DA:794,0
DA:796,22
DA:798,0
DA:799,0
DA:800,0
DA:802,0
DA:806,22
DA:808,0
DA:809,0
DA:811,22
DA:813,22
DA:814,22
DA:816,22
DA:819,22
DA:821,22
DA:822,22
DA:823,22
DA:824,22
DA:825,22
DA:826,22
DA:827,22
DA:828,22
DA:829,22
DA:830,22
DA:831,22
DA:833,0
DA:835,0
DA:836,0
DA:838,0
DA:840,0
DA:841,0
DA:842,0
DA:843,0
DA:844,0
DA:845,0
DA:846,0
DA:847,0
DA:848,0
DA:849,0
DA:850,0
DA:852,22
DA:854,22
DA:855,22
DA:856,22
DA:857,22
DA:858,22
DA:859,22
DA:860,22
DA:861,22
DA:862,22
DA:863,22
DA:864,22
DA:865,22
DA:867,2
DA:869,2
DA:870,2
DA:872,0
DA:874,0
DA:875,0
DA:876,0
DA:877,0
DA:878,0
DA:879,0
DA:880,0
DA:881,0
DA:882,0
DA:883,0
DA:884,0
DA:886,0
DA:888,0
DA:889,0
DA:890,0
DA:891,0
DA:892,0
DA:893,0
DA:895,22
DA:897,22
DA:898,22
DA:899,22
DA:900,22
DA:901,22
DA:902,22
DA:904,0
DA:906,0
DA:907,0
DA:908,0
DA:909,0
DA:911,22
DA:913,22
DA:914,22
DA:915,22
DA:916,22
DA:918,22
DA:920,22
DA:921,22
DA:922,22
DA:923,22
DA:925,9
DA:927,9
DA:928,9
DA:929,9
DA:930,9
DA:931,9
DA:933,2
DA:934,2
DA:936,7
DA:938,0
DA:939,0
DA:941,7
DA:942,7
DA:943,7
DA:944,0
DA:945,7
DA:946,0
DA:947,7
DA:949,7
DA:951,0
DA:952,0
DA:953,0
DA:955,0
DA:957,7
DA:959,3
DA:960,3
DA:961,0
DA:963,3
DA:965,7
DA:967,7
DA:968,7
DA:970,7
DA:972,7
DA:973,7
DA:977,7
DA:979,0
DA:980,0
DA:982,7
DA:984,4
DA:985,4
DA:987,7
DA:990,7
DA:992,7
DA:993,7
DA:994,7
DA:995,7
DA:996,7
DA:997,7
DA:998,7
DA:999,7
DA:1000,7
DA:1001,7
DA:1002,7
DA:1003,7
DA:1004,7
DA:1006,3
DA:1008,3
DA:1009,3
DA:1011,0
DA:1013,0
DA:1014,0
DA:1015,0
DA:1016,0
DA:1017,0
DA:1018,0
DA:1019,0
DA:1020,0
DA:1021,0
DA:1022,0
DA:1023,0
DA:1025,7
DA:1027,7
DA:1028,7
DA:1029,7
DA:1030,7
DA:1031,7
DA:1032,7
DA:1033,7
DA:1034,7
DA:1035,7
DA:1036,7
DA:1037,7
DA:1038,7
DA:1040,0
DA:1042,0
DA:1043,0
DA:1045,0
DA:1047,0
DA:1048,0
DA:1049,0
DA:1050,0
DA:1051,0
DA:1052,0
DA:1053,0
DA:1054,0
DA:1055,0
DA:1056,0
DA:1057,0
DA:1059,0
DA:1061,0
DA:1062,0
DA:1063,0
DA:1064,0
DA:1065,0
DA:1066,0
DA:1068,4
DA:1070,4
DA:1071,4
DA:1072,4
DA:1073,4
DA:1074,4
DA:1075,4
DA:1077,7
DA:1079,7
DA:1080,7
DA:1081,7
DA:1082,7
DA:1084,4
DA:1086,4
DA:1087,4
DA:1088,4
DA:1089,4
DA:1091,0
DA:1093,0
DA:1094,0
DA:1095,0
DA:1096,0
DA:1098,0
DA:1100,0
DA:1101,0
DA:1102,0
DA:1103,0
DA:1105,22
DA:1107,22
DA:1108,22
DA:1109,22
DA:1110,22
DA:1111,22
DA:1113,4
DA:1114,4
DA:1116,18
DA:1118,0
DA:1119,0
DA:1121,18
DA:1122,18
DA:1123,18
DA:1124,0
DA:1125,18
DA:1126,0
DA:1127,18
DA:1129,18
DA:1131,0
DA:1132,0
DA:1133,0
DA:1135,0
DA:1137,18
DA:1139,18
DA:1140,18
DA:1141,0
DA:1143,18
DA:1145,18
DA:1147,18
DA:1148,18
DA:1150,18
DA:1152,18
DA:1153,18
DA:1157,18
DA:1159,0
DA:1160,0
DA:1162,18
DA:1164,0
DA:1165,0
DA:1167,18
DA:1170,18
DA:1172,18
DA:1173,18
DA:1174,18
DA:1175,18
DA:1176,18
DA:1177,18
DA:1178,18
DA:1179,18
DA:1180,18
DA:1181,18
DA:1182,18
DA:1183,18
DA:1184,18
DA:1186,3
DA:1188,3
DA:1189,3
DA:1191,0
DA:1193,0
DA:1194,0
DA:1195,0
DA:1196,0
DA:1197,0
DA:1198,0
DA:1199,0
DA:1200,0
DA:1201,0
DA:1202,0
DA:1203,0
DA:1205,0
DA:1207,0
DA:1208,0
DA:1209,0
DA:1210,0
DA:1211,0
DA:1212,0
DA:1213,0
DA:1214,0
DA:1215,0
DA:1216,0
DA:1217,0
DA:1218,0
DA:1220,0
DA:1222,0
DA:1223,0
DA:1225,18
DA:1227,18
DA:1228,18
DA:1229,18
DA:1230,18
DA:1231,18
DA:1232,18
DA:1233,18
DA:1234,18
DA:1235,18
[...]
FNDA:33,Stub_GetVacuum
FNDA:32,Stub_isTargetTherapyDeliveryVacuumAchieved
FNDA:78,StubPushButton_IsPressed
FNDA:25,StubPushButton_IsLongPress
FNDA:76,Stub_PushButton_GetDepressedTickCount
FNDA:1,Stub_DeviceStatus_SetCheckStatusAlert
FNDA:0,Stub_DeviceStatus_GetCheckStatusAlert
FNDA:121,Stub_DeviceStatus_SetPressureSensorIsReading
FNDA:22,setUp
FNDA:22,tearDown
FNDA:1,test_InitialiseInternalVariablesAndReturnOk
FNDA:1,test_InvalidParameterForDeliveryTherapyStateFunctionThatReurnsAnError
FNDA:1,test_TherapyDeliveryStateReturnsInvalidInputParameter
FNDA:1,test_TherapyDeliveryOnEntryFromDifferntState
FNDA:1,test_TherapyDeliveryDetectLeakAndGoIntoFault
FNDA:1,test_TherapyDeliveryStopAndEnterNREWhenReliablePreassureAndTemperatureReadingsCantBeObtainedFromSensorsExtInitalise
FNDA:1,test_TherapyDeliveryStopAndEnterNREWhenReliablePreassureAndTemperatureReadingsCantBeObtainedFromSensorsExtStart
FNDA:1,test_TherapyDeliveryStopAndEnterNREWhenReliablePreassureAndTemperatureReadingsCantBeObtainedFromSensorsExtNotReady
FNDA:1,test_TherapyDeliveryStopAndEnterNREWhenReliablePreassureAndTemperatureReadingsCantBeObtainedFromSensorsExtReadExtReadFail
FNDA:1,test_TherapyDeliveryStopAndEnterNREWhenReliablePreassureAndTemperatureReadingsCantBeObtainedFromSensorsIntInitalise
FNDA:1,test_TherapyDeliveryStopAndEnterNREWhenReliablePreassureAndTemperatureReadingsCantBeObtainedFromSensorsIntStart
FNDA:1,test_TherapyDeliveryStopAndEnterNREWhenReliablePreassureAndTemperatureReadingsCantBeObtainedFromSensorsIntNotReady
FNDA:1,test_TherapyDeliveryStopAndEnterNREWhenReliablePreassureAndTemperatureReadingsCantBeObtainedFromSensorsIntReadIntReadFail
FNDA:1,test_TherapyDeliveryDetectExternalTemperatureThreshholdAndEnterNRE
FNDA:1,test_TherapyDeliveryDetectInternalTemperatureThreshholdAndEnterNRE
FNDA:1,test_TherapyDeliveryDetectsShortButtonPressAndEnablesTheAlertsForTheDeviceStatusCheck
FNDA:1,test_TherapyDeliveryDetectLongButtonPressAndEventuallyGoesInShutdown
FNDA:1,test_TherapyDeliveryVacuumAtTargetValueDoNotPumpOn
FNDA:1,test_TherapyDeliveryVacuumBelowTargetValueThereforeDoPumpOn
FNDA:1,test_TherapyDeliveryUpdateTargetVacuumPeriodicallyToSaveBattery
FNDA:1,test_TherapyDeliveryFailToActivatePumpAndGoToEitherFaultOrNonRecoverableError
FNDA:1,test_TherapyDeliveryDetectHighExternalPressureAndGoIntoFault
FNF:33
FNH:32
DA:52,19
DA:55,19
DA:56,19
DA:57,19
DA:60,19
DA:61,19
DA:65,33
DA:67,33
DA:69,33
DA:71,33
DA:73,0
DA:77,33
DA:78,33
DA:79,33
DA:80,33
DA:83,33
DA:86,32
DA:88,32
DA:91,78
DA:93,78
DA:96,25
DA:98,25
DA:101,76
DA:103,76
DA:106,1
DA:108,1
DA:109,1
DA:111,0
DA:113,0
DA:116,121
DA:118,121
DA:119,121
DA:121,22
DA:123,22
DA:124,22
DA:125,22
DA:126,22
DA:127,22
DA:128,22
DA:129,22
DA:130,22
DA:132,22
DA:133,22
DA:134,22
DA:135,22
DA:136,22
DA:137,22
DA:138,22
DA:139,22
DA:140,22
DA:142,22
DA:143,22
DA:146,1
DA:148,1
DA:149,1
DA:151,1
DA:152,1
DA:155,1
DA:157,1
DA:158,0
DA:159,0
DA:162,1
DA:164,1
DA:165,1
DA:166,1
DA:167,1
DA:169,1
DA:170,1
DA:171,1
DA:176,1
DA:181,1
DA:182,1
DA:183,1
DA:184,1
DA:185,1
DA:186,1
DA:187,1
DA:188,1
DA:189,1
DA:190,1
DA:192,1
DA:193,1
DA:197,1
DA:198,1
DA:199,1
DA:200,1
DA:201,1
DA:202,1
DA:203,1
DA:204,1
DA:205,1
DA:207,1
DA:208,1
DA:209,1
DA:213,1
DA:216,1
DA:219,1
DA:220,1
DA:221,1
DA:222,1
DA:223,1
DA:224,1
DA:225,1
DA:226,1
DA:227,1
DA:229,1
DA:230,1
DA:231,1
DA:234,1
DA:237,1
DA:239,1
DA:240,1
DA:241,1
DA:242,1
DA:243,1
DA:244,1
DA:245,1
DA:246,1
DA:247,1
DA:248,1
DA:250,1
DA:251,1
DA:252,1
DA:253,1
DA:256,1
DA:259,1
DA:261,1
DA:262,1
DA:263,1
DA:264,1
DA:265,1
DA:266,1
DA:267,1
DA:268,1
DA:269,1
DA:270,1
DA:272,1
DA:273,1
DA:274,1
DA:276,1
DA:279,1
DA:282,1
DA:284,1
DA:285,1
DA:286,1
DA:287,1
DA:288,1
DA:289,1
DA:290,1
DA:291,1
DA:292,1
DA:293,1
DA:295,1
DA:296,1
DA:297,1
DA:299,1
DA:302,1
DA:305,1
DA:307,1
DA:308,1
DA:309,1
DA:310,1
DA:311,1
DA:312,1
DA:313,1
DA:314,1
DA:315,1
DA:316,1
DA:318,1
DA:319,1
DA:320,1
DA:322,1
DA:325,1
DA:328,1
DA:330,1
DA:331,1
DA:332,1
DA:333,1
DA:334,1
DA:335,1
DA:336,1
DA:337,1
DA:338,1
DA:339,1
DA:341,1
DA:342,1
DA:343,1
DA:344,1
DA:347,1
DA:350,1
DA:352,1
DA:353,1
DA:354,1
DA:355,1
DA:356,1
DA:357,1
DA:358,1
DA:359,1
DA:360,1
DA:361,1
DA:363,1
DA:364,1
DA:365,1
DA:367,1
DA:370,1
DA:373,1
DA:375,1
DA:376,1
DA:377,1
DA:378,1
DA:379,1
DA:380,1
DA:381,1
DA:382,1
DA:383,1
DA:384,1
DA:386,1
DA:387,1
DA:388,1
DA:390,1
DA:393,1
DA:396,1
DA:398,1
DA:399,1
DA:400,1
DA:401,1
DA:402,1
DA:403,1
DA:404,1
DA:405,1
DA:406,1
DA:407,1
DA:409,1
DA:410,1
DA:411,1
DA:413,1
DA:416,1
DA:419,1
DA:421,1
DA:422,1
DA:423,1
DA:424,1
DA:425,1
DA:426,1
DA:427,1
DA:429,1
DA:430,1
DA:431,1
DA:432,1
DA:434,1
DA:435,1
DA:437,1
DA:440,1
DA:443,1
DA:445,1
DA:446,1
DA:447,1
DA:448,1
DA:450,1
DA:451,1
DA:452,1
DA:454,1
DA:455,1
DA:456,1
DA:458,1
DA:460,1
DA:462,1
DA:464,1
DA:468,1
DA:472,1
DA:473,1
DA:474,1
DA:475,1
DA:476,1
DA:477,1
DA:478,1
DA:480,1
DA:481,1
DA:485,1
DA:486,1
DA:487,1
DA:489,1
DA:490,1
DA:491,1
DA:496,21
DA:498,20
DA:499,20
DA:500,20
DA:502,20
DA:503,20
DA:504,20
DA:506,1
DA:510,1
DA:514,1
DA:515,1
DA:516,1
DA:517,1
DA:518,1
DA:519,1
DA:521,1
DA:522,1
DA:527,1
DA:528,1
DA:529,1
DA:531,1
DA:532,1
DA:533,1
DA:539,1
DA:542,1
DA:546,1
DA:547,1
DA:548,1
DA:549,1
DA:550,1
DA:551,1
DA:552,1
DA:553,1
DA:554,1
DA:555,1
DA:557,1
DA:558,1
DA:562,1
DA:563,1
DA:564,1
DA:566,1
DA:567,1
DA:568,1
DA:574,1
DA:577,1
DA:581,1
DA:582,1
DA:583,1
DA:584,1
DA:585,1
DA:586,1
DA:587,1
DA:588,1
DA:589,1
DA:590,1
DA:592,1
DA:593,1
DA:597,1
DA:598,1
DA:599,1
DA:600,1
DA:601,1
DA:603,1
DA:604,1
DA:608,1
DA:609,1
DA:610,1
DA:612,1
DA:613,1
DA:614,1
DA:621,1
DA:624,1
DA:626,27
DA:628,26
DA:629,26
DA:630,26
DA:631,26
DA:634,26
DA:636,2
DA:639,26
DA:640,26
DA:641,26
DA:642,26
DA:643,26
DA:644,26
DA:646,26
DA:647,26
DA:649,1
DA:654,1
DA:656,1
DA:657,1
DA:658,1
DA:660,5
DA:663,4
DA:667,4
DA:668,4
DA:669,4
DA:670,4
DA:671,4
DA:672,4
DA:673,4
DA:674,4
DA:675,4
DA:676,4
DA:678,4
DA:679,4
DA:682,4
DA:685,1
DA:686,1
DA:687,1
DA:689,1
DA:690,1
DA:691,1
DA:693,1
DA:694,1
DA:695,1
DA:698,1
DA:701,1
DA:702,1
DA:704,4
DA:705,4
DA:706,4
DA:707,4
DA:709,3
DA:711,4
DA:713,4
DA:714,4
DA:716,1
DA:721,1
DA:724,1
DA:727,1
DA:728,1
DA:731,1
DA:732,1
DA:733,1
DA:734,1
DA:735,1
DA:736,1
DA:737,1
DA:738,1
DA:739,1
DA:741,1
DA:742,1
DA:743,1
LF:428
LH:423
end_of_record
TN:
SF:/c/Repos/RR/Pico2/PP-main/unit_test_build/test/runners/test_StateMachineTherapyDelivery_runner.c
FN:73,CMock_Init
FN:89,CMock_Verify
FN:102,CMock_Destroy
FN:118,resetTest
FN:129,main
FNDA:22,CMock_Init
FNDA:22,CMock_Verify
FNDA:22,CMock_Destroy
FNDA:0,resetTest
FNDA:2,main
FNF:5
FNH:4
DA:73,22
DA:75,22
DA:76,22
DA:77,22
DA:78,22
DA:79,22
DA:80,22
DA:81,22
DA:82,22
DA:83,22
DA:84,22
DA:85,22
DA:86,22
DA:87,22
DA:88,22
DA:89,22
DA:91,22
DA:92,22
DA:93,22
DA:94,22
DA:95,22
DA:96,22
DA:97,22
DA:98,22
DA:99,22
DA:100,22
DA:101,22
DA:102,22
DA:104,22
DA:105,22
DA:106,22
DA:107,22
DA:108,22
DA:109,22
DA:110,22
DA:111,22
DA:112,22
DA:113,22
DA:114,22
DA:118,0
DA:120,0
DA:121,0
DA:122,0
DA:123,0
DA:124,0
DA:125,0
DA:129,1
DA:131,1
DA:132,1
DA:133,1
DA:134,1
DA:135,1
DA:136,1
DA:137,1
DA:138,1
DA:139,1
DA:140,1
DA:141,1
DA:142,1
DA:143,1
DA:144,1
DA:145,1
DA:146,1
DA:147,1
DA:148,1
DA:149,1
DA:150,1
DA:151,1
DA:152,1
DA:153,1
DA:155,1
DA:156,1
LF:72
LH:65
end_of_record
TN:
SF:/c/Repos/RR/Pico2/PP-main/unit_test_build/test/runners/test_StateMachine_runner.c
FN:54,CMock_Init
FN:68,CMock_Verify
FN:79,CMock_Destroy
FN:93,resetTest
FN:104,main
FNDA:5,CMock_Init
FNDA:5,CMock_Verify
FNDA:5,CMock_Destroy
FNDA:0,resetTest
FNDA:1,main
FNF:5
FNH:4
DA:54,5
DA:56,5
DA:57,5
DA:58,5
DA:59,5
DA:60,5
DA:61,5
DA:62,5
DA:63,5
DA:64,5
DA:65,5
DA:66,5
DA:67,5
DA:68,5
DA:70,5
DA:71,5
DA:72,5
DA:73,5
DA:74,5
DA:75,5
DA:76,5
DA:77,5
DA:78,5
DA:79,5
DA:81,5
DA:82,5
DA:83,5
DA:84,5
DA:85,5
DA:86,5
DA:87,5
DA:88,5
DA:89,5
DA:93,0
DA:95,0
DA:96,0
DA:97,0
DA:98,0
DA:99,0
DA:100,0
DA:104,1
DA:106,1
DA:107,1
DA:108,1
DA:109,1
DA:110,1
DA:111,1
DA:113,1
DA:114,1
LF:49
LH:42
end_of_record
TN:
SF:/c/Repos/RR/Pico2/PP-main/test/unit_test/devices/test_Transmit.c
FN:24,setUp
FN:28,tearDown
FN:33,test_InitDoesNothing
FN:40,test_TransmitDoesRangeCheckingOnDataPointer
FN:47,test_TransmitDoesRangeCheckingonDataSize
FN:56,test_TransmitCallsEUSARTWriteForEachCharacter
FNDA:4,setUp
FNDA:4,tearDown
FNDA:1,test_InitDoesNothing
FNDA:1,test_TransmitDoesRangeCheckingOnDataPointer
FNDA:1,test_TransmitDoesRangeCheckingonDataSize
FNDA:1,test_TransmitCallsEUSARTWriteForEachCharacter
FNF:6
FNH:6
DA:24,4
DA:26,4
DA:28,4
DA:29,4
DA:33,1
DA:35,1
DA:36,1
DA:37,1
DA:40,1
DA:42,1
DA:43,1
DA:44,0
DA:45,0
DA:47,1
DA:49,1
DA:50,1
DA:51,0
DA:52,0
DA:56,1
DA:58,1
DA:59,1
DA:61,1
DA:62,1
DA:63,1
DA:64,1
DA:65,1
DA:66,1
DA:67,1
LF:28
LH:24
end_of_record
TN:
SF:/c/Repos/RR/Pico2/PP-main/unit_test_build/test/runners/test_Transmit_runner.c
FN:46,CMock_Init
FN:53,CMock_Verify
FN:57,CMock_Destroy
FN:64,resetTest
FN:75,main
FNDA:4,CMock_Init
FNDA:4,CMock_Verify
FNDA:4,CMock_Destroy
FNDA:0,resetTest
FNDA:3,main
FNF:5
FNH:4
DA:46,4
DA:48,4
DA:49,4
DA:50,4
DA:51,4
DA:52,4
DA:53,4
DA:55,4
DA:56,4
DA:57,4
DA:59,4
DA:60,4
DA:64,0
DA:66,0
DA:67,0
DA:68,0
DA:69,0
DA:70,0
DA:71,0
DA:75,1
DA:77,1
DA:78,1
DA:79,1
DA:80,1
DA:81,1
DA:83,1
DA:84,1
LF:27
LH:20
end_of_record
TN:
SF:/c/Repos/RR/Pico2/PP-main/test/unit_test/devices/test_UIInterfaces.c
FN:28,StubLED_SetGreen
FN:33,StubLED_SetOrange
FN:40,setUp
FN:49,tearDown
FN:53,test_SetLEDToOrangeEnablesPowerAndDrivesLEDOrange
FN:65,test_SetLEDToGreenEnablesPowerAndDrivesLEDGreen
FN:87,test_SetLEDDisablesLEDAtOffPeriod
FN:113,test_PushButtonPressed
FN:122,test_FlashPattern
FN:149,test_FlashPatternForTwoLeds
FNDA:94,StubLED_SetGreen
FNDA:94,StubLED_SetOrange
FNDA:6,setUp
FNDA:6,tearDown
FNDA:1,test_SetLEDToOrangeEnablesPowerAndDrivesLEDOrange
FNDA:1,test_SetLEDToGreenEnablesPowerAndDrivesLEDGreen
FNDA:1,test_SetLEDDisablesLEDAtOffPeriod
FNDA:1,test_PushButtonPressed
FNDA:1,test_FlashPattern
FNDA:1,test_FlashPatternForTwoLeds
FNF:10
FNH:10
DA:28,94
DA:30,94
DA:31,94
DA:33,94
DA:35,94
DA:36,94
DA:40,6
DA:42,6
DA:43,6
DA:44,6
DA:45,6
DA:46,6
DA:47,6
DA:49,6
DA:50,6
DA:53,1
DA:55,1
DA:56,1
DA:58,1
DA:60,1
DA:61,1
DA:62,1
DA:63,1
DA:65,1
DA:67,1
DA:68,1
DA:70,1
DA:72,1
DA:73,1
DA:74,1
DA:85,1
DA:87,1
DA:94,1
DA:95,1
DA:98,1
DA:99,1
DA:100,1
DA:101,1
DA:104,1
DA:105,1
DA:108,1
DA:109,1
DA:110,1
DA:111,1
DA:113,1
DA:115,1
DA:116,1
DA:118,1
DA:119,1
DA:120,1
DA:122,1
DA:124,1
DA:126,1
DA:127,1
DA:129,1
DA:131,6
DA:133,20
DA:135,15
DA:137,15
DA:140,30
DA:142,25
DA:144,25
DA:147,1
DA:149,1
DA:151,1
DA:153,1
DA:154,1
DA:155,1
DA:156,1
DA:158,1
DA:159,1
DA:161,51
DA:163,50
DA:165,50
DA:166,50
DA:171,1
LF:76
LH:76
end_of_record
TN:
SF:/c/Repos/RR/Pico2/PP-main/unit_test_build/test/runners/test_UIInterfaces_runner.c
FN:51,CMock_Init
FN:61,CMock_Verify
FN:68,CMock_Destroy
FN:78,resetTest
FN:89,main
FNDA:6,CMock_Init
FNDA:6,CMock_Verify
FNDA:6,CMock_Destroy
FNDA:0,resetTest
FNDA:1,main
FNF:5
FNH:4
DA:51,6
DA:53,6
DA:54,6
DA:55,6
DA:56,6
DA:57,6
DA:58,6
DA:59,6
DA:60,6
DA:61,6
DA:63,6
DA:64,6
DA:65,6
DA:66,6
DA:67,6
DA:68,6
DA:70,6
DA:71,6
DA:72,6
DA:73,6
DA:74,6
DA:78,0
DA:80,0
DA:81,0
DA:82,0
DA:83,0
DA:84,0
DA:85,0
DA:89,1
DA:91,1
DA:92,1
DA:93,1
DA:94,1
DA:95,1
DA:96,1
DA:97,1
DA:99,1
DA:100,1
LF:38
LH:31
end_of_record
TN:
SF:/c/Repos/RR/Pico2/PP-main/sourcePico/devices/Timer.c
FN:51,TMR1_CallBack
FN:70,TimerCounters_Init
FN:91,TimerCounter_Start
FN:120,TimerCounter_Disable
FN:135,TimerCounter_Status
FN:173,TimerCounter_GetTimeout
FN:197,TimerCounters_Update
FN:223,PM_Delay
FN:244,PM_GetT1Flag
FNDA:303896,TMR1_CallBack
FNDA:67,TimerCounters_Init
FNDA:623,TimerCounter_Start
FNDA:901,TimerCounter_Disable
FNDA:84486,TimerCounter_Status
FNDA:5506,TimerCounter_GetTimeout
FNDA:303896,TimerCounters_Update
FNDA:37411,PM_Delay
FNDA:302876,PM_GetT1Flag
FNF:9
FNH:9
DA:51,303896
DA:53,303896
DA:55,303896
DA:56,303896
DA:70,67
DA:72,67
DA:74,268
DA:76,201
DA:77,201
DA:80,67
DA:81,67
DA:91,623
DA:93,623
DA:95,623
DA:96,623
DA:98,623
DA:100,623
DA:101,623
DA:105,0
DA:108,623
DA:120,901
DA:122,901
DA:123,901
DA:124,901
DA:135,84486
DA:137,84486
DA:139,84486
DA:141,84486
DA:143,84482
DA:144,84482
DA:145,84482
DA:147,84482
DA:149,83981
DA:153,501
DA:158,4
DA:161,84486
DA:173,5506
DA:175,5506
DA:177,5506
DA:179,5506
DA:181,5506
DA:182,5506
DA:183,5506
DA:186,5506
DA:197,303896
DA:199,1215584
DA:201,911688
DA:203,816365
DA:206,95323
DA:208,91003
DA:211,303896
DA:223,37411
DA:226,821766
DA:229,746944
DA:230,746944
DA:235,37411
DA:244,302876
DA:246,302876
DA:248,302876
DA:250,302876
DA:251,302876
DA:254,302876
LF:62
LH:61
end_of_record
TN:
SF:/c/Repos/RR/Pico2/PP-main/sourcePico/devices/Transmit.c
FN:31,TX_Init
FN:47,TX_Write
FNDA:4,TX_Init
FNDA:4,TX_Write
FNF:2
FNH:2
DA:31,4
DA:33,4
DA:34,4
DA:47,4
DA:49,4
DA:50,3
DA:52,10
DA:54,8
DA:57,2
LF:9
LH:9
end_of_record
TN:
SF:/c/Repos/RR/Pico2/PP-main/sourcePico/devices/UIInterfaces.c
FN:52,UI_SetLED
FN:75,UI_GetPeriodCount
FN:91,UI_UpdateLEDs
FN:120,UI_IsPushButtonPressed
FN:127,UI_UpdatedSingleLED
FNDA:519551,UI_SetLED
FNDA:6124,UI_GetPeriodCount
FNDA:302775,UI_UpdateLEDs
FNDA:2,UI_IsPushButtonPressed
FNDA:605550,UI_UpdatedSingleLED
FNF:5
FNH:5
DA:52,519551
DA:54,519551
DA:56,519551
DA:57,519551
DA:58,519551
DA:59,519551
DA:61,519551
DA:75,6124
DA:77,6124
DA:79,6124
DA:82,0
DA:91,302775
DA:93,302775
DA:95,908325
DA:98,605550
DA:100,6167
DA:104,302775
DA:106,6159
DA:109,302775
DA:120,2
DA:122,2
DA:127,605550
DA:133,605550
DA:134,605550
DA:136,605550
DA:138,565380
DA:139,565380
DA:141,605550
LF:28
LH:27
end_of_record
TN:
SF:/c/Repos/RR/Pico2/PP-main/vendor/ceedling/vendor/unity/src/unity.c
FN:80,UnityPrint
FN:117,UnityPrintLen
FN:154,UnityPrintNumberByStyle
FN:171,UnityPrintNumber
FN:186,UnityPrintNumberUnsigned
FN:206,UnityPrintNumberHex
FN:228,UnityPrintMask
FN:277,UnityPrintFail
FN:283,UnityPrintOk
FN:290,UnityTestResultsBegin
FN:307,UnityTestResultsFailBegin
FN:319,UnityConcludeTest
FN:343,UnityAddMsgIfSpecified
FN:367,UnityPrintExpectedAndActualStrings
FN:394,UnityPrintExpectedAndActualStringsLen
FN:426,UnityCheckArraysForNull
FN:458,UnityAssertBits
FN:479,UnityAssertEqualNumber
FN:507,UnityAssertEqualIntArray
FN:622,UnityAssertEqualFloatArray
FN:675,UnityAssertFloatsWithin
FN:713,UnityAssertFloatSpecial
FN:945,UnityAssertNumbersWithin
FN:984,UnityAssertEqualString
FN:1023,UnityAssertEqualStringLen
FN:1064,UnityAssertEqualStringArray
FN:1121,UnityAssertEqualMemory
FN:1179,UnityFail
FN:1213,UnityIgnore
FN:1230,setUp
FN:1231,tearDown
FN:1239,UnityDefaultTestRun
FN:1258,UnityBegin
FN:1274,UnityEnd
FNDA:1058,UnityPrint
FNDA:0,UnityPrintLen
FNDA:0,UnityPrintNumberByStyle
FNDA:434,UnityPrintNumber
FNDA:434,UnityPrintNumberUnsigned
FNDA:0,UnityPrintNumberHex
FNDA:0,UnityPrintMask
FNDA:0,UnityPrintFail
FNDA:61,UnityPrintOk
FNDA:251,UnityTestResultsBegin
FNDA:0,UnityTestResultsFailBegin
FNDA:251,UnityConcludeTest
FNDA:0,UnityAddMsgIfSpecified
FNDA:0,UnityPrintExpectedAndActualStrings
FNDA:0,UnityPrintExpectedAndActualStringsLen
FNDA:337,UnityCheckArraysForNull
FNDA:189,UnityAssertBits
FNDA:92753,UnityAssertEqualNumber
FNDA:25,UnityAssertEqualIntArray
FNDA:0,UnityAssertEqualFloatArray
FNDA:0,UnityAssertFloatsWithin
FNDA:0,UnityAssertFloatSpecial
FNDA:0,UnityAssertNumbersWithin
FNDA:0,UnityAssertEqualString
FNDA:0,UnityAssertEqualStringLen
FNDA:0,UnityAssertEqualStringArray
FNDA:312,UnityAssertEqualMemory
FNDA:0,UnityFail
FNDA:0,UnityIgnore
FNDA:0,setUp
FNDA:0,tearDown
FNDA:0,UnityDefaultTestRun
FNDA:61,UnityBegin
FNDA:61,UnityEnd
FNF:34
FNH:13
DA:80,1058
DA:82,1058
DA:84,1058
DA:86,25201
DA:89,23085
DA:91,23085
DA:94,0
DA:96,0
DA:97,0
DA:100,0
DA:102,0
DA:103,0
DA:108,0
DA:109,0
DA:111,23085
DA:114,1058
DA:117,0
DA:119,0
DA:121,0
DA:123,0
DA:126,0
DA:128,0
DA:131,0
DA:133,0
DA:134,0
DA:137,0
DA:139,0
DA:140,0
DA:145,0
DA:146,0
DA:148,0
DA:151,0
DA:154,0
DA:156,0
DA:158,0
DA:160,0
DA:162,0
DA:166,0
DA:168,0
DA:171,434
DA:173,434
DA:175,434
DA:178,0
DA:179,0
DA:181,434
DA:182,434
DA:186,434
DA:188,434
DA:191,1296
DA:193,428
DA:199,862
DA:200,862
DA:202,862
DA:203,434
DA:206,0
DA:209,0
DA:210,0
DA:211,0
DA:213,0
DA:215,0
DA:216,0
DA:218,0
DA:222,0
DA:225,0
DA:228,0
DA:230,0
DA:233,0
DA:235,0
DA:237,0
DA:239,0
DA:243,0
DA:248,0
DA:250,0
DA:252,0
DA:277,0
DA:279,0
DA:280,0
DA:283,61
DA:285,61
DA:286,61
DA:290,251
DA:293,251
DA:294,251
DA:295,251
DA:296,251
DA:297,251
DA:298,251
DA:303,251
DA:307,0
DA:310,0
DA:314,0
DA:315,0
DA:316,0
DA:319,251
DA:321,251
DA:323,0
DA:325,251
DA:327,251
DA:328,251
DA:332,0
DA:335,251
DA:336,251
DA:337,251
DA:338,251
DA:339,251
DA:343,0
DA:345,0
DA:347,0
DA:349,0
DA:351,0
DA:352,0
DA:353,0
DA:355,0
DA:356,0
DA:358,0
DA:361,0
DA:363,0
DA:367,0
DA:369,0
DA:370,0
DA:372,0
DA:373,0
DA:374,0
DA:378,0
DA:380,0
DA:381,0
DA:383,0
DA:384,0
DA:385,0
DA:389,0
DA:391,0
DA:394,0
DA:396,0
DA:397,0
DA:399,0
DA:400,0
DA:401,0
DA:405,0
DA:407,0
DA:408,0
DA:410,0
DA:411,0
DA:412,0
DA:416,0
DA:418,0
DA:426,337
DA:429,337
DA:430,0
DA:433,337
DA:435,0
DA:436,0
DA:437,0
DA:438,0
DA:442,337
DA:444,0
DA:445,0
DA:446,0
DA:447,0
DA:451,337
DA:458,189
DA:464,189
DA:466,189
DA:468,0
DA:469,0
DA:470,0
DA:471,0
DA:472,0
DA:473,0
DA:474,0
DA:479,92753
DA:485,92753
DA:487,92753
DA:489,0
DA:490,0
DA:491,0
DA:492,0
DA:493,0
DA:494,0
DA:495,0
DA:507,25
DA:514,25
DA:515,25
DA:516,25
DA:518,25
DA:520,25
DA:522,0
DA:525,25
DA:526,0
DA:531,25
DA:536,105
DA:538,55
DA:540,0
DA:541,0
DA:542,0
DA:543,0
DA:544,0
DA:545,0
DA:546,0
DA:547,0
DA:548,0
DA:550,55
DA:551,55
DA:553,25
DA:557,0
DA:559,0
DA:561,0
DA:562,0
DA:563,0
DA:564,0
DA:565,0
DA:566,0
DA:567,0
DA:568,0
DA:569,0
DA:571,0
DA:572,0
DA:574,0
DA:599,0
DA:601,0
DA:603,0
DA:604,0
DA:605,0
DA:606,0
DA:607,0
DA:608,0
DA:609,0
DA:610,0
DA:611,0
DA:613,0
DA:614,0
DA:616,0
DA:622,0
DA:628,0
DA:629,0
DA:630,0
DA:633,0
DA:635,0
DA:637,0
DA:640,0
DA:641,0
DA:643,0
DA:645,0
DA:646,0
DA:647,0
DA:648,0
DA:649,0
DA:650,0
DA:653,0
DA:655,0
DA:656,0
DA:657,0
DA:664,0
DA:666,0
DA:667,0
DA:669,0
DA:670,0
DA:675,0
DA:681,0
DA:682,0
DA:684,0
DA:686,0
DA:688,0
DA:690,0
DA:692,0
DA:696,0
DA:698,0
DA:705,0
DA:707,0
DA:708,0
DA:713,0
DA:718,0
DA:719,0
DA:720,0
DA:721,0
DA:723,0
DA:725,0
DA:731,0
DA:732,0
DA:735,0
DA:736,0
DA:741,0
DA:742,0
DA:747,0
DA:748,0
DA:750,0
DA:751,0
DA:754,0
DA:755,0
DA:756,0
DA:759,0
DA:761,0
DA:762,0
DA:763,0
DA:764,0
DA:765,0
DA:766,0
DA:770,0
DA:771,0
DA:772,0
DA:774,0
DA:775,0
DA:945,0
DA:952,0
DA:954,0
DA:956,0
DA:957,0
DA:959,0
DA:963,0
DA:964,0
DA:966,0
DA:969,0
DA:971,0
DA:972,0
DA:973,0
DA:974,0
DA:975,0
DA:976,0
DA:977,0
DA:978,0
DA:979,0
DA:984,0
DA:991,0
DA:994,0
DA:996,0
DA:998,0
DA:1000,0
DA:1001,0
DA:1007,0
DA:1009,0
DA:1013,0
DA:1015,0
DA:1016,0
DA:1017,0
DA:1018,0
DA:1023,0
DA:1031,0
DA:1034,0
DA:1036,0
DA:1038,0
DA:1040,0
DA:1041,0
DA:1047,0
DA:1049,0
DA:1053,0
DA:1055,0
DA:1056,0
DA:1057,0
DA:1058,0
DA:1064,0
DA:1070,0
DA:1072,0
DA:1075,0
DA:1077,0
DA:1080,0
DA:1081,0
DA:1086,0
DA:1088,0
DA:1090,0
DA:1092,0
DA:1093,0
DA:1099,0
DA:1101,0
DA:1105,0
DA:1107,0
DA:1108,0
DA:1110,0
DA:1111,0
DA:1113,0
DA:1114,0
DA:1115,0
DA:1117,0
DA:1121,312
DA:1128,312
DA:1129,312
DA:1130,312
DA:1133,312
DA:1135,312
DA:1137,0
DA:1140,312
DA:1141,0
DA:1143,936
DA:1146,312
DA:1147,1872
DA:1149,1248
DA:1151,0
DA:1152,0
DA:1153,0
DA:1155,0
DA:1156,0
DA:1158,0
DA:1159,0
DA:1160,0
DA:1161,0
DA:1162,0
DA:1163,0
DA:1164,0
DA:1165,0
DA:1167,1248
DA:1168,1248
DA:1179,0
DA:1181,0
DA:1183,0
DA:1184,0
DA:1185,0
DA:1187,0
DA:1190,0
DA:1192,0
DA:1193,0
DA:1194,0
DA:1196,0
DA:1197,0
DA:1199,0
DA:1202,0
DA:1204,0
DA:1206,0
DA:1209,0
DA:1213,0
DA:1215,0
DA:1217,0
DA:1218,0
DA:1219,0
DA:1221,0
DA:1222,0
DA:1223,0
DA:1225,0
DA:1230,0
DA:1231,0
DA:1239,0
DA:1241,0
DA:1242,0
DA:1243,0
DA:1244,0
DA:1245,0
DA:1247,0
DA:1248,0
DA:1250,0
DA:1252,0
DA:1254,0
DA:1255,0
DA:1258,61
DA:1260,61
DA:1261,61
DA:1262,61
DA:1263,61
DA:1264,61
DA:1265,61
DA:1266,61
DA:1267,61
DA:1269,61
DA:1271,61
DA:1274,61
DA:1276,61
DA:1277,61
DA:1278,61
DA:1279,61
DA:1280,61
DA:1281,61
DA:1282,61
DA:1283,61
DA:1284,61
DA:1285,61
DA:1286,61
DA:1288,61
DA:1292,0
DA:1297,61
DA:1298,61
DA:1300,61
LF:467
LH:106
end_of_record
